<?xml version="1.0" encoding="UTF-8"?>
<testsuites>
  <testsuite name="aaa" timestamp="2024-08-09T13:56:41Z" hostname="0de16f752f19" tests="561" skipped="0" failures="0" errors="0" time="9.287">
    <testcase time="0.0470000000000002" classname="aaa" name="Test_suite_aaa.R"/>
    <testcase time="0.0189999999999999" classname="aaa" name="Test_suite_aaa.R"/>
    <testcase time="0.01" classname="aaa" name="Test_suite_aaa.R"/>
    <testcase time="0.004" classname="aaa" name="Test_suite_aaa.R"/>
    <testcase time="0.004" classname="aaa" name="Test_suite_aaa.R"/>
    <testcase time="0.00600000000000001" classname="aaa" name="Test_suite_aaa.R"/>
    <testcase time="0.048" classname="aaa" name="Test_suite_aaa.R"/>
    <testcase time="0.00499999999999989" classname="aaa" name="Test_suite_aaa.R"/>
    <testcase time="0.004" classname="aaa" name="Test_suite_aaa.R"/>
    <testcase time="0.004" classname="aaa" name="Test_suite_aaa.R"/>
    <testcase time="0.0110000000000001" classname="aaa" name="Test_suite_aaa.R"/>
    <testcase time="0.0109999999999999" classname="aaa" name="Test_suite_aaa.R"/>
    <testcase time="0.014" classname="aaa" name="Test_suite_aaa.R"/>
    <testcase time="0.0110000000000001" classname="aaa" name="Test_suite_aaa.R"/>
    <testcase time="0.0109999999999999" classname="aaa" name="Test_suite_aaa.R"/>
    <testcase time="0.0109999999999999" classname="aaa" name="Test_suite_aaa.R"/>
    <testcase time="0.0130000000000001" classname="aaa" name="Test_suite_aaa.R"/>
    <testcase time="0.016" classname="aaa" name="Test_suite_aaa.R"/>
    <testcase time="0.0089999999999999" classname="aaa" name="Test_suite_aaa.R"/>
    <testcase time="0.0150000000000001" classname="aaa" name="Test_suite_aaa.R"/>
    <testcase time="0.014" classname="aaa" name="Test_suite_aaa.R"/>
    <testcase time="0.02" classname="aaa" name="Test_suite_aaa.R"/>
    <testcase time="0.016" classname="aaa" name="Test_suite_aaa.R"/>
    <testcase time="0.00800000000000001" classname="aaa" name="Test_suite_aaa.R"/>
    <testcase time="0.004" classname="aaa" name="Test_suite_aaa.R"/>
    <testcase time="0.00499999999999989" classname="aaa" name="Test_suite_aaa.R"/>
    <testcase time="0.00900000000000012" classname="aaa" name="Test_suite_aaa.R"/>
    <testcase time="0.014" classname="aaa" name="Test_suite_aaa.R"/>
    <testcase time="0.0129999999999999" classname="aaa" name="Test_suite_aaa.R"/>
    <testcase time="0.0150000000000001" classname="aaa" name="Test_suite_aaa.R"/>
    <testcase time="0.018" classname="aaa" name="Test_suite_aaa.R"/>
    <testcase time="0.02" classname="aaa" name="Test_suite_aaa.R"/>
    <testcase time="0.0129999999999999" classname="aaa" name="Test_suite_aaa.R"/>
    <testcase time="0.00800000000000001" classname="aaa" name="Test_suite_aaa.R"/>
    <testcase time="0.01" classname="aaa" name="Test_suite_aaa.R"/>
    <testcase time="0.014" classname="aaa" name="Test_suite_aaa.R"/>
    <testcase time="0.032" classname="aaa" name="Test_suite_aaa.R"/>
    <testcase time="0.161" classname="aaa" name="Test_suite_aaa.R"/>
    <testcase time="0.024" classname="aaa" name="Test_suite_aaa.R"/>
    <testcase time="0.00600000000000001" classname="aaa" name="Test_suite_aaa.R"/>
    <testcase time="0.01" classname="aaa" name="Test_suite_aaa.R"/>
    <testcase time="0.00999999999999979" classname="aaa" name="Test_suite_aaa.R"/>
    <testcase time="0.004" classname="aaa" name="Test_suite_aaa.R"/>
    <testcase time="0.00800000000000001" classname="aaa" name="Test_suite_aaa.R"/>
    <testcase time="0.0150000000000001" classname="aaa" name="Test_suite_aaa.R"/>
    <testcase time="0.0149999999999999" classname="aaa" name="Test_suite_aaa.R"/>
    <testcase time="0.0110000000000001" classname="aaa" name="Test_suite_aaa.R"/>
    <testcase time="0.00299999999999989" classname="aaa" name="Test_suite_aaa.R"/>
    <testcase time="0.0170000000000001" classname="aaa" name="Test_suite_aaa.R"/>
    <testcase time="0.0239999999999998" classname="aaa" name="Test_suite_aaa.R"/>
    <testcase time="0.0150000000000001" classname="aaa" name="Test_suite_aaa.R"/>
    <testcase time="0.0249999999999999" classname="aaa" name="Test_suite_aaa.R"/>
    <testcase time="0.0249999999999999" classname="aaa" name="Test_suite_aaa.R"/>
    <testcase time="0.0190000000000001" classname="aaa" name="Test_suite_aaa.R"/>
    <testcase time="0.0140000000000002" classname="aaa" name="Test_suite_aaa.R"/>
    <testcase time="0.0189999999999997" classname="aaa" name="Test_suite_aaa.R"/>
    <testcase time="0.0390000000000001" classname="aaa" name="Test_suite_aaa.R"/>
    <testcase time="0.028" classname="aaa" name="Test_suite_aaa.R"/>
    <testcase time="0.0270000000000001" classname="aaa" name="Test_suite_aaa.R"/>
    <testcase time="0.405" classname="aaa" name="Test_suite_aaa.R"/>
    <testcase time="0.0680000000000001" classname="aaa" name="Test_suite_aaa.R"/>
    <testcase time="0.00499999999999989" classname="aaa" name="Test_suite_aaa.R"/>
    <testcase time="0.004" classname="aaa" name="Test_suite_aaa.R"/>
    <testcase time="0.004" classname="aaa" name="Test_suite_aaa.R"/>
    <testcase time="0.00499999999999989" classname="aaa" name="Test_suite_aaa.R"/>
    <testcase time="0.00900000000000034" classname="aaa" name="Test_suite_aaa.R"/>
    <testcase time="0.00999999999999979" classname="aaa" name="Test_suite_aaa.R"/>
    <testcase time="0.004" classname="aaa" name="Test_suite_aaa.R"/>
    <testcase time="0.004" classname="aaa" name="Test_suite_aaa.R"/>
    <testcase time="0.00499999999999989" classname="aaa" name="Test_suite_aaa.R"/>
    <testcase time="0.00900000000000034" classname="aaa" name="Test_suite_aaa.R"/>
    <testcase time="0.0109999999999997" classname="aaa" name="Test_suite_aaa.R"/>
    <testcase time="0.0110000000000001" classname="aaa" name="Test_suite_aaa.R"/>
    <testcase time="0.0110000000000001" classname="aaa" name="Test_suite_aaa.R"/>
    <testcase time="0.0139999999999998" classname="aaa" name="Test_suite_aaa.R"/>
    <testcase time="0.0110000000000001" classname="aaa" name="Test_suite_aaa.R"/>
    <testcase time="0.0129999999999999" classname="aaa" name="Test_suite_aaa.R"/>
    <testcase time="0.0150000000000001" classname="aaa" name="Test_suite_aaa.R"/>
    <testcase time="0.0089999999999999" classname="aaa" name="Test_suite_aaa.R"/>
    <testcase time="0.0129999999999999" classname="aaa" name="Test_suite_aaa.R"/>
    <testcase time="0.0130000000000003" classname="aaa" name="Test_suite_aaa.R"/>
    <testcase time="0.0219999999999998" classname="aaa" name="Test_suite_aaa.R"/>
    <testcase time="0.0169999999999999" classname="aaa" name="Test_suite_aaa.R"/>
    <testcase time="0.00800000000000001" classname="aaa" name="Test_suite_aaa.R"/>
    <testcase time="0.004" classname="aaa" name="Test_suite_aaa.R"/>
    <testcase time="0.00500000000000034" classname="aaa" name="Test_suite_aaa.R"/>
    <testcase time="0.0089999999999999" classname="aaa" name="Test_suite_aaa.R"/>
    <testcase time="0.0109999999999997" classname="aaa" name="Test_suite_aaa.R"/>
    <testcase time="0.016" classname="aaa" name="Test_suite_aaa.R"/>
    <testcase time="0.0150000000000001" classname="aaa" name="Test_suite_aaa.R"/>
    <testcase time="0.0169999999999999" classname="aaa" name="Test_suite_aaa.R"/>
    <testcase time="0.0190000000000001" classname="aaa" name="Test_suite_aaa.R"/>
    <testcase time="0.0110000000000001" classname="aaa" name="Test_suite_aaa.R"/>
    <testcase time="0.00800000000000001" classname="aaa" name="Test_suite_aaa.R"/>
    <testcase time="0.012" classname="aaa" name="Test_suite_aaa.R"/>
    <testcase time="0.0129999999999999" classname="aaa" name="Test_suite_aaa.R"/>
    <testcase time="0.0219999999999998" classname="aaa" name="Test_suite_aaa.R"/>
    <testcase time="0.0610000000000004" classname="aaa" name="Test_suite_aaa.R"/>
    <testcase time="0.0219999999999998" classname="aaa" name="Test_suite_aaa.R"/>
    <testcase time="0.00499999999999989" classname="aaa" name="Test_suite_aaa.R"/>
    <testcase time="0.00900000000000034" classname="aaa" name="Test_suite_aaa.R"/>
    <testcase time="0.0119999999999996" classname="aaa" name="Test_suite_aaa.R"/>
    <testcase time="0.00200000000000022" classname="aaa" name="Test_suite_aaa.R"/>
    <testcase time="0.00700000000000012" classname="aaa" name="Test_suite_aaa.R"/>
    <testcase time="0.0149999999999997" classname="aaa" name="Test_suite_aaa.R"/>
    <testcase time="0.0150000000000001" classname="aaa" name="Test_suite_aaa.R"/>
    <testcase time="0.0100000000000002" classname="aaa" name="Test_suite_aaa.R"/>
    <testcase time="0.004" classname="aaa" name="Test_suite_aaa.R"/>
    <testcase time="0.032" classname="aaa" name="Test_suite_aaa.R"/>
    <testcase time="0.0209999999999999" classname="aaa" name="Test_suite_aaa.R"/>
    <testcase time="0.0139999999999998" classname="aaa" name="Test_suite_aaa.R"/>
    <testcase time="0.024" classname="aaa" name="Test_suite_aaa.R"/>
    <testcase time="0.028" classname="aaa" name="Test_suite_aaa.R"/>
    <testcase time="0.016" classname="aaa" name="Test_suite_aaa.R"/>
    <testcase time="0.0140000000000002" classname="aaa" name="Test_suite_aaa.R"/>
    <testcase time="0.0339999999999998" classname="aaa" name="Test_suite_aaa.R"/>
    <testcase time="0.0339999999999998" classname="aaa" name="Test_suite_aaa.R"/>
    <testcase time="0.0260000000000002" classname="aaa" name="Test_suite_aaa.R"/>
    <testcase time="0.028" classname="aaa" name="Test_suite_aaa.R"/>
    <testcase time="0.342" classname="aaa" name="Test_suite_aaa.R"/>
    <testcase time="0.016" classname="aaa" name="Test_suite_aaa.R"/>
    <testcase time="0.00499999999999989" classname="aaa" name="Test_suite_aaa.R"/>
    <testcase time="0.00499999999999989" classname="aaa" name="Test_suite_aaa.R"/>
    <testcase time="0.00499999999999989" classname="aaa" name="Test_suite_aaa.R"/>
    <testcase time="0.00500000000000034" classname="aaa" name="Test_suite_aaa.R"/>
    <testcase time="0.00599999999999978" classname="aaa" name="Test_suite_aaa.R"/>
    <testcase time="0.0100000000000002" classname="aaa" name="Test_suite_aaa.R"/>
    <testcase time="0.004" classname="aaa" name="Test_suite_aaa.R"/>
    <testcase time="0.00499999999999989" classname="aaa" name="Test_suite_aaa.R"/>
    <testcase time="0.00499999999999989" classname="aaa" name="Test_suite_aaa.R"/>
    <testcase time="0.012" classname="aaa" name="Test_suite_aaa.R"/>
    <testcase time="0.012" classname="aaa" name="Test_suite_aaa.R"/>
    <testcase time="0.012" classname="aaa" name="Test_suite_aaa.R"/>
    <testcase time="0.0110000000000001" classname="aaa" name="Test_suite_aaa.R"/>
    <testcase time="0.0109999999999997" classname="aaa" name="Test_suite_aaa.R"/>
    <testcase time="0.012" classname="aaa" name="Test_suite_aaa.R"/>
    <testcase time="0.0129999999999999" classname="aaa" name="Test_suite_aaa.R"/>
    <testcase time="0.0190000000000001" classname="aaa" name="Test_suite_aaa.R"/>
    <testcase time="0.00900000000000034" classname="aaa" name="Test_suite_aaa.R"/>
    <testcase time="0.0129999999999999" classname="aaa" name="Test_suite_aaa.R"/>
    <testcase time="0.0140000000000002" classname="aaa" name="Test_suite_aaa.R"/>
    <testcase time="0.0199999999999996" classname="aaa" name="Test_suite_aaa.R"/>
    <testcase time="0.0190000000000001" classname="aaa" name="Test_suite_aaa.R"/>
    <testcase time="0.00999999999999979" classname="aaa" name="Test_suite_aaa.R"/>
    <testcase time="0.00400000000000045" classname="aaa" name="Test_suite_aaa.R"/>
    <testcase time="0.00499999999999989" classname="aaa" name="Test_suite_aaa.R"/>
    <testcase time="0.00899999999999945" classname="aaa" name="Test_suite_aaa.R"/>
    <testcase time="0.0120000000000005" classname="aaa" name="Test_suite_aaa.R"/>
    <testcase time="0.0129999999999999" classname="aaa" name="Test_suite_aaa.R"/>
    <testcase time="0.0149999999999997" classname="aaa" name="Test_suite_aaa.R"/>
    <testcase time="0.0200000000000005" classname="aaa" name="Test_suite_aaa.R"/>
    <testcase time="0.0199999999999996" classname="aaa" name="Test_suite_aaa.R"/>
    <testcase time="0.0110000000000001" classname="aaa" name="Test_suite_aaa.R"/>
    <testcase time="0.00899999999999945" classname="aaa" name="Test_suite_aaa.R"/>
    <testcase time="0.00900000000000034" classname="aaa" name="Test_suite_aaa.R"/>
    <testcase time="0.0170000000000003" classname="aaa" name="Test_suite_aaa.R"/>
    <testcase time="0.032" classname="aaa" name="Test_suite_aaa.R"/>
    <testcase time="0.109999999999999" classname="aaa" name="Test_suite_aaa.R"/>
    <testcase time="0.0250000000000004" classname="aaa" name="Test_suite_aaa.R"/>
    <testcase time="0.00499999999999989" classname="aaa" name="Test_suite_aaa.R"/>
    <testcase time="0.00899999999999945" classname="aaa" name="Test_suite_aaa.R"/>
    <testcase time="0.00900000000000034" classname="aaa" name="Test_suite_aaa.R"/>
    <testcase time="0.00199999999999978" classname="aaa" name="Test_suite_aaa.R"/>
    <testcase time="0.00800000000000001" classname="aaa" name="Test_suite_aaa.R"/>
    <testcase time="0.0149999999999997" classname="aaa" name="Test_suite_aaa.R"/>
    <testcase time="0.0180000000000007" classname="aaa" name="Test_suite_aaa.R"/>
    <testcase time="0.0110000000000001" classname="aaa" name="Test_suite_aaa.R"/>
    <testcase time="0.00400000000000045" classname="aaa" name="Test_suite_aaa.R"/>
    <testcase time="0.0169999999999995" classname="aaa" name="Test_suite_aaa.R"/>
    <testcase time="0.0209999999999999" classname="aaa" name="Test_suite_aaa.R"/>
    <testcase time="0.0170000000000003" classname="aaa" name="Test_suite_aaa.R"/>
    <testcase time="0.0250000000000004" classname="aaa" name="Test_suite_aaa.R"/>
    <testcase time="0.0250000000000004" classname="aaa" name="Test_suite_aaa.R"/>
    <testcase time="0.016" classname="aaa" name="Test_suite_aaa.R"/>
    <testcase time="0.0169999999999995" classname="aaa" name="Test_suite_aaa.R"/>
    <testcase time="0.0190000000000001" classname="aaa" name="Test_suite_aaa.R"/>
    <testcase time="0.0330000000000004" classname="aaa" name="Test_suite_aaa.R"/>
    <testcase time="0.0300000000000002" classname="aaa" name="Test_suite_aaa.R"/>
    <testcase time="0.0279999999999996" classname="aaa" name="Test_suite_aaa.R"/>
    <testcase time="0.473" classname="aaa" name="Test_suite_aaa.R"/>
    <testcase time="0.0129999999999999" classname="aaa" name="Test_suite_aaa.R"/>
    <testcase time="0.00499999999999989" classname="aaa" name="Test_suite_aaa.R"/>
    <testcase time="0.00500000000000078" classname="aaa" name="Test_suite_aaa.R"/>
    <testcase time="0.00399999999999956" classname="aaa" name="Test_suite_aaa.R"/>
    <testcase time="0.00499999999999989" classname="aaa" name="Test_suite_aaa.R"/>
    <testcase time="0.00600000000000023" classname="aaa" name="Test_suite_aaa.R"/>
    <testcase time="0.00999999999999979" classname="aaa" name="Test_suite_aaa.R"/>
    <testcase time="0.00399999999999956" classname="aaa" name="Test_suite_aaa.R"/>
    <testcase time="0.00499999999999989" classname="aaa" name="Test_suite_aaa.R"/>
    <testcase time="0.00500000000000078" classname="aaa" name="Test_suite_aaa.R"/>
    <testcase time="0.00999999999999979" classname="aaa" name="Test_suite_aaa.R"/>
    <testcase time="0.0119999999999996" classname="aaa" name="Test_suite_aaa.R"/>
    <testcase time="0.0110000000000001" classname="aaa" name="Test_suite_aaa.R"/>
    <testcase time="0.0110000000000001" classname="aaa" name="Test_suite_aaa.R"/>
    <testcase time="0.0110000000000001" classname="aaa" name="Test_suite_aaa.R"/>
    <testcase time="0.0109999999999992" classname="aaa" name="Test_suite_aaa.R"/>
    <testcase time="0.016" classname="aaa" name="Test_suite_aaa.R"/>
    <testcase time="0.0200000000000005" classname="aaa" name="Test_suite_aaa.R"/>
    <testcase time="0.0119999999999996" classname="aaa" name="Test_suite_aaa.R"/>
    <testcase time="0.0170000000000003" classname="aaa" name="Test_suite_aaa.R"/>
    <testcase time="0.0170000000000003" classname="aaa" name="Test_suite_aaa.R"/>
    <testcase time="0.0259999999999998" classname="aaa" name="Test_suite_aaa.R"/>
    <testcase time="0.016" classname="aaa" name="Test_suite_aaa.R"/>
    <testcase time="0.00899999999999945" classname="aaa" name="Test_suite_aaa.R"/>
    <testcase time="0.00400000000000045" classname="aaa" name="Test_suite_aaa.R"/>
    <testcase time="0.00499999999999989" classname="aaa" name="Test_suite_aaa.R"/>
    <testcase time="0.00900000000000034" classname="aaa" name="Test_suite_aaa.R"/>
    <testcase time="0.0119999999999996" classname="aaa" name="Test_suite_aaa.R"/>
    <testcase time="0.0129999999999999" classname="aaa" name="Test_suite_aaa.R"/>
    <testcase time="0.0150000000000006" classname="aaa" name="Test_suite_aaa.R"/>
    <testcase time="0.0169999999999995" classname="aaa" name="Test_suite_aaa.R"/>
    <testcase time="0.0190000000000001" classname="aaa" name="Test_suite_aaa.R"/>
    <testcase time="0.0110000000000001" classname="aaa" name="Test_suite_aaa.R"/>
    <testcase time="0.00900000000000034" classname="aaa" name="Test_suite_aaa.R"/>
    <testcase time="0.00899999999999945" classname="aaa" name="Test_suite_aaa.R"/>
    <testcase time="0.0129999999999999" classname="aaa" name="Test_suite_aaa.R"/>
    <testcase time="0.024" classname="aaa" name="Test_suite_aaa.R"/>
    <testcase time="0.0650000000000004" classname="aaa" name="Test_suite_aaa.R"/>
    <testcase time="0.0220000000000002" classname="aaa" name="Test_suite_aaa.R"/>
    <testcase time="0.00599999999999934" classname="aaa" name="Test_suite_aaa.R"/>
    <testcase time="0.00900000000000034" classname="aaa" name="Test_suite_aaa.R"/>
    <testcase time="0.00899999999999945" classname="aaa" name="Test_suite_aaa.R"/>
    <testcase time="0.00300000000000011" classname="aaa" name="Test_suite_aaa.R"/>
    <testcase time="0.00700000000000056" classname="aaa" name="Test_suite_aaa.R"/>
    <testcase time="0.0149999999999997" classname="aaa" name="Test_suite_aaa.R"/>
    <testcase time="0.0149999999999997" classname="aaa" name="Test_suite_aaa.R"/>
    <testcase time="0.0110000000000001" classname="aaa" name="Test_suite_aaa.R"/>
    <testcase time="0.00400000000000045" classname="aaa" name="Test_suite_aaa.R"/>
    <testcase time="0.0169999999999995" classname="aaa" name="Test_suite_aaa.R"/>
    <testcase time="0.0210000000000008" classname="aaa" name="Test_suite_aaa.R"/>
    <testcase time="0.0149999999999997" classname="aaa" name="Test_suite_aaa.R"/>
    <testcase time="0.024" classname="aaa" name="Test_suite_aaa.R"/>
    <testcase time="0.0249999999999995" classname="aaa" name="Test_suite_aaa.R"/>
    <testcase time="0.0150000000000006" classname="aaa" name="Test_suite_aaa.R"/>
    <testcase time="0.0149999999999997" classname="aaa" name="Test_suite_aaa.R"/>
    <testcase time="0.0220000000000002" classname="aaa" name="Test_suite_aaa.R"/>
    <testcase time="0.0330000000000004" classname="aaa" name="Test_suite_aaa.R"/>
    <testcase time="0.0259999999999998" classname="aaa" name="Test_suite_aaa.R"/>
    <testcase time="0.0259999999999998" classname="aaa" name="Test_suite_aaa.R"/>
    <testcase time="0.353" classname="aaa" name="Test_suite_aaa.R"/>
    <testcase time="0.0259999999999998" classname="aaa" name="Test_suite_aaa.R"/>
    <testcase time="0.00400000000000045" classname="aaa" name="Test_suite_aaa.R"/>
    <testcase time="0.00499999999999989" classname="aaa" name="Test_suite_aaa.R"/>
    <testcase time="0.00499999999999989" classname="aaa" name="Test_suite_aaa.R"/>
    <testcase time="0.00499999999999989" classname="aaa" name="Test_suite_aaa.R"/>
    <testcase time="0.00600000000000023" classname="aaa" name="Test_suite_aaa.R"/>
    <testcase time="0.00699999999999967" classname="aaa" name="Test_suite_aaa.R"/>
    <testcase time="0.00500000000000078" classname="aaa" name="Test_suite_aaa.R"/>
    <testcase time="0.00499999999999989" classname="aaa" name="Test_suite_aaa.R"/>
    <testcase time="0.00499999999999989" classname="aaa" name="Test_suite_aaa.R"/>
    <testcase time="0.00600000000000023" classname="aaa" name="Test_suite_aaa.R"/>
    <testcase time="0.00800000000000001" classname="aaa" name="Test_suite_aaa.R"/>
    <testcase time="0.00899999999999945" classname="aaa" name="Test_suite_aaa.R"/>
    <testcase time="0.00600000000000023" classname="aaa" name="Test_suite_aaa.R"/>
    <testcase time="0.00699999999999967" classname="aaa" name="Test_suite_aaa.R"/>
    <testcase time="0.00700000000000056" classname="aaa" name="Test_suite_aaa.R"/>
    <testcase time="0.00800000000000001" classname="aaa" name="Test_suite_aaa.R"/>
    <testcase time="0.00699999999999967" classname="aaa" name="Test_suite_aaa.R"/>
    <testcase time="0.00600000000000023" classname="aaa" name="Test_suite_aaa.R"/>
    <testcase time="0.00999999999999979" classname="aaa" name="Test_suite_aaa.R"/>
    <testcase time="0.00999999999999979" classname="aaa" name="Test_suite_aaa.R"/>
    <testcase time="0.0120000000000005" classname="aaa" name="Test_suite_aaa.R"/>
    <testcase time="0.00800000000000001" classname="aaa" name="Test_suite_aaa.R"/>
    <testcase time="0.00499999999999989" classname="aaa" name="Test_suite_aaa.R"/>
    <testcase time="0.00399999999999956" classname="aaa" name="Test_suite_aaa.R"/>
    <testcase time="0.00600000000000023" classname="aaa" name="Test_suite_aaa.R"/>
    <testcase time="0.00600000000000023" classname="aaa" name="Test_suite_aaa.R"/>
    <testcase time="0.00699999999999967" classname="aaa" name="Test_suite_aaa.R"/>
    <testcase time="0.00700000000000056" classname="aaa" name="Test_suite_aaa.R"/>
    <testcase time="0.0109999999999992" classname="aaa" name="Test_suite_aaa.R"/>
    <testcase time="0.00800000000000001" classname="aaa" name="Test_suite_aaa.R"/>
    <testcase time="0.0100000000000007" classname="aaa" name="Test_suite_aaa.R"/>
    <testcase time="0.00599999999999934" classname="aaa" name="Test_suite_aaa.R"/>
    <testcase time="0.00900000000000034" classname="aaa" name="Test_suite_aaa.R"/>
    <testcase time="0.00499999999999989" classname="aaa" name="Test_suite_aaa.R"/>
    <testcase time="0.00699999999999967" classname="aaa" name="Test_suite_aaa.R"/>
    <testcase time="0.00700000000000056" classname="aaa" name="Test_suite_aaa.R"/>
    <testcase time="0.00899999999999945" classname="aaa" name="Test_suite_aaa.R"/>
    <testcase time="0.0150000000000006" classname="aaa" name="Test_suite_aaa.R"/>
    <testcase time="0.00499999999999989" classname="aaa" name="Test_suite_aaa.R"/>
    <testcase time="0.00699999999999967" classname="aaa" name="Test_suite_aaa.R"/>
    <testcase time="0.00700000000000056" classname="aaa" name="Test_suite_aaa.R"/>
    <testcase time="0.00300000000000011" classname="aaa" name="Test_suite_aaa.R"/>
    <testcase time="0.00499999999999989" classname="aaa" name="Test_suite_aaa.R"/>
    <testcase time="0.00999999999999979" classname="aaa" name="Test_suite_aaa.R"/>
    <testcase time="0.0110000000000001" classname="aaa" name="Test_suite_aaa.R"/>
    <testcase time="0.00600000000000023" classname="aaa" name="Test_suite_aaa.R"/>
    <testcase time="0.00499999999999989" classname="aaa" name="Test_suite_aaa.R"/>
    <testcase time="0.0109999999999992" classname="aaa" name="Test_suite_aaa.R"/>
    <testcase time="0.00500000000000078" classname="aaa" name="Test_suite_aaa.R"/>
    <testcase time="0.00499999999999989" classname="aaa" name="Test_suite_aaa.R"/>
    <testcase time="0.00499999999999989" classname="aaa" name="Test_suite_aaa.R"/>
    <testcase time="0.00499999999999989" classname="aaa" name="Test_suite_aaa.R"/>
    <testcase time="0.00699999999999967" classname="aaa" name="Test_suite_aaa.R"/>
    <testcase time="0.0100000000000007" classname="aaa" name="Test_suite_aaa.R"/>
    <testcase time="0.00499999999999989" classname="aaa" name="Test_suite_aaa.R"/>
    <testcase time="0.00499999999999989" classname="aaa" name="Test_suite_aaa.R"/>
    <testcase time="0.00499999999999989" classname="aaa" name="Test_suite_aaa.R"/>
    <testcase time="0.00900000000000034" classname="aaa" name="Test_suite_aaa.R"/>
    <testcase time="0.0109999999999992" classname="aaa" name="Test_suite_aaa.R"/>
    <testcase time="0.00900000000000034" classname="aaa" name="Test_suite_aaa.R"/>
    <testcase time="0.0140000000000002" classname="aaa" name="Test_suite_aaa.R"/>
    <testcase time="0.0110000000000001" classname="aaa" name="Test_suite_aaa.R"/>
    <testcase time="0.00999999999999979" classname="aaa" name="Test_suite_aaa.R"/>
    <testcase time="0.0129999999999999" classname="aaa" name="Test_suite_aaa.R"/>
    <testcase time="0.0129999999999999" classname="aaa" name="Test_suite_aaa.R"/>
    <testcase time="0.00900000000000034" classname="aaa" name="Test_suite_aaa.R"/>
    <testcase time="0.0119999999999996" classname="aaa" name="Test_suite_aaa.R"/>
    <testcase time="0.00999999999999979" classname="aaa" name="Test_suite_aaa.R"/>
    <testcase time="0.0140000000000002" classname="aaa" name="Test_suite_aaa.R"/>
    <testcase time="0.0150000000000006" classname="aaa" name="Test_suite_aaa.R"/>
    <testcase time="0.00899999999999945" classname="aaa" name="Test_suite_aaa.R"/>
    <testcase time="0.00400000000000045" classname="aaa" name="Test_suite_aaa.R"/>
    <testcase time="0.00599999999999934" classname="aaa" name="Test_suite_aaa.R"/>
    <testcase time="0.00800000000000001" classname="aaa" name="Test_suite_aaa.R"/>
    <testcase time="0.0110000000000001" classname="aaa" name="Test_suite_aaa.R"/>
    <testcase time="0.0120000000000005" classname="aaa" name="Test_suite_aaa.R"/>
    <testcase time="0.0139999999999993" classname="aaa" name="Test_suite_aaa.R"/>
    <testcase time="0.016" classname="aaa" name="Test_suite_aaa.R"/>
    <testcase time="0.0170000000000003" classname="aaa" name="Test_suite_aaa.R"/>
    <testcase time="0.0110000000000001" classname="aaa" name="Test_suite_aaa.R"/>
    <testcase time="0.00900000000000034" classname="aaa" name="Test_suite_aaa.R"/>
    <testcase time="0.00899999999999945" classname="aaa" name="Test_suite_aaa.R"/>
    <testcase time="0.0129999999999999" classname="aaa" name="Test_suite_aaa.R"/>
    <testcase time="0.0120000000000005" classname="aaa" name="Test_suite_aaa.R"/>
    <testcase time="0.0140000000000002" classname="aaa" name="Test_suite_aaa.R"/>
    <testcase time="0.0159999999999991" classname="aaa" name="Test_suite_aaa.R"/>
    <testcase time="0.00800000000000001" classname="aaa" name="Test_suite_aaa.R"/>
    <testcase time="0.00800000000000001" classname="aaa" name="Test_suite_aaa.R"/>
    <testcase time="0.00700000000000056" classname="aaa" name="Test_suite_aaa.R"/>
    <testcase time="0.00199999999999978" classname="aaa" name="Test_suite_aaa.R"/>
    <testcase time="0.00800000000000001" classname="aaa" name="Test_suite_aaa.R"/>
    <testcase time="0.0140000000000002" classname="aaa" name="Test_suite_aaa.R"/>
    <testcase time="0.0140000000000002" classname="aaa" name="Test_suite_aaa.R"/>
    <testcase time="0.00999999999999979" classname="aaa" name="Test_suite_aaa.R"/>
    <testcase time="0.00499999999999989" classname="aaa" name="Test_suite_aaa.R"/>
    <testcase time="0.0119999999999996" classname="aaa" name="Test_suite_aaa.R"/>
    <testcase time="0.00500000000000078" classname="aaa" name="Test_suite_aaa.R"/>
    <testcase time="0.00599999999999934" classname="aaa" name="Test_suite_aaa.R"/>
    <testcase time="0.00499999999999989" classname="aaa" name="Test_suite_aaa.R"/>
    <testcase time="0.00500000000000078" classname="aaa" name="Test_suite_aaa.R"/>
    <testcase time="0.00699999999999967" classname="aaa" name="Test_suite_aaa.R"/>
    <testcase time="0.0110000000000001" classname="aaa" name="Test_suite_aaa.R"/>
    <testcase time="0.00499999999999989" classname="aaa" name="Test_suite_aaa.R"/>
    <testcase time="0.00499999999999989" classname="aaa" name="Test_suite_aaa.R"/>
    <testcase time="0.00600000000000023" classname="aaa" name="Test_suite_aaa.R"/>
    <testcase time="0.00899999999999945" classname="aaa" name="Test_suite_aaa.R"/>
    <testcase time="0.0120000000000005" classname="aaa" name="Test_suite_aaa.R"/>
    <testcase time="0.0110000000000001" classname="aaa" name="Test_suite_aaa.R"/>
    <testcase time="0.0139999999999993" classname="aaa" name="Test_suite_aaa.R"/>
    <testcase time="0.0120000000000005" classname="aaa" name="Test_suite_aaa.R"/>
    <testcase time="0.0110000000000001" classname="aaa" name="Test_suite_aaa.R"/>
    <testcase time="0.0129999999999999" classname="aaa" name="Test_suite_aaa.R"/>
    <testcase time="0.016" classname="aaa" name="Test_suite_aaa.R"/>
    <testcase time="0.00999999999999979" classname="aaa" name="Test_suite_aaa.R"/>
    <testcase time="0.0129999999999999" classname="aaa" name="Test_suite_aaa.R"/>
    <testcase time="0.0129999999999999" classname="aaa" name="Test_suite_aaa.R"/>
    <testcase time="0.0200000000000005" classname="aaa" name="Test_suite_aaa.R"/>
    <testcase time="0.016" classname="aaa" name="Test_suite_aaa.R"/>
    <testcase time="0.00999999999999979" classname="aaa" name="Test_suite_aaa.R"/>
    <testcase time="0.00400000000000045" classname="aaa" name="Test_suite_aaa.R"/>
    <testcase time="0.00599999999999934" classname="aaa" name="Test_suite_aaa.R"/>
    <testcase time="0.0100000000000007" classname="aaa" name="Test_suite_aaa.R"/>
    <testcase time="0.0109999999999992" classname="aaa" name="Test_suite_aaa.R"/>
    <testcase time="0.0140000000000002" classname="aaa" name="Test_suite_aaa.R"/>
    <testcase time="0.0149999999999997" classname="aaa" name="Test_suite_aaa.R"/>
    <testcase time="0.0180000000000007" classname="aaa" name="Test_suite_aaa.R"/>
    <testcase time="0.0219999999999994" classname="aaa" name="Test_suite_aaa.R"/>
    <testcase time="0.0120000000000005" classname="aaa" name="Test_suite_aaa.R"/>
    <testcase time="0.00900000000000034" classname="aaa" name="Test_suite_aaa.R"/>
    <testcase time="0.00899999999999945" classname="aaa" name="Test_suite_aaa.R"/>
    <testcase time="0.0129999999999999" classname="aaa" name="Test_suite_aaa.R"/>
    <testcase time="0.0150000000000006" classname="aaa" name="Test_suite_aaa.R"/>
    <testcase time="0.0199999999999996" classname="aaa" name="Test_suite_aaa.R"/>
    <testcase time="0.0200000000000005" classname="aaa" name="Test_suite_aaa.R"/>
    <testcase time="0.00899999999999945" classname="aaa" name="Test_suite_aaa.R"/>
    <testcase time="0.0110000000000001" classname="aaa" name="Test_suite_aaa.R"/>
    <testcase time="0.00900000000000034" classname="aaa" name="Test_suite_aaa.R"/>
    <testcase time="0.00300000000000011" classname="aaa" name="Test_suite_aaa.R"/>
    <testcase time="0.00800000000000001" classname="aaa" name="Test_suite_aaa.R"/>
    <testcase time="0.0149999999999997" classname="aaa" name="Test_suite_aaa.R"/>
    <testcase time="0.016" classname="aaa" name="Test_suite_aaa.R"/>
    <testcase time="0.0110000000000001" classname="aaa" name="Test_suite_aaa.R"/>
    <testcase time="0.00499999999999989" classname="aaa" name="Test_suite_aaa.R"/>
    <testcase time="0.0129999999999999" classname="aaa" name="Test_suite_aaa.R"/>
    <testcase time="0.00499999999999989" classname="aaa" name="Test_suite_aaa.R"/>
    <testcase time="0.00600000000000023" classname="aaa" name="Test_suite_aaa.R"/>
    <testcase time="0.00499999999999989" classname="aaa" name="Test_suite_aaa.R"/>
    <testcase time="0.00499999999999989" classname="aaa" name="Test_suite_aaa.R"/>
    <testcase time="0.00800000000000001" classname="aaa" name="Test_suite_aaa.R"/>
    <testcase time="0.0140000000000002" classname="aaa" name="Test_suite_aaa.R"/>
    <testcase time="0.00499999999999989" classname="aaa" name="Test_suite_aaa.R"/>
    <testcase time="0.00600000000000023" classname="aaa" name="Test_suite_aaa.R"/>
    <testcase time="0.00499999999999989" classname="aaa" name="Test_suite_aaa.R"/>
    <testcase time="0.0110000000000001" classname="aaa" name="Test_suite_aaa.R"/>
    <testcase time="0.0119999999999996" classname="aaa" name="Test_suite_aaa.R"/>
    <testcase time="0.0110000000000001" classname="aaa" name="Test_suite_aaa.R"/>
    <testcase time="0.0120000000000005" classname="aaa" name="Test_suite_aaa.R"/>
    <testcase time="0.0109999999999992" classname="aaa" name="Test_suite_aaa.R"/>
    <testcase time="0.0120000000000005" classname="aaa" name="Test_suite_aaa.R"/>
    <testcase time="0.0140000000000002" classname="aaa" name="Test_suite_aaa.R"/>
    <testcase time="0.0169999999999995" classname="aaa" name="Test_suite_aaa.R"/>
    <testcase time="0.00999999999999979" classname="aaa" name="Test_suite_aaa.R"/>
    <testcase time="0.0130000000000008" classname="aaa" name="Test_suite_aaa.R"/>
    <testcase time="0.0139999999999993" classname="aaa" name="Test_suite_aaa.R"/>
    <testcase time="0.0200000000000005" classname="aaa" name="Test_suite_aaa.R"/>
    <testcase time="0.0169999999999995" classname="aaa" name="Test_suite_aaa.R"/>
    <testcase time="0.00999999999999979" classname="aaa" name="Test_suite_aaa.R"/>
    <testcase time="0.00400000000000134" classname="aaa" name="Test_suite_aaa.R"/>
    <testcase time="0.00699999999999967" classname="aaa" name="Test_suite_aaa.R"/>
    <testcase time="0.00999999999999979" classname="aaa" name="Test_suite_aaa.R"/>
    <testcase time="0.0139999999999993" classname="aaa" name="Test_suite_aaa.R"/>
    <testcase time="0.0140000000000011" classname="aaa" name="Test_suite_aaa.R"/>
    <testcase time="0.016" classname="aaa" name="Test_suite_aaa.R"/>
    <testcase time="0.0179999999999989" classname="aaa" name="Test_suite_aaa.R"/>
    <testcase time="0.0190000000000001" classname="aaa" name="Test_suite_aaa.R"/>
    <testcase time="0.0120000000000005" classname="aaa" name="Test_suite_aaa.R"/>
    <testcase time="0.00900000000000034" classname="aaa" name="Test_suite_aaa.R"/>
    <testcase time="0.00999999999999979" classname="aaa" name="Test_suite_aaa.R"/>
    <testcase time="0.0139999999999993" classname="aaa" name="Test_suite_aaa.R"/>
    <testcase time="0.0199999999999996" classname="aaa" name="Test_suite_aaa.R"/>
    <testcase time="0.0370000000000008" classname="aaa" name="Test_suite_aaa.R"/>
    <testcase time="0.0210000000000008" classname="aaa" name="Test_suite_aaa.R"/>
    <testcase time="0.00999999999999979" classname="aaa" name="Test_suite_aaa.R"/>
    <testcase time="0.0109999999999992" classname="aaa" name="Test_suite_aaa.R"/>
    <testcase time="0.00999999999999979" classname="aaa" name="Test_suite_aaa.R"/>
    <testcase time="0.00300000000000011" classname="aaa" name="Test_suite_aaa.R"/>
    <testcase time="0.011000000000001" classname="aaa" name="Test_suite_aaa.R"/>
    <testcase time="0.016" classname="aaa" name="Test_suite_aaa.R"/>
    <testcase time="0.0149999999999988" classname="aaa" name="Test_suite_aaa.R"/>
    <testcase time="0.0120000000000005" classname="aaa" name="Test_suite_aaa.R"/>
    <testcase time="0.00500000000000078" classname="aaa" name="Test_suite_aaa.R"/>
    <testcase time="0.0119999999999987" classname="aaa" name="Test_suite_aaa.R"/>
    <testcase time="0.00600000000000023" classname="aaa" name="Test_suite_aaa.R"/>
    <testcase time="0.00500000000000078" classname="aaa" name="Test_suite_aaa.R"/>
    <testcase time="0.00600000000000023" classname="aaa" name="Test_suite_aaa.R"/>
    <testcase time="0.00599999999999845" classname="aaa" name="Test_suite_aaa.R"/>
    <testcase time="0.00700000000000145" classname="aaa" name="Test_suite_aaa.R"/>
    <testcase time="0.0109999999999992" classname="aaa" name="Test_suite_aaa.R"/>
    <testcase time="0.00600000000000023" classname="aaa" name="Test_suite_aaa.R"/>
    <testcase time="0.00600000000000023" classname="aaa" name="Test_suite_aaa.R"/>
    <testcase time="0.00600000000000023" classname="aaa" name="Test_suite_aaa.R"/>
    <testcase time="0.00999999999999979" classname="aaa" name="Test_suite_aaa.R"/>
    <testcase time="0.0120000000000005" classname="aaa" name="Test_suite_aaa.R"/>
    <testcase time="0.0119999999999987" classname="aaa" name="Test_suite_aaa.R"/>
    <testcase time="0.0120000000000005" classname="aaa" name="Test_suite_aaa.R"/>
    <testcase time="0.0120000000000005" classname="aaa" name="Test_suite_aaa.R"/>
    <testcase time="0.0109999999999992" classname="aaa" name="Test_suite_aaa.R"/>
    <testcase time="0.0140000000000011" classname="aaa" name="Test_suite_aaa.R"/>
    <testcase time="0.020999999999999" classname="aaa" name="Test_suite_aaa.R"/>
    <testcase time="0.00999999999999979" classname="aaa" name="Test_suite_aaa.R"/>
    <testcase time="0.0140000000000011" classname="aaa" name="Test_suite_aaa.R"/>
    <testcase time="0.0139999999999993" classname="aaa" name="Test_suite_aaa.R"/>
    <testcase time="0.0199999999999996" classname="aaa" name="Test_suite_aaa.R"/>
    <testcase time="0.0170000000000012" classname="aaa" name="Test_suite_aaa.R"/>
    <testcase time="0.00999999999999979" classname="aaa" name="Test_suite_aaa.R"/>
    <testcase time="0.00499999999999901" classname="aaa" name="Test_suite_aaa.R"/>
    <testcase time="0.00600000000000023" classname="aaa" name="Test_suite_aaa.R"/>
    <testcase time="0.011000000000001" classname="aaa" name="Test_suite_aaa.R"/>
    <testcase time="0.0119999999999987" classname="aaa" name="Test_suite_aaa.R"/>
    <testcase time="0.0140000000000011" classname="aaa" name="Test_suite_aaa.R"/>
    <testcase time="0.016" classname="aaa" name="Test_suite_aaa.R"/>
    <testcase time="0.0169999999999995" classname="aaa" name="Test_suite_aaa.R"/>
    <testcase time="0.0199999999999996" classname="aaa" name="Test_suite_aaa.R"/>
    <testcase time="0.0129999999999999" classname="aaa" name="Test_suite_aaa.R"/>
    <testcase time="0.00900000000000034" classname="aaa" name="Test_suite_aaa.R"/>
    <testcase time="0.00999999999999979" classname="aaa" name="Test_suite_aaa.R"/>
    <testcase time="0.016" classname="aaa" name="Test_suite_aaa.R"/>
    <testcase time="0.0210000000000008" classname="aaa" name="Test_suite_aaa.R"/>
    <testcase time="0.0359999999999996" classname="aaa" name="Test_suite_aaa.R"/>
    <testcase time="0.0220000000000002" classname="aaa" name="Test_suite_aaa.R"/>
    <testcase time="0.00999999999999979" classname="aaa" name="Test_suite_aaa.R"/>
    <testcase time="0.0109999999999992" classname="aaa" name="Test_suite_aaa.R"/>
    <testcase time="0.00999999999999979" classname="aaa" name="Test_suite_aaa.R"/>
    <testcase time="0.00300000000000011" classname="aaa" name="Test_suite_aaa.R"/>
    <testcase time="0.0080000000000009" classname="aaa" name="Test_suite_aaa.R"/>
    <testcase time="0.016" classname="aaa" name="Test_suite_aaa.R"/>
    <testcase time="0.016" classname="aaa" name="Test_suite_aaa.R"/>
    <testcase time="0.0120000000000005" classname="aaa" name="Test_suite_aaa.R"/>
    <testcase time="0.00499999999999901" classname="aaa" name="Test_suite_aaa.R"/>
    <testcase time="0.0120000000000005" classname="aaa" name="Test_suite_aaa.R"/>
    <testcase time="0.016" classname="aaa" name="Test_suite_aaa.R"/>
    <testcase time="0.0109999999999992" classname="aaa" name="Test_suite_aaa.R"/>
    <testcase time="0.00899999999999856" classname="aaa" name="Test_suite_aaa.R"/>
    <testcase time="0.0140000000000011" classname="aaa" name="Test_suite_aaa.R"/>
    <testcase time="0.00900000000000034" classname="aaa" name="Test_suite_aaa.R"/>
    <testcase time="0.0109999999999992" classname="aaa" name="Test_suite_aaa.R"/>
    <testcase time="0.0180000000000007" classname="aaa" name="Test_suite_aaa.R"/>
    <testcase time="0.0149999999999988" classname="aaa" name="Test_suite_aaa.R"/>
    <testcase time="0.0100000000000016" classname="aaa" name="Test_suite_aaa.R"/>
    <testcase time="0.0169999999999995" classname="aaa" name="Test_suite_aaa.R"/>
    <testcase time="0.0180000000000007" classname="aaa" name="Test_suite_aaa.R"/>
    <testcase time="0.0129999999999999" classname="aaa" name="Test_suite_aaa.R"/>
    <testcase time="0.0120000000000005" classname="aaa" name="Test_suite_aaa.R"/>
    <testcase time="0.016" classname="aaa" name="Test_suite_aaa.R"/>
    <testcase time="0.0199999999999996" classname="aaa" name="Test_suite_aaa.R"/>
    <testcase time="0.0139999999999993" classname="aaa" name="Test_suite_aaa.R"/>
    <testcase time="0.0190000000000001" classname="aaa" name="Test_suite_aaa.R"/>
    <testcase time="0.0199999999999996" classname="aaa" name="Test_suite_aaa.R"/>
    <testcase time="0.0150000000000006" classname="aaa" name="Test_suite_aaa.R"/>
    <testcase time="0.0169999999999995" classname="aaa" name="Test_suite_aaa.R"/>
    <testcase time="0.0190000000000001" classname="aaa" name="Test_suite_aaa.R"/>
    <testcase time="0.0199999999999996" classname="aaa" name="Test_suite_aaa.R"/>
    <testcase time="0.0130000000000017" classname="aaa" name="Test_suite_aaa.R"/>
    <testcase time="0.0199999999999996" classname="aaa" name="Test_suite_aaa.R"/>
    <testcase time="0.0199999999999996" classname="aaa" name="Test_suite_aaa.R"/>
    <testcase time="0.0139999999999993" classname="aaa" name="Test_suite_aaa.R"/>
    <testcase time="0.0140000000000011" classname="aaa" name="Test_suite_aaa.R"/>
    <testcase time="0.0169999999999995" classname="aaa" name="Test_suite_aaa.R"/>
    <testcase time="0.0199999999999996" classname="aaa" name="Test_suite_aaa.R"/>
    <testcase time="0.0150000000000006" classname="aaa" name="Test_suite_aaa.R"/>
    <testcase time="0.0220000000000002" classname="aaa" name="Test_suite_aaa.R"/>
    <testcase time="0.0220000000000002" classname="aaa" name="Test_suite_aaa.R"/>
    <testcase time="0.0190000000000001" classname="aaa" name="Test_suite_aaa.R"/>
    <testcase time="0.0139999999999993" classname="aaa" name="Test_suite_aaa.R"/>
    <testcase time="0.0169999999999995" classname="aaa" name="Test_suite_aaa.R"/>
    <testcase time="0.0200000000000014" classname="aaa" name="Test_suite_aaa.R"/>
    <testcase time="0.0139999999999993" classname="aaa" name="Test_suite_aaa.R"/>
    <testcase time="0.0229999999999997" classname="aaa" name="Test_suite_aaa.R"/>
    <testcase time="0.0229999999999997" classname="aaa" name="Test_suite_aaa.R"/>
    <testcase time="0.0150000000000006" classname="aaa" name="Test_suite_aaa.R"/>
    <testcase time="0.0150000000000006" classname="aaa" name="Test_suite_aaa.R"/>
    <testcase time="0.016" classname="aaa" name="Test_suite_aaa.R"/>
    <testcase time="0.0190000000000001" classname="aaa" name="Test_suite_aaa.R"/>
    <testcase time="0.0129999999999999" classname="aaa" name="Test_suite_aaa.R"/>
    <testcase time="0.020999999999999" classname="aaa" name="Test_suite_aaa.R"/>
    <testcase time="0.0250000000000004" classname="aaa" name="Test_suite_aaa.R"/>
    <testcase time="0.0140000000000011" classname="aaa" name="Test_suite_aaa.R"/>
    <testcase time="0.0149999999999988" classname="aaa" name="Test_suite_aaa.R"/>
    <testcase time="0.0129999999999999" classname="aaa" name="Test_suite_aaa.R"/>
    <testcase time="0.0150000000000006" classname="aaa" name="Test_suite_aaa.R"/>
    <testcase time="0.0120000000000005" classname="aaa" name="Test_suite_aaa.R"/>
    <testcase time="0.0150000000000006" classname="aaa" name="Test_suite_aaa.R"/>
    <testcase time="0.0120000000000005" classname="aaa" name="Test_suite_aaa.R"/>
    <testcase time="0.0109999999999992" classname="aaa" name="Test_suite_aaa.R"/>
    <testcase time="0.0129999999999999" classname="aaa" name="Test_suite_aaa.R"/>
    <testcase time="0.0169999999999995" classname="aaa" name="Test_suite_aaa.R"/>
    <testcase time="0.016" classname="aaa" name="Test_suite_aaa.R"/>
    <testcase time="0.0180000000000007" classname="aaa" name="Test_suite_aaa.R"/>
    <testcase time="0.0180000000000007" classname="aaa" name="Test_suite_aaa.R"/>
    <testcase time="0.0379999999999985" classname="aaa" name="Test_suite_aaa.R"/>
    <testcase time="0.0210000000000008" classname="aaa" name="Test_suite_aaa.R"/>
    <testcase time="0.0190000000000001" classname="aaa" name="Test_suite_aaa.R"/>
    <testcase time="0.0199999999999996" classname="aaa" name="Test_suite_aaa.R"/>
    <testcase time="0.0190000000000001" classname="aaa" name="Test_suite_aaa.R"/>
    <testcase time="0.0510000000000002" classname="aaa" name="Test_suite_aaa.R"/>
    <testcase time="0.0180000000000007" classname="aaa" name="Test_suite_aaa.R"/>
    <testcase time="0.0239999999999991" classname="aaa" name="Test_suite_aaa.R"/>
    <testcase time="0.0210000000000008" classname="aaa" name="Test_suite_aaa.R"/>
    <testcase time="0.020999999999999" classname="aaa" name="Test_suite_aaa.R"/>
    <testcase time="0.0969999999999995" classname="aaa" name="Test_suite_aaa.R"/>
    <testcase time="0.0180000000000007" classname="aaa" name="Test_suite_aaa.R"/>
    <testcase time="0.0199999999999996" classname="aaa" name="Test_suite_aaa.R"/>
    <testcase time="0.0220000000000002" classname="aaa" name="Test_suite_aaa.R"/>
    <testcase time="0.0220000000000002" classname="aaa" name="Test_suite_aaa.R"/>
    <testcase time="0.0510000000000002" classname="aaa" name="Test_suite_aaa.R"/>
    <testcase time="0.0190000000000001" classname="aaa" name="Test_suite_aaa.R"/>
    <testcase time="0.0190000000000001" classname="aaa" name="Test_suite_aaa.R"/>
    <testcase time="0.0229999999999997" classname="aaa" name="Test_suite_aaa.R"/>
    <testcase time="0.0199999999999996" classname="aaa" name="Test_suite_aaa.R"/>
    <testcase time="0.0389999999999997" classname="aaa" name="Test_suite_aaa.R"/>
  </testsuite>
  <testsuite name="aab" timestamp="2024-08-09T13:56:50Z" hostname="0de16f752f19" tests="100" skipped="0" failures="0" errors="0" time="8.682">
    <testcase time="0.0220000000000002" classname="aab" name="Test_suite_aab.R"/>
    <testcase time="0.0080000000000009" classname="aab" name="Test_suite_aab.R"/>
    <testcase time="0.00799999999999912" classname="aab" name="Test_suite_aab.R"/>
    <testcase time="0.0080000000000009" classname="aab" name="Test_suite_aab.R"/>
    <testcase time="0.00799999999999912" classname="aab" name="Test_suite_aab.R"/>
    <testcase time="0.00900000000000034" classname="aab" name="Test_suite_aab.R"/>
    <testcase time="0.0080000000000009" classname="aab" name="Test_suite_aab.R"/>
    <testcase time="0.00799999999999912" classname="aab" name="Test_suite_aab.R"/>
    <testcase time="0.0139999999999993" classname="aab" name="Test_suite_aab.R"/>
    <testcase time="0.0240000000000009" classname="aab" name="Test_suite_aab.R"/>
    <testcase time="0.0239999999999991" classname="aab" name="Test_suite_aab.R"/>
    <testcase time="0.0390000000000015" classname="aab" name="Test_suite_aab.R"/>
    <testcase time="0.0919999999999987" classname="aab" name="Test_suite_aab.R"/>
    <testcase time="0.00900000000000034" classname="aab" name="Test_suite_aab.R"/>
    <testcase time="0.0240000000000009" classname="aab" name="Test_suite_aab.R"/>
    <testcase time="0.106999999999999" classname="aab" name="Test_suite_aab.R"/>
    <testcase time="0.613999999999999" classname="aab" name="Test_suite_aab.R"/>
    <testcase time="0.0230000000000015" classname="aab" name="Test_suite_aab.R"/>
    <testcase time="0.0179999999999989" classname="aab" name="Test_suite_aab.R"/>
    <testcase time="0.0549999999999997" classname="aab" name="Test_suite_aab.R"/>
    <testcase time="0.271000000000001" classname="aab" name="Test_suite_aab.R"/>
    <testcase time="0.0109999999999992" classname="aab" name="Test_suite_aab.R"/>
    <testcase time="0.0280000000000005" classname="aab" name="Test_suite_aab.R"/>
    <testcase time="0.105" classname="aab" name="Test_suite_aab.R"/>
    <testcase time="0.641" classname="aab" name="Test_suite_aab.R"/>
    <testcase time="0.0199999999999996" classname="aab" name="Test_suite_aab.R"/>
    <testcase time="0.0080000000000009" classname="aab" name="Test_suite_aab.R"/>
    <testcase time="0.00799999999999912" classname="aab" name="Test_suite_aab.R"/>
    <testcase time="0.0080000000000009" classname="aab" name="Test_suite_aab.R"/>
    <testcase time="0.00799999999999912" classname="aab" name="Test_suite_aab.R"/>
    <testcase time="0.0080000000000009" classname="aab" name="Test_suite_aab.R"/>
    <testcase time="0.00799999999999912" classname="aab" name="Test_suite_aab.R"/>
    <testcase time="0.0080000000000009" classname="aab" name="Test_suite_aab.R"/>
    <testcase time="0.0269999999999992" classname="aab" name="Test_suite_aab.R"/>
    <testcase time="0.0220000000000002" classname="aab" name="Test_suite_aab.R"/>
    <testcase time="0.0220000000000002" classname="aab" name="Test_suite_aab.R"/>
    <testcase time="0.0309999999999988" classname="aab" name="Test_suite_aab.R"/>
    <testcase time="0.102" classname="aab" name="Test_suite_aab.R"/>
    <testcase time="0.00900000000000034" classname="aab" name="Test_suite_aab.R"/>
    <testcase time="0.0220000000000002" classname="aab" name="Test_suite_aab.R"/>
    <testcase time="0.0980000000000008" classname="aab" name="Test_suite_aab.R"/>
    <testcase time="0.459" classname="aab" name="Test_suite_aab.R"/>
    <testcase time="0.00999999999999979" classname="aab" name="Test_suite_aab.R"/>
    <testcase time="0.0199999999999996" classname="aab" name="Test_suite_aab.R"/>
    <testcase time="0.0739999999999998" classname="aab" name="Test_suite_aab.R"/>
    <testcase time="0.404" classname="aab" name="Test_suite_aab.R"/>
    <testcase time="0.00900000000000034" classname="aab" name="Test_suite_aab.R"/>
    <testcase time="0.0240000000000009" classname="aab" name="Test_suite_aab.R"/>
    <testcase time="0.110999999999999" classname="aab" name="Test_suite_aab.R"/>
    <testcase time="0.638" classname="aab" name="Test_suite_aab.R"/>
    <testcase time="0.00900000000000034" classname="aab" name="Test_suite_aab.R"/>
    <testcase time="0.0080000000000009" classname="aab" name="Test_suite_aab.R"/>
    <testcase time="0.00499999999999901" classname="aab" name="Test_suite_aab.R"/>
    <testcase time="0.00500000000000078" classname="aab" name="Test_suite_aab.R"/>
    <testcase time="0.00500000000000078" classname="aab" name="Test_suite_aab.R"/>
    <testcase time="0.00499999999999901" classname="aab" name="Test_suite_aab.R"/>
    <testcase time="0.00500000000000078" classname="aab" name="Test_suite_aab.R"/>
    <testcase time="0.00499999999999901" classname="aab" name="Test_suite_aab.R"/>
    <testcase time="0.0140000000000011" classname="aab" name="Test_suite_aab.R"/>
    <testcase time="0.0219999999999985" classname="aab" name="Test_suite_aab.R"/>
    <testcase time="0.0210000000000008" classname="aab" name="Test_suite_aab.R"/>
    <testcase time="0.0310000000000006" classname="aab" name="Test_suite_aab.R"/>
    <testcase time="0.0820000000000007" classname="aab" name="Test_suite_aab.R"/>
    <testcase time="0.00899999999999856" classname="aab" name="Test_suite_aab.R"/>
    <testcase time="0.0180000000000007" classname="aab" name="Test_suite_aab.R"/>
    <testcase time="0.0549999999999997" classname="aab" name="Test_suite_aab.R"/>
    <testcase time="0.27" classname="aab" name="Test_suite_aab.R"/>
    <testcase time="0.0100000000000016" classname="aab" name="Test_suite_aab.R"/>
    <testcase time="0.0219999999999985" classname="aab" name="Test_suite_aab.R"/>
    <testcase time="0.0830000000000002" classname="aab" name="Test_suite_aab.R"/>
    <testcase time="0.465" classname="aab" name="Test_suite_aab.R"/>
    <testcase time="0.0100000000000016" classname="aab" name="Test_suite_aab.R"/>
    <testcase time="0.0180000000000007" classname="aab" name="Test_suite_aab.R"/>
    <testcase time="0.0579999999999998" classname="aab" name="Test_suite_aab.R"/>
    <testcase time="0.260999999999999" classname="aab" name="Test_suite_aab.R"/>
    <testcase time="0.00900000000000034" classname="aab" name="Test_suite_aab.R"/>
    <testcase time="0.00999999999999801" classname="aab" name="Test_suite_aab.R"/>
    <testcase time="0.00900000000000034" classname="aab" name="Test_suite_aab.R"/>
    <testcase time="0.00900000000000034" classname="aab" name="Test_suite_aab.R"/>
    <testcase time="0.00900000000000034" classname="aab" name="Test_suite_aab.R"/>
    <testcase time="0.00900000000000034" classname="aab" name="Test_suite_aab.R"/>
    <testcase time="0.00900000000000034" classname="aab" name="Test_suite_aab.R"/>
    <testcase time="0.00900000000000034" classname="aab" name="Test_suite_aab.R"/>
    <testcase time="0.0139999999999993" classname="aab" name="Test_suite_aab.R"/>
    <testcase time="0.0240000000000009" classname="aab" name="Test_suite_aab.R"/>
    <testcase time="0.0249999999999986" classname="aab" name="Test_suite_aab.R"/>
    <testcase time="0.0410000000000004" classname="aab" name="Test_suite_aab.R"/>
    <testcase time="0.0990000000000002" classname="aab" name="Test_suite_aab.R"/>
    <testcase time="0.00900000000000034" classname="aab" name="Test_suite_aab.R"/>
    <testcase time="0.0269999999999975" classname="aab" name="Test_suite_aab.R"/>
    <testcase time="0.131" classname="aab" name="Test_suite_aab.R"/>
    <testcase time="0.861000000000001" classname="aab" name="Test_suite_aab.R"/>
    <testcase time="0.00900000000000034" classname="aab" name="Test_suite_aab.R"/>
    <testcase time="0.0229999999999997" classname="aab" name="Test_suite_aab.R"/>
    <testcase time="0.0980000000000025" classname="aab" name="Test_suite_aab.R"/>
    <testcase time="0.566999999999997" classname="aab" name="Test_suite_aab.R"/>
    <testcase time="0.0100000000000016" classname="aab" name="Test_suite_aab.R"/>
    <testcase time="0.0249999999999986" classname="aab" name="Test_suite_aab.R"/>
    <testcase time="0.115000000000002" classname="aab" name="Test_suite_aab.R"/>
    <testcase time="0.698999999999998" classname="aab" name="Test_suite_aab.R"/>
  </testsuite>
  <testsuite name="aac" timestamp="2024-08-09T13:56:59Z" hostname="0de16f752f19" tests="100" skipped="0" failures="0" errors="0" time="7.798">
    <testcase time="0.0230000000000032" classname="aac" name="Test_suite_aac.R"/>
    <testcase time="0.00799999999999912" classname="aac" name="Test_suite_aac.R"/>
    <testcase time="0.00800000000000267" classname="aac" name="Test_suite_aac.R"/>
    <testcase time="0.00799999999999912" classname="aac" name="Test_suite_aac.R"/>
    <testcase time="0.00799999999999912" classname="aac" name="Test_suite_aac.R"/>
    <testcase time="0.00900000000000034" classname="aac" name="Test_suite_aac.R"/>
    <testcase time="0.00799999999999912" classname="aac" name="Test_suite_aac.R"/>
    <testcase time="0.00900000000000034" classname="aac" name="Test_suite_aac.R"/>
    <testcase time="0.0130000000000017" classname="aac" name="Test_suite_aac.R"/>
    <testcase time="0.0229999999999997" classname="aac" name="Test_suite_aac.R"/>
    <testcase time="0.027000000000001" classname="aac" name="Test_suite_aac.R"/>
    <testcase time="0.0359999999999978" classname="aac" name="Test_suite_aac.R"/>
    <testcase time="0.0710000000000015" classname="aac" name="Test_suite_aac.R"/>
    <testcase time="0.00900000000000034" classname="aac" name="Test_suite_aac.R"/>
    <testcase time="0.0199999999999996" classname="aac" name="Test_suite_aac.R"/>
    <testcase time="0.0799999999999983" classname="aac" name="Test_suite_aac.R"/>
    <testcase time="0.351000000000003" classname="aac" name="Test_suite_aac.R"/>
    <testcase time="0.0229999999999997" classname="aac" name="Test_suite_aac.R"/>
    <testcase time="0.0219999999999985" classname="aac" name="Test_suite_aac.R"/>
    <testcase time="0.0760000000000005" classname="aac" name="Test_suite_aac.R"/>
    <testcase time="0.358999999999998" classname="aac" name="Test_suite_aac.R"/>
    <testcase time="0.00900000000000034" classname="aac" name="Test_suite_aac.R"/>
    <testcase time="0.0229999999999997" classname="aac" name="Test_suite_aac.R"/>
    <testcase time="0.0560000000000009" classname="aac" name="Test_suite_aac.R"/>
    <testcase time="0.25" classname="aac" name="Test_suite_aac.R"/>
    <testcase time="0.00799999999999912" classname="aac" name="Test_suite_aac.R"/>
    <testcase time="0.00900000000000034" classname="aac" name="Test_suite_aac.R"/>
    <testcase time="0.00500000000000256" classname="aac" name="Test_suite_aac.R"/>
    <testcase time="0.00499999999999901" classname="aac" name="Test_suite_aac.R"/>
    <testcase time="0.00499999999999901" classname="aac" name="Test_suite_aac.R"/>
    <testcase time="0.00499999999999901" classname="aac" name="Test_suite_aac.R"/>
    <testcase time="0.00500000000000256" classname="aac" name="Test_suite_aac.R"/>
    <testcase time="0.00499999999999901" classname="aac" name="Test_suite_aac.R"/>
    <testcase time="0.0139999999999993" classname="aac" name="Test_suite_aac.R"/>
    <testcase time="0.0240000000000009" classname="aac" name="Test_suite_aac.R"/>
    <testcase time="0.0210000000000008" classname="aac" name="Test_suite_aac.R"/>
    <testcase time="0.0329999999999977" classname="aac" name="Test_suite_aac.R"/>
    <testcase time="0.0980000000000025" classname="aac" name="Test_suite_aac.R"/>
    <testcase time="0.00900000000000034" classname="aac" name="Test_suite_aac.R"/>
    <testcase time="0.0239999999999974" classname="aac" name="Test_suite_aac.R"/>
    <testcase time="0.0940000000000012" classname="aac" name="Test_suite_aac.R"/>
    <testcase time="0.445" classname="aac" name="Test_suite_aac.R"/>
    <testcase time="0.00900000000000034" classname="aac" name="Test_suite_aac.R"/>
    <testcase time="0.0150000000000006" classname="aac" name="Test_suite_aac.R"/>
    <testcase time="0.0350000000000001" classname="aac" name="Test_suite_aac.R"/>
    <testcase time="0.110999999999997" classname="aac" name="Test_suite_aac.R"/>
    <testcase time="0.00900000000000034" classname="aac" name="Test_suite_aac.R"/>
    <testcase time="0.0169999999999995" classname="aac" name="Test_suite_aac.R"/>
    <testcase time="0.0470000000000006" classname="aac" name="Test_suite_aac.R"/>
    <testcase time="0.173000000000002" classname="aac" name="Test_suite_aac.R"/>
    <testcase time="0.00900000000000034" classname="aac" name="Test_suite_aac.R"/>
    <testcase time="0.00799999999999912" classname="aac" name="Test_suite_aac.R"/>
    <testcase time="0.00900000000000034" classname="aac" name="Test_suite_aac.R"/>
    <testcase time="0.00900000000000034" classname="aac" name="Test_suite_aac.R"/>
    <testcase time="0.00799999999999912" classname="aac" name="Test_suite_aac.R"/>
    <testcase time="0.00900000000000034" classname="aac" name="Test_suite_aac.R"/>
    <testcase time="0.00799999999999912" classname="aac" name="Test_suite_aac.R"/>
    <testcase time="0.00799999999999912" classname="aac" name="Test_suite_aac.R"/>
    <testcase time="0.0150000000000006" classname="aac" name="Test_suite_aac.R"/>
    <testcase time="0.0310000000000024" classname="aac" name="Test_suite_aac.R"/>
    <testcase time="0.0209999999999972" classname="aac" name="Test_suite_aac.R"/>
    <testcase time="0.0310000000000024" classname="aac" name="Test_suite_aac.R"/>
    <testcase time="0.105" classname="aac" name="Test_suite_aac.R"/>
    <testcase time="0.00899999999999679" classname="aac" name="Test_suite_aac.R"/>
    <testcase time="0.0230000000000032" classname="aac" name="Test_suite_aac.R"/>
    <testcase time="0.0519999999999996" classname="aac" name="Test_suite_aac.R"/>
    <testcase time="0.222999999999999" classname="aac" name="Test_suite_aac.R"/>
    <testcase time="0.00999999999999801" classname="aac" name="Test_suite_aac.R"/>
    <testcase time="0.0200000000000031" classname="aac" name="Test_suite_aac.R"/>
    <testcase time="0.0670000000000002" classname="aac" name="Test_suite_aac.R"/>
    <testcase time="0.311999999999998" classname="aac" name="Test_suite_aac.R"/>
    <testcase time="0.0100000000000016" classname="aac" name="Test_suite_aac.R"/>
    <testcase time="0.0279999999999987" classname="aac" name="Test_suite_aac.R"/>
    <testcase time="0.128" classname="aac" name="Test_suite_aac.R"/>
    <testcase time="0.655999999999999" classname="aac" name="Test_suite_aac.R"/>
    <testcase time="0.00900000000000034" classname="aac" name="Test_suite_aac.R"/>
    <testcase time="0.0100000000000016" classname="aac" name="Test_suite_aac.R"/>
    <testcase time="0.00900000000000034" classname="aac" name="Test_suite_aac.R"/>
    <testcase time="0.00900000000000034" classname="aac" name="Test_suite_aac.R"/>
    <testcase time="0.00900000000000034" classname="aac" name="Test_suite_aac.R"/>
    <testcase time="0.00900000000000034" classname="aac" name="Test_suite_aac.R"/>
    <testcase time="0.00899999999999679" classname="aac" name="Test_suite_aac.R"/>
    <testcase time="0.00900000000000034" classname="aac" name="Test_suite_aac.R"/>
    <testcase time="0.0150000000000006" classname="aac" name="Test_suite_aac.R"/>
    <testcase time="0.0259999999999998" classname="aac" name="Test_suite_aac.R"/>
    <testcase time="0.0280000000000022" classname="aac" name="Test_suite_aac.R"/>
    <testcase time="0.0449999999999982" classname="aac" name="Test_suite_aac.R"/>
    <testcase time="0.117000000000001" classname="aac" name="Test_suite_aac.R"/>
    <testcase time="0.00900000000000034" classname="aac" name="Test_suite_aac.R"/>
    <testcase time="0.0199999999999996" classname="aac" name="Test_suite_aac.R"/>
    <testcase time="0.0839999999999996" classname="aac" name="Test_suite_aac.R"/>
    <testcase time="0.585999999999999" classname="aac" name="Test_suite_aac.R"/>
    <testcase time="0.0100000000000016" classname="aac" name="Test_suite_aac.R"/>
    <testcase time="0.0300000000000011" classname="aac" name="Test_suite_aac.R"/>
    <testcase time="0.163999999999998" classname="aac" name="Test_suite_aac.R"/>
    <testcase time="1.052" classname="aac" name="Test_suite_aac.R"/>
    <testcase time="0.00900000000000034" classname="aac" name="Test_suite_aac.R"/>
    <testcase time="0.0300000000000011" classname="aac" name="Test_suite_aac.R"/>
    <testcase time="0.129000000000001" classname="aac" name="Test_suite_aac.R"/>
    <testcase time="0.808" classname="aac" name="Test_suite_aac.R"/>
  </testsuite>
  <testsuite name="aad" timestamp="2024-08-09T13:57:07Z" hostname="0de16f752f19" tests="43" skipped="0" failures="0" errors="0" time="0.777">
    <testcase time="0.0569999999999986" classname="aad" name="test_suite_aad"/>
    <testcase time="0.0130000000000017" classname="aad" name="test_suite_aad"/>
    <testcase time="0.0129999999999981" classname="aad" name="test_suite_aad"/>
    <testcase time="0.0130000000000017" classname="aad" name="test_suite_aad"/>
    <testcase time="0.0129999999999981" classname="aad" name="test_suite_aad"/>
    <testcase time="0.0139999999999993" classname="aad" name="test_suite_aad"/>
    <testcase time="0.0150000000000006" classname="aad" name="test_suite_aad"/>
    <testcase time="0.0139999999999993" classname="aad" name="test_suite_aad"/>
    <testcase time="0.0140000000000029" classname="aad" name="test_suite_aad"/>
    <testcase time="0.014999999999997" classname="aad" name="test_suite_aad"/>
    <testcase time="0.0150000000000006" classname="aad" name="test_suite_aad"/>
    <testcase time="0.0199999999999996" classname="aad" name="test_suite_aad"/>
    <testcase time="0.0150000000000006" classname="aad" name="test_suite_aad"/>
    <testcase time="0.0169999999999995" classname="aad" name="test_suite_aad"/>
    <testcase time="0.0160000000000018" classname="aad" name="test_suite_aad"/>
    <testcase time="0.0180000000000007" classname="aad" name="test_suite_aad"/>
    <testcase time="0.0189999999999984" classname="aad" name="test_suite_aad"/>
    <testcase time="0.0190000000000019" classname="aad" name="test_suite_aad"/>
    <testcase time="0.0199999999999996" classname="aad" name="test_suite_aad"/>
    <testcase time="0.0219999999999985" classname="aad" name="test_suite_aad"/>
    <testcase time="0.0130000000000017" classname="aad" name="test_suite_aad"/>
    <testcase time="0.0129999999999981" classname="aad" name="test_suite_aad"/>
    <testcase time="0.0120000000000005" classname="aad" name="test_suite_aad"/>
    <testcase time="0.0130000000000017" classname="aad" name="test_suite_aad"/>
    <testcase time="0.0119999999999969" classname="aad" name="test_suite_aad"/>
    <testcase time="0.0130000000000017" classname="aad" name="test_suite_aad"/>
    <testcase time="0.0120000000000005" classname="aad" name="test_suite_aad"/>
    <testcase time="0.0129999999999981" classname="aad" name="test_suite_aad"/>
    <testcase time="0.0120000000000005" classname="aad" name="test_suite_aad"/>
    <testcase time="0.0120000000000005" classname="aad" name="test_suite_aad"/>
    <testcase time="0.0159999999999982" classname="aad" name="test_suite_aad"/>
    <testcase time="0.0150000000000006" classname="aad" name="test_suite_aad"/>
    <testcase time="0.00199999999999889" classname="aad" name="test_suite_aad"/>
    <testcase time="0.0600000000000023" classname="aad" name="test_suite_aad"/>
    <testcase time="0.0240000000000009" classname="aad" name="test_suite_aad"/>
    <testcase time="0.0239999999999974" classname="aad" name="test_suite_aad"/>
    <testcase time="0.0169999999999995" classname="aad" name="test_suite_aad"/>
    <testcase time="0.0109999999999992" classname="aad" name="test_suite_aad"/>
    <testcase time="0.0310000000000024" classname="aad" name="test_suite_aad"/>
    <testcase time="0.00799999999999912" classname="aad" name="test_suite_aad"/>
    <testcase time="0.0309999999999988" classname="aad" name="test_suite_aad"/>
    <testcase time="0.0360000000000014" classname="aad" name="test_suite_aad"/>
    <testcase time="0.0150000000000006" classname="aad" name="test_suite_aad"/>
  </testsuite>
  <testsuite name="aae" timestamp="2024-08-09T13:57:08Z" hostname="0de16f752f19" tests="3" skipped="0" failures="0" errors="0" time="0.096">
    <testcase time="0.0209999999999972" classname="aae" name="Test_suite_aae.R"/>
    <testcase time="0.00500000000000256" classname="aae" name="Test_suite_aae.R"/>
    <testcase time="0.0700000000000003" classname="aae" name="Test_suite_aae.R"/>
  </testsuite>
  <testsuite name="aaf" timestamp="2024-08-09T13:57:08Z" hostname="0de16f752f19" tests="56" skipped="0" failures="0" errors="0" time="4.857">
    <testcase time="0.00999999999999801" classname="aaf" name="Test_suite_aaf.R"/>
    <testcase time="0.00400000000000134" classname="aaf" name="Test_suite_aaf.R"/>
    <testcase time="0.00499999999999901" classname="aaf" name="Test_suite_aaf.R"/>
    <testcase time="0.00400000000000134" classname="aaf" name="Test_suite_aaf.R"/>
    <testcase time="0.0159999999999982" classname="aaf" name="Test_suite_aaf.R"/>
    <testcase time="0.0160000000000018" classname="aaf" name="Test_suite_aaf.R"/>
    <testcase time="0.0459999999999994" classname="aaf" name="Test_suite_aaf.R"/>
    <testcase time="0.0569999999999986" classname="aaf" name="Test_suite_aaf.R"/>
    <testcase time="0.0510000000000019" classname="aaf" name="Test_suite_aaf.R"/>
    <testcase time="0.0670000000000002" classname="aaf" name="Test_suite_aaf.R"/>
    <testcase time="0.0279999999999987" classname="aaf" name="Test_suite_aaf.R"/>
    <testcase time="0.365000000000002" classname="aaf" name="Test_suite_aaf.R"/>
    <testcase time="0.372999999999998" classname="aaf" name="Test_suite_aaf.R"/>
    <testcase time="0.155000000000001" classname="aaf" name="Test_suite_aaf.R"/>
    <testcase time="0.00499999999999901" classname="aaf" name="Test_suite_aaf.R"/>
    <testcase time="0.00399999999999778" classname="aaf" name="Test_suite_aaf.R"/>
    <testcase time="0.00400000000000134" classname="aaf" name="Test_suite_aaf.R"/>
    <testcase time="0.00499999999999901" classname="aaf" name="Test_suite_aaf.R"/>
    <testcase time="0.0160000000000018" classname="aaf" name="Test_suite_aaf.R"/>
    <testcase time="0.0169999999999995" classname="aaf" name="Test_suite_aaf.R"/>
    <testcase time="0.0640000000000001" classname="aaf" name="Test_suite_aaf.R"/>
    <testcase time="0.0549999999999997" classname="aaf" name="Test_suite_aaf.R"/>
    <testcase time="0.0549999999999997" classname="aaf" name="Test_suite_aaf.R"/>
    <testcase time="0.0779999999999994" classname="aaf" name="Test_suite_aaf.R"/>
    <testcase time="0.0289999999999999" classname="aaf" name="Test_suite_aaf.R"/>
    <testcase time="0.437000000000001" classname="aaf" name="Test_suite_aaf.R"/>
    <testcase time="0.452999999999999" classname="aaf" name="Test_suite_aaf.R"/>
    <testcase time="0.186" classname="aaf" name="Test_suite_aaf.R"/>
    <testcase time="0.00499999999999901" classname="aaf" name="Test_suite_aaf.R"/>
    <testcase time="0.00400000000000134" classname="aaf" name="Test_suite_aaf.R"/>
    <testcase time="0.00400000000000134" classname="aaf" name="Test_suite_aaf.R"/>
    <testcase time="0.00499999999999901" classname="aaf" name="Test_suite_aaf.R"/>
    <testcase time="0.0159999999999982" classname="aaf" name="Test_suite_aaf.R"/>
    <testcase time="0.017000000000003" classname="aaf" name="Test_suite_aaf.R"/>
    <testcase time="0.0519999999999996" classname="aaf" name="Test_suite_aaf.R"/>
    <testcase time="0.0539999999999985" classname="aaf" name="Test_suite_aaf.R"/>
    <testcase time="0.0530000000000008" classname="aaf" name="Test_suite_aaf.R"/>
    <testcase time="0.0710000000000015" classname="aaf" name="Test_suite_aaf.R"/>
    <testcase time="0.0339999999999989" classname="aaf" name="Test_suite_aaf.R"/>
    <testcase time="0.314999999999998" classname="aaf" name="Test_suite_aaf.R"/>
    <testcase time="0.316000000000003" classname="aaf" name="Test_suite_aaf.R"/>
    <testcase time="0.155999999999999" classname="aaf" name="Test_suite_aaf.R"/>
    <testcase time="0.00600000000000023" classname="aaf" name="Test_suite_aaf.R"/>
    <testcase time="0.00400000000000134" classname="aaf" name="Test_suite_aaf.R"/>
    <testcase time="0.00399999999999778" classname="aaf" name="Test_suite_aaf.R"/>
    <testcase time="0.00500000000000256" classname="aaf" name="Test_suite_aaf.R"/>
    <testcase time="0.014999999999997" classname="aaf" name="Test_suite_aaf.R"/>
    <testcase time="0.0160000000000018" classname="aaf" name="Test_suite_aaf.R"/>
    <testcase time="0.0440000000000005" classname="aaf" name="Test_suite_aaf.R"/>
    <testcase time="0.0519999999999996" classname="aaf" name="Test_suite_aaf.R"/>
    <testcase time="0.0509999999999984" classname="aaf" name="Test_suite_aaf.R"/>
    <testcase time="0.0740000000000016" classname="aaf" name="Test_suite_aaf.R"/>
    <testcase time="0.0279999999999987" classname="aaf" name="Test_suite_aaf.R"/>
    <testcase time="0.353999999999999" classname="aaf" name="Test_suite_aaf.R"/>
    <testcase time="0.350999999999999" classname="aaf" name="Test_suite_aaf.R"/>
    <testcase time="0.146000000000001" classname="aaf" name="Test_suite_aaf.R"/>
  </testsuite>
  <testsuite name="aag" timestamp="2024-08-09T13:57:13Z" hostname="0de16f752f19" tests="3" skipped="0" failures="0" errors="0" time="0.053">
    <testcase time="0.0210000000000008" classname="aag" name="Test_suite_aag.R"/>
    <testcase time="0.0159999999999982" classname="aag" name="Test_suite_aag.R"/>
    <testcase time="0.0160000000000053" classname="aag" name="Test_suite_aag.R"/>
  </testsuite>
  <testsuite name="zzz" timestamp="2024-08-09T13:57:13Z" hostname="0de16f752f19" tests="33" skipped="0" failures="0" errors="0" time="0.614">
    <testcase time="0.0069999999999979" classname="zzz" name="Test_suite_zzz_specific_identities_and_miscellaneous_checks"/>
    <testcase time="0.00800000000000267" classname="zzz" name="Test_suite_zzz_specific_identities_and_miscellaneous_checks"/>
    <testcase time="0.00199999999999534" classname="zzz" name="Test_suite_zzz_specific_identities_and_miscellaneous_checks"/>
    <testcase time="0.00100000000000477" classname="zzz" name="Test_suite_zzz_specific_identities_and_miscellaneous_checks"/>
    <testcase time="0.00199999999999534" classname="zzz" name="Test_suite_zzz_specific_identities_and_miscellaneous_checks"/>
    <testcase time="0.00400000000000489" classname="zzz" name="Test_suite_zzz_specific_identities_and_miscellaneous_checks"/>
    <testcase time="0.00399999999999778" classname="zzz" name="Test_suite_zzz_specific_identities_and_miscellaneous_checks"/>
    <testcase time="0.0069999999999979" classname="zzz" name="Test_suite_zzz_specific_identities_and_miscellaneous_checks"/>
    <testcase time="0.00200000000000244" classname="zzz" name="Test_suite_zzz_specific_identities_and_miscellaneous_checks"/>
    <testcase time="0.00399999999999778" classname="zzz" name="Test_suite_zzz_specific_identities_and_miscellaneous_checks"/>
    <testcase time="0.0129999999999981" classname="zzz" name="Test_suite_zzz_specific_identities_and_miscellaneous_checks"/>
    <testcase time="0.0110000000000028" classname="zzz" name="Test_suite_zzz_specific_identities_and_miscellaneous_checks"/>
    <testcase time="0.0069999999999979" classname="zzz" name="Test_suite_zzz_specific_identities_and_miscellaneous_checks"/>
    <testcase time="0.0100000000000051" classname="zzz" name="Test_suite_zzz_specific_identities_and_miscellaneous_checks"/>
    <testcase time="0.0289999999999964" classname="zzz" name="Test_suite_zzz_specific_identities_and_miscellaneous_checks"/>
    <testcase time="0.0330000000000013" classname="zzz" name="Test_suite_zzz_specific_identities_and_miscellaneous_checks"/>
    <testcase time="0.00600000000000023" classname="zzz" name="Test_suite_zzz_specific_identities_and_miscellaneous_checks"/>
    <testcase time="0.00799999999999557" classname="zzz" name="Test_suite_zzz_specific_identities_and_miscellaneous_checks"/>
    <testcase time="0.007000000000005" classname="zzz" name="Test_suite_zzz_specific_identities_and_miscellaneous_checks"/>
    <testcase time="0.00999999999999801" classname="zzz" name="Test_suite_zzz_specific_identities_and_miscellaneous_checks"/>
    <testcase time="0.0110000000000028" classname="zzz" name="Test_suite_zzz_specific_identities_and_miscellaneous_checks"/>
    <testcase time="0.0859999999999985" classname="zzz" name="Test_suite_zzz_specific_identities_and_miscellaneous_checks"/>
    <testcase time="0.213000000000001" classname="zzz" name="Test_suite_zzz_specific_identities_and_miscellaneous_checks"/>
    <testcase time="0.00399999999999778" classname="zzz" name="Test_suite_zzz_specific_identities_and_miscellaneous_checks"/>
    <testcase time="0.0429999999999993" classname="zzz" name="Test_suite_zzz_specific_identities_and_miscellaneous_checks"/>
    <testcase time="0.0110000000000028" classname="zzz" name="Test_suite_zzz_specific_identities_and_miscellaneous_checks"/>
    <testcase time="0.00799999999999557" classname="zzz" name="Test_suite_zzz_specific_identities_and_miscellaneous_checks"/>
    <testcase time="0.007000000000005" classname="zzz" name="Test_suite_zzz_specific_identities_and_miscellaneous_checks"/>
    <testcase time="0.0229999999999961" classname="zzz" name="Test_suite_zzz_specific_identities_and_miscellaneous_checks"/>
    <testcase time="0.00300000000000011" classname="zzz" name="Test_suite_zzz_specific_identities_and_miscellaneous_checks"/>
    <testcase time="0.00300000000000011" classname="zzz" name="Test_suite_zzz_specific_identities_and_miscellaneous_checks"/>
    <testcase time="0.0159999999999982" classname="zzz" name="Test_suite_zzz_specific_identities_and_miscellaneous_checks"/>
    <testcase time="0.0110000000000028" classname="zzz" name="Test_suite_zzz_specific_identities_and_miscellaneous_checks"/>
  </testsuite>
</testsuites>
