<?xml version="1.0" encoding="UTF-8"?>
<testsuites>
  <testsuite name="aaa" timestamp="2024-08-09T13:45:15Z" hostname="822eb208347d" tests="561" skipped="0" failures="0" errors="0" time="9.77">
    <testcase time="0.0469999999999999" classname="aaa" name="Test_suite_aaa.R"/>
    <testcase time="0.0190000000000001" classname="aaa" name="Test_suite_aaa.R"/>
    <testcase time="0.0089999999999999" classname="aaa" name="Test_suite_aaa.R"/>
    <testcase time="0.004" classname="aaa" name="Test_suite_aaa.R"/>
    <testcase time="0.00499999999999989" classname="aaa" name="Test_suite_aaa.R"/>
    <testcase time="0.00500000000000012" classname="aaa" name="Test_suite_aaa.R"/>
    <testcase time="0.048" classname="aaa" name="Test_suite_aaa.R"/>
    <testcase time="0.004" classname="aaa" name="Test_suite_aaa.R"/>
    <testcase time="0.004" classname="aaa" name="Test_suite_aaa.R"/>
    <testcase time="0.004" classname="aaa" name="Test_suite_aaa.R"/>
    <testcase time="0.01" classname="aaa" name="Test_suite_aaa.R"/>
    <testcase time="0.0110000000000001" classname="aaa" name="Test_suite_aaa.R"/>
    <testcase time="0.014" classname="aaa" name="Test_suite_aaa.R"/>
    <testcase time="0.0119999999999998" classname="aaa" name="Test_suite_aaa.R"/>
    <testcase time="0.012" classname="aaa" name="Test_suite_aaa.R"/>
    <testcase time="0.0110000000000001" classname="aaa" name="Test_suite_aaa.R"/>
    <testcase time="0.0129999999999999" classname="aaa" name="Test_suite_aaa.R"/>
    <testcase time="0.0170000000000001" classname="aaa" name="Test_suite_aaa.R"/>
    <testcase time="0.0089999999999999" classname="aaa" name="Test_suite_aaa.R"/>
    <testcase time="0.016" classname="aaa" name="Test_suite_aaa.R"/>
    <testcase time="0.0130000000000001" classname="aaa" name="Test_suite_aaa.R"/>
    <testcase time="0.0209999999999999" classname="aaa" name="Test_suite_aaa.R"/>
    <testcase time="0.0169999999999999" classname="aaa" name="Test_suite_aaa.R"/>
    <testcase time="0.00900000000000012" classname="aaa" name="Test_suite_aaa.R"/>
    <testcase time="0.004" classname="aaa" name="Test_suite_aaa.R"/>
    <testcase time="0.00499999999999989" classname="aaa" name="Test_suite_aaa.R"/>
    <testcase time="0.00900000000000012" classname="aaa" name="Test_suite_aaa.R"/>
    <testcase time="0.0149999999999999" classname="aaa" name="Test_suite_aaa.R"/>
    <testcase time="0.014" classname="aaa" name="Test_suite_aaa.R"/>
    <testcase time="0.0150000000000001" classname="aaa" name="Test_suite_aaa.R"/>
    <testcase time="0.018" classname="aaa" name="Test_suite_aaa.R"/>
    <testcase time="0.02" classname="aaa" name="Test_suite_aaa.R"/>
    <testcase time="0.014" classname="aaa" name="Test_suite_aaa.R"/>
    <testcase time="0.0089999999999999" classname="aaa" name="Test_suite_aaa.R"/>
    <testcase time="0.0089999999999999" classname="aaa" name="Test_suite_aaa.R"/>
    <testcase time="0.0150000000000001" classname="aaa" name="Test_suite_aaa.R"/>
    <testcase time="0.0329999999999999" classname="aaa" name="Test_suite_aaa.R"/>
    <testcase time="0.167" classname="aaa" name="Test_suite_aaa.R"/>
    <testcase time="0.0249999999999999" classname="aaa" name="Test_suite_aaa.R"/>
    <testcase time="0.00700000000000012" classname="aaa" name="Test_suite_aaa.R"/>
    <testcase time="0.01" classname="aaa" name="Test_suite_aaa.R"/>
    <testcase time="0.012" classname="aaa" name="Test_suite_aaa.R"/>
    <testcase time="0.002" classname="aaa" name="Test_suite_aaa.R"/>
    <testcase time="0.00800000000000001" classname="aaa" name="Test_suite_aaa.R"/>
    <testcase time="0.0149999999999999" classname="aaa" name="Test_suite_aaa.R"/>
    <testcase time="0.0150000000000001" classname="aaa" name="Test_suite_aaa.R"/>
    <testcase time="0.0109999999999999" classname="aaa" name="Test_suite_aaa.R"/>
    <testcase time="0.004" classname="aaa" name="Test_suite_aaa.R"/>
    <testcase time="0.016" classname="aaa" name="Test_suite_aaa.R"/>
    <testcase time="0.0249999999999999" classname="aaa" name="Test_suite_aaa.R"/>
    <testcase time="0.0140000000000002" classname="aaa" name="Test_suite_aaa.R"/>
    <testcase time="0.0259999999999998" classname="aaa" name="Test_suite_aaa.R"/>
    <testcase time="0.028" classname="aaa" name="Test_suite_aaa.R"/>
    <testcase time="0.0169999999999999" classname="aaa" name="Test_suite_aaa.R"/>
    <testcase time="0.0140000000000002" classname="aaa" name="Test_suite_aaa.R"/>
    <testcase time="0.0190000000000001" classname="aaa" name="Test_suite_aaa.R"/>
    <testcase time="0.0409999999999999" classname="aaa" name="Test_suite_aaa.R"/>
    <testcase time="0.0269999999999997" classname="aaa" name="Test_suite_aaa.R"/>
    <testcase time="0.0260000000000002" classname="aaa" name="Test_suite_aaa.R"/>
    <testcase time="0.398" classname="aaa" name="Test_suite_aaa.R"/>
    <testcase time="0.0699999999999998" classname="aaa" name="Test_suite_aaa.R"/>
    <testcase time="0.00499999999999989" classname="aaa" name="Test_suite_aaa.R"/>
    <testcase time="0.004" classname="aaa" name="Test_suite_aaa.R"/>
    <testcase time="0.004" classname="aaa" name="Test_suite_aaa.R"/>
    <testcase time="0.004" classname="aaa" name="Test_suite_aaa.R"/>
    <testcase time="0.00700000000000012" classname="aaa" name="Test_suite_aaa.R"/>
    <testcase time="0.0100000000000002" classname="aaa" name="Test_suite_aaa.R"/>
    <testcase time="0.00800000000000001" classname="aaa" name="Test_suite_aaa.R"/>
    <testcase time="0.004" classname="aaa" name="Test_suite_aaa.R"/>
    <testcase time="0.00499999999999989" classname="aaa" name="Test_suite_aaa.R"/>
    <testcase time="0.0089999999999999" classname="aaa" name="Test_suite_aaa.R"/>
    <testcase time="0.012" classname="aaa" name="Test_suite_aaa.R"/>
    <testcase time="0.0110000000000001" classname="aaa" name="Test_suite_aaa.R"/>
    <testcase time="0.012" classname="aaa" name="Test_suite_aaa.R"/>
    <testcase time="0.0109999999999997" classname="aaa" name="Test_suite_aaa.R"/>
    <testcase time="0.0110000000000001" classname="aaa" name="Test_suite_aaa.R"/>
    <testcase time="0.016" classname="aaa" name="Test_suite_aaa.R"/>
    <testcase time="0.016" classname="aaa" name="Test_suite_aaa.R"/>
    <testcase time="0.0100000000000002" classname="aaa" name="Test_suite_aaa.R"/>
    <testcase time="0.0129999999999999" classname="aaa" name="Test_suite_aaa.R"/>
    <testcase time="0.0129999999999999" classname="aaa" name="Test_suite_aaa.R"/>
    <testcase time="0.0230000000000001" classname="aaa" name="Test_suite_aaa.R"/>
    <testcase time="0.016" classname="aaa" name="Test_suite_aaa.R"/>
    <testcase time="0.0089999999999999" classname="aaa" name="Test_suite_aaa.R"/>
    <testcase time="0.004" classname="aaa" name="Test_suite_aaa.R"/>
    <testcase time="0.00499999999999989" classname="aaa" name="Test_suite_aaa.R"/>
    <testcase time="0.0089999999999999" classname="aaa" name="Test_suite_aaa.R"/>
    <testcase time="0.012" classname="aaa" name="Test_suite_aaa.R"/>
    <testcase time="0.0130000000000003" classname="aaa" name="Test_suite_aaa.R"/>
    <testcase time="0.0189999999999997" classname="aaa" name="Test_suite_aaa.R"/>
    <testcase time="0.0170000000000003" classname="aaa" name="Test_suite_aaa.R"/>
    <testcase time="0.02" classname="aaa" name="Test_suite_aaa.R"/>
    <testcase time="0.0109999999999997" classname="aaa" name="Test_suite_aaa.R"/>
    <testcase time="0.00800000000000001" classname="aaa" name="Test_suite_aaa.R"/>
    <testcase time="0.0089999999999999" classname="aaa" name="Test_suite_aaa.R"/>
    <testcase time="0.0180000000000002" classname="aaa" name="Test_suite_aaa.R"/>
    <testcase time="0.0339999999999998" classname="aaa" name="Test_suite_aaa.R"/>
    <testcase time="0.127" classname="aaa" name="Test_suite_aaa.R"/>
    <testcase time="0.0249999999999999" classname="aaa" name="Test_suite_aaa.R"/>
    <testcase time="0.00600000000000023" classname="aaa" name="Test_suite_aaa.R"/>
    <testcase time="0.0089999999999999" classname="aaa" name="Test_suite_aaa.R"/>
    <testcase time="0.0129999999999999" classname="aaa" name="Test_suite_aaa.R"/>
    <testcase time="0.00200000000000022" classname="aaa" name="Test_suite_aaa.R"/>
    <testcase time="0.00699999999999967" classname="aaa" name="Test_suite_aaa.R"/>
    <testcase time="0.016" classname="aaa" name="Test_suite_aaa.R"/>
    <testcase time="0.0140000000000002" classname="aaa" name="Test_suite_aaa.R"/>
    <testcase time="0.0109999999999997" classname="aaa" name="Test_suite_aaa.R"/>
    <testcase time="0.004" classname="aaa" name="Test_suite_aaa.R"/>
    <testcase time="0.0340000000000003" classname="aaa" name="Test_suite_aaa.R"/>
    <testcase time="0.0219999999999998" classname="aaa" name="Test_suite_aaa.R"/>
    <testcase time="0.0150000000000001" classname="aaa" name="Test_suite_aaa.R"/>
    <testcase time="0.0259999999999998" classname="aaa" name="Test_suite_aaa.R"/>
    <testcase time="0.028" classname="aaa" name="Test_suite_aaa.R"/>
    <testcase time="0.016" classname="aaa" name="Test_suite_aaa.R"/>
    <testcase time="0.0140000000000002" classname="aaa" name="Test_suite_aaa.R"/>
    <testcase time="0.0339999999999998" classname="aaa" name="Test_suite_aaa.R"/>
    <testcase time="0.0369999999999999" classname="aaa" name="Test_suite_aaa.R"/>
    <testcase time="0.028" classname="aaa" name="Test_suite_aaa.R"/>
    <testcase time="0.032" classname="aaa" name="Test_suite_aaa.R"/>
    <testcase time="0.425" classname="aaa" name="Test_suite_aaa.R"/>
    <testcase time="0.0129999999999999" classname="aaa" name="Test_suite_aaa.R"/>
    <testcase time="0.00499999999999989" classname="aaa" name="Test_suite_aaa.R"/>
    <testcase time="0.00499999999999989" classname="aaa" name="Test_suite_aaa.R"/>
    <testcase time="0.00400000000000045" classname="aaa" name="Test_suite_aaa.R"/>
    <testcase time="0.00499999999999989" classname="aaa" name="Test_suite_aaa.R"/>
    <testcase time="0.00600000000000023" classname="aaa" name="Test_suite_aaa.R"/>
    <testcase time="0.0139999999999993" classname="aaa" name="Test_suite_aaa.R"/>
    <testcase time="0.00499999999999989" classname="aaa" name="Test_suite_aaa.R"/>
    <testcase time="0.00400000000000045" classname="aaa" name="Test_suite_aaa.R"/>
    <testcase time="0.00499999999999989" classname="aaa" name="Test_suite_aaa.R"/>
    <testcase time="0.00900000000000034" classname="aaa" name="Test_suite_aaa.R"/>
    <testcase time="0.0110000000000001" classname="aaa" name="Test_suite_aaa.R"/>
    <testcase time="0.0119999999999996" classname="aaa" name="Test_suite_aaa.R"/>
    <testcase time="0.0110000000000001" classname="aaa" name="Test_suite_aaa.R"/>
    <testcase time="0.0140000000000002" classname="aaa" name="Test_suite_aaa.R"/>
    <testcase time="0.0110000000000001" classname="aaa" name="Test_suite_aaa.R"/>
    <testcase time="0.0129999999999999" classname="aaa" name="Test_suite_aaa.R"/>
    <testcase time="0.0169999999999995" classname="aaa" name="Test_suite_aaa.R"/>
    <testcase time="0.00900000000000034" classname="aaa" name="Test_suite_aaa.R"/>
    <testcase time="0.0140000000000002" classname="aaa" name="Test_suite_aaa.R"/>
    <testcase time="0.016" classname="aaa" name="Test_suite_aaa.R"/>
    <testcase time="0.0209999999999999" classname="aaa" name="Test_suite_aaa.R"/>
    <testcase time="0.0179999999999998" classname="aaa" name="Test_suite_aaa.R"/>
    <testcase time="0.00999999999999979" classname="aaa" name="Test_suite_aaa.R"/>
    <testcase time="0.00400000000000045" classname="aaa" name="Test_suite_aaa.R"/>
    <testcase time="0.00499999999999989" classname="aaa" name="Test_suite_aaa.R"/>
    <testcase time="0.00999999999999979" classname="aaa" name="Test_suite_aaa.R"/>
    <testcase time="0.0149999999999997" classname="aaa" name="Test_suite_aaa.R"/>
    <testcase time="0.0140000000000002" classname="aaa" name="Test_suite_aaa.R"/>
    <testcase time="0.0149999999999997" classname="aaa" name="Test_suite_aaa.R"/>
    <testcase time="0.0180000000000007" classname="aaa" name="Test_suite_aaa.R"/>
    <testcase time="0.0199999999999996" classname="aaa" name="Test_suite_aaa.R"/>
    <testcase time="0.0150000000000006" classname="aaa" name="Test_suite_aaa.R"/>
    <testcase time="0.00800000000000001" classname="aaa" name="Test_suite_aaa.R"/>
    <testcase time="0.00999999999999979" classname="aaa" name="Test_suite_aaa.R"/>
    <testcase time="0.0149999999999997" classname="aaa" name="Test_suite_aaa.R"/>
    <testcase time="0.032" classname="aaa" name="Test_suite_aaa.R"/>
    <testcase time="0.122" classname="aaa" name="Test_suite_aaa.R"/>
    <testcase time="0.024" classname="aaa" name="Test_suite_aaa.R"/>
    <testcase time="0.00899999999999945" classname="aaa" name="Test_suite_aaa.R"/>
    <testcase time="0.00900000000000034" classname="aaa" name="Test_suite_aaa.R"/>
    <testcase time="0.00999999999999979" classname="aaa" name="Test_suite_aaa.R"/>
    <testcase time="0.00200000000000067" classname="aaa" name="Test_suite_aaa.R"/>
    <testcase time="0.00800000000000001" classname="aaa" name="Test_suite_aaa.R"/>
    <testcase time="0.0149999999999997" classname="aaa" name="Test_suite_aaa.R"/>
    <testcase time="0.0149999999999997" classname="aaa" name="Test_suite_aaa.R"/>
    <testcase time="0.0150000000000006" classname="aaa" name="Test_suite_aaa.R"/>
    <testcase time="0.00399999999999956" classname="aaa" name="Test_suite_aaa.R"/>
    <testcase time="0.0170000000000003" classname="aaa" name="Test_suite_aaa.R"/>
    <testcase time="0.0209999999999999" classname="aaa" name="Test_suite_aaa.R"/>
    <testcase time="0.0140000000000002" classname="aaa" name="Test_suite_aaa.R"/>
    <testcase time="0.0289999999999999" classname="aaa" name="Test_suite_aaa.R"/>
    <testcase time="0.0259999999999998" classname="aaa" name="Test_suite_aaa.R"/>
    <testcase time="0.016" classname="aaa" name="Test_suite_aaa.R"/>
    <testcase time="0.0149999999999997" classname="aaa" name="Test_suite_aaa.R"/>
    <testcase time="0.0220000000000002" classname="aaa" name="Test_suite_aaa.R"/>
    <testcase time="0.0380000000000003" classname="aaa" name="Test_suite_aaa.R"/>
    <testcase time="0.165999999999999" classname="aaa" name="Test_suite_aaa.R"/>
    <testcase time="0.0289999999999999" classname="aaa" name="Test_suite_aaa.R"/>
    <testcase time="0.359" classname="aaa" name="Test_suite_aaa.R"/>
    <testcase time="0.0129999999999999" classname="aaa" name="Test_suite_aaa.R"/>
    <testcase time="0.00500000000000078" classname="aaa" name="Test_suite_aaa.R"/>
    <testcase time="0.00499999999999989" classname="aaa" name="Test_suite_aaa.R"/>
    <testcase time="0.00499999999999989" classname="aaa" name="Test_suite_aaa.R"/>
    <testcase time="0.00499999999999989" classname="aaa" name="Test_suite_aaa.R"/>
    <testcase time="0.00600000000000023" classname="aaa" name="Test_suite_aaa.R"/>
    <testcase time="0.0110000000000001" classname="aaa" name="Test_suite_aaa.R"/>
    <testcase time="0.00499999999999989" classname="aaa" name="Test_suite_aaa.R"/>
    <testcase time="0.00499999999999989" classname="aaa" name="Test_suite_aaa.R"/>
    <testcase time="0.00399999999999956" classname="aaa" name="Test_suite_aaa.R"/>
    <testcase time="0.00900000000000034" classname="aaa" name="Test_suite_aaa.R"/>
    <testcase time="0.0119999999999996" classname="aaa" name="Test_suite_aaa.R"/>
    <testcase time="0.0149999999999997" classname="aaa" name="Test_suite_aaa.R"/>
    <testcase time="0.0150000000000006" classname="aaa" name="Test_suite_aaa.R"/>
    <testcase time="0.0139999999999993" classname="aaa" name="Test_suite_aaa.R"/>
    <testcase time="0.0150000000000006" classname="aaa" name="Test_suite_aaa.R"/>
    <testcase time="0.0179999999999998" classname="aaa" name="Test_suite_aaa.R"/>
    <testcase time="0.0220000000000002" classname="aaa" name="Test_suite_aaa.R"/>
    <testcase time="0.00899999999999945" classname="aaa" name="Test_suite_aaa.R"/>
    <testcase time="0.0140000000000002" classname="aaa" name="Test_suite_aaa.R"/>
    <testcase time="0.0129999999999999" classname="aaa" name="Test_suite_aaa.R"/>
    <testcase time="0.0209999999999999" classname="aaa" name="Test_suite_aaa.R"/>
    <testcase time="0.0170000000000003" classname="aaa" name="Test_suite_aaa.R"/>
    <testcase time="0.00999999999999979" classname="aaa" name="Test_suite_aaa.R"/>
    <testcase time="0.00400000000000045" classname="aaa" name="Test_suite_aaa.R"/>
    <testcase time="0.00599999999999934" classname="aaa" name="Test_suite_aaa.R"/>
    <testcase time="0.00900000000000034" classname="aaa" name="Test_suite_aaa.R"/>
    <testcase time="0.0120000000000005" classname="aaa" name="Test_suite_aaa.R"/>
    <testcase time="0.0139999999999993" classname="aaa" name="Test_suite_aaa.R"/>
    <testcase time="0.016" classname="aaa" name="Test_suite_aaa.R"/>
    <testcase time="0.0180000000000007" classname="aaa" name="Test_suite_aaa.R"/>
    <testcase time="0.0189999999999992" classname="aaa" name="Test_suite_aaa.R"/>
    <testcase time="0.0120000000000005" classname="aaa" name="Test_suite_aaa.R"/>
    <testcase time="0.00899999999999945" classname="aaa" name="Test_suite_aaa.R"/>
    <testcase time="0.00900000000000034" classname="aaa" name="Test_suite_aaa.R"/>
    <testcase time="0.0149999999999997" classname="aaa" name="Test_suite_aaa.R"/>
    <testcase time="0.0370000000000008" classname="aaa" name="Test_suite_aaa.R"/>
    <testcase time="0.125" classname="aaa" name="Test_suite_aaa.R"/>
    <testcase time="0.024" classname="aaa" name="Test_suite_aaa.R"/>
    <testcase time="0.00599999999999934" classname="aaa" name="Test_suite_aaa.R"/>
    <testcase time="0.0100000000000007" classname="aaa" name="Test_suite_aaa.R"/>
    <testcase time="0.00899999999999945" classname="aaa" name="Test_suite_aaa.R"/>
    <testcase time="0.00199999999999978" classname="aaa" name="Test_suite_aaa.R"/>
    <testcase time="0.00800000000000001" classname="aaa" name="Test_suite_aaa.R"/>
    <testcase time="0.016" classname="aaa" name="Test_suite_aaa.R"/>
    <testcase time="0.016" classname="aaa" name="Test_suite_aaa.R"/>
    <testcase time="0.0110000000000001" classname="aaa" name="Test_suite_aaa.R"/>
    <testcase time="0.00400000000000045" classname="aaa" name="Test_suite_aaa.R"/>
    <testcase time="0.0169999999999995" classname="aaa" name="Test_suite_aaa.R"/>
    <testcase time="0.0220000000000002" classname="aaa" name="Test_suite_aaa.R"/>
    <testcase time="0.0140000000000002" classname="aaa" name="Test_suite_aaa.R"/>
    <testcase time="0.0259999999999998" classname="aaa" name="Test_suite_aaa.R"/>
    <testcase time="0.0250000000000004" classname="aaa" name="Test_suite_aaa.R"/>
    <testcase time="0.0169999999999995" classname="aaa" name="Test_suite_aaa.R"/>
    <testcase time="0.0179999999999998" classname="aaa" name="Test_suite_aaa.R"/>
    <testcase time="0.0200000000000005" classname="aaa" name="Test_suite_aaa.R"/>
    <testcase time="0.0369999999999999" classname="aaa" name="Test_suite_aaa.R"/>
    <testcase time="0.0289999999999999" classname="aaa" name="Test_suite_aaa.R"/>
    <testcase time="0.0289999999999999" classname="aaa" name="Test_suite_aaa.R"/>
    <testcase time="0.419" classname="aaa" name="Test_suite_aaa.R"/>
    <testcase time="0.0260000000000007" classname="aaa" name="Test_suite_aaa.R"/>
    <testcase time="0.00499999999999989" classname="aaa" name="Test_suite_aaa.R"/>
    <testcase time="0.00499999999999989" classname="aaa" name="Test_suite_aaa.R"/>
    <testcase time="0.00499999999999989" classname="aaa" name="Test_suite_aaa.R"/>
    <testcase time="0.00499999999999989" classname="aaa" name="Test_suite_aaa.R"/>
    <testcase time="0.00600000000000023" classname="aaa" name="Test_suite_aaa.R"/>
    <testcase time="0.00599999999999934" classname="aaa" name="Test_suite_aaa.R"/>
    <testcase time="0.00500000000000078" classname="aaa" name="Test_suite_aaa.R"/>
    <testcase time="0.00499999999999989" classname="aaa" name="Test_suite_aaa.R"/>
    <testcase time="0.00499999999999989" classname="aaa" name="Test_suite_aaa.R"/>
    <testcase time="0.00600000000000023" classname="aaa" name="Test_suite_aaa.R"/>
    <testcase time="0.0119999999999996" classname="aaa" name="Test_suite_aaa.R"/>
    <testcase time="0.00800000000000001" classname="aaa" name="Test_suite_aaa.R"/>
    <testcase time="0.00699999999999967" classname="aaa" name="Test_suite_aaa.R"/>
    <testcase time="0.00600000000000023" classname="aaa" name="Test_suite_aaa.R"/>
    <testcase time="0.00600000000000023" classname="aaa" name="Test_suite_aaa.R"/>
    <testcase time="0.00800000000000001" classname="aaa" name="Test_suite_aaa.R"/>
    <testcase time="0.00800000000000001" classname="aaa" name="Test_suite_aaa.R"/>
    <testcase time="0.00499999999999989" classname="aaa" name="Test_suite_aaa.R"/>
    <testcase time="0.00999999999999979" classname="aaa" name="Test_suite_aaa.R"/>
    <testcase time="0.0100000000000007" classname="aaa" name="Test_suite_aaa.R"/>
    <testcase time="0.0110000000000001" classname="aaa" name="Test_suite_aaa.R"/>
    <testcase time="0.00800000000000001" classname="aaa" name="Test_suite_aaa.R"/>
    <testcase time="0.00600000000000023" classname="aaa" name="Test_suite_aaa.R"/>
    <testcase time="0.00399999999999956" classname="aaa" name="Test_suite_aaa.R"/>
    <testcase time="0.00600000000000023" classname="aaa" name="Test_suite_aaa.R"/>
    <testcase time="0.00600000000000023" classname="aaa" name="Test_suite_aaa.R"/>
    <testcase time="0.00599999999999934" classname="aaa" name="Test_suite_aaa.R"/>
    <testcase time="0.00700000000000056" classname="aaa" name="Test_suite_aaa.R"/>
    <testcase time="0.00800000000000001" classname="aaa" name="Test_suite_aaa.R"/>
    <testcase time="0.00899999999999945" classname="aaa" name="Test_suite_aaa.R"/>
    <testcase time="0.0100000000000007" classname="aaa" name="Test_suite_aaa.R"/>
    <testcase time="0.00599999999999934" classname="aaa" name="Test_suite_aaa.R"/>
    <testcase time="0.00900000000000034" classname="aaa" name="Test_suite_aaa.R"/>
    <testcase time="0.00600000000000023" classname="aaa" name="Test_suite_aaa.R"/>
    <testcase time="0.00699999999999967" classname="aaa" name="Test_suite_aaa.R"/>
    <testcase time="0.00700000000000056" classname="aaa" name="Test_suite_aaa.R"/>
    <testcase time="0.00800000000000001" classname="aaa" name="Test_suite_aaa.R"/>
    <testcase time="0.016" classname="aaa" name="Test_suite_aaa.R"/>
    <testcase time="0.00499999999999989" classname="aaa" name="Test_suite_aaa.R"/>
    <testcase time="0.00800000000000001" classname="aaa" name="Test_suite_aaa.R"/>
    <testcase time="0.00699999999999967" classname="aaa" name="Test_suite_aaa.R"/>
    <testcase time="0.00199999999999978" classname="aaa" name="Test_suite_aaa.R"/>
    <testcase time="0.00800000000000001" classname="aaa" name="Test_suite_aaa.R"/>
    <testcase time="0.00999999999999979" classname="aaa" name="Test_suite_aaa.R"/>
    <testcase time="0.0110000000000001" classname="aaa" name="Test_suite_aaa.R"/>
    <testcase time="0.00600000000000023" classname="aaa" name="Test_suite_aaa.R"/>
    <testcase time="0.00400000000000045" classname="aaa" name="Test_suite_aaa.R"/>
    <testcase time="0.0119999999999996" classname="aaa" name="Test_suite_aaa.R"/>
    <testcase time="0.00499999999999989" classname="aaa" name="Test_suite_aaa.R"/>
    <testcase time="0.00499999999999989" classname="aaa" name="Test_suite_aaa.R"/>
    <testcase time="0.00499999999999989" classname="aaa" name="Test_suite_aaa.R"/>
    <testcase time="0.00500000000000078" classname="aaa" name="Test_suite_aaa.R"/>
    <testcase time="0.00599999999999934" classname="aaa" name="Test_suite_aaa.R"/>
    <testcase time="0.0100000000000007" classname="aaa" name="Test_suite_aaa.R"/>
    <testcase time="0.00499999999999989" classname="aaa" name="Test_suite_aaa.R"/>
    <testcase time="0.00499999999999989" classname="aaa" name="Test_suite_aaa.R"/>
    <testcase time="0.00499999999999989" classname="aaa" name="Test_suite_aaa.R"/>
    <testcase time="0.00900000000000034" classname="aaa" name="Test_suite_aaa.R"/>
    <testcase time="0.0109999999999992" classname="aaa" name="Test_suite_aaa.R"/>
    <testcase time="0.00900000000000034" classname="aaa" name="Test_suite_aaa.R"/>
    <testcase time="0.00999999999999979" classname="aaa" name="Test_suite_aaa.R"/>
    <testcase time="0.00999999999999979" classname="aaa" name="Test_suite_aaa.R"/>
    <testcase time="0.0110000000000001" classname="aaa" name="Test_suite_aaa.R"/>
    <testcase time="0.0120000000000005" classname="aaa" name="Test_suite_aaa.R"/>
    <testcase time="0.0140000000000002" classname="aaa" name="Test_suite_aaa.R"/>
    <testcase time="0.00899999999999945" classname="aaa" name="Test_suite_aaa.R"/>
    <testcase time="0.0120000000000005" classname="aaa" name="Test_suite_aaa.R"/>
    <testcase time="0.00899999999999945" classname="aaa" name="Test_suite_aaa.R"/>
    <testcase time="0.0150000000000006" classname="aaa" name="Test_suite_aaa.R"/>
    <testcase time="0.0179999999999998" classname="aaa" name="Test_suite_aaa.R"/>
    <testcase time="0.00899999999999945" classname="aaa" name="Test_suite_aaa.R"/>
    <testcase time="0.00400000000000045" classname="aaa" name="Test_suite_aaa.R"/>
    <testcase time="0.00600000000000023" classname="aaa" name="Test_suite_aaa.R"/>
    <testcase time="0.00899999999999945" classname="aaa" name="Test_suite_aaa.R"/>
    <testcase time="0.0100000000000007" classname="aaa" name="Test_suite_aaa.R"/>
    <testcase time="0.0129999999999999" classname="aaa" name="Test_suite_aaa.R"/>
    <testcase time="0.0129999999999999" classname="aaa" name="Test_suite_aaa.R"/>
    <testcase time="0.016" classname="aaa" name="Test_suite_aaa.R"/>
    <testcase time="0.0179999999999998" classname="aaa" name="Test_suite_aaa.R"/>
    <testcase time="0.00999999999999979" classname="aaa" name="Test_suite_aaa.R"/>
    <testcase time="0.00900000000000034" classname="aaa" name="Test_suite_aaa.R"/>
    <testcase time="0.00899999999999945" classname="aaa" name="Test_suite_aaa.R"/>
    <testcase time="0.0110000000000001" classname="aaa" name="Test_suite_aaa.R"/>
    <testcase time="0.0120000000000005" classname="aaa" name="Test_suite_aaa.R"/>
    <testcase time="0.0140000000000002" classname="aaa" name="Test_suite_aaa.R"/>
    <testcase time="0.0169999999999995" classname="aaa" name="Test_suite_aaa.R"/>
    <testcase time="0.00700000000000056" classname="aaa" name="Test_suite_aaa.R"/>
    <testcase time="0.00800000000000001" classname="aaa" name="Test_suite_aaa.R"/>
    <testcase time="0.00800000000000001" classname="aaa" name="Test_suite_aaa.R"/>
    <testcase time="0.00199999999999978" classname="aaa" name="Test_suite_aaa.R"/>
    <testcase time="0.00800000000000001" classname="aaa" name="Test_suite_aaa.R"/>
    <testcase time="0.0149999999999997" classname="aaa" name="Test_suite_aaa.R"/>
    <testcase time="0.0170000000000003" classname="aaa" name="Test_suite_aaa.R"/>
    <testcase time="0.0110000000000001" classname="aaa" name="Test_suite_aaa.R"/>
    <testcase time="0.00399999999999956" classname="aaa" name="Test_suite_aaa.R"/>
    <testcase time="0.0120000000000005" classname="aaa" name="Test_suite_aaa.R"/>
    <testcase time="0.00599999999999934" classname="aaa" name="Test_suite_aaa.R"/>
    <testcase time="0.00499999999999989" classname="aaa" name="Test_suite_aaa.R"/>
    <testcase time="0.00500000000000078" classname="aaa" name="Test_suite_aaa.R"/>
    <testcase time="0.00599999999999934" classname="aaa" name="Test_suite_aaa.R"/>
    <testcase time="0.00600000000000023" classname="aaa" name="Test_suite_aaa.R"/>
    <testcase time="0.0110000000000001" classname="aaa" name="Test_suite_aaa.R"/>
    <testcase time="0.00499999999999989" classname="aaa" name="Test_suite_aaa.R"/>
    <testcase time="0.00600000000000023" classname="aaa" name="Test_suite_aaa.R"/>
    <testcase time="0.00499999999999989" classname="aaa" name="Test_suite_aaa.R"/>
    <testcase time="0.00999999999999979" classname="aaa" name="Test_suite_aaa.R"/>
    <testcase time="0.0110000000000001" classname="aaa" name="Test_suite_aaa.R"/>
    <testcase time="0.0120000000000005" classname="aaa" name="Test_suite_aaa.R"/>
    <testcase time="0.0109999999999992" classname="aaa" name="Test_suite_aaa.R"/>
    <testcase time="0.0120000000000005" classname="aaa" name="Test_suite_aaa.R"/>
    <testcase time="0.0110000000000001" classname="aaa" name="Test_suite_aaa.R"/>
    <testcase time="0.0139999999999993" classname="aaa" name="Test_suite_aaa.R"/>
    <testcase time="0.016" classname="aaa" name="Test_suite_aaa.R"/>
    <testcase time="0.00900000000000034" classname="aaa" name="Test_suite_aaa.R"/>
    <testcase time="0.0140000000000002" classname="aaa" name="Test_suite_aaa.R"/>
    <testcase time="0.0129999999999999" classname="aaa" name="Test_suite_aaa.R"/>
    <testcase time="0.0229999999999997" classname="aaa" name="Test_suite_aaa.R"/>
    <testcase time="0.0170000000000003" classname="aaa" name="Test_suite_aaa.R"/>
    <testcase time="0.00899999999999945" classname="aaa" name="Test_suite_aaa.R"/>
    <testcase time="0.00500000000000078" classname="aaa" name="Test_suite_aaa.R"/>
    <testcase time="0.00599999999999934" classname="aaa" name="Test_suite_aaa.R"/>
    <testcase time="0.0100000000000007" classname="aaa" name="Test_suite_aaa.R"/>
    <testcase time="0.0119999999999996" classname="aaa" name="Test_suite_aaa.R"/>
    <testcase time="0.0129999999999999" classname="aaa" name="Test_suite_aaa.R"/>
    <testcase time="0.016" classname="aaa" name="Test_suite_aaa.R"/>
    <testcase time="0.0169999999999995" classname="aaa" name="Test_suite_aaa.R"/>
    <testcase time="0.0200000000000014" classname="aaa" name="Test_suite_aaa.R"/>
    <testcase time="0.0119999999999987" classname="aaa" name="Test_suite_aaa.R"/>
    <testcase time="0.00900000000000034" classname="aaa" name="Test_suite_aaa.R"/>
    <testcase time="0.00999999999999979" classname="aaa" name="Test_suite_aaa.R"/>
    <testcase time="0.0120000000000005" classname="aaa" name="Test_suite_aaa.R"/>
    <testcase time="0.016" classname="aaa" name="Test_suite_aaa.R"/>
    <testcase time="0.0210000000000008" classname="aaa" name="Test_suite_aaa.R"/>
    <testcase time="0.0199999999999996" classname="aaa" name="Test_suite_aaa.R"/>
    <testcase time="0.0120000000000005" classname="aaa" name="Test_suite_aaa.R"/>
    <testcase time="0.0109999999999992" classname="aaa" name="Test_suite_aaa.R"/>
    <testcase time="0.00999999999999979" classname="aaa" name="Test_suite_aaa.R"/>
    <testcase time="0.00300000000000011" classname="aaa" name="Test_suite_aaa.R"/>
    <testcase time="0.0080000000000009" classname="aaa" name="Test_suite_aaa.R"/>
    <testcase time="0.016" classname="aaa" name="Test_suite_aaa.R"/>
    <testcase time="0.0139999999999993" classname="aaa" name="Test_suite_aaa.R"/>
    <testcase time="0.0120000000000005" classname="aaa" name="Test_suite_aaa.R"/>
    <testcase time="0.00499999999999901" classname="aaa" name="Test_suite_aaa.R"/>
    <testcase time="0.0120000000000005" classname="aaa" name="Test_suite_aaa.R"/>
    <testcase time="0.00600000000000023" classname="aaa" name="Test_suite_aaa.R"/>
    <testcase time="0.00499999999999901" classname="aaa" name="Test_suite_aaa.R"/>
    <testcase time="0.00600000000000023" classname="aaa" name="Test_suite_aaa.R"/>
    <testcase time="0.00600000000000023" classname="aaa" name="Test_suite_aaa.R"/>
    <testcase time="0.00699999999999967" classname="aaa" name="Test_suite_aaa.R"/>
    <testcase time="0.011000000000001" classname="aaa" name="Test_suite_aaa.R"/>
    <testcase time="0.00499999999999901" classname="aaa" name="Test_suite_aaa.R"/>
    <testcase time="0.00600000000000023" classname="aaa" name="Test_suite_aaa.R"/>
    <testcase time="0.00500000000000078" classname="aaa" name="Test_suite_aaa.R"/>
    <testcase time="0.00999999999999979" classname="aaa" name="Test_suite_aaa.R"/>
    <testcase time="0.0120000000000005" classname="aaa" name="Test_suite_aaa.R"/>
    <testcase time="0.0119999999999987" classname="aaa" name="Test_suite_aaa.R"/>
    <testcase time="0.0120000000000005" classname="aaa" name="Test_suite_aaa.R"/>
    <testcase time="0.0120000000000005" classname="aaa" name="Test_suite_aaa.R"/>
    <testcase time="0.0150000000000006" classname="aaa" name="Test_suite_aaa.R"/>
    <testcase time="0.0139999999999993" classname="aaa" name="Test_suite_aaa.R"/>
    <testcase time="0.016" classname="aaa" name="Test_suite_aaa.R"/>
    <testcase time="0.00999999999999979" classname="aaa" name="Test_suite_aaa.R"/>
    <testcase time="0.0139999999999993" classname="aaa" name="Test_suite_aaa.R"/>
    <testcase time="0.0140000000000011" classname="aaa" name="Test_suite_aaa.R"/>
    <testcase time="0.0250000000000004" classname="aaa" name="Test_suite_aaa.R"/>
    <testcase time="0.0169999999999995" classname="aaa" name="Test_suite_aaa.R"/>
    <testcase time="0.00999999999999979" classname="aaa" name="Test_suite_aaa.R"/>
    <testcase time="0.00500000000000078" classname="aaa" name="Test_suite_aaa.R"/>
    <testcase time="0.00599999999999845" classname="aaa" name="Test_suite_aaa.R"/>
    <testcase time="0.0100000000000016" classname="aaa" name="Test_suite_aaa.R"/>
    <testcase time="0.0119999999999987" classname="aaa" name="Test_suite_aaa.R"/>
    <testcase time="0.0140000000000011" classname="aaa" name="Test_suite_aaa.R"/>
    <testcase time="0.016" classname="aaa" name="Test_suite_aaa.R"/>
    <testcase time="0.0179999999999989" classname="aaa" name="Test_suite_aaa.R"/>
    <testcase time="0.0199999999999996" classname="aaa" name="Test_suite_aaa.R"/>
    <testcase time="0.0120000000000005" classname="aaa" name="Test_suite_aaa.R"/>
    <testcase time="0.0129999999999999" classname="aaa" name="Test_suite_aaa.R"/>
    <testcase time="0.00999999999999979" classname="aaa" name="Test_suite_aaa.R"/>
    <testcase time="0.0140000000000011" classname="aaa" name="Test_suite_aaa.R"/>
    <testcase time="0.0199999999999996" classname="aaa" name="Test_suite_aaa.R"/>
    <testcase time="0.0370000000000008" classname="aaa" name="Test_suite_aaa.R"/>
    <testcase time="0.0219999999999985" classname="aaa" name="Test_suite_aaa.R"/>
    <testcase time="0.0100000000000016" classname="aaa" name="Test_suite_aaa.R"/>
    <testcase time="0.0109999999999992" classname="aaa" name="Test_suite_aaa.R"/>
    <testcase time="0.00999999999999979" classname="aaa" name="Test_suite_aaa.R"/>
    <testcase time="0.00300000000000011" classname="aaa" name="Test_suite_aaa.R"/>
    <testcase time="0.00900000000000034" classname="aaa" name="Test_suite_aaa.R"/>
    <testcase time="0.016" classname="aaa" name="Test_suite_aaa.R"/>
    <testcase time="0.016" classname="aaa" name="Test_suite_aaa.R"/>
    <testcase time="0.0120000000000005" classname="aaa" name="Test_suite_aaa.R"/>
    <testcase time="0.00399999999999956" classname="aaa" name="Test_suite_aaa.R"/>
    <testcase time="0.0129999999999999" classname="aaa" name="Test_suite_aaa.R"/>
    <testcase time="0.00600000000000023" classname="aaa" name="Test_suite_aaa.R"/>
    <testcase time="0.00600000000000023" classname="aaa" name="Test_suite_aaa.R"/>
    <testcase time="0.00599999999999845" classname="aaa" name="Test_suite_aaa.R"/>
    <testcase time="0.00900000000000034" classname="aaa" name="Test_suite_aaa.R"/>
    <testcase time="0.00699999999999967" classname="aaa" name="Test_suite_aaa.R"/>
    <testcase time="0.011000000000001" classname="aaa" name="Test_suite_aaa.R"/>
    <testcase time="0.00600000000000023" classname="aaa" name="Test_suite_aaa.R"/>
    <testcase time="0.00499999999999901" classname="aaa" name="Test_suite_aaa.R"/>
    <testcase time="0.00600000000000023" classname="aaa" name="Test_suite_aaa.R"/>
    <testcase time="0.00999999999999979" classname="aaa" name="Test_suite_aaa.R"/>
    <testcase time="0.0120000000000005" classname="aaa" name="Test_suite_aaa.R"/>
    <testcase time="0.0120000000000005" classname="aaa" name="Test_suite_aaa.R"/>
    <testcase time="0.0120000000000005" classname="aaa" name="Test_suite_aaa.R"/>
    <testcase time="0.0119999999999987" classname="aaa" name="Test_suite_aaa.R"/>
    <testcase time="0.0120000000000005" classname="aaa" name="Test_suite_aaa.R"/>
    <testcase time="0.0139999999999993" classname="aaa" name="Test_suite_aaa.R"/>
    <testcase time="0.0170000000000012" classname="aaa" name="Test_suite_aaa.R"/>
    <testcase time="0.00999999999999979" classname="aaa" name="Test_suite_aaa.R"/>
    <testcase time="0.0139999999999993" classname="aaa" name="Test_suite_aaa.R"/>
    <testcase time="0.0140000000000011" classname="aaa" name="Test_suite_aaa.R"/>
    <testcase time="0.0199999999999996" classname="aaa" name="Test_suite_aaa.R"/>
    <testcase time="0.0179999999999989" classname="aaa" name="Test_suite_aaa.R"/>
    <testcase time="0.0100000000000016" classname="aaa" name="Test_suite_aaa.R"/>
    <testcase time="0.00399999999999956" classname="aaa" name="Test_suite_aaa.R"/>
    <testcase time="0.00999999999999979" classname="aaa" name="Test_suite_aaa.R"/>
    <testcase time="0.00999999999999979" classname="aaa" name="Test_suite_aaa.R"/>
    <testcase time="0.0120000000000005" classname="aaa" name="Test_suite_aaa.R"/>
    <testcase time="0.0149999999999988" classname="aaa" name="Test_suite_aaa.R"/>
    <testcase time="0.016" classname="aaa" name="Test_suite_aaa.R"/>
    <testcase time="0.0180000000000007" classname="aaa" name="Test_suite_aaa.R"/>
    <testcase time="0.0190000000000001" classname="aaa" name="Test_suite_aaa.R"/>
    <testcase time="0.0129999999999999" classname="aaa" name="Test_suite_aaa.R"/>
    <testcase time="0.00900000000000034" classname="aaa" name="Test_suite_aaa.R"/>
    <testcase time="0.00999999999999979" classname="aaa" name="Test_suite_aaa.R"/>
    <testcase time="0.0139999999999993" classname="aaa" name="Test_suite_aaa.R"/>
    <testcase time="0.0210000000000008" classname="aaa" name="Test_suite_aaa.R"/>
    <testcase time="0.036999999999999" classname="aaa" name="Test_suite_aaa.R"/>
    <testcase time="0.0210000000000008" classname="aaa" name="Test_suite_aaa.R"/>
    <testcase time="0.00999999999999979" classname="aaa" name="Test_suite_aaa.R"/>
    <testcase time="0.0140000000000011" classname="aaa" name="Test_suite_aaa.R"/>
    <testcase time="0.00999999999999979" classname="aaa" name="Test_suite_aaa.R"/>
    <testcase time="0.00399999999999956" classname="aaa" name="Test_suite_aaa.R"/>
    <testcase time="0.00799999999999912" classname="aaa" name="Test_suite_aaa.R"/>
    <testcase time="0.016" classname="aaa" name="Test_suite_aaa.R"/>
    <testcase time="0.016" classname="aaa" name="Test_suite_aaa.R"/>
    <testcase time="0.011000000000001" classname="aaa" name="Test_suite_aaa.R"/>
    <testcase time="0.00499999999999901" classname="aaa" name="Test_suite_aaa.R"/>
    <testcase time="0.0129999999999999" classname="aaa" name="Test_suite_aaa.R"/>
    <testcase time="0.016" classname="aaa" name="Test_suite_aaa.R"/>
    <testcase time="0.0120000000000005" classname="aaa" name="Test_suite_aaa.R"/>
    <testcase time="0.00900000000000034" classname="aaa" name="Test_suite_aaa.R"/>
    <testcase time="0.0120000000000005" classname="aaa" name="Test_suite_aaa.R"/>
    <testcase time="0.00900000000000034" classname="aaa" name="Test_suite_aaa.R"/>
    <testcase time="0.0109999999999992" classname="aaa" name="Test_suite_aaa.R"/>
    <testcase time="0.0180000000000007" classname="aaa" name="Test_suite_aaa.R"/>
    <testcase time="0.0149999999999988" classname="aaa" name="Test_suite_aaa.R"/>
    <testcase time="0.00999999999999979" classname="aaa" name="Test_suite_aaa.R"/>
    <testcase time="0.0190000000000001" classname="aaa" name="Test_suite_aaa.R"/>
    <testcase time="0.0240000000000009" classname="aaa" name="Test_suite_aaa.R"/>
    <testcase time="0.0139999999999993" classname="aaa" name="Test_suite_aaa.R"/>
    <testcase time="0.011000000000001" classname="aaa" name="Test_suite_aaa.R"/>
    <testcase time="0.0169999999999995" classname="aaa" name="Test_suite_aaa.R"/>
    <testcase time="0.0199999999999996" classname="aaa" name="Test_suite_aaa.R"/>
    <testcase time="0.0139999999999993" classname="aaa" name="Test_suite_aaa.R"/>
    <testcase time="0.0190000000000001" classname="aaa" name="Test_suite_aaa.R"/>
    <testcase time="0.0210000000000008" classname="aaa" name="Test_suite_aaa.R"/>
    <testcase time="0.0139999999999993" classname="aaa" name="Test_suite_aaa.R"/>
    <testcase time="0.0150000000000006" classname="aaa" name="Test_suite_aaa.R"/>
    <testcase time="0.0199999999999996" classname="aaa" name="Test_suite_aaa.R"/>
    <testcase time="0.0199999999999996" classname="aaa" name="Test_suite_aaa.R"/>
    <testcase time="0.0130000000000017" classname="aaa" name="Test_suite_aaa.R"/>
    <testcase time="0.0190000000000001" classname="aaa" name="Test_suite_aaa.R"/>
    <testcase time="0.0239999999999991" classname="aaa" name="Test_suite_aaa.R"/>
    <testcase time="0.0140000000000011" classname="aaa" name="Test_suite_aaa.R"/>
    <testcase time="0.0139999999999993" classname="aaa" name="Test_suite_aaa.R"/>
    <testcase time="0.0169999999999995" classname="aaa" name="Test_suite_aaa.R"/>
    <testcase time="0.0210000000000008" classname="aaa" name="Test_suite_aaa.R"/>
    <testcase time="0.0150000000000006" classname="aaa" name="Test_suite_aaa.R"/>
    <testcase time="0.0219999999999985" classname="aaa" name="Test_suite_aaa.R"/>
    <testcase time="0.0230000000000015" classname="aaa" name="Test_suite_aaa.R"/>
    <testcase time="0.0149999999999988" classname="aaa" name="Test_suite_aaa.R"/>
    <testcase time="0.0150000000000006" classname="aaa" name="Test_suite_aaa.R"/>
    <testcase time="0.0180000000000007" classname="aaa" name="Test_suite_aaa.R"/>
    <testcase time="0.0199999999999996" classname="aaa" name="Test_suite_aaa.R"/>
    <testcase time="0.0149999999999988" classname="aaa" name="Test_suite_aaa.R"/>
    <testcase time="0.0230000000000015" classname="aaa" name="Test_suite_aaa.R"/>
    <testcase time="0.0259999999999998" classname="aaa" name="Test_suite_aaa.R"/>
    <testcase time="0.0149999999999988" classname="aaa" name="Test_suite_aaa.R"/>
    <testcase time="0.0150000000000006" classname="aaa" name="Test_suite_aaa.R"/>
    <testcase time="0.0169999999999995" classname="aaa" name="Test_suite_aaa.R"/>
    <testcase time="0.0190000000000001" classname="aaa" name="Test_suite_aaa.R"/>
    <testcase time="0.0140000000000011" classname="aaa" name="Test_suite_aaa.R"/>
    <testcase time="0.020999999999999" classname="aaa" name="Test_suite_aaa.R"/>
    <testcase time="0.0200000000000014" classname="aaa" name="Test_suite_aaa.R"/>
    <testcase time="0.0149999999999988" classname="aaa" name="Test_suite_aaa.R"/>
    <testcase time="0.0140000000000011" classname="aaa" name="Test_suite_aaa.R"/>
    <testcase time="0.0139999999999993" classname="aaa" name="Test_suite_aaa.R"/>
    <testcase time="0.0150000000000006" classname="aaa" name="Test_suite_aaa.R"/>
    <testcase time="0.0129999999999999" classname="aaa" name="Test_suite_aaa.R"/>
    <testcase time="0.0139999999999993" classname="aaa" name="Test_suite_aaa.R"/>
    <testcase time="0.016" classname="aaa" name="Test_suite_aaa.R"/>
    <testcase time="0.00999999999999979" classname="aaa" name="Test_suite_aaa.R"/>
    <testcase time="0.0129999999999999" classname="aaa" name="Test_suite_aaa.R"/>
    <testcase time="0.016" classname="aaa" name="Test_suite_aaa.R"/>
    <testcase time="0.0170000000000012" classname="aaa" name="Test_suite_aaa.R"/>
    <testcase time="0.0179999999999989" classname="aaa" name="Test_suite_aaa.R"/>
    <testcase time="0.0180000000000007" classname="aaa" name="Test_suite_aaa.R"/>
    <testcase time="0.0380000000000003" classname="aaa" name="Test_suite_aaa.R"/>
    <testcase time="0.0179999999999989" classname="aaa" name="Test_suite_aaa.R"/>
    <testcase time="0.0190000000000001" classname="aaa" name="Test_suite_aaa.R"/>
    <testcase time="0.0210000000000008" classname="aaa" name="Test_suite_aaa.R"/>
    <testcase time="0.0199999999999996" classname="aaa" name="Test_suite_aaa.R"/>
    <testcase time="0.0559999999999992" classname="aaa" name="Test_suite_aaa.R"/>
    <testcase time="0.0190000000000001" classname="aaa" name="Test_suite_aaa.R"/>
    <testcase time="0.0230000000000015" classname="aaa" name="Test_suite_aaa.R"/>
    <testcase time="0.020999999999999" classname="aaa" name="Test_suite_aaa.R"/>
    <testcase time="0.0210000000000008" classname="aaa" name="Test_suite_aaa.R"/>
    <testcase time="0.0960000000000001" classname="aaa" name="Test_suite_aaa.R"/>
    <testcase time="0.0179999999999989" classname="aaa" name="Test_suite_aaa.R"/>
    <testcase time="0.0210000000000008" classname="aaa" name="Test_suite_aaa.R"/>
    <testcase time="0.0259999999999998" classname="aaa" name="Test_suite_aaa.R"/>
    <testcase time="0.0229999999999997" classname="aaa" name="Test_suite_aaa.R"/>
    <testcase time="0.0519999999999996" classname="aaa" name="Test_suite_aaa.R"/>
    <testcase time="0.0190000000000001" classname="aaa" name="Test_suite_aaa.R"/>
    <testcase time="0.0180000000000007" classname="aaa" name="Test_suite_aaa.R"/>
    <testcase time="0.020999999999999" classname="aaa" name="Test_suite_aaa.R"/>
    <testcase time="0.0210000000000008" classname="aaa" name="Test_suite_aaa.R"/>
    <testcase time="0.0419999999999998" classname="aaa" name="Test_suite_aaa.R"/>
  </testsuite>
  <testsuite name="aab" timestamp="2024-08-09T13:45:25Z" hostname="822eb208347d" tests="100" skipped="0" failures="0" errors="0" time="9.679">
    <testcase time="0.0229999999999997" classname="aab" name="Test_suite_aab.R"/>
    <testcase time="0.0080000000000009" classname="aab" name="Test_suite_aab.R"/>
    <testcase time="0.00899999999999856" classname="aab" name="Test_suite_aab.R"/>
    <testcase time="0.0130000000000017" classname="aab" name="Test_suite_aab.R"/>
    <testcase time="0.00899999999999856" classname="aab" name="Test_suite_aab.R"/>
    <testcase time="0.0080000000000009" classname="aab" name="Test_suite_aab.R"/>
    <testcase time="0.00900000000000034" classname="aab" name="Test_suite_aab.R"/>
    <testcase time="0.00799999999999912" classname="aab" name="Test_suite_aab.R"/>
    <testcase time="0.016" classname="aab" name="Test_suite_aab.R"/>
    <testcase time="0.027000000000001" classname="aab" name="Test_suite_aab.R"/>
    <testcase time="0.0219999999999985" classname="aab" name="Test_suite_aab.R"/>
    <testcase time="0.0400000000000009" classname="aab" name="Test_suite_aab.R"/>
    <testcase time="0.106" classname="aab" name="Test_suite_aab.R"/>
    <testcase time="0.00999999999999979" classname="aab" name="Test_suite_aab.R"/>
    <testcase time="0.0240000000000009" classname="aab" name="Test_suite_aab.R"/>
    <testcase time="0.103" classname="aab" name="Test_suite_aab.R"/>
    <testcase time="0.622999999999999" classname="aab" name="Test_suite_aab.R"/>
    <testcase time="0.0229999999999997" classname="aab" name="Test_suite_aab.R"/>
    <testcase time="0.016" classname="aab" name="Test_suite_aab.R"/>
    <testcase time="0.0419999999999998" classname="aab" name="Test_suite_aab.R"/>
    <testcase time="0.173" classname="aab" name="Test_suite_aab.R"/>
    <testcase time="0.00999999999999979" classname="aab" name="Test_suite_aab.R"/>
    <testcase time="0.0230000000000015" classname="aab" name="Test_suite_aab.R"/>
    <testcase time="0.101999999999999" classname="aab" name="Test_suite_aab.R"/>
    <testcase time="0.575000000000001" classname="aab" name="Test_suite_aab.R"/>
    <testcase time="0.0220000000000002" classname="aab" name="Test_suite_aab.R"/>
    <testcase time="0.00900000000000034" classname="aab" name="Test_suite_aab.R"/>
    <testcase time="0.00899999999999856" classname="aab" name="Test_suite_aab.R"/>
    <testcase time="0.00900000000000034" classname="aab" name="Test_suite_aab.R"/>
    <testcase time="0.00999999999999979" classname="aab" name="Test_suite_aab.R"/>
    <testcase time="0.00900000000000034" classname="aab" name="Test_suite_aab.R"/>
    <testcase time="0.00999999999999979" classname="aab" name="Test_suite_aab.R"/>
    <testcase time="0.00900000000000034" classname="aab" name="Test_suite_aab.R"/>
    <testcase time="0.0280000000000005" classname="aab" name="Test_suite_aab.R"/>
    <testcase time="0.0280000000000005" classname="aab" name="Test_suite_aab.R"/>
    <testcase time="0.0299999999999994" classname="aab" name="Test_suite_aab.R"/>
    <testcase time="0.0700000000000003" classname="aab" name="Test_suite_aab.R"/>
    <testcase time="0.114000000000001" classname="aab" name="Test_suite_aab.R"/>
    <testcase time="0.00999999999999979" classname="aab" name="Test_suite_aab.R"/>
    <testcase time="0.0250000000000004" classname="aab" name="Test_suite_aab.R"/>
    <testcase time="0.117999999999999" classname="aab" name="Test_suite_aab.R"/>
    <testcase time="0.705" classname="aab" name="Test_suite_aab.R"/>
    <testcase time="0.00999999999999979" classname="aab" name="Test_suite_aab.R"/>
    <testcase time="0.0310000000000006" classname="aab" name="Test_suite_aab.R"/>
    <testcase time="0.170999999999999" classname="aab" name="Test_suite_aab.R"/>
    <testcase time="1.086" classname="aab" name="Test_suite_aab.R"/>
    <testcase time="0.00999999999999979" classname="aab" name="Test_suite_aab.R"/>
    <testcase time="0.032" classname="aab" name="Test_suite_aab.R"/>
    <testcase time="0.151" classname="aab" name="Test_suite_aab.R"/>
    <testcase time="0.972" classname="aab" name="Test_suite_aab.R"/>
    <testcase time="0.00900000000000034" classname="aab" name="Test_suite_aab.R"/>
    <testcase time="0.00900000000000034" classname="aab" name="Test_suite_aab.R"/>
    <testcase time="0.00799999999999912" classname="aab" name="Test_suite_aab.R"/>
    <testcase time="0.00900000000000034" classname="aab" name="Test_suite_aab.R"/>
    <testcase time="0.00900000000000034" classname="aab" name="Test_suite_aab.R"/>
    <testcase time="0.00900000000000034" classname="aab" name="Test_suite_aab.R"/>
    <testcase time="0.00900000000000034" classname="aab" name="Test_suite_aab.R"/>
    <testcase time="0.00900000000000034" classname="aab" name="Test_suite_aab.R"/>
    <testcase time="0.0129999999999981" classname="aab" name="Test_suite_aab.R"/>
    <testcase time="0.0210000000000008" classname="aab" name="Test_suite_aab.R"/>
    <testcase time="0.0199999999999996" classname="aab" name="Test_suite_aab.R"/>
    <testcase time="0.0300000000000011" classname="aab" name="Test_suite_aab.R"/>
    <testcase time="0.0849999999999973" classname="aab" name="Test_suite_aab.R"/>
    <testcase time="0.00800000000000267" classname="aab" name="Test_suite_aab.R"/>
    <testcase time="0.0159999999999982" classname="aab" name="Test_suite_aab.R"/>
    <testcase time="0.0370000000000026" classname="aab" name="Test_suite_aab.R"/>
    <testcase time="0.106999999999999" classname="aab" name="Test_suite_aab.R"/>
    <testcase time="0.00900000000000034" classname="aab" name="Test_suite_aab.R"/>
    <testcase time="0.0189999999999984" classname="aab" name="Test_suite_aab.R"/>
    <testcase time="0.0549999999999997" classname="aab" name="Test_suite_aab.R"/>
    <testcase time="0.206" classname="aab" name="Test_suite_aab.R"/>
    <testcase time="0.0100000000000016" classname="aab" name="Test_suite_aab.R"/>
    <testcase time="0.0199999999999996" classname="aab" name="Test_suite_aab.R"/>
    <testcase time="0.0590000000000011" classname="aab" name="Test_suite_aab.R"/>
    <testcase time="0.23" classname="aab" name="Test_suite_aab.R"/>
    <testcase time="0.00899999999999679" classname="aab" name="Test_suite_aab.R"/>
    <testcase time="0.0100000000000016" classname="aab" name="Test_suite_aab.R"/>
    <testcase time="0.00900000000000034" classname="aab" name="Test_suite_aab.R"/>
    <testcase time="0.00900000000000034" classname="aab" name="Test_suite_aab.R"/>
    <testcase time="0.00999999999999801" classname="aab" name="Test_suite_aab.R"/>
    <testcase time="0.00900000000000034" classname="aab" name="Test_suite_aab.R"/>
    <testcase time="0.0100000000000016" classname="aab" name="Test_suite_aab.R"/>
    <testcase time="0.00900000000000034" classname="aab" name="Test_suite_aab.R"/>
    <testcase time="0.0139999999999993" classname="aab" name="Test_suite_aab.R"/>
    <testcase time="0.0240000000000009" classname="aab" name="Test_suite_aab.R"/>
    <testcase time="0.0269999999999975" classname="aab" name="Test_suite_aab.R"/>
    <testcase time="0.0420000000000016" classname="aab" name="Test_suite_aab.R"/>
    <testcase time="0.123000000000001" classname="aab" name="Test_suite_aab.R"/>
    <testcase time="0.00999999999999801" classname="aab" name="Test_suite_aab.R"/>
    <testcase time="0.0199999999999996" classname="aab" name="Test_suite_aab.R"/>
    <testcase time="0.0800000000000018" classname="aab" name="Test_suite_aab.R"/>
    <testcase time="0.427000000000003" classname="aab" name="Test_suite_aab.R"/>
    <testcase time="0.00999999999999801" classname="aab" name="Test_suite_aab.R"/>
    <testcase time="0.0240000000000009" classname="aab" name="Test_suite_aab.R"/>
    <testcase time="0.114000000000001" classname="aab" name="Test_suite_aab.R"/>
    <testcase time="0.660999999999998" classname="aab" name="Test_suite_aab.R"/>
    <testcase time="0.0100000000000016" classname="aab" name="Test_suite_aab.R"/>
    <testcase time="0.0329999999999977" classname="aab" name="Test_suite_aab.R"/>
    <testcase time="0.180000000000003" classname="aab" name="Test_suite_aab.R"/>
    <testcase time="1.089" classname="aab" name="Test_suite_aab.R"/>
  </testsuite>
  <testsuite name="aac" timestamp="2024-08-09T13:45:35Z" hostname="822eb208347d" tests="100" skipped="0" failures="0" errors="0" time="6.88">
    <testcase time="0.0229999999999997" classname="aac" name="Test_suite_aac.R"/>
    <testcase time="0.00799999999999912" classname="aac" name="Test_suite_aac.R"/>
    <testcase time="0.00900000000000034" classname="aac" name="Test_suite_aac.R"/>
    <testcase time="0.00900000000000034" classname="aac" name="Test_suite_aac.R"/>
    <testcase time="0.00799999999999912" classname="aac" name="Test_suite_aac.R"/>
    <testcase time="0.00900000000000034" classname="aac" name="Test_suite_aac.R"/>
    <testcase time="0.00799999999999912" classname="aac" name="Test_suite_aac.R"/>
    <testcase time="0.00900000000000034" classname="aac" name="Test_suite_aac.R"/>
    <testcase time="0.0140000000000029" classname="aac" name="Test_suite_aac.R"/>
    <testcase time="0.0219999999999985" classname="aac" name="Test_suite_aac.R"/>
    <testcase time="0.0219999999999985" classname="aac" name="Test_suite_aac.R"/>
    <testcase time="0.0340000000000025" classname="aac" name="Test_suite_aac.R"/>
    <testcase time="0.0960000000000001" classname="aac" name="Test_suite_aac.R"/>
    <testcase time="0.00999999999999801" classname="aac" name="Test_suite_aac.R"/>
    <testcase time="0.022000000000002" classname="aac" name="Test_suite_aac.R"/>
    <testcase time="0.0859999999999985" classname="aac" name="Test_suite_aac.R"/>
    <testcase time="0.501999999999999" classname="aac" name="Test_suite_aac.R"/>
    <testcase time="0.0240000000000009" classname="aac" name="Test_suite_aac.R"/>
    <testcase time="0.0199999999999996" classname="aac" name="Test_suite_aac.R"/>
    <testcase time="0.0700000000000003" classname="aac" name="Test_suite_aac.R"/>
    <testcase time="0.372" classname="aac" name="Test_suite_aac.R"/>
    <testcase time="0.0100000000000016" classname="aac" name="Test_suite_aac.R"/>
    <testcase time="0.0279999999999987" classname="aac" name="Test_suite_aac.R"/>
    <testcase time="0.0740000000000016" classname="aac" name="Test_suite_aac.R"/>
    <testcase time="0.404999999999998" classname="aac" name="Test_suite_aac.R"/>
    <testcase time="0.00900000000000034" classname="aac" name="Test_suite_aac.R"/>
    <testcase time="0.0100000000000016" classname="aac" name="Test_suite_aac.R"/>
    <testcase time="0.00499999999999901" classname="aac" name="Test_suite_aac.R"/>
    <testcase time="0.00499999999999901" classname="aac" name="Test_suite_aac.R"/>
    <testcase time="0.00500000000000256" classname="aac" name="Test_suite_aac.R"/>
    <testcase time="0.00600000000000023" classname="aac" name="Test_suite_aac.R"/>
    <testcase time="0.00499999999999901" classname="aac" name="Test_suite_aac.R"/>
    <testcase time="0.00499999999999901" classname="aac" name="Test_suite_aac.R"/>
    <testcase time="0.0210000000000008" classname="aac" name="Test_suite_aac.R"/>
    <testcase time="0.0249999999999986" classname="aac" name="Test_suite_aac.R"/>
    <testcase time="0.0250000000000021" classname="aac" name="Test_suite_aac.R"/>
    <testcase time="0.0459999999999994" classname="aac" name="Test_suite_aac.R"/>
    <testcase time="0.105" classname="aac" name="Test_suite_aac.R"/>
    <testcase time="0.00900000000000034" classname="aac" name="Test_suite_aac.R"/>
    <testcase time="0.0180000000000007" classname="aac" name="Test_suite_aac.R"/>
    <testcase time="0.046999999999997" classname="aac" name="Test_suite_aac.R"/>
    <testcase time="0.18" classname="aac" name="Test_suite_aac.R"/>
    <testcase time="0.0100000000000016" classname="aac" name="Test_suite_aac.R"/>
    <testcase time="0.0240000000000009" classname="aac" name="Test_suite_aac.R"/>
    <testcase time="0.0969999999999978" classname="aac" name="Test_suite_aac.R"/>
    <testcase time="0.450000000000003" classname="aac" name="Test_suite_aac.R"/>
    <testcase time="0.00900000000000034" classname="aac" name="Test_suite_aac.R"/>
    <testcase time="0.0199999999999996" classname="aac" name="Test_suite_aac.R"/>
    <testcase time="0.0640000000000001" classname="aac" name="Test_suite_aac.R"/>
    <testcase time="0.247" classname="aac" name="Test_suite_aac.R"/>
    <testcase time="0.00900000000000034" classname="aac" name="Test_suite_aac.R"/>
    <testcase time="0.00799999999999912" classname="aac" name="Test_suite_aac.R"/>
    <testcase time="0.00499999999999901" classname="aac" name="Test_suite_aac.R"/>
    <testcase time="0.00600000000000023" classname="aac" name="Test_suite_aac.R"/>
    <testcase time="0.00499999999999901" classname="aac" name="Test_suite_aac.R"/>
    <testcase time="0.00500000000000256" classname="aac" name="Test_suite_aac.R"/>
    <testcase time="0.00499999999999901" classname="aac" name="Test_suite_aac.R"/>
    <testcase time="0.00600000000000023" classname="aac" name="Test_suite_aac.R"/>
    <testcase time="0.0139999999999993" classname="aac" name="Test_suite_aac.R"/>
    <testcase time="0.0249999999999986" classname="aac" name="Test_suite_aac.R"/>
    <testcase time="0.0190000000000019" classname="aac" name="Test_suite_aac.R"/>
    <testcase time="0.0309999999999988" classname="aac" name="Test_suite_aac.R"/>
    <testcase time="0.105" classname="aac" name="Test_suite_aac.R"/>
    <testcase time="0.00900000000000034" classname="aac" name="Test_suite_aac.R"/>
    <testcase time="0.0199999999999996" classname="aac" name="Test_suite_aac.R"/>
    <testcase time="0.0579999999999998" classname="aac" name="Test_suite_aac.R"/>
    <testcase time="0.384" classname="aac" name="Test_suite_aac.R"/>
    <testcase time="0.0100000000000016" classname="aac" name="Test_suite_aac.R"/>
    <testcase time="0.0169999999999995" classname="aac" name="Test_suite_aac.R"/>
    <testcase time="0.049000000000003" classname="aac" name="Test_suite_aac.R"/>
    <testcase time="0.18" classname="aac" name="Test_suite_aac.R"/>
    <testcase time="0.00799999999999912" classname="aac" name="Test_suite_aac.R"/>
    <testcase time="0.0169999999999995" classname="aac" name="Test_suite_aac.R"/>
    <testcase time="0.0410000000000004" classname="aac" name="Test_suite_aac.R"/>
    <testcase time="0.117999999999999" classname="aac" name="Test_suite_aac.R"/>
    <testcase time="0.00900000000000034" classname="aac" name="Test_suite_aac.R"/>
    <testcase time="0.00800000000000267" classname="aac" name="Test_suite_aac.R"/>
    <testcase time="0.00899999999999679" classname="aac" name="Test_suite_aac.R"/>
    <testcase time="0.00900000000000034" classname="aac" name="Test_suite_aac.R"/>
    <testcase time="0.00800000000000267" classname="aac" name="Test_suite_aac.R"/>
    <testcase time="0.00899999999999679" classname="aac" name="Test_suite_aac.R"/>
    <testcase time="0.00900000000000034" classname="aac" name="Test_suite_aac.R"/>
    <testcase time="0.00900000000000034" classname="aac" name="Test_suite_aac.R"/>
    <testcase time="0.0180000000000007" classname="aac" name="Test_suite_aac.R"/>
    <testcase time="0.0210000000000008" classname="aac" name="Test_suite_aac.R"/>
    <testcase time="0.0249999999999986" classname="aac" name="Test_suite_aac.R"/>
    <testcase time="0.0340000000000025" classname="aac" name="Test_suite_aac.R"/>
    <testcase time="0.0619999999999976" classname="aac" name="Test_suite_aac.R"/>
    <testcase time="0.00900000000000034" classname="aac" name="Test_suite_aac.R"/>
    <testcase time="0.0250000000000021" classname="aac" name="Test_suite_aac.R"/>
    <testcase time="0.111999999999998" classname="aac" name="Test_suite_aac.R"/>
    <testcase time="0.626999999999999" classname="aac" name="Test_suite_aac.R"/>
    <testcase time="0.00900000000000034" classname="aac" name="Test_suite_aac.R"/>
    <testcase time="0.0190000000000019" classname="aac" name="Test_suite_aac.R"/>
    <testcase time="0.0609999999999999" classname="aac" name="Test_suite_aac.R"/>
    <testcase time="0.265999999999998" classname="aac" name="Test_suite_aac.R"/>
    <testcase time="0.0100000000000016" classname="aac" name="Test_suite_aac.R"/>
    <testcase time="0.0279999999999987" classname="aac" name="Test_suite_aac.R"/>
    <testcase time="0.141999999999999" classname="aac" name="Test_suite_aac.R"/>
    <testcase time="0.847000000000001" classname="aac" name="Test_suite_aac.R"/>
  </testsuite>
  <testsuite name="aad" timestamp="2024-08-09T13:45:42Z" hostname="822eb208347d" tests="43" skipped="0" failures="0" errors="0" time="0.793">
    <testcase time="0.0589999999999975" classname="aad" name="test_suite_aad"/>
    <testcase time="0.0130000000000017" classname="aad" name="test_suite_aad"/>
    <testcase time="0.0139999999999993" classname="aad" name="test_suite_aad"/>
    <testcase time="0.0130000000000017" classname="aad" name="test_suite_aad"/>
    <testcase time="0.0189999999999984" classname="aad" name="test_suite_aad"/>
    <testcase time="0.0139999999999993" classname="aad" name="test_suite_aad"/>
    <testcase time="0.0139999999999993" classname="aad" name="test_suite_aad"/>
    <testcase time="0.0140000000000029" classname="aad" name="test_suite_aad"/>
    <testcase time="0.0139999999999993" classname="aad" name="test_suite_aad"/>
    <testcase time="0.0159999999999982" classname="aad" name="test_suite_aad"/>
    <testcase time="0.0150000000000006" classname="aad" name="test_suite_aad"/>
    <testcase time="0.0160000000000018" classname="aad" name="test_suite_aad"/>
    <testcase time="0.0159999999999982" classname="aad" name="test_suite_aad"/>
    <testcase time="0.0169999999999995" classname="aad" name="test_suite_aad"/>
    <testcase time="0.0180000000000007" classname="aad" name="test_suite_aad"/>
    <testcase time="0.0180000000000007" classname="aad" name="test_suite_aad"/>
    <testcase time="0.0189999999999984" classname="aad" name="test_suite_aad"/>
    <testcase time="0.0199999999999996" classname="aad" name="test_suite_aad"/>
    <testcase time="0.0200000000000031" classname="aad" name="test_suite_aad"/>
    <testcase time="0.0219999999999985" classname="aad" name="test_suite_aad"/>
    <testcase time="0.0129999999999981" classname="aad" name="test_suite_aad"/>
    <testcase time="0.0130000000000017" classname="aad" name="test_suite_aad"/>
    <testcase time="0.0169999999999995" classname="aad" name="test_suite_aad"/>
    <testcase time="0.0130000000000017" classname="aad" name="test_suite_aad"/>
    <testcase time="0.0129999999999981" classname="aad" name="test_suite_aad"/>
    <testcase time="0.0120000000000005" classname="aad" name="test_suite_aad"/>
    <testcase time="0.0120000000000005" classname="aad" name="test_suite_aad"/>
    <testcase time="0.0130000000000017" classname="aad" name="test_suite_aad"/>
    <testcase time="0.0119999999999969" classname="aad" name="test_suite_aad"/>
    <testcase time="0.0120000000000005" classname="aad" name="test_suite_aad"/>
    <testcase time="0.0130000000000017" classname="aad" name="test_suite_aad"/>
    <testcase time="0.0150000000000006" classname="aad" name="test_suite_aad"/>
    <testcase time="0.00199999999999889" classname="aad" name="test_suite_aad"/>
    <testcase time="0.0609999999999999" classname="aad" name="test_suite_aad"/>
    <testcase time="0.0240000000000009" classname="aad" name="test_suite_aad"/>
    <testcase time="0.0249999999999986" classname="aad" name="test_suite_aad"/>
    <testcase time="0.0180000000000007" classname="aad" name="test_suite_aad"/>
    <testcase time="0.0120000000000005" classname="aad" name="test_suite_aad"/>
    <testcase time="0.0380000000000003" classname="aad" name="test_suite_aad"/>
    <testcase time="0.0069999999999979" classname="aad" name="test_suite_aad"/>
    <testcase time="0.032" classname="aad" name="test_suite_aad"/>
    <testcase time="0.0300000000000011" classname="aad" name="test_suite_aad"/>
    <testcase time="0.0150000000000006" classname="aad" name="test_suite_aad"/>
  </testsuite>
  <testsuite name="aae" timestamp="2024-08-09T13:45:42Z" hostname="822eb208347d" tests="3" skipped="0" failures="0" errors="0" time="0.099">
    <testcase time="0.0200000000000031" classname="aae" name="Test_suite_aae.R"/>
    <testcase time="0.00499999999999901" classname="aae" name="Test_suite_aae.R"/>
    <testcase time="0.0739999999999981" classname="aae" name="Test_suite_aae.R"/>
  </testsuite>
  <testsuite name="aaf" timestamp="2024-08-09T13:45:43Z" hostname="822eb208347d" tests="56" skipped="0" failures="0" errors="0" time="4.846">
    <testcase time="0.0100000000000016" classname="aaf" name="Test_suite_aaf.R"/>
    <testcase time="0.00499999999999901" classname="aaf" name="Test_suite_aaf.R"/>
    <testcase time="0.00500000000000256" classname="aaf" name="Test_suite_aaf.R"/>
    <testcase time="0.00499999999999901" classname="aaf" name="Test_suite_aaf.R"/>
    <testcase time="0.0210000000000008" classname="aaf" name="Test_suite_aaf.R"/>
    <testcase time="0.0159999999999982" classname="aaf" name="Test_suite_aaf.R"/>
    <testcase time="0.0450000000000017" classname="aaf" name="Test_suite_aaf.R"/>
    <testcase time="0.0489999999999995" classname="aaf" name="Test_suite_aaf.R"/>
    <testcase time="0.0589999999999975" classname="aaf" name="Test_suite_aaf.R"/>
    <testcase time="0.0730000000000004" classname="aaf" name="Test_suite_aaf.R"/>
    <testcase time="0.0280000000000022" classname="aaf" name="Test_suite_aaf.R"/>
    <testcase time="0.291" classname="aaf" name="Test_suite_aaf.R"/>
    <testcase time="0.288999999999998" classname="aaf" name="Test_suite_aaf.R"/>
    <testcase time="0.140000000000001" classname="aaf" name="Test_suite_aaf.R"/>
    <testcase time="0.00499999999999901" classname="aaf" name="Test_suite_aaf.R"/>
    <testcase time="0.00400000000000134" classname="aaf" name="Test_suite_aaf.R"/>
    <testcase time="0.00499999999999901" classname="aaf" name="Test_suite_aaf.R"/>
    <testcase time="0.00400000000000134" classname="aaf" name="Test_suite_aaf.R"/>
    <testcase time="0.0169999999999995" classname="aaf" name="Test_suite_aaf.R"/>
    <testcase time="0.0159999999999982" classname="aaf" name="Test_suite_aaf.R"/>
    <testcase time="0.0590000000000011" classname="aaf" name="Test_suite_aaf.R"/>
    <testcase time="0.0640000000000001" classname="aaf" name="Test_suite_aaf.R"/>
    <testcase time="0.0570000000000022" classname="aaf" name="Test_suite_aaf.R"/>
    <testcase time="0.0789999999999971" classname="aaf" name="Test_suite_aaf.R"/>
    <testcase time="0.0300000000000011" classname="aaf" name="Test_suite_aaf.R"/>
    <testcase time="0.452999999999999" classname="aaf" name="Test_suite_aaf.R"/>
    <testcase time="0.448" classname="aaf" name="Test_suite_aaf.R"/>
    <testcase time="0.178000000000001" classname="aaf" name="Test_suite_aaf.R"/>
    <testcase time="0.00499999999999901" classname="aaf" name="Test_suite_aaf.R"/>
    <testcase time="0.00499999999999901" classname="aaf" name="Test_suite_aaf.R"/>
    <testcase time="0.00400000000000134" classname="aaf" name="Test_suite_aaf.R"/>
    <testcase time="0.00499999999999901" classname="aaf" name="Test_suite_aaf.R"/>
    <testcase time="0.0169999999999995" classname="aaf" name="Test_suite_aaf.R"/>
    <testcase time="0.0180000000000007" classname="aaf" name="Test_suite_aaf.R"/>
    <testcase time="0.0449999999999982" classname="aaf" name="Test_suite_aaf.R"/>
    <testcase time="0.0510000000000019" classname="aaf" name="Test_suite_aaf.R"/>
    <testcase time="0.0700000000000003" classname="aaf" name="Test_suite_aaf.R"/>
    <testcase time="0.0650000000000013" classname="aaf" name="Test_suite_aaf.R"/>
    <testcase time="0.0269999999999975" classname="aaf" name="Test_suite_aaf.R"/>
    <testcase time="0.310000000000002" classname="aaf" name="Test_suite_aaf.R"/>
    <testcase time="0.311999999999998" classname="aaf" name="Test_suite_aaf.R"/>
    <testcase time="0.148" classname="aaf" name="Test_suite_aaf.R"/>
    <testcase time="0.00500000000000256" classname="aaf" name="Test_suite_aaf.R"/>
    <testcase time="0.00499999999999901" classname="aaf" name="Test_suite_aaf.R"/>
    <testcase time="0.00499999999999901" classname="aaf" name="Test_suite_aaf.R"/>
    <testcase time="0.00399999999999778" classname="aaf" name="Test_suite_aaf.R"/>
    <testcase time="0.017000000000003" classname="aaf" name="Test_suite_aaf.R"/>
    <testcase time="0.017000000000003" classname="aaf" name="Test_suite_aaf.R"/>
    <testcase time="0.046999999999997" classname="aaf" name="Test_suite_aaf.R"/>
    <testcase time="0.054000000000002" classname="aaf" name="Test_suite_aaf.R"/>
    <testcase time="0.0549999999999997" classname="aaf" name="Test_suite_aaf.R"/>
    <testcase time="0.0730000000000004" classname="aaf" name="Test_suite_aaf.R"/>
    <testcase time="0.0289999999999964" classname="aaf" name="Test_suite_aaf.R"/>
    <testcase time="0.404000000000003" classname="aaf" name="Test_suite_aaf.R"/>
    <testcase time="0.409999999999997" classname="aaf" name="Test_suite_aaf.R"/>
    <testcase time="0.184000000000005" classname="aaf" name="Test_suite_aaf.R"/>
  </testsuite>
  <testsuite name="aag" timestamp="2024-08-09T13:45:47Z" hostname="822eb208347d" tests="3" skipped="0" failures="0" errors="0" time="0.055">
    <testcase time="0.0209999999999937" classname="aag" name="Test_suite_aag.R"/>
    <testcase time="0.017000000000003" classname="aag" name="Test_suite_aag.R"/>
    <testcase time="0.017000000000003" classname="aag" name="Test_suite_aag.R"/>
  </testsuite>
  <testsuite name="zzz" timestamp="2024-08-09T13:45:48Z" hostname="822eb208347d" tests="33" skipped="0" failures="0" errors="0" time="0.621">
    <testcase time="0.0069999999999979" classname="zzz" name="Test_suite_zzz_specific_identities_and_miscellaneous_checks"/>
    <testcase time="0.00900000000000034" classname="zzz" name="Test_suite_zzz_specific_identities_and_miscellaneous_checks"/>
    <testcase time="0.000999999999997669" classname="zzz" name="Test_suite_zzz_specific_identities_and_miscellaneous_checks"/>
    <testcase time="0.00200000000000244" classname="zzz" name="Test_suite_zzz_specific_identities_and_miscellaneous_checks"/>
    <testcase time="0.00199999999999534" classname="zzz" name="Test_suite_zzz_specific_identities_and_miscellaneous_checks"/>
    <testcase time="0.00400000000000489" classname="zzz" name="Test_suite_zzz_specific_identities_and_miscellaneous_checks"/>
    <testcase time="0.00300000000000011" classname="zzz" name="Test_suite_zzz_specific_identities_and_miscellaneous_checks"/>
    <testcase time="0.00300000000000011" classname="zzz" name="Test_suite_zzz_specific_identities_and_miscellaneous_checks"/>
    <testcase time="0.00199999999999534" classname="zzz" name="Test_suite_zzz_specific_identities_and_miscellaneous_checks"/>
    <testcase time="0.00500000000000256" classname="zzz" name="Test_suite_zzz_specific_identities_and_miscellaneous_checks"/>
    <testcase time="0.0120000000000005" classname="zzz" name="Test_suite_zzz_specific_identities_and_miscellaneous_checks"/>
    <testcase time="0.0120000000000005" classname="zzz" name="Test_suite_zzz_specific_identities_and_miscellaneous_checks"/>
    <testcase time="0.0069999999999979" classname="zzz" name="Test_suite_zzz_specific_identities_and_miscellaneous_checks"/>
    <testcase time="0.00999999999999801" classname="zzz" name="Test_suite_zzz_specific_identities_and_miscellaneous_checks"/>
    <testcase time="0.0300000000000011" classname="zzz" name="Test_suite_zzz_specific_identities_and_miscellaneous_checks"/>
    <testcase time="0.0330000000000013" classname="zzz" name="Test_suite_zzz_specific_identities_and_miscellaneous_checks"/>
    <testcase time="0.00600000000000023" classname="zzz" name="Test_suite_zzz_specific_identities_and_miscellaneous_checks"/>
    <testcase time="0.00800000000000267" classname="zzz" name="Test_suite_zzz_specific_identities_and_miscellaneous_checks"/>
    <testcase time="0.0069999999999979" classname="zzz" name="Test_suite_zzz_specific_identities_and_miscellaneous_checks"/>
    <testcase time="0.0110000000000028" classname="zzz" name="Test_suite_zzz_specific_identities_and_miscellaneous_checks"/>
    <testcase time="0.00999999999999801" classname="zzz" name="Test_suite_zzz_specific_identities_and_miscellaneous_checks"/>
    <testcase time="0.0869999999999962" classname="zzz" name="Test_suite_zzz_specific_identities_and_miscellaneous_checks"/>
    <testcase time="0.224000000000004" classname="zzz" name="Test_suite_zzz_specific_identities_and_miscellaneous_checks"/>
    <testcase time="0.00500000000000256" classname="zzz" name="Test_suite_zzz_specific_identities_and_miscellaneous_checks"/>
    <testcase time="0.0439999999999969" classname="zzz" name="Test_suite_zzz_specific_identities_and_miscellaneous_checks"/>
    <testcase time="0.0110000000000028" classname="zzz" name="Test_suite_zzz_specific_identities_and_miscellaneous_checks"/>
    <testcase time="0.0069999999999979" classname="zzz" name="Test_suite_zzz_specific_identities_and_miscellaneous_checks"/>
    <testcase time="0.00800000000000267" classname="zzz" name="Test_suite_zzz_specific_identities_and_miscellaneous_checks"/>
    <testcase time="0.0239999999999938" classname="zzz" name="Test_suite_zzz_specific_identities_and_miscellaneous_checks"/>
    <testcase time="0.00300000000000011" classname="zzz" name="Test_suite_zzz_specific_identities_and_miscellaneous_checks"/>
    <testcase time="0.00300000000000011" classname="zzz" name="Test_suite_zzz_specific_identities_and_miscellaneous_checks"/>
    <testcase time="0.0110000000000028" classname="zzz" name="Test_suite_zzz_specific_identities_and_miscellaneous_checks"/>
    <testcase time="0.00999999999999801" classname="zzz" name="Test_suite_zzz_specific_identities_and_miscellaneous_checks"/>
  </testsuite>
</testsuites>
