<?xml version="1.0" encoding="UTF-8"?>
<testsuites>
  <testsuite name="aaa" timestamp="2025-06-08T07:59:42Z" hostname="73faa9530bc4" tests="561" skipped="0" failures="0" errors="0" time="9.318">
    <testcase time="0.038" classname="aaa" name="Test_suite_aaa.R"/>
    <testcase time="0.018" classname="aaa" name="Test_suite_aaa.R"/>
    <testcase time="0.01" classname="aaa" name="Test_suite_aaa.R"/>
    <testcase time="0.004" classname="aaa" name="Test_suite_aaa.R"/>
    <testcase time="0.004" classname="aaa" name="Test_suite_aaa.R"/>
    <testcase time="0.0069999999999999" classname="aaa" name="Test_suite_aaa.R"/>
    <testcase time="0.02" classname="aaa" name="Test_suite_aaa.R"/>
    <testcase time="0.00500000000000012" classname="aaa" name="Test_suite_aaa.R"/>
    <testcase time="0.00399999999999978" classname="aaa" name="Test_suite_aaa.R"/>
    <testcase time="0.004" classname="aaa" name="Test_suite_aaa.R"/>
    <testcase time="0.01" classname="aaa" name="Test_suite_aaa.R"/>
    <testcase time="0.012" classname="aaa" name="Test_suite_aaa.R"/>
    <testcase time="0.0110000000000001" classname="aaa" name="Test_suite_aaa.R"/>
    <testcase time="0.012" classname="aaa" name="Test_suite_aaa.R"/>
    <testcase time="0.012" classname="aaa" name="Test_suite_aaa.R"/>
    <testcase time="0.014" classname="aaa" name="Test_suite_aaa.R"/>
    <testcase time="0.0129999999999999" classname="aaa" name="Test_suite_aaa.R"/>
    <testcase time="0.0170000000000001" classname="aaa" name="Test_suite_aaa.R"/>
    <testcase time="0.01" classname="aaa" name="Test_suite_aaa.R"/>
    <testcase time="0.0129999999999999" classname="aaa" name="Test_suite_aaa.R"/>
    <testcase time="0.0130000000000001" classname="aaa" name="Test_suite_aaa.R"/>
    <testcase time="0.0229999999999999" classname="aaa" name="Test_suite_aaa.R"/>
    <testcase time="0.018" classname="aaa" name="Test_suite_aaa.R"/>
    <testcase time="0.01" classname="aaa" name="Test_suite_aaa.R"/>
    <testcase time="0.00300000000000011" classname="aaa" name="Test_suite_aaa.R"/>
    <testcase time="0.00600000000000001" classname="aaa" name="Test_suite_aaa.R"/>
    <testcase time="0.0089999999999999" classname="aaa" name="Test_suite_aaa.R"/>
    <testcase time="0.012" classname="aaa" name="Test_suite_aaa.R"/>
    <testcase time="0.016" classname="aaa" name="Test_suite_aaa.R"/>
    <testcase time="0.0169999999999999" classname="aaa" name="Test_suite_aaa.R"/>
    <testcase time="0.018" classname="aaa" name="Test_suite_aaa.R"/>
    <testcase time="0.02" classname="aaa" name="Test_suite_aaa.R"/>
    <testcase time="0.012" classname="aaa" name="Test_suite_aaa.R"/>
    <testcase time="0.00800000000000001" classname="aaa" name="Test_suite_aaa.R"/>
    <testcase time="0.012" classname="aaa" name="Test_suite_aaa.R"/>
    <testcase time="0.0150000000000001" classname="aaa" name="Test_suite_aaa.R"/>
    <testcase time="0.034" classname="aaa" name="Test_suite_aaa.R"/>
    <testcase time="0.169" classname="aaa" name="Test_suite_aaa.R"/>
    <testcase time="0.026" classname="aaa" name="Test_suite_aaa.R"/>
    <testcase time="0.00700000000000012" classname="aaa" name="Test_suite_aaa.R"/>
    <testcase time="0.01" classname="aaa" name="Test_suite_aaa.R"/>
    <testcase time="0.0129999999999999" classname="aaa" name="Test_suite_aaa.R"/>
    <testcase time="0.002" classname="aaa" name="Test_suite_aaa.R"/>
    <testcase time="0.00800000000000001" classname="aaa" name="Test_suite_aaa.R"/>
    <testcase time="0.016" classname="aaa" name="Test_suite_aaa.R"/>
    <testcase time="0.0149999999999999" classname="aaa" name="Test_suite_aaa.R"/>
    <testcase time="0.012" classname="aaa" name="Test_suite_aaa.R"/>
    <testcase time="0.00300000000000011" classname="aaa" name="Test_suite_aaa.R"/>
    <testcase time="0.0170000000000001" classname="aaa" name="Test_suite_aaa.R"/>
    <testcase time="0.024" classname="aaa" name="Test_suite_aaa.R"/>
    <testcase time="0.014" classname="aaa" name="Test_suite_aaa.R"/>
    <testcase time="0.0259999999999998" classname="aaa" name="Test_suite_aaa.R"/>
    <testcase time="0.028" classname="aaa" name="Test_suite_aaa.R"/>
    <testcase time="0.016" classname="aaa" name="Test_suite_aaa.R"/>
    <testcase time="0.0140000000000002" classname="aaa" name="Test_suite_aaa.R"/>
    <testcase time="0.02" classname="aaa" name="Test_suite_aaa.R"/>
    <testcase time="0.04" classname="aaa" name="Test_suite_aaa.R"/>
    <testcase time="0.028" classname="aaa" name="Test_suite_aaa.R"/>
    <testcase time="0.0309999999999997" classname="aaa" name="Test_suite_aaa.R"/>
    <testcase time="0.407" classname="aaa" name="Test_suite_aaa.R"/>
    <testcase time="0.0680000000000001" classname="aaa" name="Test_suite_aaa.R"/>
    <testcase time="0.00499999999999989" classname="aaa" name="Test_suite_aaa.R"/>
    <testcase time="0.004" classname="aaa" name="Test_suite_aaa.R"/>
    <testcase time="0.00500000000000034" classname="aaa" name="Test_suite_aaa.R"/>
    <testcase time="0.00399999999999956" classname="aaa" name="Test_suite_aaa.R"/>
    <testcase time="0.00600000000000023" classname="aaa" name="Test_suite_aaa.R"/>
    <testcase time="0.0110000000000001" classname="aaa" name="Test_suite_aaa.R"/>
    <testcase time="0.004" classname="aaa" name="Test_suite_aaa.R"/>
    <testcase time="0.00499999999999989" classname="aaa" name="Test_suite_aaa.R"/>
    <testcase time="0.004" classname="aaa" name="Test_suite_aaa.R"/>
    <testcase time="0.012" classname="aaa" name="Test_suite_aaa.R"/>
    <testcase time="0.012" classname="aaa" name="Test_suite_aaa.R"/>
    <testcase time="0.012" classname="aaa" name="Test_suite_aaa.R"/>
    <testcase time="0.0110000000000001" classname="aaa" name="Test_suite_aaa.R"/>
    <testcase time="0.0109999999999997" classname="aaa" name="Test_suite_aaa.R"/>
    <testcase time="0.012" classname="aaa" name="Test_suite_aaa.R"/>
    <testcase time="0.0130000000000003" classname="aaa" name="Test_suite_aaa.R"/>
    <testcase time="0.0189999999999997" classname="aaa" name="Test_suite_aaa.R"/>
    <testcase time="0.0089999999999999" classname="aaa" name="Test_suite_aaa.R"/>
    <testcase time="0.0129999999999999" classname="aaa" name="Test_suite_aaa.R"/>
    <testcase time="0.0139999999999998" classname="aaa" name="Test_suite_aaa.R"/>
    <testcase time="0.02" classname="aaa" name="Test_suite_aaa.R"/>
    <testcase time="0.02" classname="aaa" name="Test_suite_aaa.R"/>
    <testcase time="0.00900000000000034" classname="aaa" name="Test_suite_aaa.R"/>
    <testcase time="0.004" classname="aaa" name="Test_suite_aaa.R"/>
    <testcase time="0.00599999999999978" classname="aaa" name="Test_suite_aaa.R"/>
    <testcase time="0.0089999999999999" classname="aaa" name="Test_suite_aaa.R"/>
    <testcase time="0.0110000000000001" classname="aaa" name="Test_suite_aaa.R"/>
    <testcase time="0.0139999999999998" classname="aaa" name="Test_suite_aaa.R"/>
    <testcase time="0.0180000000000002" classname="aaa" name="Test_suite_aaa.R"/>
    <testcase time="0.0169999999999999" classname="aaa" name="Test_suite_aaa.R"/>
    <testcase time="0.02" classname="aaa" name="Test_suite_aaa.R"/>
    <testcase time="0.0110000000000001" classname="aaa" name="Test_suite_aaa.R"/>
    <testcase time="0.0089999999999999" classname="aaa" name="Test_suite_aaa.R"/>
    <testcase time="0.0089999999999999" classname="aaa" name="Test_suite_aaa.R"/>
    <testcase time="0.016" classname="aaa" name="Test_suite_aaa.R"/>
    <testcase time="0.0229999999999997" classname="aaa" name="Test_suite_aaa.R"/>
    <testcase time="0.0590000000000002" classname="aaa" name="Test_suite_aaa.R"/>
    <testcase time="0.0230000000000001" classname="aaa" name="Test_suite_aaa.R"/>
    <testcase time="0.00599999999999978" classname="aaa" name="Test_suite_aaa.R"/>
    <testcase time="0.0089999999999999" classname="aaa" name="Test_suite_aaa.R"/>
    <testcase time="0.00900000000000034" classname="aaa" name="Test_suite_aaa.R"/>
    <testcase time="0.00199999999999978" classname="aaa" name="Test_suite_aaa.R"/>
    <testcase time="0.00800000000000001" classname="aaa" name="Test_suite_aaa.R"/>
    <testcase time="0.0179999999999998" classname="aaa" name="Test_suite_aaa.R"/>
    <testcase time="0.0150000000000001" classname="aaa" name="Test_suite_aaa.R"/>
    <testcase time="0.0110000000000001" classname="aaa" name="Test_suite_aaa.R"/>
    <testcase time="0.004" classname="aaa" name="Test_suite_aaa.R"/>
    <testcase time="0.0299999999999998" classname="aaa" name="Test_suite_aaa.R"/>
    <testcase time="0.0250000000000004" classname="aaa" name="Test_suite_aaa.R"/>
    <testcase time="0.0139999999999998" classname="aaa" name="Test_suite_aaa.R"/>
    <testcase time="0.024" classname="aaa" name="Test_suite_aaa.R"/>
    <testcase time="0.0270000000000001" classname="aaa" name="Test_suite_aaa.R"/>
    <testcase time="0.016" classname="aaa" name="Test_suite_aaa.R"/>
    <testcase time="0.0139999999999998" classname="aaa" name="Test_suite_aaa.R"/>
    <testcase time="0.032" classname="aaa" name="Test_suite_aaa.R"/>
    <testcase time="0.0379999999999998" classname="aaa" name="Test_suite_aaa.R"/>
    <testcase time="0.0260000000000002" classname="aaa" name="Test_suite_aaa.R"/>
    <testcase time="0.0289999999999999" classname="aaa" name="Test_suite_aaa.R"/>
    <testcase time="0.338" classname="aaa" name="Test_suite_aaa.R"/>
    <testcase time="0.0129999999999999" classname="aaa" name="Test_suite_aaa.R"/>
    <testcase time="0.00499999999999989" classname="aaa" name="Test_suite_aaa.R"/>
    <testcase time="0.00500000000000034" classname="aaa" name="Test_suite_aaa.R"/>
    <testcase time="0.00499999999999989" classname="aaa" name="Test_suite_aaa.R"/>
    <testcase time="0.00499999999999989" classname="aaa" name="Test_suite_aaa.R"/>
    <testcase time="0.00700000000000012" classname="aaa" name="Test_suite_aaa.R"/>
    <testcase time="0.012" classname="aaa" name="Test_suite_aaa.R"/>
    <testcase time="0.00499999999999989" classname="aaa" name="Test_suite_aaa.R"/>
    <testcase time="0.00499999999999989" classname="aaa" name="Test_suite_aaa.R"/>
    <testcase time="0.00600000000000023" classname="aaa" name="Test_suite_aaa.R"/>
    <testcase time="0.0129999999999999" classname="aaa" name="Test_suite_aaa.R"/>
    <testcase time="0.0129999999999999" classname="aaa" name="Test_suite_aaa.R"/>
    <testcase time="0.0140000000000002" classname="aaa" name="Test_suite_aaa.R"/>
    <testcase time="0.012" classname="aaa" name="Test_suite_aaa.R"/>
    <testcase time="0.012" classname="aaa" name="Test_suite_aaa.R"/>
    <testcase time="0.0109999999999997" classname="aaa" name="Test_suite_aaa.R"/>
    <testcase time="0.0170000000000003" classname="aaa" name="Test_suite_aaa.R"/>
    <testcase time="0.016" classname="aaa" name="Test_suite_aaa.R"/>
    <testcase time="0.00999999999999979" classname="aaa" name="Test_suite_aaa.R"/>
    <testcase time="0.0140000000000002" classname="aaa" name="Test_suite_aaa.R"/>
    <testcase time="0.0140000000000002" classname="aaa" name="Test_suite_aaa.R"/>
    <testcase time="0.0229999999999997" classname="aaa" name="Test_suite_aaa.R"/>
    <testcase time="0.0179999999999998" classname="aaa" name="Test_suite_aaa.R"/>
    <testcase time="0.00900000000000034" classname="aaa" name="Test_suite_aaa.R"/>
    <testcase time="0.00399999999999956" classname="aaa" name="Test_suite_aaa.R"/>
    <testcase time="0.00600000000000023" classname="aaa" name="Test_suite_aaa.R"/>
    <testcase time="0.00999999999999979" classname="aaa" name="Test_suite_aaa.R"/>
    <testcase time="0.0120000000000005" classname="aaa" name="Test_suite_aaa.R"/>
    <testcase time="0.0139999999999993" classname="aaa" name="Test_suite_aaa.R"/>
    <testcase time="0.0180000000000007" classname="aaa" name="Test_suite_aaa.R"/>
    <testcase time="0.0179999999999998" classname="aaa" name="Test_suite_aaa.R"/>
    <testcase time="0.0209999999999999" classname="aaa" name="Test_suite_aaa.R"/>
    <testcase time="0.0110000000000001" classname="aaa" name="Test_suite_aaa.R"/>
    <testcase time="0.00899999999999945" classname="aaa" name="Test_suite_aaa.R"/>
    <testcase time="0.0130000000000008" classname="aaa" name="Test_suite_aaa.R"/>
    <testcase time="0.0149999999999997" classname="aaa" name="Test_suite_aaa.R"/>
    <testcase time="0.0300000000000002" classname="aaa" name="Test_suite_aaa.R"/>
    <testcase time="0.0999999999999996" classname="aaa" name="Test_suite_aaa.R"/>
    <testcase time="0.0250000000000004" classname="aaa" name="Test_suite_aaa.R"/>
    <testcase time="0.00599999999999934" classname="aaa" name="Test_suite_aaa.R"/>
    <testcase time="0.0100000000000007" classname="aaa" name="Test_suite_aaa.R"/>
    <testcase time="0.00999999999999979" classname="aaa" name="Test_suite_aaa.R"/>
    <testcase time="0.00199999999999978" classname="aaa" name="Test_suite_aaa.R"/>
    <testcase time="0.0110000000000001" classname="aaa" name="Test_suite_aaa.R"/>
    <testcase time="0.016" classname="aaa" name="Test_suite_aaa.R"/>
    <testcase time="0.016" classname="aaa" name="Test_suite_aaa.R"/>
    <testcase time="0.0110000000000001" classname="aaa" name="Test_suite_aaa.R"/>
    <testcase time="0.00499999999999989" classname="aaa" name="Test_suite_aaa.R"/>
    <testcase time="0.0170000000000003" classname="aaa" name="Test_suite_aaa.R"/>
    <testcase time="0.024" classname="aaa" name="Test_suite_aaa.R"/>
    <testcase time="0.0139999999999993" classname="aaa" name="Test_suite_aaa.R"/>
    <testcase time="0.0250000000000004" classname="aaa" name="Test_suite_aaa.R"/>
    <testcase time="0.024" classname="aaa" name="Test_suite_aaa.R"/>
    <testcase time="0.0190000000000001" classname="aaa" name="Test_suite_aaa.R"/>
    <testcase time="0.0139999999999993" classname="aaa" name="Test_suite_aaa.R"/>
    <testcase time="0.0190000000000001" classname="aaa" name="Test_suite_aaa.R"/>
    <testcase time="0.0350000000000001" classname="aaa" name="Test_suite_aaa.R"/>
    <testcase time="0.0270000000000001" classname="aaa" name="Test_suite_aaa.R"/>
    <testcase time="0.0270000000000001" classname="aaa" name="Test_suite_aaa.R"/>
    <testcase time="0.41" classname="aaa" name="Test_suite_aaa.R"/>
    <testcase time="0.0129999999999999" classname="aaa" name="Test_suite_aaa.R"/>
    <testcase time="0.00499999999999989" classname="aaa" name="Test_suite_aaa.R"/>
    <testcase time="0.00499999999999989" classname="aaa" name="Test_suite_aaa.R"/>
    <testcase time="0.00499999999999989" classname="aaa" name="Test_suite_aaa.R"/>
    <testcase time="0.00499999999999989" classname="aaa" name="Test_suite_aaa.R"/>
    <testcase time="0.00600000000000023" classname="aaa" name="Test_suite_aaa.R"/>
    <testcase time="0.0110000000000001" classname="aaa" name="Test_suite_aaa.R"/>
    <testcase time="0.00499999999999989" classname="aaa" name="Test_suite_aaa.R"/>
    <testcase time="0.00499999999999989" classname="aaa" name="Test_suite_aaa.R"/>
    <testcase time="0.00499999999999989" classname="aaa" name="Test_suite_aaa.R"/>
    <testcase time="0.00900000000000034" classname="aaa" name="Test_suite_aaa.R"/>
    <testcase time="0.0119999999999996" classname="aaa" name="Test_suite_aaa.R"/>
    <testcase time="0.0120000000000005" classname="aaa" name="Test_suite_aaa.R"/>
    <testcase time="0.0119999999999996" classname="aaa" name="Test_suite_aaa.R"/>
    <testcase time="0.0110000000000001" classname="aaa" name="Test_suite_aaa.R"/>
    <testcase time="0.0120000000000005" classname="aaa" name="Test_suite_aaa.R"/>
    <testcase time="0.016" classname="aaa" name="Test_suite_aaa.R"/>
    <testcase time="0.0219999999999994" classname="aaa" name="Test_suite_aaa.R"/>
    <testcase time="0.0120000000000005" classname="aaa" name="Test_suite_aaa.R"/>
    <testcase time="0.0179999999999998" classname="aaa" name="Test_suite_aaa.R"/>
    <testcase time="0.0209999999999999" classname="aaa" name="Test_suite_aaa.R"/>
    <testcase time="0.0209999999999999" classname="aaa" name="Test_suite_aaa.R"/>
    <testcase time="0.0170000000000003" classname="aaa" name="Test_suite_aaa.R"/>
    <testcase time="0.00900000000000034" classname="aaa" name="Test_suite_aaa.R"/>
    <testcase time="0.00399999999999956" classname="aaa" name="Test_suite_aaa.R"/>
    <testcase time="0.00600000000000023" classname="aaa" name="Test_suite_aaa.R"/>
    <testcase time="0.00999999999999979" classname="aaa" name="Test_suite_aaa.R"/>
    <testcase time="0.0120000000000005" classname="aaa" name="Test_suite_aaa.R"/>
    <testcase time="0.0139999999999993" classname="aaa" name="Test_suite_aaa.R"/>
    <testcase time="0.016" classname="aaa" name="Test_suite_aaa.R"/>
    <testcase time="0.0179999999999998" classname="aaa" name="Test_suite_aaa.R"/>
    <testcase time="0.0200000000000005" classname="aaa" name="Test_suite_aaa.R"/>
    <testcase time="0.0119999999999996" classname="aaa" name="Test_suite_aaa.R"/>
    <testcase time="0.00900000000000034" classname="aaa" name="Test_suite_aaa.R"/>
    <testcase time="0.00999999999999979" classname="aaa" name="Test_suite_aaa.R"/>
    <testcase time="0.0140000000000002" classname="aaa" name="Test_suite_aaa.R"/>
    <testcase time="0.0229999999999997" classname="aaa" name="Test_suite_aaa.R"/>
    <testcase time="0.0620000000000003" classname="aaa" name="Test_suite_aaa.R"/>
    <testcase time="0.0229999999999997" classname="aaa" name="Test_suite_aaa.R"/>
    <testcase time="0.00600000000000023" classname="aaa" name="Test_suite_aaa.R"/>
    <testcase time="0.00999999999999979" classname="aaa" name="Test_suite_aaa.R"/>
    <testcase time="0.00900000000000034" classname="aaa" name="Test_suite_aaa.R"/>
    <testcase time="0.00300000000000011" classname="aaa" name="Test_suite_aaa.R"/>
    <testcase time="0.00800000000000001" classname="aaa" name="Test_suite_aaa.R"/>
    <testcase time="0.016" classname="aaa" name="Test_suite_aaa.R"/>
    <testcase time="0.0149999999999997" classname="aaa" name="Test_suite_aaa.R"/>
    <testcase time="0.0120000000000005" classname="aaa" name="Test_suite_aaa.R"/>
    <testcase time="0.00399999999999956" classname="aaa" name="Test_suite_aaa.R"/>
    <testcase time="0.0179999999999998" classname="aaa" name="Test_suite_aaa.R"/>
    <testcase time="0.0210000000000008" classname="aaa" name="Test_suite_aaa.R"/>
    <testcase time="0.0139999999999993" classname="aaa" name="Test_suite_aaa.R"/>
    <testcase time="0.024" classname="aaa" name="Test_suite_aaa.R"/>
    <testcase time="0.024" classname="aaa" name="Test_suite_aaa.R"/>
    <testcase time="0.0150000000000006" classname="aaa" name="Test_suite_aaa.R"/>
    <testcase time="0.0179999999999998" classname="aaa" name="Test_suite_aaa.R"/>
    <testcase time="0.0190000000000001" classname="aaa" name="Test_suite_aaa.R"/>
    <testcase time="0.0270000000000001" classname="aaa" name="Test_suite_aaa.R"/>
    <testcase time="0.024" classname="aaa" name="Test_suite_aaa.R"/>
    <testcase time="0.024" classname="aaa" name="Test_suite_aaa.R"/>
    <testcase time="0.231" classname="aaa" name="Test_suite_aaa.R"/>
    <testcase time="0.0270000000000001" classname="aaa" name="Test_suite_aaa.R"/>
    <testcase time="0.00599999999999934" classname="aaa" name="Test_suite_aaa.R"/>
    <testcase time="0.00499999999999989" classname="aaa" name="Test_suite_aaa.R"/>
    <testcase time="0.00499999999999989" classname="aaa" name="Test_suite_aaa.R"/>
    <testcase time="0.00500000000000078" classname="aaa" name="Test_suite_aaa.R"/>
    <testcase time="0.00699999999999967" classname="aaa" name="Test_suite_aaa.R"/>
    <testcase time="0.00699999999999967" classname="aaa" name="Test_suite_aaa.R"/>
    <testcase time="0.00499999999999989" classname="aaa" name="Test_suite_aaa.R"/>
    <testcase time="0.00500000000000078" classname="aaa" name="Test_suite_aaa.R"/>
    <testcase time="0.00499999999999989" classname="aaa" name="Test_suite_aaa.R"/>
    <testcase time="0.00599999999999934" classname="aaa" name="Test_suite_aaa.R"/>
    <testcase time="0.00900000000000034" classname="aaa" name="Test_suite_aaa.R"/>
    <testcase time="0.00900000000000034" classname="aaa" name="Test_suite_aaa.R"/>
    <testcase time="0.00699999999999967" classname="aaa" name="Test_suite_aaa.R"/>
    <testcase time="0.00999999999999979" classname="aaa" name="Test_suite_aaa.R"/>
    <testcase time="0.00700000000000056" classname="aaa" name="Test_suite_aaa.R"/>
    <testcase time="0.00899999999999945" classname="aaa" name="Test_suite_aaa.R"/>
    <testcase time="0.00700000000000056" classname="aaa" name="Test_suite_aaa.R"/>
    <testcase time="0.00599999999999934" classname="aaa" name="Test_suite_aaa.R"/>
    <testcase time="0.0110000000000001" classname="aaa" name="Test_suite_aaa.R"/>
    <testcase time="0.0110000000000001" classname="aaa" name="Test_suite_aaa.R"/>
    <testcase time="0.0120000000000005" classname="aaa" name="Test_suite_aaa.R"/>
    <testcase time="0.00899999999999945" classname="aaa" name="Test_suite_aaa.R"/>
    <testcase time="0.00600000000000023" classname="aaa" name="Test_suite_aaa.R"/>
    <testcase time="0.00399999999999956" classname="aaa" name="Test_suite_aaa.R"/>
    <testcase time="0.00600000000000023" classname="aaa" name="Test_suite_aaa.R"/>
    <testcase time="0.00600000000000023" classname="aaa" name="Test_suite_aaa.R"/>
    <testcase time="0.00699999999999967" classname="aaa" name="Test_suite_aaa.R"/>
    <testcase time="0.00800000000000001" classname="aaa" name="Test_suite_aaa.R"/>
    <testcase time="0.00800000000000001" classname="aaa" name="Test_suite_aaa.R"/>
    <testcase time="0.0100000000000007" classname="aaa" name="Test_suite_aaa.R"/>
    <testcase time="0.00999999999999979" classname="aaa" name="Test_suite_aaa.R"/>
    <testcase time="0.00699999999999967" classname="aaa" name="Test_suite_aaa.R"/>
    <testcase time="0.00900000000000034" classname="aaa" name="Test_suite_aaa.R"/>
    <testcase time="0.00600000000000023" classname="aaa" name="Test_suite_aaa.R"/>
    <testcase time="0.00699999999999967" classname="aaa" name="Test_suite_aaa.R"/>
    <testcase time="0.00800000000000001" classname="aaa" name="Test_suite_aaa.R"/>
    <testcase time="0.00899999999999945" classname="aaa" name="Test_suite_aaa.R"/>
    <testcase time="0.016" classname="aaa" name="Test_suite_aaa.R"/>
    <testcase time="0.00500000000000078" classname="aaa" name="Test_suite_aaa.R"/>
    <testcase time="0.00800000000000001" classname="aaa" name="Test_suite_aaa.R"/>
    <testcase time="0.00800000000000001" classname="aaa" name="Test_suite_aaa.R"/>
    <testcase time="0.00199999999999978" classname="aaa" name="Test_suite_aaa.R"/>
    <testcase time="0.00499999999999989" classname="aaa" name="Test_suite_aaa.R"/>
    <testcase time="0.0110000000000001" classname="aaa" name="Test_suite_aaa.R"/>
    <testcase time="0.0140000000000002" classname="aaa" name="Test_suite_aaa.R"/>
    <testcase time="0.00699999999999967" classname="aaa" name="Test_suite_aaa.R"/>
    <testcase time="0.00399999999999956" classname="aaa" name="Test_suite_aaa.R"/>
    <testcase time="0.0120000000000005" classname="aaa" name="Test_suite_aaa.R"/>
    <testcase time="0.00499999999999989" classname="aaa" name="Test_suite_aaa.R"/>
    <testcase time="0.00499999999999989" classname="aaa" name="Test_suite_aaa.R"/>
    <testcase time="0.00600000000000023" classname="aaa" name="Test_suite_aaa.R"/>
    <testcase time="0.00499999999999989" classname="aaa" name="Test_suite_aaa.R"/>
    <testcase time="0.00600000000000023" classname="aaa" name="Test_suite_aaa.R"/>
    <testcase time="0.00999999999999979" classname="aaa" name="Test_suite_aaa.R"/>
    <testcase time="0.00499999999999989" classname="aaa" name="Test_suite_aaa.R"/>
    <testcase time="0.00600000000000023" classname="aaa" name="Test_suite_aaa.R"/>
    <testcase time="0.00499999999999989" classname="aaa" name="Test_suite_aaa.R"/>
    <testcase time="0.00900000000000034" classname="aaa" name="Test_suite_aaa.R"/>
    <testcase time="0.0109999999999992" classname="aaa" name="Test_suite_aaa.R"/>
    <testcase time="0.00900000000000034" classname="aaa" name="Test_suite_aaa.R"/>
    <testcase time="0.0110000000000001" classname="aaa" name="Test_suite_aaa.R"/>
    <testcase time="0.0110000000000001" classname="aaa" name="Test_suite_aaa.R"/>
    <testcase time="0.0110000000000001" classname="aaa" name="Test_suite_aaa.R"/>
    <testcase time="0.0129999999999999" classname="aaa" name="Test_suite_aaa.R"/>
    <testcase time="0.0149999999999997" classname="aaa" name="Test_suite_aaa.R"/>
    <testcase time="0.00900000000000034" classname="aaa" name="Test_suite_aaa.R"/>
    <testcase time="0.0129999999999999" classname="aaa" name="Test_suite_aaa.R"/>
    <testcase time="0.00999999999999979" classname="aaa" name="Test_suite_aaa.R"/>
    <testcase time="0.0149999999999997" classname="aaa" name="Test_suite_aaa.R"/>
    <testcase time="0.0190000000000001" classname="aaa" name="Test_suite_aaa.R"/>
    <testcase time="0.00900000000000034" classname="aaa" name="Test_suite_aaa.R"/>
    <testcase time="0.00399999999999956" classname="aaa" name="Test_suite_aaa.R"/>
    <testcase time="0.00700000000000056" classname="aaa" name="Test_suite_aaa.R"/>
    <testcase time="0.00899999999999945" classname="aaa" name="Test_suite_aaa.R"/>
    <testcase time="0.0110000000000001" classname="aaa" name="Test_suite_aaa.R"/>
    <testcase time="0.0129999999999999" classname="aaa" name="Test_suite_aaa.R"/>
    <testcase time="0.0140000000000002" classname="aaa" name="Test_suite_aaa.R"/>
    <testcase time="0.0170000000000003" classname="aaa" name="Test_suite_aaa.R"/>
    <testcase time="0.0179999999999998" classname="aaa" name="Test_suite_aaa.R"/>
    <testcase time="0.0110000000000001" classname="aaa" name="Test_suite_aaa.R"/>
    <testcase time="0.00999999999999979" classname="aaa" name="Test_suite_aaa.R"/>
    <testcase time="0.00900000000000034" classname="aaa" name="Test_suite_aaa.R"/>
    <testcase time="0.0110000000000001" classname="aaa" name="Test_suite_aaa.R"/>
    <testcase time="0.0129999999999999" classname="aaa" name="Test_suite_aaa.R"/>
    <testcase time="0.0149999999999997" classname="aaa" name="Test_suite_aaa.R"/>
    <testcase time="0.0179999999999998" classname="aaa" name="Test_suite_aaa.R"/>
    <testcase time="0.00700000000000056" classname="aaa" name="Test_suite_aaa.R"/>
    <testcase time="0.00899999999999945" classname="aaa" name="Test_suite_aaa.R"/>
    <testcase time="0.00700000000000056" classname="aaa" name="Test_suite_aaa.R"/>
    <testcase time="0.00299999999999923" classname="aaa" name="Test_suite_aaa.R"/>
    <testcase time="0.00800000000000001" classname="aaa" name="Test_suite_aaa.R"/>
    <testcase time="0.0150000000000006" classname="aaa" name="Test_suite_aaa.R"/>
    <testcase time="0.0179999999999998" classname="aaa" name="Test_suite_aaa.R"/>
    <testcase time="0.0110000000000001" classname="aaa" name="Test_suite_aaa.R"/>
    <testcase time="0.00399999999999956" classname="aaa" name="Test_suite_aaa.R"/>
    <testcase time="0.0130000000000008" classname="aaa" name="Test_suite_aaa.R"/>
    <testcase time="0.00499999999999989" classname="aaa" name="Test_suite_aaa.R"/>
    <testcase time="0.00599999999999934" classname="aaa" name="Test_suite_aaa.R"/>
    <testcase time="0.00500000000000078" classname="aaa" name="Test_suite_aaa.R"/>
    <testcase time="0.00599999999999934" classname="aaa" name="Test_suite_aaa.R"/>
    <testcase time="0.00600000000000023" classname="aaa" name="Test_suite_aaa.R"/>
    <testcase time="0.0110000000000001" classname="aaa" name="Test_suite_aaa.R"/>
    <testcase time="0.00600000000000023" classname="aaa" name="Test_suite_aaa.R"/>
    <testcase time="0.00499999999999989" classname="aaa" name="Test_suite_aaa.R"/>
    <testcase time="0.00599999999999934" classname="aaa" name="Test_suite_aaa.R"/>
    <testcase time="0.0100000000000007" classname="aaa" name="Test_suite_aaa.R"/>
    <testcase time="0.0119999999999996" classname="aaa" name="Test_suite_aaa.R"/>
    <testcase time="0.0120000000000005" classname="aaa" name="Test_suite_aaa.R"/>
    <testcase time="0.0119999999999996" classname="aaa" name="Test_suite_aaa.R"/>
    <testcase time="0.0110000000000001" classname="aaa" name="Test_suite_aaa.R"/>
    <testcase time="0.0120000000000005" classname="aaa" name="Test_suite_aaa.R"/>
    <testcase time="0.0139999999999993" classname="aaa" name="Test_suite_aaa.R"/>
    <testcase time="0.0170000000000003" classname="aaa" name="Test_suite_aaa.R"/>
    <testcase time="0.00999999999999979" classname="aaa" name="Test_suite_aaa.R"/>
    <testcase time="0.0140000000000002" classname="aaa" name="Test_suite_aaa.R"/>
    <testcase time="0.0169999999999995" classname="aaa" name="Test_suite_aaa.R"/>
    <testcase time="0.0200000000000005" classname="aaa" name="Test_suite_aaa.R"/>
    <testcase time="0.0170000000000003" classname="aaa" name="Test_suite_aaa.R"/>
    <testcase time="0.00999999999999979" classname="aaa" name="Test_suite_aaa.R"/>
    <testcase time="0.00499999999999989" classname="aaa" name="Test_suite_aaa.R"/>
    <testcase time="0.00699999999999967" classname="aaa" name="Test_suite_aaa.R"/>
    <testcase time="0.0100000000000007" classname="aaa" name="Test_suite_aaa.R"/>
    <testcase time="0.0119999999999996" classname="aaa" name="Test_suite_aaa.R"/>
    <testcase time="0.0140000000000002" classname="aaa" name="Test_suite_aaa.R"/>
    <testcase time="0.016" classname="aaa" name="Test_suite_aaa.R"/>
    <testcase time="0.0179999999999998" classname="aaa" name="Test_suite_aaa.R"/>
    <testcase time="0.0199999999999996" classname="aaa" name="Test_suite_aaa.R"/>
    <testcase time="0.0120000000000005" classname="aaa" name="Test_suite_aaa.R"/>
    <testcase time="0.00999999999999979" classname="aaa" name="Test_suite_aaa.R"/>
    <testcase time="0.00999999999999979" classname="aaa" name="Test_suite_aaa.R"/>
    <testcase time="0.0130000000000008" classname="aaa" name="Test_suite_aaa.R"/>
    <testcase time="0.016" classname="aaa" name="Test_suite_aaa.R"/>
    <testcase time="0.0209999999999999" classname="aaa" name="Test_suite_aaa.R"/>
    <testcase time="0.0229999999999997" classname="aaa" name="Test_suite_aaa.R"/>
    <testcase time="0.00999999999999979" classname="aaa" name="Test_suite_aaa.R"/>
    <testcase time="0.0110000000000001" classname="aaa" name="Test_suite_aaa.R"/>
    <testcase time="0.00999999999999979" classname="aaa" name="Test_suite_aaa.R"/>
    <testcase time="0.00300000000000011" classname="aaa" name="Test_suite_aaa.R"/>
    <testcase time="0.00800000000000001" classname="aaa" name="Test_suite_aaa.R"/>
    <testcase time="0.016" classname="aaa" name="Test_suite_aaa.R"/>
    <testcase time="0.0150000000000006" classname="aaa" name="Test_suite_aaa.R"/>
    <testcase time="0.0119999999999996" classname="aaa" name="Test_suite_aaa.R"/>
    <testcase time="0.00499999999999989" classname="aaa" name="Test_suite_aaa.R"/>
    <testcase time="0.0129999999999999" classname="aaa" name="Test_suite_aaa.R"/>
    <testcase time="0.00600000000000023" classname="aaa" name="Test_suite_aaa.R"/>
    <testcase time="0.00499999999999989" classname="aaa" name="Test_suite_aaa.R"/>
    <testcase time="0.00600000000000023" classname="aaa" name="Test_suite_aaa.R"/>
    <testcase time="0.00600000000000023" classname="aaa" name="Test_suite_aaa.R"/>
    <testcase time="0.00699999999999967" classname="aaa" name="Test_suite_aaa.R"/>
    <testcase time="0.0110000000000001" classname="aaa" name="Test_suite_aaa.R"/>
    <testcase time="0.00600000000000023" classname="aaa" name="Test_suite_aaa.R"/>
    <testcase time="0.00499999999999989" classname="aaa" name="Test_suite_aaa.R"/>
    <testcase time="0.00599999999999934" classname="aaa" name="Test_suite_aaa.R"/>
    <testcase time="0.0100000000000007" classname="aaa" name="Test_suite_aaa.R"/>
    <testcase time="0.0129999999999999" classname="aaa" name="Test_suite_aaa.R"/>
    <testcase time="0.0119999999999996" classname="aaa" name="Test_suite_aaa.R"/>
    <testcase time="0.0129999999999999" classname="aaa" name="Test_suite_aaa.R"/>
    <testcase time="0.0150000000000006" classname="aaa" name="Test_suite_aaa.R"/>
    <testcase time="0.0119999999999996" classname="aaa" name="Test_suite_aaa.R"/>
    <testcase time="0.0150000000000006" classname="aaa" name="Test_suite_aaa.R"/>
    <testcase time="0.0169999999999995" classname="aaa" name="Test_suite_aaa.R"/>
    <testcase time="0.00999999999999979" classname="aaa" name="Test_suite_aaa.R"/>
    <testcase time="0.0150000000000006" classname="aaa" name="Test_suite_aaa.R"/>
    <testcase time="0.0140000000000002" classname="aaa" name="Test_suite_aaa.R"/>
    <testcase time="0.0209999999999999" classname="aaa" name="Test_suite_aaa.R"/>
    <testcase time="0.0179999999999998" classname="aaa" name="Test_suite_aaa.R"/>
    <testcase time="0.00999999999999979" classname="aaa" name="Test_suite_aaa.R"/>
    <testcase time="0.00499999999999989" classname="aaa" name="Test_suite_aaa.R"/>
    <testcase time="0.00700000000000056" classname="aaa" name="Test_suite_aaa.R"/>
    <testcase time="0.00999999999999979" classname="aaa" name="Test_suite_aaa.R"/>
    <testcase time="0.0129999999999999" classname="aaa" name="Test_suite_aaa.R"/>
    <testcase time="0.0149999999999997" classname="aaa" name="Test_suite_aaa.R"/>
    <testcase time="0.0170000000000003" classname="aaa" name="Test_suite_aaa.R"/>
    <testcase time="0.0180000000000007" classname="aaa" name="Test_suite_aaa.R"/>
    <testcase time="0.020999999999999" classname="aaa" name="Test_suite_aaa.R"/>
    <testcase time="0.016" classname="aaa" name="Test_suite_aaa.R"/>
    <testcase time="0.00999999999999979" classname="aaa" name="Test_suite_aaa.R"/>
    <testcase time="0.00999999999999979" classname="aaa" name="Test_suite_aaa.R"/>
    <testcase time="0.0140000000000011" classname="aaa" name="Test_suite_aaa.R"/>
    <testcase time="0.020999999999999" classname="aaa" name="Test_suite_aaa.R"/>
    <testcase time="0.0370000000000008" classname="aaa" name="Test_suite_aaa.R"/>
    <testcase time="0.0220000000000002" classname="aaa" name="Test_suite_aaa.R"/>
    <testcase time="0.00999999999999979" classname="aaa" name="Test_suite_aaa.R"/>
    <testcase time="0.0109999999999992" classname="aaa" name="Test_suite_aaa.R"/>
    <testcase time="0.011000000000001" classname="aaa" name="Test_suite_aaa.R"/>
    <testcase time="0.00300000000000011" classname="aaa" name="Test_suite_aaa.R"/>
    <testcase time="0.00799999999999912" classname="aaa" name="Test_suite_aaa.R"/>
    <testcase time="0.016" classname="aaa" name="Test_suite_aaa.R"/>
    <testcase time="0.0169999999999995" classname="aaa" name="Test_suite_aaa.R"/>
    <testcase time="0.0120000000000005" classname="aaa" name="Test_suite_aaa.R"/>
    <testcase time="0.00500000000000078" classname="aaa" name="Test_suite_aaa.R"/>
    <testcase time="0.0129999999999999" classname="aaa" name="Test_suite_aaa.R"/>
    <testcase time="0.00600000000000023" classname="aaa" name="Test_suite_aaa.R"/>
    <testcase time="0.00899999999999856" classname="aaa" name="Test_suite_aaa.R"/>
    <testcase time="0.00600000000000023" classname="aaa" name="Test_suite_aaa.R"/>
    <testcase time="0.00500000000000078" classname="aaa" name="Test_suite_aaa.R"/>
    <testcase time="0.00799999999999912" classname="aaa" name="Test_suite_aaa.R"/>
    <testcase time="0.011000000000001" classname="aaa" name="Test_suite_aaa.R"/>
    <testcase time="0.00600000000000023" classname="aaa" name="Test_suite_aaa.R"/>
    <testcase time="0.00600000000000023" classname="aaa" name="Test_suite_aaa.R"/>
    <testcase time="0.00499999999999901" classname="aaa" name="Test_suite_aaa.R"/>
    <testcase time="0.011000000000001" classname="aaa" name="Test_suite_aaa.R"/>
    <testcase time="0.0119999999999987" classname="aaa" name="Test_suite_aaa.R"/>
    <testcase time="0.0129999999999999" classname="aaa" name="Test_suite_aaa.R"/>
    <testcase time="0.0120000000000005" classname="aaa" name="Test_suite_aaa.R"/>
    <testcase time="0.0129999999999999" classname="aaa" name="Test_suite_aaa.R"/>
    <testcase time="0.0120000000000005" classname="aaa" name="Test_suite_aaa.R"/>
    <testcase time="0.0150000000000006" classname="aaa" name="Test_suite_aaa.R"/>
    <testcase time="0.0169999999999995" classname="aaa" name="Test_suite_aaa.R"/>
    <testcase time="0.0109999999999992" classname="aaa" name="Test_suite_aaa.R"/>
    <testcase time="0.0140000000000011" classname="aaa" name="Test_suite_aaa.R"/>
    <testcase time="0.0149999999999988" classname="aaa" name="Test_suite_aaa.R"/>
    <testcase time="0.0210000000000008" classname="aaa" name="Test_suite_aaa.R"/>
    <testcase time="0.020999999999999" classname="aaa" name="Test_suite_aaa.R"/>
    <testcase time="0.0100000000000016" classname="aaa" name="Test_suite_aaa.R"/>
    <testcase time="0.00599999999999845" classname="aaa" name="Test_suite_aaa.R"/>
    <testcase time="0.00600000000000023" classname="aaa" name="Test_suite_aaa.R"/>
    <testcase time="0.011000000000001" classname="aaa" name="Test_suite_aaa.R"/>
    <testcase time="0.0129999999999999" classname="aaa" name="Test_suite_aaa.R"/>
    <testcase time="0.0139999999999993" classname="aaa" name="Test_suite_aaa.R"/>
    <testcase time="0.0169999999999995" classname="aaa" name="Test_suite_aaa.R"/>
    <testcase time="0.0190000000000001" classname="aaa" name="Test_suite_aaa.R"/>
    <testcase time="0.0210000000000008" classname="aaa" name="Test_suite_aaa.R"/>
    <testcase time="0.0129999999999999" classname="aaa" name="Test_suite_aaa.R"/>
    <testcase time="0.00900000000000034" classname="aaa" name="Test_suite_aaa.R"/>
    <testcase time="0.0109999999999992" classname="aaa" name="Test_suite_aaa.R"/>
    <testcase time="0.0150000000000006" classname="aaa" name="Test_suite_aaa.R"/>
    <testcase time="0.0210000000000008" classname="aaa" name="Test_suite_aaa.R"/>
    <testcase time="0.036999999999999" classname="aaa" name="Test_suite_aaa.R"/>
    <testcase time="0.0250000000000004" classname="aaa" name="Test_suite_aaa.R"/>
    <testcase time="0.00999999999999979" classname="aaa" name="Test_suite_aaa.R"/>
    <testcase time="0.0120000000000005" classname="aaa" name="Test_suite_aaa.R"/>
    <testcase time="0.00999999999999979" classname="aaa" name="Test_suite_aaa.R"/>
    <testcase time="0.00399999999999956" classname="aaa" name="Test_suite_aaa.R"/>
    <testcase time="0.0080000000000009" classname="aaa" name="Test_suite_aaa.R"/>
    <testcase time="0.0169999999999995" classname="aaa" name="Test_suite_aaa.R"/>
    <testcase time="0.0169999999999995" classname="aaa" name="Test_suite_aaa.R"/>
    <testcase time="0.0120000000000005" classname="aaa" name="Test_suite_aaa.R"/>
    <testcase time="0.00499999999999901" classname="aaa" name="Test_suite_aaa.R"/>
    <testcase time="0.0130000000000017" classname="aaa" name="Test_suite_aaa.R"/>
    <testcase time="0.0169999999999995" classname="aaa" name="Test_suite_aaa.R"/>
    <testcase time="0.0120000000000005" classname="aaa" name="Test_suite_aaa.R"/>
    <testcase time="0.00999999999999979" classname="aaa" name="Test_suite_aaa.R"/>
    <testcase time="0.0119999999999987" classname="aaa" name="Test_suite_aaa.R"/>
    <testcase time="0.0100000000000016" classname="aaa" name="Test_suite_aaa.R"/>
    <testcase time="0.0109999999999992" classname="aaa" name="Test_suite_aaa.R"/>
    <testcase time="0.0190000000000001" classname="aaa" name="Test_suite_aaa.R"/>
    <testcase time="0.016" classname="aaa" name="Test_suite_aaa.R"/>
    <testcase time="0.0139999999999993" classname="aaa" name="Test_suite_aaa.R"/>
    <testcase time="0.0180000000000007" classname="aaa" name="Test_suite_aaa.R"/>
    <testcase time="0.0190000000000001" classname="aaa" name="Test_suite_aaa.R"/>
    <testcase time="0.0139999999999993" classname="aaa" name="Test_suite_aaa.R"/>
    <testcase time="0.0129999999999999" classname="aaa" name="Test_suite_aaa.R"/>
    <testcase time="0.016" classname="aaa" name="Test_suite_aaa.R"/>
    <testcase time="0.0210000000000008" classname="aaa" name="Test_suite_aaa.R"/>
    <testcase time="0.0149999999999988" classname="aaa" name="Test_suite_aaa.R"/>
    <testcase time="0.0200000000000014" classname="aaa" name="Test_suite_aaa.R"/>
    <testcase time="0.020999999999999" classname="aaa" name="Test_suite_aaa.R"/>
    <testcase time="0.0150000000000006" classname="aaa" name="Test_suite_aaa.R"/>
    <testcase time="0.0150000000000006" classname="aaa" name="Test_suite_aaa.R"/>
    <testcase time="0.0199999999999996" classname="aaa" name="Test_suite_aaa.R"/>
    <testcase time="0.020999999999999" classname="aaa" name="Test_suite_aaa.R"/>
    <testcase time="0.0170000000000012" classname="aaa" name="Test_suite_aaa.R"/>
    <testcase time="0.0199999999999996" classname="aaa" name="Test_suite_aaa.R"/>
    <testcase time="0.0210000000000008" classname="aaa" name="Test_suite_aaa.R"/>
    <testcase time="0.0149999999999988" classname="aaa" name="Test_suite_aaa.R"/>
    <testcase time="0.0140000000000011" classname="aaa" name="Test_suite_aaa.R"/>
    <testcase time="0.0179999999999989" classname="aaa" name="Test_suite_aaa.R"/>
    <testcase time="0.0220000000000002" classname="aaa" name="Test_suite_aaa.R"/>
    <testcase time="0.0150000000000006" classname="aaa" name="Test_suite_aaa.R"/>
    <testcase time="0.0229999999999997" classname="aaa" name="Test_suite_aaa.R"/>
    <testcase time="0.0229999999999997" classname="aaa" name="Test_suite_aaa.R"/>
    <testcase time="0.016" classname="aaa" name="Test_suite_aaa.R"/>
    <testcase time="0.0150000000000006" classname="aaa" name="Test_suite_aaa.R"/>
    <testcase time="0.0179999999999989" classname="aaa" name="Test_suite_aaa.R"/>
    <testcase time="0.0250000000000004" classname="aaa" name="Test_suite_aaa.R"/>
    <testcase time="0.0140000000000011" classname="aaa" name="Test_suite_aaa.R"/>
    <testcase time="0.0239999999999991" classname="aaa" name="Test_suite_aaa.R"/>
    <testcase time="0.0229999999999997" classname="aaa" name="Test_suite_aaa.R"/>
    <testcase time="0.016" classname="aaa" name="Test_suite_aaa.R"/>
    <testcase time="0.016" classname="aaa" name="Test_suite_aaa.R"/>
    <testcase time="0.0170000000000012" classname="aaa" name="Test_suite_aaa.R"/>
    <testcase time="0.0199999999999996" classname="aaa" name="Test_suite_aaa.R"/>
    <testcase time="0.0149999999999988" classname="aaa" name="Test_suite_aaa.R"/>
    <testcase time="0.0210000000000008" classname="aaa" name="Test_suite_aaa.R"/>
    <testcase time="0.0210000000000008" classname="aaa" name="Test_suite_aaa.R"/>
    <testcase time="0.0149999999999988" classname="aaa" name="Test_suite_aaa.R"/>
    <testcase time="0.0150000000000006" classname="aaa" name="Test_suite_aaa.R"/>
    <testcase time="0.0139999999999993" classname="aaa" name="Test_suite_aaa.R"/>
    <testcase time="0.0190000000000001" classname="aaa" name="Test_suite_aaa.R"/>
    <testcase time="0.0140000000000011" classname="aaa" name="Test_suite_aaa.R"/>
    <testcase time="0.0149999999999988" classname="aaa" name="Test_suite_aaa.R"/>
    <testcase time="0.0120000000000005" classname="aaa" name="Test_suite_aaa.R"/>
    <testcase time="0.0109999999999992" classname="aaa" name="Test_suite_aaa.R"/>
    <testcase time="0.0129999999999999" classname="aaa" name="Test_suite_aaa.R"/>
    <testcase time="0.0170000000000012" classname="aaa" name="Test_suite_aaa.R"/>
    <testcase time="0.0169999999999995" classname="aaa" name="Test_suite_aaa.R"/>
    <testcase time="0.0190000000000001" classname="aaa" name="Test_suite_aaa.R"/>
    <testcase time="0.0190000000000001" classname="aaa" name="Test_suite_aaa.R"/>
    <testcase time="0.0399999999999991" classname="aaa" name="Test_suite_aaa.R"/>
    <testcase time="0.0190000000000001" classname="aaa" name="Test_suite_aaa.R"/>
    <testcase time="0.0200000000000014" classname="aaa" name="Test_suite_aaa.R"/>
    <testcase time="0.0259999999999998" classname="aaa" name="Test_suite_aaa.R"/>
    <testcase time="0.0199999999999996" classname="aaa" name="Test_suite_aaa.R"/>
    <testcase time="0.052999999999999" classname="aaa" name="Test_suite_aaa.R"/>
    <testcase time="0.0190000000000001" classname="aaa" name="Test_suite_aaa.R"/>
    <testcase time="0.0240000000000009" classname="aaa" name="Test_suite_aaa.R"/>
    <testcase time="0.0220000000000002" classname="aaa" name="Test_suite_aaa.R"/>
    <testcase time="0.0220000000000002" classname="aaa" name="Test_suite_aaa.R"/>
    <testcase time="0.100999999999999" classname="aaa" name="Test_suite_aaa.R"/>
    <testcase time="0.0190000000000001" classname="aaa" name="Test_suite_aaa.R"/>
    <testcase time="0.0199999999999996" classname="aaa" name="Test_suite_aaa.R"/>
    <testcase time="0.0229999999999997" classname="aaa" name="Test_suite_aaa.R"/>
    <testcase time="0.0220000000000002" classname="aaa" name="Test_suite_aaa.R"/>
    <testcase time="0.0540000000000003" classname="aaa" name="Test_suite_aaa.R"/>
    <testcase time="0.0190000000000001" classname="aaa" name="Test_suite_aaa.R"/>
    <testcase time="0.0180000000000007" classname="aaa" name="Test_suite_aaa.R"/>
    <testcase time="0.020999999999999" classname="aaa" name="Test_suite_aaa.R"/>
    <testcase time="0.0210000000000008" classname="aaa" name="Test_suite_aaa.R"/>
    <testcase time="0.0440000000000005" classname="aaa" name="Test_suite_aaa.R"/>
  </testsuite>
  <testsuite name="aab" timestamp="2025-06-08T07:59:51Z" hostname="73faa9530bc4" tests="100" skipped="0" failures="0" errors="0" time="6.573">
    <testcase time="0.0219999999999985" classname="aab" name="Test_suite_aab.R"/>
    <testcase time="0.0100000000000016" classname="aab" name="Test_suite_aab.R"/>
    <testcase time="0.00499999999999901" classname="aab" name="Test_suite_aab.R"/>
    <testcase time="0.00500000000000078" classname="aab" name="Test_suite_aab.R"/>
    <testcase time="0.00600000000000023" classname="aab" name="Test_suite_aab.R"/>
    <testcase time="0.00499999999999901" classname="aab" name="Test_suite_aab.R"/>
    <testcase time="0.00500000000000078" classname="aab" name="Test_suite_aab.R"/>
    <testcase time="0.00600000000000023" classname="aab" name="Test_suite_aab.R"/>
    <testcase time="0.0139999999999993" classname="aab" name="Test_suite_aab.R"/>
    <testcase time="0.0239999999999991" classname="aab" name="Test_suite_aab.R"/>
    <testcase time="0.0250000000000004" classname="aab" name="Test_suite_aab.R"/>
    <testcase time="0.0389999999999997" classname="aab" name="Test_suite_aab.R"/>
    <testcase time="0.0820000000000007" classname="aab" name="Test_suite_aab.R"/>
    <testcase time="0.00999999999999979" classname="aab" name="Test_suite_aab.R"/>
    <testcase time="0.0199999999999996" classname="aab" name="Test_suite_aab.R"/>
    <testcase time="0.0609999999999999" classname="aab" name="Test_suite_aab.R"/>
    <testcase time="0.267000000000001" classname="aab" name="Test_suite_aab.R"/>
    <testcase time="0.0249999999999986" classname="aab" name="Test_suite_aab.R"/>
    <testcase time="0.0230000000000015" classname="aab" name="Test_suite_aab.R"/>
    <testcase time="0.0809999999999995" classname="aab" name="Test_suite_aab.R"/>
    <testcase time="0.363" classname="aab" name="Test_suite_aab.R"/>
    <testcase time="0.00900000000000034" classname="aab" name="Test_suite_aab.R"/>
    <testcase time="0.0190000000000001" classname="aab" name="Test_suite_aab.R"/>
    <testcase time="0.0510000000000002" classname="aab" name="Test_suite_aab.R"/>
    <testcase time="0.208" classname="aab" name="Test_suite_aab.R"/>
    <testcase time="0.0220000000000002" classname="aab" name="Test_suite_aab.R"/>
    <testcase time="0.00899999999999856" classname="aab" name="Test_suite_aab.R"/>
    <testcase time="0.00500000000000078" classname="aab" name="Test_suite_aab.R"/>
    <testcase time="0.00600000000000023" classname="aab" name="Test_suite_aab.R"/>
    <testcase time="0.00499999999999901" classname="aab" name="Test_suite_aab.R"/>
    <testcase time="0.00500000000000078" classname="aab" name="Test_suite_aab.R"/>
    <testcase time="0.00600000000000023" classname="aab" name="Test_suite_aab.R"/>
    <testcase time="0.00499999999999901" classname="aab" name="Test_suite_aab.R"/>
    <testcase time="0.0289999999999999" classname="aab" name="Test_suite_aab.R"/>
    <testcase time="0.0250000000000004" classname="aab" name="Test_suite_aab.R"/>
    <testcase time="0.0280000000000005" classname="aab" name="Test_suite_aab.R"/>
    <testcase time="0.0440000000000005" classname="aab" name="Test_suite_aab.R"/>
    <testcase time="0.113" classname="aab" name="Test_suite_aab.R"/>
    <testcase time="0.00900000000000034" classname="aab" name="Test_suite_aab.R"/>
    <testcase time="0.0220000000000002" classname="aab" name="Test_suite_aab.R"/>
    <testcase time="0.0779999999999994" classname="aab" name="Test_suite_aab.R"/>
    <testcase time="0.394" classname="aab" name="Test_suite_aab.R"/>
    <testcase time="0.00999999999999979" classname="aab" name="Test_suite_aab.R"/>
    <testcase time="0.0229999999999997" classname="aab" name="Test_suite_aab.R"/>
    <testcase time="0.0950000000000006" classname="aab" name="Test_suite_aab.R"/>
    <testcase time="0.514999999999999" classname="aab" name="Test_suite_aab.R"/>
    <testcase time="0.0100000000000016" classname="aab" name="Test_suite_aab.R"/>
    <testcase time="0.0249999999999986" classname="aab" name="Test_suite_aab.R"/>
    <testcase time="0.100000000000001" classname="aab" name="Test_suite_aab.R"/>
    <testcase time="0.543999999999999" classname="aab" name="Test_suite_aab.R"/>
    <testcase time="0.00900000000000034" classname="aab" name="Test_suite_aab.R"/>
    <testcase time="0.00900000000000034" classname="aab" name="Test_suite_aab.R"/>
    <testcase time="0.00900000000000034" classname="aab" name="Test_suite_aab.R"/>
    <testcase time="0.00900000000000034" classname="aab" name="Test_suite_aab.R"/>
    <testcase time="0.00899999999999856" classname="aab" name="Test_suite_aab.R"/>
    <testcase time="0.00900000000000034" classname="aab" name="Test_suite_aab.R"/>
    <testcase time="0.00900000000000034" classname="aab" name="Test_suite_aab.R"/>
    <testcase time="0.00900000000000034" classname="aab" name="Test_suite_aab.R"/>
    <testcase time="0.0149999999999988" classname="aab" name="Test_suite_aab.R"/>
    <testcase time="0.0240000000000009" classname="aab" name="Test_suite_aab.R"/>
    <testcase time="0.0210000000000008" classname="aab" name="Test_suite_aab.R"/>
    <testcase time="0.0339999999999989" classname="aab" name="Test_suite_aab.R"/>
    <testcase time="0.0760000000000005" classname="aab" name="Test_suite_aab.R"/>
    <testcase time="0.00999999999999979" classname="aab" name="Test_suite_aab.R"/>
    <testcase time="0.0190000000000001" classname="aab" name="Test_suite_aab.R"/>
    <testcase time="0.0540000000000003" classname="aab" name="Test_suite_aab.R"/>
    <testcase time="0.196" classname="aab" name="Test_suite_aab.R"/>
    <testcase time="0.0129999999999999" classname="aab" name="Test_suite_aab.R"/>
    <testcase time="0.016" classname="aab" name="Test_suite_aab.R"/>
    <testcase time="0.0359999999999996" classname="aab" name="Test_suite_aab.R"/>
    <testcase time="0.101000000000001" classname="aab" name="Test_suite_aab.R"/>
    <testcase time="0.0109999999999992" classname="aab" name="Test_suite_aab.R"/>
    <testcase time="0.0220000000000002" classname="aab" name="Test_suite_aab.R"/>
    <testcase time="0.0690000000000008" classname="aab" name="Test_suite_aab.R"/>
    <testcase time="0.254999999999999" classname="aab" name="Test_suite_aab.R"/>
    <testcase time="0.00999999999999979" classname="aab" name="Test_suite_aab.R"/>
    <testcase time="0.00900000000000034" classname="aab" name="Test_suite_aab.R"/>
    <testcase time="0.00600000000000023" classname="aab" name="Test_suite_aab.R"/>
    <testcase time="0.00499999999999901" classname="aab" name="Test_suite_aab.R"/>
    <testcase time="0.00600000000000023" classname="aab" name="Test_suite_aab.R"/>
    <testcase time="0.00600000000000023" classname="aab" name="Test_suite_aab.R"/>
    <testcase time="0.00600000000000023" classname="aab" name="Test_suite_aab.R"/>
    <testcase time="0.00500000000000078" classname="aab" name="Test_suite_aab.R"/>
    <testcase time="0.016" classname="aab" name="Test_suite_aab.R"/>
    <testcase time="0.0259999999999998" classname="aab" name="Test_suite_aab.R"/>
    <testcase time="0.0309999999999988" classname="aab" name="Test_suite_aab.R"/>
    <testcase time="0.0590000000000011" classname="aab" name="Test_suite_aab.R"/>
    <testcase time="0.109999999999999" classname="aab" name="Test_suite_aab.R"/>
    <testcase time="0.00999999999999979" classname="aab" name="Test_suite_aab.R"/>
    <testcase time="0.0250000000000004" classname="aab" name="Test_suite_aab.R"/>
    <testcase time="0.0739999999999998" classname="aab" name="Test_suite_aab.R"/>
    <testcase time="0.394" classname="aab" name="Test_suite_aab.R"/>
    <testcase time="0.00999999999999979" classname="aab" name="Test_suite_aab.R"/>
    <testcase time="0.0310000000000006" classname="aab" name="Test_suite_aab.R"/>
    <testcase time="0.119" classname="aab" name="Test_suite_aab.R"/>
    <testcase time="0.687000000000001" classname="aab" name="Test_suite_aab.R"/>
    <testcase time="0.00999999999999801" classname="aab" name="Test_suite_aab.R"/>
    <testcase time="0.0190000000000019" classname="aab" name="Test_suite_aab.R"/>
    <testcase time="0.0579999999999998" classname="aab" name="Test_suite_aab.R"/>
    <testcase time="0.285" classname="aab" name="Test_suite_aab.R"/>
  </testsuite>
  <testsuite name="aac" timestamp="2025-06-08T07:59:58Z" hostname="73faa9530bc4" tests="100" skipped="0" failures="0" errors="0" time="8.34">
    <testcase time="0.0229999999999997" classname="aac" name="Test_suite_aac.R"/>
    <testcase time="0.00799999999999912" classname="aac" name="Test_suite_aac.R"/>
    <testcase time="0.00600000000000023" classname="aac" name="Test_suite_aac.R"/>
    <testcase time="0.00499999999999901" classname="aac" name="Test_suite_aac.R"/>
    <testcase time="0.00500000000000256" classname="aac" name="Test_suite_aac.R"/>
    <testcase time="0.00599999999999667" classname="aac" name="Test_suite_aac.R"/>
    <testcase time="0.00500000000000256" classname="aac" name="Test_suite_aac.R"/>
    <testcase time="0.00499999999999901" classname="aac" name="Test_suite_aac.R"/>
    <testcase time="0.0139999999999993" classname="aac" name="Test_suite_aac.R"/>
    <testcase time="0.022000000000002" classname="aac" name="Test_suite_aac.R"/>
    <testcase time="0.0219999999999985" classname="aac" name="Test_suite_aac.R"/>
    <testcase time="0.0330000000000013" classname="aac" name="Test_suite_aac.R"/>
    <testcase time="0.0799999999999983" classname="aac" name="Test_suite_aac.R"/>
    <testcase time="0.00900000000000034" classname="aac" name="Test_suite_aac.R"/>
    <testcase time="0.0240000000000009" classname="aac" name="Test_suite_aac.R"/>
    <testcase time="0.0579999999999998" classname="aac" name="Test_suite_aac.R"/>
    <testcase time="0.285" classname="aac" name="Test_suite_aac.R"/>
    <testcase time="0.0240000000000009" classname="aac" name="Test_suite_aac.R"/>
    <testcase time="0.0209999999999972" classname="aac" name="Test_suite_aac.R"/>
    <testcase time="0.0760000000000005" classname="aac" name="Test_suite_aac.R"/>
    <testcase time="0.377000000000002" classname="aac" name="Test_suite_aac.R"/>
    <testcase time="0.00999999999999801" classname="aac" name="Test_suite_aac.R"/>
    <testcase time="0.022000000000002" classname="aac" name="Test_suite_aac.R"/>
    <testcase time="0.0849999999999973" classname="aac" name="Test_suite_aac.R"/>
    <testcase time="0.441000000000003" classname="aac" name="Test_suite_aac.R"/>
    <testcase time="0.0109999999999992" classname="aac" name="Test_suite_aac.R"/>
    <testcase time="0.00999999999999801" classname="aac" name="Test_suite_aac.R"/>
    <testcase time="0.00900000000000034" classname="aac" name="Test_suite_aac.R"/>
    <testcase time="0.0100000000000016" classname="aac" name="Test_suite_aac.R"/>
    <testcase time="0.00999999999999801" classname="aac" name="Test_suite_aac.R"/>
    <testcase time="0.0100000000000016" classname="aac" name="Test_suite_aac.R"/>
    <testcase time="0.00900000000000034" classname="aac" name="Test_suite_aac.R"/>
    <testcase time="0.00999999999999801" classname="aac" name="Test_suite_aac.R"/>
    <testcase time="0.0150000000000006" classname="aac" name="Test_suite_aac.R"/>
    <testcase time="0.0250000000000021" classname="aac" name="Test_suite_aac.R"/>
    <testcase time="0.0299999999999976" classname="aac" name="Test_suite_aac.R"/>
    <testcase time="0.0410000000000004" classname="aac" name="Test_suite_aac.R"/>
    <testcase time="0.0910000000000011" classname="aac" name="Test_suite_aac.R"/>
    <testcase time="0.0100000000000016" classname="aac" name="Test_suite_aac.R"/>
    <testcase time="0.0229999999999997" classname="aac" name="Test_suite_aac.R"/>
    <testcase time="0.108999999999998" classname="aac" name="Test_suite_aac.R"/>
    <testcase time="0.552" classname="aac" name="Test_suite_aac.R"/>
    <testcase time="0.0100000000000016" classname="aac" name="Test_suite_aac.R"/>
    <testcase time="0.0259999999999998" classname="aac" name="Test_suite_aac.R"/>
    <testcase time="0.114999999999998" classname="aac" name="Test_suite_aac.R"/>
    <testcase time="0.690000000000001" classname="aac" name="Test_suite_aac.R"/>
    <testcase time="0.0109999999999992" classname="aac" name="Test_suite_aac.R"/>
    <testcase time="0.036999999999999" classname="aac" name="Test_suite_aac.R"/>
    <testcase time="0.167000000000002" classname="aac" name="Test_suite_aac.R"/>
    <testcase time="1.082" classname="aac" name="Test_suite_aac.R"/>
    <testcase time="0.00600000000000023" classname="aac" name="Test_suite_aac.R"/>
    <testcase time="0.00499999999999901" classname="aac" name="Test_suite_aac.R"/>
    <testcase time="0.00600000000000023" classname="aac" name="Test_suite_aac.R"/>
    <testcase time="0.00499999999999901" classname="aac" name="Test_suite_aac.R"/>
    <testcase time="0.00600000000000023" classname="aac" name="Test_suite_aac.R"/>
    <testcase time="0.0100000000000016" classname="aac" name="Test_suite_aac.R"/>
    <testcase time="0.00600000000000023" classname="aac" name="Test_suite_aac.R"/>
    <testcase time="0.00499999999999901" classname="aac" name="Test_suite_aac.R"/>
    <testcase time="0.0150000000000006" classname="aac" name="Test_suite_aac.R"/>
    <testcase time="0.0249999999999986" classname="aac" name="Test_suite_aac.R"/>
    <testcase time="0.0289999999999999" classname="aac" name="Test_suite_aac.R"/>
    <testcase time="0.0429999999999993" classname="aac" name="Test_suite_aac.R"/>
    <testcase time="0.103000000000002" classname="aac" name="Test_suite_aac.R"/>
    <testcase time="0.00900000000000034" classname="aac" name="Test_suite_aac.R"/>
    <testcase time="0.0199999999999996" classname="aac" name="Test_suite_aac.R"/>
    <testcase time="0.0590000000000011" classname="aac" name="Test_suite_aac.R"/>
    <testcase time="0.295999999999999" classname="aac" name="Test_suite_aac.R"/>
    <testcase time="0.00999999999999801" classname="aac" name="Test_suite_aac.R"/>
    <testcase time="0.0229999999999997" classname="aac" name="Test_suite_aac.R"/>
    <testcase time="0.102" classname="aac" name="Test_suite_aac.R"/>
    <testcase time="0.544" classname="aac" name="Test_suite_aac.R"/>
    <testcase time="0.0100000000000016" classname="aac" name="Test_suite_aac.R"/>
    <testcase time="0.0219999999999985" classname="aac" name="Test_suite_aac.R"/>
    <testcase time="0.0749999999999993" classname="aac" name="Test_suite_aac.R"/>
    <testcase time="0.416" classname="aac" name="Test_suite_aac.R"/>
    <testcase time="0.0110000000000028" classname="aac" name="Test_suite_aac.R"/>
    <testcase time="0.00999999999999801" classname="aac" name="Test_suite_aac.R"/>
    <testcase time="0.00900000000000034" classname="aac" name="Test_suite_aac.R"/>
    <testcase time="0.00900000000000034" classname="aac" name="Test_suite_aac.R"/>
    <testcase time="0.0100000000000016" classname="aac" name="Test_suite_aac.R"/>
    <testcase time="0.00899999999999679" classname="aac" name="Test_suite_aac.R"/>
    <testcase time="0.00900000000000034" classname="aac" name="Test_suite_aac.R"/>
    <testcase time="0.00900000000000034" classname="aac" name="Test_suite_aac.R"/>
    <testcase time="0.0150000000000006" classname="aac" name="Test_suite_aac.R"/>
    <testcase time="0.0300000000000011" classname="aac" name="Test_suite_aac.R"/>
    <testcase time="0.0279999999999987" classname="aac" name="Test_suite_aac.R"/>
    <testcase time="0.0489999999999995" classname="aac" name="Test_suite_aac.R"/>
    <testcase time="0.0920000000000023" classname="aac" name="Test_suite_aac.R"/>
    <testcase time="0.00999999999999801" classname="aac" name="Test_suite_aac.R"/>
    <testcase time="0.022000000000002" classname="aac" name="Test_suite_aac.R"/>
    <testcase time="0.0800000000000018" classname="aac" name="Test_suite_aac.R"/>
    <testcase time="0.506999999999998" classname="aac" name="Test_suite_aac.R"/>
    <testcase time="0.0110000000000028" classname="aac" name="Test_suite_aac.R"/>
    <testcase time="0.0229999999999997" classname="aac" name="Test_suite_aac.R"/>
    <testcase time="0.0829999999999984" classname="aac" name="Test_suite_aac.R"/>
    <testcase time="0.358000000000001" classname="aac" name="Test_suite_aac.R"/>
    <testcase time="0.00999999999999801" classname="aac" name="Test_suite_aac.R"/>
    <testcase time="0.0200000000000031" classname="aac" name="Test_suite_aac.R"/>
    <testcase time="0.0599999999999987" classname="aac" name="Test_suite_aac.R"/>
    <testcase time="0.236999999999998" classname="aac" name="Test_suite_aac.R"/>
  </testsuite>
  <testsuite name="aad" timestamp="2025-06-08T08:00:06Z" hostname="73faa9530bc4" tests="43" skipped="0" failures="0" errors="0" time="0.839">
    <testcase time="0.0620000000000012" classname="aad" name="test_suite_aad"/>
    <testcase time="0.0130000000000017" classname="aad" name="test_suite_aad"/>
    <testcase time="0.0139999999999993" classname="aad" name="test_suite_aad"/>
    <testcase time="0.0150000000000006" classname="aad" name="test_suite_aad"/>
    <testcase time="0.0139999999999993" classname="aad" name="test_suite_aad"/>
    <testcase time="0.0150000000000006" classname="aad" name="test_suite_aad"/>
    <testcase time="0.0150000000000006" classname="aad" name="test_suite_aad"/>
    <testcase time="0.014999999999997" classname="aad" name="test_suite_aad"/>
    <testcase time="0.0200000000000031" classname="aad" name="test_suite_aad"/>
    <testcase time="0.014999999999997" classname="aad" name="test_suite_aad"/>
    <testcase time="0.0160000000000018" classname="aad" name="test_suite_aad"/>
    <testcase time="0.0159999999999982" classname="aad" name="test_suite_aad"/>
    <testcase time="0.0160000000000018" classname="aad" name="test_suite_aad"/>
    <testcase time="0.0169999999999995" classname="aad" name="test_suite_aad"/>
    <testcase time="0.0169999999999995" classname="aad" name="test_suite_aad"/>
    <testcase time="0.0190000000000019" classname="aad" name="test_suite_aad"/>
    <testcase time="0.0189999999999984" classname="aad" name="test_suite_aad"/>
    <testcase time="0.0199999999999996" classname="aad" name="test_suite_aad"/>
    <testcase time="0.0210000000000008" classname="aad" name="test_suite_aad"/>
    <testcase time="0.0219999999999985" classname="aad" name="test_suite_aad"/>
    <testcase time="0.0130000000000017" classname="aad" name="test_suite_aad"/>
    <testcase time="0.0139999999999993" classname="aad" name="test_suite_aad"/>
    <testcase time="0.0130000000000017" classname="aad" name="test_suite_aad"/>
    <testcase time="0.0129999999999981" classname="aad" name="test_suite_aad"/>
    <testcase time="0.0139999999999993" classname="aad" name="test_suite_aad"/>
    <testcase time="0.0130000000000017" classname="aad" name="test_suite_aad"/>
    <testcase time="0.0169999999999995" classname="aad" name="test_suite_aad"/>
    <testcase time="0.0130000000000017" classname="aad" name="test_suite_aad"/>
    <testcase time="0.0139999999999993" classname="aad" name="test_suite_aad"/>
    <testcase time="0.0129999999999981" classname="aad" name="test_suite_aad"/>
    <testcase time="0.0130000000000017" classname="aad" name="test_suite_aad"/>
    <testcase time="0.0159999999999982" classname="aad" name="test_suite_aad"/>
    <testcase time="0.00300000000000011" classname="aad" name="test_suite_aad"/>
    <testcase time="0.083000000000002" classname="aad" name="test_suite_aad"/>
    <testcase time="0.0249999999999986" classname="aad" name="test_suite_aad"/>
    <testcase time="0.0250000000000021" classname="aad" name="test_suite_aad"/>
    <testcase time="0.0199999999999996" classname="aad" name="test_suite_aad"/>
    <testcase time="0.0119999999999969" classname="aad" name="test_suite_aad"/>
    <testcase time="0.0370000000000026" classname="aad" name="test_suite_aad"/>
    <testcase time="0.0069999999999979" classname="aad" name="test_suite_aad"/>
    <testcase time="0.0330000000000013" classname="aad" name="test_suite_aad"/>
    <testcase time="0.032" classname="aad" name="test_suite_aad"/>
    <testcase time="0.0150000000000006" classname="aad" name="test_suite_aad"/>
  </testsuite>
  <testsuite name="aae" timestamp="2025-06-08T08:00:07Z" hostname="73faa9530bc4" tests="3" skipped="0" failures="0" errors="0" time="0.1">
    <testcase time="0.0219999999999985" classname="aae" name="Test_suite_aae.R"/>
    <testcase time="0.00500000000000256" classname="aae" name="Test_suite_aae.R"/>
    <testcase time="0.0729999999999968" classname="aae" name="Test_suite_aae.R"/>
  </testsuite>
  <testsuite name="aaf" timestamp="2025-06-08T08:00:07Z" hostname="73faa9530bc4" tests="56" skipped="0" failures="0" errors="0" time="4.97">
    <testcase time="0.0100000000000016" classname="aaf" name="Test_suite_aaf.R"/>
    <testcase time="0.00499999999999901" classname="aaf" name="Test_suite_aaf.R"/>
    <testcase time="0.00400000000000134" classname="aaf" name="Test_suite_aaf.R"/>
    <testcase time="0.00499999999999901" classname="aaf" name="Test_suite_aaf.R"/>
    <testcase time="0.0210000000000008" classname="aaf" name="Test_suite_aaf.R"/>
    <testcase time="0.0169999999999995" classname="aaf" name="Test_suite_aaf.R"/>
    <testcase time="0.0470000000000006" classname="aaf" name="Test_suite_aaf.R"/>
    <testcase time="0.0539999999999985" classname="aaf" name="Test_suite_aaf.R"/>
    <testcase time="0.0549999999999997" classname="aaf" name="Test_suite_aaf.R"/>
    <testcase time="0.0760000000000005" classname="aaf" name="Test_suite_aaf.R"/>
    <testcase time="0.0289999999999999" classname="aaf" name="Test_suite_aaf.R"/>
    <testcase time="0.371000000000002" classname="aaf" name="Test_suite_aaf.R"/>
    <testcase time="0.364999999999998" classname="aaf" name="Test_suite_aaf.R"/>
    <testcase time="0.166" classname="aaf" name="Test_suite_aaf.R"/>
    <testcase time="0.00499999999999901" classname="aaf" name="Test_suite_aaf.R"/>
    <testcase time="0.00400000000000134" classname="aaf" name="Test_suite_aaf.R"/>
    <testcase time="0.00499999999999901" classname="aaf" name="Test_suite_aaf.R"/>
    <testcase time="0.00400000000000134" classname="aaf" name="Test_suite_aaf.R"/>
    <testcase time="0.0180000000000007" classname="aaf" name="Test_suite_aaf.R"/>
    <testcase time="0.0169999999999995" classname="aaf" name="Test_suite_aaf.R"/>
    <testcase time="0.0579999999999998" classname="aaf" name="Test_suite_aaf.R"/>
    <testcase time="0.0659999999999989" classname="aaf" name="Test_suite_aaf.R"/>
    <testcase time="0.0560000000000009" classname="aaf" name="Test_suite_aaf.R"/>
    <testcase time="0.0739999999999981" classname="aaf" name="Test_suite_aaf.R"/>
    <testcase time="0.0310000000000024" classname="aaf" name="Test_suite_aaf.R"/>
    <testcase time="0.428000000000001" classname="aaf" name="Test_suite_aaf.R"/>
    <testcase time="0.417999999999999" classname="aaf" name="Test_suite_aaf.R"/>
    <testcase time="0.172000000000001" classname="aaf" name="Test_suite_aaf.R"/>
    <testcase time="0.00499999999999901" classname="aaf" name="Test_suite_aaf.R"/>
    <testcase time="0.00499999999999901" classname="aaf" name="Test_suite_aaf.R"/>
    <testcase time="0.00400000000000134" classname="aaf" name="Test_suite_aaf.R"/>
    <testcase time="0.00499999999999901" classname="aaf" name="Test_suite_aaf.R"/>
    <testcase time="0.0169999999999995" classname="aaf" name="Test_suite_aaf.R"/>
    <testcase time="0.0210000000000008" classname="aaf" name="Test_suite_aaf.R"/>
    <testcase time="0.0509999999999984" classname="aaf" name="Test_suite_aaf.R"/>
    <testcase time="0.0570000000000022" classname="aaf" name="Test_suite_aaf.R"/>
    <testcase time="0.0590000000000011" classname="aaf" name="Test_suite_aaf.R"/>
    <testcase time="0.0829999999999984" classname="aaf" name="Test_suite_aaf.R"/>
    <testcase time="0.0309999999999988" classname="aaf" name="Test_suite_aaf.R"/>
    <testcase time="0.414000000000001" classname="aaf" name="Test_suite_aaf.R"/>
    <testcase time="0.417999999999999" classname="aaf" name="Test_suite_aaf.R"/>
    <testcase time="0.170999999999999" classname="aaf" name="Test_suite_aaf.R"/>
    <testcase time="0.00600000000000023" classname="aaf" name="Test_suite_aaf.R"/>
    <testcase time="0.00400000000000134" classname="aaf" name="Test_suite_aaf.R"/>
    <testcase time="0.00499999999999901" classname="aaf" name="Test_suite_aaf.R"/>
    <testcase time="0.00400000000000134" classname="aaf" name="Test_suite_aaf.R"/>
    <testcase time="0.0169999999999995" classname="aaf" name="Test_suite_aaf.R"/>
    <testcase time="0.0180000000000007" classname="aaf" name="Test_suite_aaf.R"/>
    <testcase time="0.0459999999999994" classname="aaf" name="Test_suite_aaf.R"/>
    <testcase time="0.0569999999999986" classname="aaf" name="Test_suite_aaf.R"/>
    <testcase time="0.0519999999999996" classname="aaf" name="Test_suite_aaf.R"/>
    <testcase time="0.0690000000000026" classname="aaf" name="Test_suite_aaf.R"/>
    <testcase time="0.0289999999999999" classname="aaf" name="Test_suite_aaf.R"/>
    <testcase time="0.306999999999999" classname="aaf" name="Test_suite_aaf.R"/>
    <testcase time="0.300000000000001" classname="aaf" name="Test_suite_aaf.R"/>
    <testcase time="0.134" classname="aaf" name="Test_suite_aaf.R"/>
  </testsuite>
  <testsuite name="aag" timestamp="2025-06-08T08:00:12Z" hostname="73faa9530bc4" tests="3" skipped="0" failures="0" errors="0" time="0.058">
    <testcase time="0.0229999999999997" classname="aag" name="Test_suite_aag.R"/>
    <testcase time="0.0169999999999995" classname="aag" name="Test_suite_aag.R"/>
    <testcase time="0.0180000000000007" classname="aag" name="Test_suite_aag.R"/>
  </testsuite>
  <testsuite name="aah" timestamp="2025-06-08T08:00:12Z" hostname="73faa9530bc4" tests="3" skipped="0" failures="0" errors="0" time="0.053">
    <testcase time="0.00799999999999912" classname="aah" name="Test_suite_aah.R"/>
    <testcase time="0.00300000000000011" classname="aah" name="Test_suite_aah.R"/>
    <testcase time="0.0420000000000016" classname="aah" name="Test_suite_aah.R"/>
  </testsuite>
  <testsuite name="zzz" timestamp="2025-06-08T08:00:12Z" hostname="73faa9530bc4" tests="38" skipped="0" failures="0" errors="0" time="0.717">
    <testcase time="0.0069999999999979" classname="zzz" name="Test_suite_zzz_specific_identities_and_miscellaneous_checks"/>
    <testcase time="0.00900000000000034" classname="zzz" name="Test_suite_zzz_specific_identities_and_miscellaneous_checks"/>
    <testcase time="0.00199999999999889" classname="zzz" name="Test_suite_zzz_specific_identities_and_miscellaneous_checks"/>
    <testcase time="0.00100000000000122" classname="zzz" name="Test_suite_zzz_specific_identities_and_miscellaneous_checks"/>
    <testcase time="0.00199999999999889" classname="zzz" name="Test_suite_zzz_specific_identities_and_miscellaneous_checks"/>
    <testcase time="0.00400000000000134" classname="zzz" name="Test_suite_zzz_specific_identities_and_miscellaneous_checks"/>
    <testcase time="0.00400000000000134" classname="zzz" name="Test_suite_zzz_specific_identities_and_miscellaneous_checks"/>
    <testcase time="0.00300000000000011" classname="zzz" name="Test_suite_zzz_specific_identities_and_miscellaneous_checks"/>
    <testcase time="0.00199999999999889" classname="zzz" name="Test_suite_zzz_specific_identities_and_miscellaneous_checks"/>
    <testcase time="0.00499999999999901" classname="zzz" name="Test_suite_zzz_specific_identities_and_miscellaneous_checks"/>
    <testcase time="0.0130000000000017" classname="zzz" name="Test_suite_zzz_specific_identities_and_miscellaneous_checks"/>
    <testcase time="0.0109999999999992" classname="zzz" name="Test_suite_zzz_specific_identities_and_miscellaneous_checks"/>
    <testcase time="0.00700000000000145" classname="zzz" name="Test_suite_zzz_specific_identities_and_miscellaneous_checks"/>
    <testcase time="0.00999999999999801" classname="zzz" name="Test_suite_zzz_specific_identities_and_miscellaneous_checks"/>
    <testcase time="0.032" classname="zzz" name="Test_suite_zzz_specific_identities_and_miscellaneous_checks"/>
    <testcase time="0.036999999999999" classname="zzz" name="Test_suite_zzz_specific_identities_and_miscellaneous_checks"/>
    <testcase time="0.00600000000000023" classname="zzz" name="Test_suite_zzz_specific_identities_and_miscellaneous_checks"/>
    <testcase time="0.00700000000000145" classname="zzz" name="Test_suite_zzz_specific_identities_and_miscellaneous_checks"/>
    <testcase time="0.0069999999999979" classname="zzz" name="Test_suite_zzz_specific_identities_and_miscellaneous_checks"/>
    <testcase time="0.0109999999999992" classname="zzz" name="Test_suite_zzz_specific_identities_and_miscellaneous_checks"/>
    <testcase time="0.0110000000000028" classname="zzz" name="Test_suite_zzz_specific_identities_and_miscellaneous_checks"/>
    <testcase time="0.0819999999999972" classname="zzz" name="Test_suite_zzz_specific_identities_and_miscellaneous_checks"/>
    <testcase time="0.218" classname="zzz" name="Test_suite_zzz_specific_identities_and_miscellaneous_checks"/>
    <testcase time="0.00400000000000134" classname="zzz" name="Test_suite_zzz_specific_identities_and_miscellaneous_checks"/>
    <testcase time="0.0429999999999993" classname="zzz" name="Test_suite_zzz_specific_identities_and_miscellaneous_checks"/>
    <testcase time="0.0109999999999992" classname="zzz" name="Test_suite_zzz_specific_identities_and_miscellaneous_checks"/>
    <testcase time="0.00700000000000145" classname="zzz" name="Test_suite_zzz_specific_identities_and_miscellaneous_checks"/>
    <testcase time="0.00799999999999912" classname="zzz" name="Test_suite_zzz_specific_identities_and_miscellaneous_checks"/>
    <testcase time="0.0239999999999974" classname="zzz" name="Test_suite_zzz_specific_identities_and_miscellaneous_checks"/>
    <testcase time="0.00300000000000011" classname="zzz" name="Test_suite_zzz_specific_identities_and_miscellaneous_checks"/>
    <testcase time="0.00300000000000011" classname="zzz" name="Test_suite_zzz_specific_identities_and_miscellaneous_checks"/>
    <testcase time="0.0120000000000005" classname="zzz" name="Test_suite_zzz_specific_identities_and_miscellaneous_checks"/>
    <testcase time="0.0110000000000028" classname="zzz" name="Test_suite_zzz_specific_identities_and_miscellaneous_checks"/>
    <testcase time="0.0459999999999994" classname="zzz" name="Test_suite_zzz_specific_identities_and_miscellaneous_checks"/>
    <testcase time="0.00399999999999778" classname="zzz" name="Test_suite_zzz_specific_identities_and_miscellaneous_checks"/>
    <testcase time="0.0210000000000008" classname="zzz" name="Test_suite_zzz_specific_identities_and_miscellaneous_checks"/>
    <testcase time="0.017000000000003" classname="zzz" name="Test_suite_zzz_specific_identities_and_miscellaneous_checks"/>
    <testcase time="0.0120000000000005" classname="zzz" name="Test_suite_zzz_specific_identities_and_miscellaneous_checks"/>
  </testsuite>
</testsuites>
