<?xml version="1.0" encoding="UTF-8"?>
<testsuites>
  <testsuite name="aaa" timestamp="2024-09-09T13:11:14Z" hostname="0211941ad2ad" tests="561" skipped="0" failures="0" errors="0" time="13.292">
    <testcase time="0.0760000000000001" classname="aaa" name="Test_suite_aaa.R"/>
    <testcase time="0.026" classname="aaa" name="Test_suite_aaa.R"/>
    <testcase time="0.014" classname="aaa" name="Test_suite_aaa.R"/>
    <testcase time="0.00500000000000012" classname="aaa" name="Test_suite_aaa.R"/>
    <testcase time="0.00600000000000001" classname="aaa" name="Test_suite_aaa.R"/>
    <testcase time="0.0089999999999999" classname="aaa" name="Test_suite_aaa.R"/>
    <testcase time="0.0720000000000001" classname="aaa" name="Test_suite_aaa.R"/>
    <testcase time="0.00599999999999978" classname="aaa" name="Test_suite_aaa.R"/>
    <testcase time="0.00600000000000023" classname="aaa" name="Test_suite_aaa.R"/>
    <testcase time="0.00499999999999989" classname="aaa" name="Test_suite_aaa.R"/>
    <testcase time="0.0129999999999999" classname="aaa" name="Test_suite_aaa.R"/>
    <testcase time="0.0140000000000002" classname="aaa" name="Test_suite_aaa.R"/>
    <testcase time="0.0190000000000001" classname="aaa" name="Test_suite_aaa.R"/>
    <testcase time="0.0129999999999999" classname="aaa" name="Test_suite_aaa.R"/>
    <testcase time="0.0139999999999998" classname="aaa" name="Test_suite_aaa.R"/>
    <testcase time="0.0140000000000002" classname="aaa" name="Test_suite_aaa.R"/>
    <testcase time="0.0169999999999999" classname="aaa" name="Test_suite_aaa.R"/>
    <testcase time="0.0190000000000001" classname="aaa" name="Test_suite_aaa.R"/>
    <testcase time="0.012" classname="aaa" name="Test_suite_aaa.R"/>
    <testcase time="0.0209999999999999" classname="aaa" name="Test_suite_aaa.R"/>
    <testcase time="0.0169999999999999" classname="aaa" name="Test_suite_aaa.R"/>
    <testcase time="0.0249999999999999" classname="aaa" name="Test_suite_aaa.R"/>
    <testcase time="0.0220000000000002" classname="aaa" name="Test_suite_aaa.R"/>
    <testcase time="0.0110000000000001" classname="aaa" name="Test_suite_aaa.R"/>
    <testcase time="0.00499999999999989" classname="aaa" name="Test_suite_aaa.R"/>
    <testcase time="0.00599999999999978" classname="aaa" name="Test_suite_aaa.R"/>
    <testcase time="0.0110000000000001" classname="aaa" name="Test_suite_aaa.R"/>
    <testcase time="0.02" classname="aaa" name="Test_suite_aaa.R"/>
    <testcase time="0.0169999999999999" classname="aaa" name="Test_suite_aaa.R"/>
    <testcase time="0.02" classname="aaa" name="Test_suite_aaa.R"/>
    <testcase time="0.024" classname="aaa" name="Test_suite_aaa.R"/>
    <testcase time="0.0259999999999998" classname="aaa" name="Test_suite_aaa.R"/>
    <testcase time="0.0220000000000002" classname="aaa" name="Test_suite_aaa.R"/>
    <testcase time="0.012" classname="aaa" name="Test_suite_aaa.R"/>
    <testcase time="0.012" classname="aaa" name="Test_suite_aaa.R"/>
    <testcase time="0.02" classname="aaa" name="Test_suite_aaa.R"/>
    <testcase time="0.044" classname="aaa" name="Test_suite_aaa.R"/>
    <testcase time="0.282" classname="aaa" name="Test_suite_aaa.R"/>
    <testcase time="0.0349999999999997" classname="aaa" name="Test_suite_aaa.R"/>
    <testcase time="0.00900000000000034" classname="aaa" name="Test_suite_aaa.R"/>
    <testcase time="0.02" classname="aaa" name="Test_suite_aaa.R"/>
    <testcase time="0.0139999999999998" classname="aaa" name="Test_suite_aaa.R"/>
    <testcase time="0.00300000000000011" classname="aaa" name="Test_suite_aaa.R"/>
    <testcase time="0.00999999999999979" classname="aaa" name="Test_suite_aaa.R"/>
    <testcase time="0.02" classname="aaa" name="Test_suite_aaa.R"/>
    <testcase time="0.02" classname="aaa" name="Test_suite_aaa.R"/>
    <testcase time="0.0150000000000001" classname="aaa" name="Test_suite_aaa.R"/>
    <testcase time="0.00499999999999989" classname="aaa" name="Test_suite_aaa.R"/>
    <testcase time="0.0270000000000001" classname="aaa" name="Test_suite_aaa.R"/>
    <testcase time="0.028" classname="aaa" name="Test_suite_aaa.R"/>
    <testcase time="0.0179999999999998" classname="aaa" name="Test_suite_aaa.R"/>
    <testcase time="0.0329999999999999" classname="aaa" name="Test_suite_aaa.R"/>
    <testcase time="0.0390000000000001" classname="aaa" name="Test_suite_aaa.R"/>
    <testcase time="0.0209999999999999" classname="aaa" name="Test_suite_aaa.R"/>
    <testcase time="0.0190000000000001" classname="aaa" name="Test_suite_aaa.R"/>
    <testcase time="0.0249999999999999" classname="aaa" name="Test_suite_aaa.R"/>
    <testcase time="0.0569999999999999" classname="aaa" name="Test_suite_aaa.R"/>
    <testcase time="0.0370000000000004" classname="aaa" name="Test_suite_aaa.R"/>
    <testcase time="0.0369999999999999" classname="aaa" name="Test_suite_aaa.R"/>
    <testcase time="0.58" classname="aaa" name="Test_suite_aaa.R"/>
    <testcase time="0.0999999999999996" classname="aaa" name="Test_suite_aaa.R"/>
    <testcase time="0.00600000000000023" classname="aaa" name="Test_suite_aaa.R"/>
    <testcase time="0.00600000000000023" classname="aaa" name="Test_suite_aaa.R"/>
    <testcase time="0.0129999999999999" classname="aaa" name="Test_suite_aaa.R"/>
    <testcase time="0.00600000000000023" classname="aaa" name="Test_suite_aaa.R"/>
    <testcase time="0.00800000000000001" classname="aaa" name="Test_suite_aaa.R"/>
    <testcase time="0.0129999999999999" classname="aaa" name="Test_suite_aaa.R"/>
    <testcase time="0.00499999999999989" classname="aaa" name="Test_suite_aaa.R"/>
    <testcase time="0.00600000000000023" classname="aaa" name="Test_suite_aaa.R"/>
    <testcase time="0.00499999999999989" classname="aaa" name="Test_suite_aaa.R"/>
    <testcase time="0.0119999999999996" classname="aaa" name="Test_suite_aaa.R"/>
    <testcase time="0.0140000000000002" classname="aaa" name="Test_suite_aaa.R"/>
    <testcase time="0.0140000000000002" classname="aaa" name="Test_suite_aaa.R"/>
    <testcase time="0.0219999999999994" classname="aaa" name="Test_suite_aaa.R"/>
    <testcase time="0.0180000000000007" classname="aaa" name="Test_suite_aaa.R"/>
    <testcase time="0.0179999999999998" classname="aaa" name="Test_suite_aaa.R"/>
    <testcase time="0.0209999999999999" classname="aaa" name="Test_suite_aaa.R"/>
    <testcase time="0.0250000000000004" classname="aaa" name="Test_suite_aaa.R"/>
    <testcase time="0.0159999999999991" classname="aaa" name="Test_suite_aaa.R"/>
    <testcase time="0.0220000000000002" classname="aaa" name="Test_suite_aaa.R"/>
    <testcase time="0.0300000000000002" classname="aaa" name="Test_suite_aaa.R"/>
    <testcase time="0.0289999999999999" classname="aaa" name="Test_suite_aaa.R"/>
    <testcase time="0.0259999999999998" classname="aaa" name="Test_suite_aaa.R"/>
    <testcase time="0.0120000000000005" classname="aaa" name="Test_suite_aaa.R"/>
    <testcase time="0.00600000000000023" classname="aaa" name="Test_suite_aaa.R"/>
    <testcase time="0.00699999999999967" classname="aaa" name="Test_suite_aaa.R"/>
    <testcase time="0.0110000000000001" classname="aaa" name="Test_suite_aaa.R"/>
    <testcase time="0.0209999999999999" classname="aaa" name="Test_suite_aaa.R"/>
    <testcase time="0.0179999999999998" classname="aaa" name="Test_suite_aaa.R"/>
    <testcase time="0.0209999999999999" classname="aaa" name="Test_suite_aaa.R"/>
    <testcase time="0.0230000000000006" classname="aaa" name="Test_suite_aaa.R"/>
    <testcase time="0.0249999999999995" classname="aaa" name="Test_suite_aaa.R"/>
    <testcase time="0.0190000000000001" classname="aaa" name="Test_suite_aaa.R"/>
    <testcase time="0.0110000000000001" classname="aaa" name="Test_suite_aaa.R"/>
    <testcase time="0.0119999999999996" classname="aaa" name="Test_suite_aaa.R"/>
    <testcase time="0.0170000000000003" classname="aaa" name="Test_suite_aaa.R"/>
    <testcase time="0.0439999999999996" classname="aaa" name="Test_suite_aaa.R"/>
    <testcase time="0.17" classname="aaa" name="Test_suite_aaa.R"/>
    <testcase time="0.04" classname="aaa" name="Test_suite_aaa.R"/>
    <testcase time="0.00800000000000001" classname="aaa" name="Test_suite_aaa.R"/>
    <testcase time="0.0120000000000005" classname="aaa" name="Test_suite_aaa.R"/>
    <testcase time="0.0119999999999996" classname="aaa" name="Test_suite_aaa.R"/>
    <testcase time="0.00300000000000011" classname="aaa" name="Test_suite_aaa.R"/>
    <testcase time="0.00900000000000034" classname="aaa" name="Test_suite_aaa.R"/>
    <testcase time="0.0209999999999999" classname="aaa" name="Test_suite_aaa.R"/>
    <testcase time="0.0220000000000002" classname="aaa" name="Test_suite_aaa.R"/>
    <testcase time="0.0279999999999996" classname="aaa" name="Test_suite_aaa.R"/>
    <testcase time="0.00600000000000023" classname="aaa" name="Test_suite_aaa.R"/>
    <testcase time="0.0430000000000001" classname="aaa" name="Test_suite_aaa.R"/>
    <testcase time="0.0270000000000001" classname="aaa" name="Test_suite_aaa.R"/>
    <testcase time="0.0189999999999992" classname="aaa" name="Test_suite_aaa.R"/>
    <testcase time="0.0410000000000004" classname="aaa" name="Test_suite_aaa.R"/>
    <testcase time="0.0330000000000004" classname="aaa" name="Test_suite_aaa.R"/>
    <testcase time="0.0200000000000005" classname="aaa" name="Test_suite_aaa.R"/>
    <testcase time="0.0190000000000001" classname="aaa" name="Test_suite_aaa.R"/>
    <testcase time="0.0499999999999998" classname="aaa" name="Test_suite_aaa.R"/>
    <testcase time="0.0430000000000001" classname="aaa" name="Test_suite_aaa.R"/>
    <testcase time="0.0389999999999997" classname="aaa" name="Test_suite_aaa.R"/>
    <testcase time="0.0330000000000004" classname="aaa" name="Test_suite_aaa.R"/>
    <testcase time="0.457" classname="aaa" name="Test_suite_aaa.R"/>
    <testcase time="0.0140000000000002" classname="aaa" name="Test_suite_aaa.R"/>
    <testcase time="0.00499999999999989" classname="aaa" name="Test_suite_aaa.R"/>
    <testcase time="0.00599999999999934" classname="aaa" name="Test_suite_aaa.R"/>
    <testcase time="0.00600000000000023" classname="aaa" name="Test_suite_aaa.R"/>
    <testcase time="0.00600000000000023" classname="aaa" name="Test_suite_aaa.R"/>
    <testcase time="0.00800000000000001" classname="aaa" name="Test_suite_aaa.R"/>
    <testcase time="0.0199999999999996" classname="aaa" name="Test_suite_aaa.R"/>
    <testcase time="0.00700000000000056" classname="aaa" name="Test_suite_aaa.R"/>
    <testcase time="0.00599999999999934" classname="aaa" name="Test_suite_aaa.R"/>
    <testcase time="0.00600000000000023" classname="aaa" name="Test_suite_aaa.R"/>
    <testcase time="0.0129999999999999" classname="aaa" name="Test_suite_aaa.R"/>
    <testcase time="0.016" classname="aaa" name="Test_suite_aaa.R"/>
    <testcase time="0.016" classname="aaa" name="Test_suite_aaa.R"/>
    <testcase time="0.0150000000000006" classname="aaa" name="Test_suite_aaa.R"/>
    <testcase time="0.0149999999999997" classname="aaa" name="Test_suite_aaa.R"/>
    <testcase time="0.0190000000000001" classname="aaa" name="Test_suite_aaa.R"/>
    <testcase time="0.0179999999999998" classname="aaa" name="Test_suite_aaa.R"/>
    <testcase time="0.0190000000000001" classname="aaa" name="Test_suite_aaa.R"/>
    <testcase time="0.0129999999999999" classname="aaa" name="Test_suite_aaa.R"/>
    <testcase time="0.0170000000000003" classname="aaa" name="Test_suite_aaa.R"/>
    <testcase time="0.0179999999999998" classname="aaa" name="Test_suite_aaa.R"/>
    <testcase time="0.0350000000000001" classname="aaa" name="Test_suite_aaa.R"/>
    <testcase time="0.024" classname="aaa" name="Test_suite_aaa.R"/>
    <testcase time="0.0129999999999999" classname="aaa" name="Test_suite_aaa.R"/>
    <testcase time="0.00499999999999989" classname="aaa" name="Test_suite_aaa.R"/>
    <testcase time="0.00800000000000001" classname="aaa" name="Test_suite_aaa.R"/>
    <testcase time="0.0129999999999999" classname="aaa" name="Test_suite_aaa.R"/>
    <testcase time="0.0149999999999997" classname="aaa" name="Test_suite_aaa.R"/>
    <testcase time="0.024" classname="aaa" name="Test_suite_aaa.R"/>
    <testcase time="0.0190000000000001" classname="aaa" name="Test_suite_aaa.R"/>
    <testcase time="0.024" classname="aaa" name="Test_suite_aaa.R"/>
    <testcase time="0.0259999999999998" classname="aaa" name="Test_suite_aaa.R"/>
    <testcase time="0.016" classname="aaa" name="Test_suite_aaa.R"/>
    <testcase time="0.0190000000000001" classname="aaa" name="Test_suite_aaa.R"/>
    <testcase time="0.0129999999999999" classname="aaa" name="Test_suite_aaa.R"/>
    <testcase time="0.0209999999999999" classname="aaa" name="Test_suite_aaa.R"/>
    <testcase time="0.0440000000000005" classname="aaa" name="Test_suite_aaa.R"/>
    <testcase time="0.181" classname="aaa" name="Test_suite_aaa.R"/>
    <testcase time="0.0329999999999995" classname="aaa" name="Test_suite_aaa.R"/>
    <testcase time="0.00800000000000001" classname="aaa" name="Test_suite_aaa.R"/>
    <testcase time="0.0220000000000002" classname="aaa" name="Test_suite_aaa.R"/>
    <testcase time="0.0140000000000002" classname="aaa" name="Test_suite_aaa.R"/>
    <testcase time="0.00299999999999923" classname="aaa" name="Test_suite_aaa.R"/>
    <testcase time="0.0120000000000005" classname="aaa" name="Test_suite_aaa.R"/>
    <testcase time="0.0220000000000002" classname="aaa" name="Test_suite_aaa.R"/>
    <testcase time="0.0219999999999994" classname="aaa" name="Test_suite_aaa.R"/>
    <testcase time="0.016" classname="aaa" name="Test_suite_aaa.R"/>
    <testcase time="0.00600000000000023" classname="aaa" name="Test_suite_aaa.R"/>
    <testcase time="0.0330000000000004" classname="aaa" name="Test_suite_aaa.R"/>
    <testcase time="0.0289999999999999" classname="aaa" name="Test_suite_aaa.R"/>
    <testcase time="0.0190000000000001" classname="aaa" name="Test_suite_aaa.R"/>
    <testcase time="0.0420000000000007" classname="aaa" name="Test_suite_aaa.R"/>
    <testcase time="0.0389999999999997" classname="aaa" name="Test_suite_aaa.R"/>
    <testcase time="0.0249999999999995" classname="aaa" name="Test_suite_aaa.R"/>
    <testcase time="0.024" classname="aaa" name="Test_suite_aaa.R"/>
    <testcase time="0.0380000000000003" classname="aaa" name="Test_suite_aaa.R"/>
    <testcase time="0.0620000000000003" classname="aaa" name="Test_suite_aaa.R"/>
    <testcase time="0.04" classname="aaa" name="Test_suite_aaa.R"/>
    <testcase time="0.0499999999999998" classname="aaa" name="Test_suite_aaa.R"/>
    <testcase time="0.965000000000001" classname="aaa" name="Test_suite_aaa.R"/>
    <testcase time="0.0179999999999989" classname="aaa" name="Test_suite_aaa.R"/>
    <testcase time="0.0080000000000009" classname="aaa" name="Test_suite_aaa.R"/>
    <testcase time="0.00799999999999912" classname="aaa" name="Test_suite_aaa.R"/>
    <testcase time="0.0080000000000009" classname="aaa" name="Test_suite_aaa.R"/>
    <testcase time="0.00699999999999967" classname="aaa" name="Test_suite_aaa.R"/>
    <testcase time="0.00999999999999979" classname="aaa" name="Test_suite_aaa.R"/>
    <testcase time="0.0139999999999993" classname="aaa" name="Test_suite_aaa.R"/>
    <testcase time="0.00700000000000145" classname="aaa" name="Test_suite_aaa.R"/>
    <testcase time="0.00699999999999967" classname="aaa" name="Test_suite_aaa.R"/>
    <testcase time="0.00699999999999967" classname="aaa" name="Test_suite_aaa.R"/>
    <testcase time="0.0150000000000006" classname="aaa" name="Test_suite_aaa.R"/>
    <testcase time="0.0169999999999995" classname="aaa" name="Test_suite_aaa.R"/>
    <testcase time="0.0190000000000001" classname="aaa" name="Test_suite_aaa.R"/>
    <testcase time="0.0169999999999995" classname="aaa" name="Test_suite_aaa.R"/>
    <testcase time="0.0180000000000007" classname="aaa" name="Test_suite_aaa.R"/>
    <testcase time="0.0179999999999989" classname="aaa" name="Test_suite_aaa.R"/>
    <testcase time="0.0220000000000002" classname="aaa" name="Test_suite_aaa.R"/>
    <testcase time="0.0310000000000006" classname="aaa" name="Test_suite_aaa.R"/>
    <testcase time="0.0129999999999999" classname="aaa" name="Test_suite_aaa.R"/>
    <testcase time="0.0190000000000001" classname="aaa" name="Test_suite_aaa.R"/>
    <testcase time="0.0250000000000004" classname="aaa" name="Test_suite_aaa.R"/>
    <testcase time="0.0310000000000006" classname="aaa" name="Test_suite_aaa.R"/>
    <testcase time="0.0229999999999997" classname="aaa" name="Test_suite_aaa.R"/>
    <testcase time="0.0140000000000011" classname="aaa" name="Test_suite_aaa.R"/>
    <testcase time="0.00599999999999845" classname="aaa" name="Test_suite_aaa.R"/>
    <testcase time="0.00900000000000034" classname="aaa" name="Test_suite_aaa.R"/>
    <testcase time="0.0140000000000011" classname="aaa" name="Test_suite_aaa.R"/>
    <testcase time="0.0179999999999989" classname="aaa" name="Test_suite_aaa.R"/>
    <testcase time="0.0210000000000008" classname="aaa" name="Test_suite_aaa.R"/>
    <testcase time="0.0220000000000002" classname="aaa" name="Test_suite_aaa.R"/>
    <testcase time="0.0239999999999991" classname="aaa" name="Test_suite_aaa.R"/>
    <testcase time="0.0280000000000005" classname="aaa" name="Test_suite_aaa.R"/>
    <testcase time="0.016" classname="aaa" name="Test_suite_aaa.R"/>
    <testcase time="0.0129999999999999" classname="aaa" name="Test_suite_aaa.R"/>
    <testcase time="0.0150000000000006" classname="aaa" name="Test_suite_aaa.R"/>
    <testcase time="0.0220000000000002" classname="aaa" name="Test_suite_aaa.R"/>
    <testcase time="0.052999999999999" classname="aaa" name="Test_suite_aaa.R"/>
    <testcase time="0.162000000000001" classname="aaa" name="Test_suite_aaa.R"/>
    <testcase time="0.0329999999999995" classname="aaa" name="Test_suite_aaa.R"/>
    <testcase time="0.00900000000000034" classname="aaa" name="Test_suite_aaa.R"/>
    <testcase time="0.0129999999999999" classname="aaa" name="Test_suite_aaa.R"/>
    <testcase time="0.0140000000000011" classname="aaa" name="Test_suite_aaa.R"/>
    <testcase time="0.00300000000000011" classname="aaa" name="Test_suite_aaa.R"/>
    <testcase time="0.0119999999999987" classname="aaa" name="Test_suite_aaa.R"/>
    <testcase time="0.0200000000000014" classname="aaa" name="Test_suite_aaa.R"/>
    <testcase time="0.0199999999999996" classname="aaa" name="Test_suite_aaa.R"/>
    <testcase time="0.0169999999999995" classname="aaa" name="Test_suite_aaa.R"/>
    <testcase time="0.00600000000000023" classname="aaa" name="Test_suite_aaa.R"/>
    <testcase time="0.0240000000000009" classname="aaa" name="Test_suite_aaa.R"/>
    <testcase time="0.0280000000000005" classname="aaa" name="Test_suite_aaa.R"/>
    <testcase time="0.0189999999999984" classname="aaa" name="Test_suite_aaa.R"/>
    <testcase time="0.0350000000000001" classname="aaa" name="Test_suite_aaa.R"/>
    <testcase time="0.032" classname="aaa" name="Test_suite_aaa.R"/>
    <testcase time="0.0220000000000002" classname="aaa" name="Test_suite_aaa.R"/>
    <testcase time="0.0289999999999999" classname="aaa" name="Test_suite_aaa.R"/>
    <testcase time="0.0240000000000009" classname="aaa" name="Test_suite_aaa.R"/>
    <testcase time="0.0510000000000002" classname="aaa" name="Test_suite_aaa.R"/>
    <testcase time="0.0359999999999996" classname="aaa" name="Test_suite_aaa.R"/>
    <testcase time="0.0329999999999995" classname="aaa" name="Test_suite_aaa.R"/>
    <testcase time="0.534000000000001" classname="aaa" name="Test_suite_aaa.R"/>
    <testcase time="0.036999999999999" classname="aaa" name="Test_suite_aaa.R"/>
    <testcase time="0.00900000000000034" classname="aaa" name="Test_suite_aaa.R"/>
    <testcase time="0.0080000000000009" classname="aaa" name="Test_suite_aaa.R"/>
    <testcase time="0.00600000000000023" classname="aaa" name="Test_suite_aaa.R"/>
    <testcase time="0.00699999999999967" classname="aaa" name="Test_suite_aaa.R"/>
    <testcase time="0.00799999999999912" classname="aaa" name="Test_suite_aaa.R"/>
    <testcase time="0.0080000000000009" classname="aaa" name="Test_suite_aaa.R"/>
    <testcase time="0.00699999999999967" classname="aaa" name="Test_suite_aaa.R"/>
    <testcase time="0.00699999999999967" classname="aaa" name="Test_suite_aaa.R"/>
    <testcase time="0.00600000000000023" classname="aaa" name="Test_suite_aaa.R"/>
    <testcase time="0.00799999999999912" classname="aaa" name="Test_suite_aaa.R"/>
    <testcase time="0.011000000000001" classname="aaa" name="Test_suite_aaa.R"/>
    <testcase time="0.0109999999999992" classname="aaa" name="Test_suite_aaa.R"/>
    <testcase time="0.00900000000000034" classname="aaa" name="Test_suite_aaa.R"/>
    <testcase time="0.0080000000000009" classname="aaa" name="Test_suite_aaa.R"/>
    <testcase time="0.00899999999999856" classname="aaa" name="Test_suite_aaa.R"/>
    <testcase time="0.0100000000000016" classname="aaa" name="Test_suite_aaa.R"/>
    <testcase time="0.00999999999999979" classname="aaa" name="Test_suite_aaa.R"/>
    <testcase time="0.00799999999999912" classname="aaa" name="Test_suite_aaa.R"/>
    <testcase time="0.0129999999999999" classname="aaa" name="Test_suite_aaa.R"/>
    <testcase time="0.0210000000000008" classname="aaa" name="Test_suite_aaa.R"/>
    <testcase time="0.0149999999999988" classname="aaa" name="Test_suite_aaa.R"/>
    <testcase time="0.0100000000000016" classname="aaa" name="Test_suite_aaa.R"/>
    <testcase time="0.00699999999999967" classname="aaa" name="Test_suite_aaa.R"/>
    <testcase time="0.00499999999999901" classname="aaa" name="Test_suite_aaa.R"/>
    <testcase time="0.0080000000000009" classname="aaa" name="Test_suite_aaa.R"/>
    <testcase time="0.00699999999999967" classname="aaa" name="Test_suite_aaa.R"/>
    <testcase time="0.00900000000000034" classname="aaa" name="Test_suite_aaa.R"/>
    <testcase time="0.00799999999999912" classname="aaa" name="Test_suite_aaa.R"/>
    <testcase time="0.00999999999999979" classname="aaa" name="Test_suite_aaa.R"/>
    <testcase time="0.0120000000000005" classname="aaa" name="Test_suite_aaa.R"/>
    <testcase time="0.0120000000000005" classname="aaa" name="Test_suite_aaa.R"/>
    <testcase time="0.00900000000000034" classname="aaa" name="Test_suite_aaa.R"/>
    <testcase time="0.0109999999999992" classname="aaa" name="Test_suite_aaa.R"/>
    <testcase time="0.00699999999999967" classname="aaa" name="Test_suite_aaa.R"/>
    <testcase time="0.0080000000000009" classname="aaa" name="Test_suite_aaa.R"/>
    <testcase time="0.00900000000000034" classname="aaa" name="Test_suite_aaa.R"/>
    <testcase time="0.0109999999999992" classname="aaa" name="Test_suite_aaa.R"/>
    <testcase time="0.0190000000000001" classname="aaa" name="Test_suite_aaa.R"/>
    <testcase time="0.00600000000000023" classname="aaa" name="Test_suite_aaa.R"/>
    <testcase time="0.00900000000000034" classname="aaa" name="Test_suite_aaa.R"/>
    <testcase time="0.00899999999999856" classname="aaa" name="Test_suite_aaa.R"/>
    <testcase time="0.00400000000000134" classname="aaa" name="Test_suite_aaa.R"/>
    <testcase time="0.00600000000000023" classname="aaa" name="Test_suite_aaa.R"/>
    <testcase time="0.0129999999999999" classname="aaa" name="Test_suite_aaa.R"/>
    <testcase time="0.0119999999999987" classname="aaa" name="Test_suite_aaa.R"/>
    <testcase time="0.00900000000000034" classname="aaa" name="Test_suite_aaa.R"/>
    <testcase time="0.00500000000000078" classname="aaa" name="Test_suite_aaa.R"/>
    <testcase time="0.0149999999999988" classname="aaa" name="Test_suite_aaa.R"/>
    <testcase time="0.00700000000000145" classname="aaa" name="Test_suite_aaa.R"/>
    <testcase time="0.00699999999999967" classname="aaa" name="Test_suite_aaa.R"/>
    <testcase time="0.0139999999999993" classname="aaa" name="Test_suite_aaa.R"/>
    <testcase time="0.00600000000000023" classname="aaa" name="Test_suite_aaa.R"/>
    <testcase time="0.00900000000000034" classname="aaa" name="Test_suite_aaa.R"/>
    <testcase time="0.0120000000000005" classname="aaa" name="Test_suite_aaa.R"/>
    <testcase time="0.00699999999999967" classname="aaa" name="Test_suite_aaa.R"/>
    <testcase time="0.00600000000000023" classname="aaa" name="Test_suite_aaa.R"/>
    <testcase time="0.00699999999999967" classname="aaa" name="Test_suite_aaa.R"/>
    <testcase time="0.0109999999999992" classname="aaa" name="Test_suite_aaa.R"/>
    <testcase time="0.0129999999999999" classname="aaa" name="Test_suite_aaa.R"/>
    <testcase time="0.011000000000001" classname="aaa" name="Test_suite_aaa.R"/>
    <testcase time="0.0129999999999999" classname="aaa" name="Test_suite_aaa.R"/>
    <testcase time="0.0129999999999999" classname="aaa" name="Test_suite_aaa.R"/>
    <testcase time="0.0120000000000005" classname="aaa" name="Test_suite_aaa.R"/>
    <testcase time="0.0169999999999995" classname="aaa" name="Test_suite_aaa.R"/>
    <testcase time="0.0180000000000007" classname="aaa" name="Test_suite_aaa.R"/>
    <testcase time="0.0129999999999999" classname="aaa" name="Test_suite_aaa.R"/>
    <testcase time="0.0169999999999995" classname="aaa" name="Test_suite_aaa.R"/>
    <testcase time="0.0129999999999999" classname="aaa" name="Test_suite_aaa.R"/>
    <testcase time="0.0169999999999995" classname="aaa" name="Test_suite_aaa.R"/>
    <testcase time="0.0190000000000001" classname="aaa" name="Test_suite_aaa.R"/>
    <testcase time="0.011000000000001" classname="aaa" name="Test_suite_aaa.R"/>
    <testcase time="0.00499999999999901" classname="aaa" name="Test_suite_aaa.R"/>
    <testcase time="0.0080000000000009" classname="aaa" name="Test_suite_aaa.R"/>
    <testcase time="0.00999999999999979" classname="aaa" name="Test_suite_aaa.R"/>
    <testcase time="0.0129999999999999" classname="aaa" name="Test_suite_aaa.R"/>
    <testcase time="0.0150000000000006" classname="aaa" name="Test_suite_aaa.R"/>
    <testcase time="0.0219999999999985" classname="aaa" name="Test_suite_aaa.R"/>
    <testcase time="0.0150000000000006" classname="aaa" name="Test_suite_aaa.R"/>
    <testcase time="0.0190000000000001" classname="aaa" name="Test_suite_aaa.R"/>
    <testcase time="0.0109999999999992" classname="aaa" name="Test_suite_aaa.R"/>
    <testcase time="0.00900000000000034" classname="aaa" name="Test_suite_aaa.R"/>
    <testcase time="0.00900000000000034" classname="aaa" name="Test_suite_aaa.R"/>
    <testcase time="0.011000000000001" classname="aaa" name="Test_suite_aaa.R"/>
    <testcase time="0.0149999999999988" classname="aaa" name="Test_suite_aaa.R"/>
    <testcase time="0.0199999999999996" classname="aaa" name="Test_suite_aaa.R"/>
    <testcase time="0.0240000000000009" classname="aaa" name="Test_suite_aaa.R"/>
    <testcase time="0.00900000000000034" classname="aaa" name="Test_suite_aaa.R"/>
    <testcase time="0.0119999999999987" classname="aaa" name="Test_suite_aaa.R"/>
    <testcase time="0.0100000000000016" classname="aaa" name="Test_suite_aaa.R"/>
    <testcase time="0.00399999999999956" classname="aaa" name="Test_suite_aaa.R"/>
    <testcase time="0.00900000000000034" classname="aaa" name="Test_suite_aaa.R"/>
    <testcase time="0.0169999999999995" classname="aaa" name="Test_suite_aaa.R"/>
    <testcase time="0.0180000000000007" classname="aaa" name="Test_suite_aaa.R"/>
    <testcase time="0.0129999999999999" classname="aaa" name="Test_suite_aaa.R"/>
    <testcase time="0.00599999999999845" classname="aaa" name="Test_suite_aaa.R"/>
    <testcase time="0.0150000000000006" classname="aaa" name="Test_suite_aaa.R"/>
    <testcase time="0.0080000000000009" classname="aaa" name="Test_suite_aaa.R"/>
    <testcase time="0.00699999999999967" classname="aaa" name="Test_suite_aaa.R"/>
    <testcase time="0.00699999999999967" classname="aaa" name="Test_suite_aaa.R"/>
    <testcase time="0.0129999999999999" classname="aaa" name="Test_suite_aaa.R"/>
    <testcase time="0.00900000000000034" classname="aaa" name="Test_suite_aaa.R"/>
    <testcase time="0.0129999999999999" classname="aaa" name="Test_suite_aaa.R"/>
    <testcase time="0.00699999999999967" classname="aaa" name="Test_suite_aaa.R"/>
    <testcase time="0.00699999999999967" classname="aaa" name="Test_suite_aaa.R"/>
    <testcase time="0.00600000000000023" classname="aaa" name="Test_suite_aaa.R"/>
    <testcase time="0.011000000000001" classname="aaa" name="Test_suite_aaa.R"/>
    <testcase time="0.0149999999999988" classname="aaa" name="Test_suite_aaa.R"/>
    <testcase time="0.0139999999999993" classname="aaa" name="Test_suite_aaa.R"/>
    <testcase time="0.0139999999999993" classname="aaa" name="Test_suite_aaa.R"/>
    <testcase time="0.0129999999999999" classname="aaa" name="Test_suite_aaa.R"/>
    <testcase time="0.0140000000000011" classname="aaa" name="Test_suite_aaa.R"/>
    <testcase time="0.0169999999999995" classname="aaa" name="Test_suite_aaa.R"/>
    <testcase time="0.0180000000000007" classname="aaa" name="Test_suite_aaa.R"/>
    <testcase time="0.0119999999999987" classname="aaa" name="Test_suite_aaa.R"/>
    <testcase time="0.016" classname="aaa" name="Test_suite_aaa.R"/>
    <testcase time="0.0150000000000006" classname="aaa" name="Test_suite_aaa.R"/>
    <testcase time="0.0240000000000009" classname="aaa" name="Test_suite_aaa.R"/>
    <testcase time="0.0219999999999985" classname="aaa" name="Test_suite_aaa.R"/>
    <testcase time="0.0130000000000017" classname="aaa" name="Test_suite_aaa.R"/>
    <testcase time="0.00599999999999845" classname="aaa" name="Test_suite_aaa.R"/>
    <testcase time="0.0080000000000009" classname="aaa" name="Test_suite_aaa.R"/>
    <testcase time="0.0190000000000001" classname="aaa" name="Test_suite_aaa.R"/>
    <testcase time="0.0139999999999993" classname="aaa" name="Test_suite_aaa.R"/>
    <testcase time="0.016" classname="aaa" name="Test_suite_aaa.R"/>
    <testcase time="0.0190000000000001" classname="aaa" name="Test_suite_aaa.R"/>
    <testcase time="0.0210000000000008" classname="aaa" name="Test_suite_aaa.R"/>
    <testcase time="0.0229999999999997" classname="aaa" name="Test_suite_aaa.R"/>
    <testcase time="0.0139999999999993" classname="aaa" name="Test_suite_aaa.R"/>
    <testcase time="0.011000000000001" classname="aaa" name="Test_suite_aaa.R"/>
    <testcase time="0.0119999999999987" classname="aaa" name="Test_suite_aaa.R"/>
    <testcase time="0.0150000000000006" classname="aaa" name="Test_suite_aaa.R"/>
    <testcase time="0.0210000000000008" classname="aaa" name="Test_suite_aaa.R"/>
    <testcase time="0.0259999999999998" classname="aaa" name="Test_suite_aaa.R"/>
    <testcase time="0.0239999999999991" classname="aaa" name="Test_suite_aaa.R"/>
    <testcase time="0.0120000000000005" classname="aaa" name="Test_suite_aaa.R"/>
    <testcase time="0.0139999999999993" classname="aaa" name="Test_suite_aaa.R"/>
    <testcase time="0.0140000000000011" classname="aaa" name="Test_suite_aaa.R"/>
    <testcase time="0.00399999999999956" classname="aaa" name="Test_suite_aaa.R"/>
    <testcase time="0.0109999999999992" classname="aaa" name="Test_suite_aaa.R"/>
    <testcase time="0.0210000000000008" classname="aaa" name="Test_suite_aaa.R"/>
    <testcase time="0.0269999999999992" classname="aaa" name="Test_suite_aaa.R"/>
    <testcase time="0.0170000000000012" classname="aaa" name="Test_suite_aaa.R"/>
    <testcase time="0.00600000000000023" classname="aaa" name="Test_suite_aaa.R"/>
    <testcase time="0.0169999999999995" classname="aaa" name="Test_suite_aaa.R"/>
    <testcase time="0.00900000000000034" classname="aaa" name="Test_suite_aaa.R"/>
    <testcase time="0.00799999999999912" classname="aaa" name="Test_suite_aaa.R"/>
    <testcase time="0.0080000000000009" classname="aaa" name="Test_suite_aaa.R"/>
    <testcase time="0.00799999999999912" classname="aaa" name="Test_suite_aaa.R"/>
    <testcase time="0.0100000000000016" classname="aaa" name="Test_suite_aaa.R"/>
    <testcase time="0.0149999999999988" classname="aaa" name="Test_suite_aaa.R"/>
    <testcase time="0.0080000000000009" classname="aaa" name="Test_suite_aaa.R"/>
    <testcase time="0.00799999999999912" classname="aaa" name="Test_suite_aaa.R"/>
    <testcase time="0.00699999999999967" classname="aaa" name="Test_suite_aaa.R"/>
    <testcase time="0.0140000000000011" classname="aaa" name="Test_suite_aaa.R"/>
    <testcase time="0.0139999999999993" classname="aaa" name="Test_suite_aaa.R"/>
    <testcase time="0.0150000000000006" classname="aaa" name="Test_suite_aaa.R"/>
    <testcase time="0.0150000000000006" classname="aaa" name="Test_suite_aaa.R"/>
    <testcase time="0.0149999999999988" classname="aaa" name="Test_suite_aaa.R"/>
    <testcase time="0.0169999999999995" classname="aaa" name="Test_suite_aaa.R"/>
    <testcase time="0.0220000000000002" classname="aaa" name="Test_suite_aaa.R"/>
    <testcase time="0.0229999999999997" classname="aaa" name="Test_suite_aaa.R"/>
    <testcase time="0.0139999999999993" classname="aaa" name="Test_suite_aaa.R"/>
    <testcase time="0.0199999999999996" classname="aaa" name="Test_suite_aaa.R"/>
    <testcase time="0.0240000000000009" classname="aaa" name="Test_suite_aaa.R"/>
    <testcase time="0.0259999999999998" classname="aaa" name="Test_suite_aaa.R"/>
    <testcase time="0.0229999999999997" classname="aaa" name="Test_suite_aaa.R"/>
    <testcase time="0.0140000000000011" classname="aaa" name="Test_suite_aaa.R"/>
    <testcase time="0.00799999999999912" classname="aaa" name="Test_suite_aaa.R"/>
    <testcase time="0.00900000000000034" classname="aaa" name="Test_suite_aaa.R"/>
    <testcase time="0.0129999999999999" classname="aaa" name="Test_suite_aaa.R"/>
    <testcase time="0.016" classname="aaa" name="Test_suite_aaa.R"/>
    <testcase time="0.0180000000000007" classname="aaa" name="Test_suite_aaa.R"/>
    <testcase time="0.0229999999999997" classname="aaa" name="Test_suite_aaa.R"/>
    <testcase time="0.0259999999999998" classname="aaa" name="Test_suite_aaa.R"/>
    <testcase time="0.0269999999999992" classname="aaa" name="Test_suite_aaa.R"/>
    <testcase time="0.0170000000000012" classname="aaa" name="Test_suite_aaa.R"/>
    <testcase time="0.0139999999999993" classname="aaa" name="Test_suite_aaa.R"/>
    <testcase time="0.0150000000000006" classname="aaa" name="Test_suite_aaa.R"/>
    <testcase time="0.020999999999999" classname="aaa" name="Test_suite_aaa.R"/>
    <testcase time="0.0259999999999998" classname="aaa" name="Test_suite_aaa.R"/>
    <testcase time="0.0549999999999997" classname="aaa" name="Test_suite_aaa.R"/>
    <testcase time="0.0300000000000011" classname="aaa" name="Test_suite_aaa.R"/>
    <testcase time="0.0129999999999999" classname="aaa" name="Test_suite_aaa.R"/>
    <testcase time="0.0169999999999995" classname="aaa" name="Test_suite_aaa.R"/>
    <testcase time="0.0140000000000011" classname="aaa" name="Test_suite_aaa.R"/>
    <testcase time="0.00599999999999845" classname="aaa" name="Test_suite_aaa.R"/>
    <testcase time="0.0120000000000005" classname="aaa" name="Test_suite_aaa.R"/>
    <testcase time="0.0220000000000002" classname="aaa" name="Test_suite_aaa.R"/>
    <testcase time="0.0229999999999997" classname="aaa" name="Test_suite_aaa.R"/>
    <testcase time="0.016" classname="aaa" name="Test_suite_aaa.R"/>
    <testcase time="0.00699999999999967" classname="aaa" name="Test_suite_aaa.R"/>
    <testcase time="0.0170000000000012" classname="aaa" name="Test_suite_aaa.R"/>
    <testcase time="0.00799999999999912" classname="aaa" name="Test_suite_aaa.R"/>
    <testcase time="0.0080000000000009" classname="aaa" name="Test_suite_aaa.R"/>
    <testcase time="0.00699999999999967" classname="aaa" name="Test_suite_aaa.R"/>
    <testcase time="0.00699999999999967" classname="aaa" name="Test_suite_aaa.R"/>
    <testcase time="0.00900000000000034" classname="aaa" name="Test_suite_aaa.R"/>
    <testcase time="0.0150000000000006" classname="aaa" name="Test_suite_aaa.R"/>
    <testcase time="0.00799999999999912" classname="aaa" name="Test_suite_aaa.R"/>
    <testcase time="0.00699999999999967" classname="aaa" name="Test_suite_aaa.R"/>
    <testcase time="0.00699999999999967" classname="aaa" name="Test_suite_aaa.R"/>
    <testcase time="0.0129999999999999" classname="aaa" name="Test_suite_aaa.R"/>
    <testcase time="0.0230000000000015" classname="aaa" name="Test_suite_aaa.R"/>
    <testcase time="0.016" classname="aaa" name="Test_suite_aaa.R"/>
    <testcase time="0.016" classname="aaa" name="Test_suite_aaa.R"/>
    <testcase time="0.0190000000000001" classname="aaa" name="Test_suite_aaa.R"/>
    <testcase time="0.0179999999999989" classname="aaa" name="Test_suite_aaa.R"/>
    <testcase time="0.0199999999999996" classname="aaa" name="Test_suite_aaa.R"/>
    <testcase time="0.0229999999999997" classname="aaa" name="Test_suite_aaa.R"/>
    <testcase time="0.0129999999999999" classname="aaa" name="Test_suite_aaa.R"/>
    <testcase time="0.0180000000000007" classname="aaa" name="Test_suite_aaa.R"/>
    <testcase time="0.016" classname="aaa" name="Test_suite_aaa.R"/>
    <testcase time="0.0239999999999991" classname="aaa" name="Test_suite_aaa.R"/>
    <testcase time="0.0190000000000001" classname="aaa" name="Test_suite_aaa.R"/>
    <testcase time="0.0129999999999999" classname="aaa" name="Test_suite_aaa.R"/>
    <testcase time="0.0080000000000009" classname="aaa" name="Test_suite_aaa.R"/>
    <testcase time="0.00799999999999912" classname="aaa" name="Test_suite_aaa.R"/>
    <testcase time="0.0129999999999999" classname="aaa" name="Test_suite_aaa.R"/>
    <testcase time="0.016" classname="aaa" name="Test_suite_aaa.R"/>
    <testcase time="0.0190000000000001" classname="aaa" name="Test_suite_aaa.R"/>
    <testcase time="0.0250000000000004" classname="aaa" name="Test_suite_aaa.R"/>
    <testcase time="0.032" classname="aaa" name="Test_suite_aaa.R"/>
    <testcase time="0.0280000000000005" classname="aaa" name="Test_suite_aaa.R"/>
    <testcase time="0.0179999999999989" classname="aaa" name="Test_suite_aaa.R"/>
    <testcase time="0.0150000000000006" classname="aaa" name="Test_suite_aaa.R"/>
    <testcase time="0.0149999999999988" classname="aaa" name="Test_suite_aaa.R"/>
    <testcase time="0.0210000000000008" classname="aaa" name="Test_suite_aaa.R"/>
    <testcase time="0.0280000000000005" classname="aaa" name="Test_suite_aaa.R"/>
    <testcase time="0.0489999999999995" classname="aaa" name="Test_suite_aaa.R"/>
    <testcase time="0.0259999999999998" classname="aaa" name="Test_suite_aaa.R"/>
    <testcase time="0.016" classname="aaa" name="Test_suite_aaa.R"/>
    <testcase time="0.0170000000000012" classname="aaa" name="Test_suite_aaa.R"/>
    <testcase time="0.0149999999999988" classname="aaa" name="Test_suite_aaa.R"/>
    <testcase time="0.00499999999999901" classname="aaa" name="Test_suite_aaa.R"/>
    <testcase time="0.0129999999999999" classname="aaa" name="Test_suite_aaa.R"/>
    <testcase time="0.0250000000000004" classname="aaa" name="Test_suite_aaa.R"/>
    <testcase time="0.0289999999999999" classname="aaa" name="Test_suite_aaa.R"/>
    <testcase time="0.0180000000000007" classname="aaa" name="Test_suite_aaa.R"/>
    <testcase time="0.00799999999999912" classname="aaa" name="Test_suite_aaa.R"/>
    <testcase time="0.0170000000000012" classname="aaa" name="Test_suite_aaa.R"/>
    <testcase time="0.0229999999999997" classname="aaa" name="Test_suite_aaa.R"/>
    <testcase time="0.016" classname="aaa" name="Test_suite_aaa.R"/>
    <testcase time="0.0120000000000005" classname="aaa" name="Test_suite_aaa.R"/>
    <testcase time="0.016" classname="aaa" name="Test_suite_aaa.R"/>
    <testcase time="0.0119999999999987" classname="aaa" name="Test_suite_aaa.R"/>
    <testcase time="0.0129999999999999" classname="aaa" name="Test_suite_aaa.R"/>
    <testcase time="0.0210000000000008" classname="aaa" name="Test_suite_aaa.R"/>
    <testcase time="0.0180000000000007" classname="aaa" name="Test_suite_aaa.R"/>
    <testcase time="0.0119999999999987" classname="aaa" name="Test_suite_aaa.R"/>
    <testcase time="0.0210000000000008" classname="aaa" name="Test_suite_aaa.R"/>
    <testcase time="0.020999999999999" classname="aaa" name="Test_suite_aaa.R"/>
    <testcase time="0.016" classname="aaa" name="Test_suite_aaa.R"/>
    <testcase time="0.0129999999999999" classname="aaa" name="Test_suite_aaa.R"/>
    <testcase time="0.0180000000000007" classname="aaa" name="Test_suite_aaa.R"/>
    <testcase time="0.0370000000000008" classname="aaa" name="Test_suite_aaa.R"/>
    <testcase time="0.0199999999999996" classname="aaa" name="Test_suite_aaa.R"/>
    <testcase time="0.0259999999999998" classname="aaa" name="Test_suite_aaa.R"/>
    <testcase time="0.0239999999999991" classname="aaa" name="Test_suite_aaa.R"/>
    <testcase time="0.0180000000000007" classname="aaa" name="Test_suite_aaa.R"/>
    <testcase time="0.0180000000000007" classname="aaa" name="Test_suite_aaa.R"/>
    <testcase time="0.0259999999999998" classname="aaa" name="Test_suite_aaa.R"/>
    <testcase time="0.0250000000000004" classname="aaa" name="Test_suite_aaa.R"/>
    <testcase time="0.0169999999999995" classname="aaa" name="Test_suite_aaa.R"/>
    <testcase time="0.0220000000000002" classname="aaa" name="Test_suite_aaa.R"/>
    <testcase time="0.0220000000000002" classname="aaa" name="Test_suite_aaa.R"/>
    <testcase time="0.016" classname="aaa" name="Test_suite_aaa.R"/>
    <testcase time="0.0149999999999988" classname="aaa" name="Test_suite_aaa.R"/>
    <testcase time="0.0200000000000014" classname="aaa" name="Test_suite_aaa.R"/>
    <testcase time="0.0329999999999995" classname="aaa" name="Test_suite_aaa.R"/>
    <testcase time="0.0179999999999989" classname="aaa" name="Test_suite_aaa.R"/>
    <testcase time="0.0250000000000004" classname="aaa" name="Test_suite_aaa.R"/>
    <testcase time="0.0300000000000011" classname="aaa" name="Test_suite_aaa.R"/>
    <testcase time="0.020999999999999" classname="aaa" name="Test_suite_aaa.R"/>
    <testcase time="0.0190000000000001" classname="aaa" name="Test_suite_aaa.R"/>
    <testcase time="0.0210000000000008" classname="aaa" name="Test_suite_aaa.R"/>
    <testcase time="0.0239999999999991" classname="aaa" name="Test_suite_aaa.R"/>
    <testcase time="0.0180000000000007" classname="aaa" name="Test_suite_aaa.R"/>
    <testcase time="0.0289999999999999" classname="aaa" name="Test_suite_aaa.R"/>
    <testcase time="0.0289999999999999" classname="aaa" name="Test_suite_aaa.R"/>
    <testcase time="0.0190000000000001" classname="aaa" name="Test_suite_aaa.R"/>
    <testcase time="0.0169999999999995" classname="aaa" name="Test_suite_aaa.R"/>
    <testcase time="0.0289999999999999" classname="aaa" name="Test_suite_aaa.R"/>
    <testcase time="0.0240000000000009" classname="aaa" name="Test_suite_aaa.R"/>
    <testcase time="0.0190000000000001" classname="aaa" name="Test_suite_aaa.R"/>
    <testcase time="0.0239999999999991" classname="aaa" name="Test_suite_aaa.R"/>
    <testcase time="0.0220000000000002" classname="aaa" name="Test_suite_aaa.R"/>
    <testcase time="0.0190000000000001" classname="aaa" name="Test_suite_aaa.R"/>
    <testcase time="0.016" classname="aaa" name="Test_suite_aaa.R"/>
    <testcase time="0.016" classname="aaa" name="Test_suite_aaa.R"/>
    <testcase time="0.0179999999999989" classname="aaa" name="Test_suite_aaa.R"/>
    <testcase time="0.0150000000000006" classname="aaa" name="Test_suite_aaa.R"/>
    <testcase time="0.0169999999999995" classname="aaa" name="Test_suite_aaa.R"/>
    <testcase time="0.0150000000000006" classname="aaa" name="Test_suite_aaa.R"/>
    <testcase time="0.0120000000000005" classname="aaa" name="Test_suite_aaa.R"/>
    <testcase time="0.0139999999999993" classname="aaa" name="Test_suite_aaa.R"/>
    <testcase time="0.0180000000000007" classname="aaa" name="Test_suite_aaa.R"/>
    <testcase time="0.0190000000000001" classname="aaa" name="Test_suite_aaa.R"/>
    <testcase time="0.0269999999999992" classname="aaa" name="Test_suite_aaa.R"/>
    <testcase time="0.0210000000000008" classname="aaa" name="Test_suite_aaa.R"/>
    <testcase time="0.0419999999999998" classname="aaa" name="Test_suite_aaa.R"/>
    <testcase time="0.0220000000000002" classname="aaa" name="Test_suite_aaa.R"/>
    <testcase time="0.0220000000000002" classname="aaa" name="Test_suite_aaa.R"/>
    <testcase time="0.0249999999999986" classname="aaa" name="Test_suite_aaa.R"/>
    <testcase time="0.0240000000000009" classname="aaa" name="Test_suite_aaa.R"/>
    <testcase time="0.0559999999999992" classname="aaa" name="Test_suite_aaa.R"/>
    <testcase time="0.0220000000000002" classname="aaa" name="Test_suite_aaa.R"/>
    <testcase time="0.0280000000000005" classname="aaa" name="Test_suite_aaa.R"/>
    <testcase time="0.032" classname="aaa" name="Test_suite_aaa.R"/>
    <testcase time="0.0229999999999997" classname="aaa" name="Test_suite_aaa.R"/>
    <testcase time="0.106" classname="aaa" name="Test_suite_aaa.R"/>
    <testcase time="0.0229999999999997" classname="aaa" name="Test_suite_aaa.R"/>
    <testcase time="0.0259999999999998" classname="aaa" name="Test_suite_aaa.R"/>
    <testcase time="0.0260000000000016" classname="aaa" name="Test_suite_aaa.R"/>
    <testcase time="0.032" classname="aaa" name="Test_suite_aaa.R"/>
    <testcase time="0.0829999999999984" classname="aaa" name="Test_suite_aaa.R"/>
    <testcase time="0.0240000000000009" classname="aaa" name="Test_suite_aaa.R"/>
    <testcase time="0.0239999999999991" classname="aaa" name="Test_suite_aaa.R"/>
    <testcase time="0.0250000000000004" classname="aaa" name="Test_suite_aaa.R"/>
    <testcase time="0.0259999999999998" classname="aaa" name="Test_suite_aaa.R"/>
    <testcase time="0.0510000000000002" classname="aaa" name="Test_suite_aaa.R"/>
  </testsuite>
  <testsuite name="aab" timestamp="2024-09-09T13:11:27Z" hostname="0211941ad2ad" tests="100" skipped="0" failures="0" errors="0" time="11.326">
    <testcase time="0.0289999999999999" classname="aab" name="Test_suite_aab.R"/>
    <testcase time="0.00999999999999979" classname="aab" name="Test_suite_aab.R"/>
    <testcase time="0.00700000000000145" classname="aab" name="Test_suite_aab.R"/>
    <testcase time="0.00499999999999901" classname="aab" name="Test_suite_aab.R"/>
    <testcase time="0.00500000000000078" classname="aab" name="Test_suite_aab.R"/>
    <testcase time="0.00600000000000023" classname="aab" name="Test_suite_aab.R"/>
    <testcase time="0.00600000000000023" classname="aab" name="Test_suite_aab.R"/>
    <testcase time="0.00499999999999901" classname="aab" name="Test_suite_aab.R"/>
    <testcase time="0.016" classname="aab" name="Test_suite_aab.R"/>
    <testcase time="0.0240000000000009" classname="aab" name="Test_suite_aab.R"/>
    <testcase time="0.032" classname="aab" name="Test_suite_aab.R"/>
    <testcase time="0.0329999999999995" classname="aab" name="Test_suite_aab.R"/>
    <testcase time="0.0730000000000004" classname="aab" name="Test_suite_aab.R"/>
    <testcase time="0.00900000000000034" classname="aab" name="Test_suite_aab.R"/>
    <testcase time="0.0220000000000002" classname="aab" name="Test_suite_aab.R"/>
    <testcase time="0.0729999999999986" classname="aab" name="Test_suite_aab.R"/>
    <testcase time="0.385" classname="aab" name="Test_suite_aab.R"/>
    <testcase time="0.0310000000000006" classname="aab" name="Test_suite_aab.R"/>
    <testcase time="0.0250000000000004" classname="aab" name="Test_suite_aab.R"/>
    <testcase time="0.0919999999999987" classname="aab" name="Test_suite_aab.R"/>
    <testcase time="0.397000000000002" classname="aab" name="Test_suite_aab.R"/>
    <testcase time="0.00999999999999801" classname="aab" name="Test_suite_aab.R"/>
    <testcase time="0.022000000000002" classname="aab" name="Test_suite_aab.R"/>
    <testcase time="0.0869999999999997" classname="aab" name="Test_suite_aab.R"/>
    <testcase time="0.364000000000001" classname="aab" name="Test_suite_aab.R"/>
    <testcase time="0.0259999999999998" classname="aab" name="Test_suite_aab.R"/>
    <testcase time="0.00999999999999801" classname="aab" name="Test_suite_aab.R"/>
    <testcase time="0.0100000000000016" classname="aab" name="Test_suite_aab.R"/>
    <testcase time="0.00900000000000034" classname="aab" name="Test_suite_aab.R"/>
    <testcase time="0.00999999999999801" classname="aab" name="Test_suite_aab.R"/>
    <testcase time="0.0100000000000016" classname="aab" name="Test_suite_aab.R"/>
    <testcase time="0.00999999999999801" classname="aab" name="Test_suite_aab.R"/>
    <testcase time="0.00900000000000034" classname="aab" name="Test_suite_aab.R"/>
    <testcase time="0.032" classname="aab" name="Test_suite_aab.R"/>
    <testcase time="0.0380000000000003" classname="aab" name="Test_suite_aab.R"/>
    <testcase time="0.0250000000000021" classname="aab" name="Test_suite_aab.R"/>
    <testcase time="0.046999999999997" classname="aab" name="Test_suite_aab.R"/>
    <testcase time="0.131" classname="aab" name="Test_suite_aab.R"/>
    <testcase time="0.0100000000000016" classname="aab" name="Test_suite_aab.R"/>
    <testcase time="0.0330000000000013" classname="aab" name="Test_suite_aab.R"/>
    <testcase time="0.183" classname="aab" name="Test_suite_aab.R"/>
    <testcase time="1.266" classname="aab" name="Test_suite_aab.R"/>
    <testcase time="0.0120000000000005" classname="aab" name="Test_suite_aab.R"/>
    <testcase time="0.0390000000000015" classname="aab" name="Test_suite_aab.R"/>
    <testcase time="0.161999999999999" classname="aab" name="Test_suite_aab.R"/>
    <testcase time="0.946999999999999" classname="aab" name="Test_suite_aab.R"/>
    <testcase time="0.0109999999999992" classname="aab" name="Test_suite_aab.R"/>
    <testcase time="0.0240000000000009" classname="aab" name="Test_suite_aab.R"/>
    <testcase time="0.0970000000000013" classname="aab" name="Test_suite_aab.R"/>
    <testcase time="0.500999999999998" classname="aab" name="Test_suite_aab.R"/>
    <testcase time="0.0110000000000028" classname="aab" name="Test_suite_aab.R"/>
    <testcase time="0.00999999999999801" classname="aab" name="Test_suite_aab.R"/>
    <testcase time="0.0100000000000016" classname="aab" name="Test_suite_aab.R"/>
    <testcase time="0.00999999999999801" classname="aab" name="Test_suite_aab.R"/>
    <testcase time="0.00900000000000034" classname="aab" name="Test_suite_aab.R"/>
    <testcase time="0.00900000000000034" classname="aab" name="Test_suite_aab.R"/>
    <testcase time="0.00900000000000034" classname="aab" name="Test_suite_aab.R"/>
    <testcase time="0.00999999999999801" classname="aab" name="Test_suite_aab.R"/>
    <testcase time="0.0230000000000032" classname="aab" name="Test_suite_aab.R"/>
    <testcase time="0.0339999999999989" classname="aab" name="Test_suite_aab.R"/>
    <testcase time="0.0259999999999998" classname="aab" name="Test_suite_aab.R"/>
    <testcase time="0.0539999999999985" classname="aab" name="Test_suite_aab.R"/>
    <testcase time="0.163" classname="aab" name="Test_suite_aab.R"/>
    <testcase time="0.0110000000000028" classname="aab" name="Test_suite_aab.R"/>
    <testcase time="0.0309999999999988" classname="aab" name="Test_suite_aab.R"/>
    <testcase time="0.141999999999999" classname="aab" name="Test_suite_aab.R"/>
    <testcase time="0.815999999999999" classname="aab" name="Test_suite_aab.R"/>
    <testcase time="0.0100000000000016" classname="aab" name="Test_suite_aab.R"/>
    <testcase time="0.0240000000000009" classname="aab" name="Test_suite_aab.R"/>
    <testcase time="0.100999999999999" classname="aab" name="Test_suite_aab.R"/>
    <testcase time="0.507999999999999" classname="aab" name="Test_suite_aab.R"/>
    <testcase time="0.0100000000000016" classname="aab" name="Test_suite_aab.R"/>
    <testcase time="0.0219999999999985" classname="aab" name="Test_suite_aab.R"/>
    <testcase time="0.0919999999999987" classname="aab" name="Test_suite_aab.R"/>
    <testcase time="0.5" classname="aab" name="Test_suite_aab.R"/>
    <testcase time="0.0100000000000016" classname="aab" name="Test_suite_aab.R"/>
    <testcase time="0.0100000000000016" classname="aab" name="Test_suite_aab.R"/>
    <testcase time="0.00999999999999801" classname="aab" name="Test_suite_aab.R"/>
    <testcase time="0.0100000000000016" classname="aab" name="Test_suite_aab.R"/>
    <testcase time="0.0109999999999992" classname="aab" name="Test_suite_aab.R"/>
    <testcase time="0.0109999999999992" classname="aab" name="Test_suite_aab.R"/>
    <testcase time="0.0109999999999992" classname="aab" name="Test_suite_aab.R"/>
    <testcase time="0.0100000000000016" classname="aab" name="Test_suite_aab.R"/>
    <testcase time="0.0150000000000006" classname="aab" name="Test_suite_aab.R"/>
    <testcase time="0.0299999999999976" classname="aab" name="Test_suite_aab.R"/>
    <testcase time="0.0240000000000009" classname="aab" name="Test_suite_aab.R"/>
    <testcase time="0.0399999999999991" classname="aab" name="Test_suite_aab.R"/>
    <testcase time="0.114000000000001" classname="aab" name="Test_suite_aab.R"/>
    <testcase time="0.0120000000000005" classname="aab" name="Test_suite_aab.R"/>
    <testcase time="0.0329999999999977" classname="aab" name="Test_suite_aab.R"/>
    <testcase time="0.151" classname="aab" name="Test_suite_aab.R"/>
    <testcase time="1.012" classname="aab" name="Test_suite_aab.R"/>
    <testcase time="0.00900000000000034" classname="aab" name="Test_suite_aab.R"/>
    <testcase time="0.0229999999999997" classname="aab" name="Test_suite_aab.R"/>
    <testcase time="0.0940000000000012" classname="aab" name="Test_suite_aab.R"/>
    <testcase time="0.542999999999999" classname="aab" name="Test_suite_aab.R"/>
    <testcase time="0.0120000000000005" classname="aab" name="Test_suite_aab.R"/>
    <testcase time="0.0279999999999987" classname="aab" name="Test_suite_aab.R"/>
    <testcase time="0.140000000000001" classname="aab" name="Test_suite_aab.R"/>
    <testcase time="0.898" classname="aab" name="Test_suite_aab.R"/>
  </testsuite>
  <testsuite name="aac" timestamp="2024-09-09T13:11:39Z" hostname="0211941ad2ad" tests="100" skipped="0" failures="0" errors="0" time="12.343">
    <testcase time="0.0250000000000021" classname="aac" name="Test_suite_aac.R"/>
    <testcase time="0.00600000000000023" classname="aac" name="Test_suite_aac.R"/>
    <testcase time="0.00600000000000023" classname="aac" name="Test_suite_aac.R"/>
    <testcase time="0.00499999999999901" classname="aac" name="Test_suite_aac.R"/>
    <testcase time="0.00499999999999901" classname="aac" name="Test_suite_aac.R"/>
    <testcase time="0.00499999999999901" classname="aac" name="Test_suite_aac.R"/>
    <testcase time="0.00600000000000023" classname="aac" name="Test_suite_aac.R"/>
    <testcase time="0.00499999999999901" classname="aac" name="Test_suite_aac.R"/>
    <testcase time="0.0150000000000006" classname="aac" name="Test_suite_aac.R"/>
    <testcase time="0.027000000000001" classname="aac" name="Test_suite_aac.R"/>
    <testcase time="0.0279999999999987" classname="aac" name="Test_suite_aac.R"/>
    <testcase time="0.0360000000000014" classname="aac" name="Test_suite_aac.R"/>
    <testcase time="0.0960000000000001" classname="aac" name="Test_suite_aac.R"/>
    <testcase time="0.0109999999999992" classname="aac" name="Test_suite_aac.R"/>
    <testcase time="0.027000000000001" classname="aac" name="Test_suite_aac.R"/>
    <testcase time="0.0829999999999984" classname="aac" name="Test_suite_aac.R"/>
    <testcase time="0.406000000000002" classname="aac" name="Test_suite_aac.R"/>
    <testcase time="0.032" classname="aac" name="Test_suite_aac.R"/>
    <testcase time="0.0219999999999985" classname="aac" name="Test_suite_aac.R"/>
    <testcase time="0.0500000000000007" classname="aac" name="Test_suite_aac.R"/>
    <testcase time="0.169999999999998" classname="aac" name="Test_suite_aac.R"/>
    <testcase time="0.0100000000000016" classname="aac" name="Test_suite_aac.R"/>
    <testcase time="0.0209999999999972" classname="aac" name="Test_suite_aac.R"/>
    <testcase time="0.0600000000000023" classname="aac" name="Test_suite_aac.R"/>
    <testcase time="0.262" classname="aac" name="Test_suite_aac.R"/>
    <testcase time="0.0129999999999981" classname="aac" name="Test_suite_aac.R"/>
    <testcase time="0.0130000000000017" classname="aac" name="Test_suite_aac.R"/>
    <testcase time="0.0129999999999981" classname="aac" name="Test_suite_aac.R"/>
    <testcase time="0.0130000000000017" classname="aac" name="Test_suite_aac.R"/>
    <testcase time="0.0129999999999981" classname="aac" name="Test_suite_aac.R"/>
    <testcase time="0.0130000000000017" classname="aac" name="Test_suite_aac.R"/>
    <testcase time="0.0129999999999981" classname="aac" name="Test_suite_aac.R"/>
    <testcase time="0.0120000000000005" classname="aac" name="Test_suite_aac.R"/>
    <testcase time="0.0210000000000008" classname="aac" name="Test_suite_aac.R"/>
    <testcase time="0.0459999999999994" classname="aac" name="Test_suite_aac.R"/>
    <testcase time="0.0350000000000001" classname="aac" name="Test_suite_aac.R"/>
    <testcase time="0.0760000000000005" classname="aac" name="Test_suite_aac.R"/>
    <testcase time="0.224" classname="aac" name="Test_suite_aac.R"/>
    <testcase time="0.0139999999999993" classname="aac" name="Test_suite_aac.R"/>
    <testcase time="0.036999999999999" classname="aac" name="Test_suite_aac.R"/>
    <testcase time="0.202000000000002" classname="aac" name="Test_suite_aac.R"/>
    <testcase time="1.305" classname="aac" name="Test_suite_aac.R"/>
    <testcase time="0.0129999999999981" classname="aac" name="Test_suite_aac.R"/>
    <testcase time="0.0280000000000022" classname="aac" name="Test_suite_aac.R"/>
    <testcase time="0.119" classname="aac" name="Test_suite_aac.R"/>
    <testcase time="0.602999999999998" classname="aac" name="Test_suite_aac.R"/>
    <testcase time="0.0110000000000028" classname="aac" name="Test_suite_aac.R"/>
    <testcase time="0.0299999999999976" classname="aac" name="Test_suite_aac.R"/>
    <testcase time="0.526" classname="aac" name="Test_suite_aac.R"/>
    <testcase time="0.855000000000004" classname="aac" name="Test_suite_aac.R"/>
    <testcase time="0.0129999999999981" classname="aac" name="Test_suite_aac.R"/>
    <testcase time="0.0109999999999957" classname="aac" name="Test_suite_aac.R"/>
    <testcase time="0.0100000000000051" classname="aac" name="Test_suite_aac.R"/>
    <testcase time="0.00999999999999801" classname="aac" name="Test_suite_aac.R"/>
    <testcase time="0.0110000000000028" classname="aac" name="Test_suite_aac.R"/>
    <testcase time="0.00999999999999801" classname="aac" name="Test_suite_aac.R"/>
    <testcase time="0.00999999999999801" classname="aac" name="Test_suite_aac.R"/>
    <testcase time="0.0100000000000051" classname="aac" name="Test_suite_aac.R"/>
    <testcase time="0.0179999999999936" classname="aac" name="Test_suite_aac.R"/>
    <testcase time="0.0320000000000036" classname="aac" name="Test_suite_aac.R"/>
    <testcase time="0.0339999999999989" classname="aac" name="Test_suite_aac.R"/>
    <testcase time="0.054000000000002" classname="aac" name="Test_suite_aac.R"/>
    <testcase time="0.165999999999997" classname="aac" name="Test_suite_aac.R"/>
    <testcase time="0.0129999999999981" classname="aac" name="Test_suite_aac.R"/>
    <testcase time="0.0310000000000059" classname="aac" name="Test_suite_aac.R"/>
    <testcase time="0.132999999999996" classname="aac" name="Test_suite_aac.R"/>
    <testcase time="0.850999999999999" classname="aac" name="Test_suite_aac.R"/>
    <testcase time="0.0129999999999981" classname="aac" name="Test_suite_aac.R"/>
    <testcase time="0.0290000000000035" classname="aac" name="Test_suite_aac.R"/>
    <testcase time="0.105999999999995" classname="aac" name="Test_suite_aac.R"/>
    <testcase time="0.562000000000005" classname="aac" name="Test_suite_aac.R"/>
    <testcase time="0.0109999999999957" classname="aac" name="Test_suite_aac.R"/>
    <testcase time="0.0350000000000037" classname="aac" name="Test_suite_aac.R"/>
    <testcase time="0.119999999999997" classname="aac" name="Test_suite_aac.R"/>
    <testcase time="0.801000000000002" classname="aac" name="Test_suite_aac.R"/>
    <testcase time="0.0129999999999981" classname="aac" name="Test_suite_aac.R"/>
    <testcase time="0.0110000000000028" classname="aac" name="Test_suite_aac.R"/>
    <testcase time="0.0109999999999957" classname="aac" name="Test_suite_aac.R"/>
    <testcase time="0.0110000000000028" classname="aac" name="Test_suite_aac.R"/>
    <testcase time="0.0109999999999957" classname="aac" name="Test_suite_aac.R"/>
    <testcase time="0.0100000000000051" classname="aac" name="Test_suite_aac.R"/>
    <testcase time="0.00999999999999801" classname="aac" name="Test_suite_aac.R"/>
    <testcase time="0.00900000000000034" classname="aac" name="Test_suite_aac.R"/>
    <testcase time="0.0159999999999982" classname="aac" name="Test_suite_aac.R"/>
    <testcase time="0.0420000000000016" classname="aac" name="Test_suite_aac.R"/>
    <testcase time="0.0309999999999988" classname="aac" name="Test_suite_aac.R"/>
    <testcase time="0.0559999999999974" classname="aac" name="Test_suite_aac.R"/>
    <testcase time="0.141999999999996" classname="aac" name="Test_suite_aac.R"/>
    <testcase time="0.0140000000000029" classname="aac" name="Test_suite_aac.R"/>
    <testcase time="0.0350000000000037" classname="aac" name="Test_suite_aac.R"/>
    <testcase time="0.153999999999996" classname="aac" name="Test_suite_aac.R"/>
    <testcase time="0.899000000000001" classname="aac" name="Test_suite_aac.R"/>
    <testcase time="0.0110000000000028" classname="aac" name="Test_suite_aac.R"/>
    <testcase time="0.0399999999999991" classname="aac" name="Test_suite_aac.R"/>
    <testcase time="0.178999999999995" classname="aac" name="Test_suite_aac.R"/>
    <testcase time="1.12" classname="aac" name="Test_suite_aac.R"/>
    <testcase time="0.0139999999999958" classname="aac" name="Test_suite_aac.R"/>
    <testcase time="0.0290000000000035" classname="aac" name="Test_suite_aac.R"/>
    <testcase time="0.124000000000002" classname="aac" name="Test_suite_aac.R"/>
    <testcase time="0.589999999999996" classname="aac" name="Test_suite_aac.R"/>
  </testsuite>
  <testsuite name="aad" timestamp="2024-09-09T13:11:51Z" hostname="0211941ad2ad" tests="43" skipped="0" failures="0" errors="0" time="0.975">
    <testcase time="0.0700000000000003" classname="aad" name="test_suite_aad"/>
    <testcase time="0.0150000000000006" classname="aad" name="test_suite_aad"/>
    <testcase time="0.0150000000000006" classname="aad" name="test_suite_aad"/>
    <testcase time="0.0159999999999982" classname="aad" name="test_suite_aad"/>
    <testcase time="0.0150000000000006" classname="aad" name="test_suite_aad"/>
    <testcase time="0.0150000000000006" classname="aad" name="test_suite_aad"/>
    <testcase time="0.0159999999999982" classname="aad" name="test_suite_aad"/>
    <testcase time="0.017000000000003" classname="aad" name="test_suite_aad"/>
    <testcase time="0.017000000000003" classname="aad" name="test_suite_aad"/>
    <testcase time="0.0269999999999939" classname="aad" name="test_suite_aad"/>
    <testcase time="0.0180000000000007" classname="aad" name="test_suite_aad"/>
    <testcase time="0.0189999999999984" classname="aad" name="test_suite_aad"/>
    <testcase time="0.0189999999999984" classname="aad" name="test_suite_aad"/>
    <testcase time="0.0200000000000031" classname="aad" name="test_suite_aad"/>
    <testcase time="0.019999999999996" classname="aad" name="test_suite_aad"/>
    <testcase time="0.0220000000000056" classname="aad" name="test_suite_aad"/>
    <testcase time="0.0259999999999962" classname="aad" name="test_suite_aad"/>
    <testcase time="0.0279999999999987" classname="aad" name="test_suite_aad"/>
    <testcase time="0.027000000000001" classname="aad" name="test_suite_aad"/>
    <testcase time="0.027000000000001" classname="aad" name="test_suite_aad"/>
    <testcase time="0.0180000000000007" classname="aad" name="test_suite_aad"/>
    <testcase time="0.0169999999999959" classname="aad" name="test_suite_aad"/>
    <testcase time="0.0160000000000053" classname="aad" name="test_suite_aad"/>
    <testcase time="0.0169999999999959" classname="aad" name="test_suite_aad"/>
    <testcase time="0.0160000000000053" classname="aad" name="test_suite_aad"/>
    <testcase time="0.0159999999999982" classname="aad" name="test_suite_aad"/>
    <testcase time="0.0139999999999958" classname="aad" name="test_suite_aad"/>
    <testcase time="0.0150000000000006" classname="aad" name="test_suite_aad"/>
    <testcase time="0.0240000000000009" classname="aad" name="test_suite_aad"/>
    <testcase time="0.0140000000000029" classname="aad" name="test_suite_aad"/>
    <testcase time="0.0159999999999982" classname="aad" name="test_suite_aad"/>
    <testcase time="0.0160000000000053" classname="aad" name="test_suite_aad"/>
    <testcase time="0.00399999999999778" classname="aad" name="test_suite_aad"/>
    <testcase time="0.0820000000000007" classname="aad" name="test_suite_aad"/>
    <testcase time="0.0319999999999965" classname="aad" name="test_suite_aad"/>
    <testcase time="0.0309999999999988" classname="aad" name="test_suite_aad"/>
    <testcase time="0.0220000000000056" classname="aad" name="test_suite_aad"/>
    <testcase time="0.0129999999999981" classname="aad" name="test_suite_aad"/>
    <testcase time="0.0360000000000014" classname="aad" name="test_suite_aad"/>
    <testcase time="0.00900000000000034" classname="aad" name="test_suite_aad"/>
    <testcase time="0.0419999999999945" classname="aad" name="test_suite_aad"/>
    <testcase time="0.0370000000000061" classname="aad" name="test_suite_aad"/>
    <testcase time="0.0189999999999984" classname="aad" name="test_suite_aad"/>
  </testsuite>
  <testsuite name="aae" timestamp="2024-09-09T13:11:52Z" hostname="0211941ad2ad" tests="3" skipped="0" failures="0" errors="0" time="0.123">
    <testcase time="0.0260000000000034" classname="aae" name="Test_suite_aae.R"/>
    <testcase time="0.00600000000000023" classname="aae" name="Test_suite_aae.R"/>
    <testcase time="0.090999999999994" classname="aae" name="Test_suite_aae.R"/>
  </testsuite>
  <testsuite name="aaf" timestamp="2024-09-09T13:11:52Z" hostname="0211941ad2ad" tests="56" skipped="0" failures="0" errors="0" time="6.288">
    <testcase time="0.0140000000000029" classname="aaf" name="Test_suite_aaf.R"/>
    <testcase time="0.00600000000000023" classname="aaf" name="Test_suite_aaf.R"/>
    <testcase time="0.00500000000000256" classname="aaf" name="Test_suite_aaf.R"/>
    <testcase time="0.00600000000000023" classname="aaf" name="Test_suite_aaf.R"/>
    <testcase time="0.0210000000000008" classname="aaf" name="Test_suite_aaf.R"/>
    <testcase time="0.0229999999999961" classname="aaf" name="Test_suite_aaf.R"/>
    <testcase time="0.070999999999998" classname="aaf" name="Test_suite_aaf.R"/>
    <testcase time="0.0740000000000052" classname="aaf" name="Test_suite_aaf.R"/>
    <testcase time="0.0730000000000004" classname="aaf" name="Test_suite_aaf.R"/>
    <testcase time="0.101999999999997" classname="aaf" name="Test_suite_aaf.R"/>
    <testcase time="0.0360000000000014" classname="aaf" name="Test_suite_aaf.R"/>
    <testcase time="0.494999999999997" classname="aaf" name="Test_suite_aaf.R"/>
    <testcase time="0.511000000000003" classname="aaf" name="Test_suite_aaf.R"/>
    <testcase time="0.204999999999998" classname="aaf" name="Test_suite_aaf.R"/>
    <testcase time="0.00800000000000267" classname="aaf" name="Test_suite_aaf.R"/>
    <testcase time="0.00600000000000023" classname="aaf" name="Test_suite_aaf.R"/>
    <testcase time="0.00600000000000023" classname="aaf" name="Test_suite_aaf.R"/>
    <testcase time="0.00600000000000023" classname="aaf" name="Test_suite_aaf.R"/>
    <testcase time="0.019999999999996" classname="aaf" name="Test_suite_aaf.R"/>
    <testcase time="0.0190000000000055" classname="aaf" name="Test_suite_aaf.R"/>
    <testcase time="0.0679999999999978" classname="aaf" name="Test_suite_aaf.R"/>
    <testcase time="0.0579999999999998" classname="aaf" name="Test_suite_aaf.R"/>
    <testcase time="0.0690000000000026" classname="aaf" name="Test_suite_aaf.R"/>
    <testcase time="0.0959999999999965" classname="aaf" name="Test_suite_aaf.R"/>
    <testcase time="0.0320000000000036" classname="aaf" name="Test_suite_aaf.R"/>
    <testcase time="0.482999999999997" classname="aaf" name="Test_suite_aaf.R"/>
    <testcase time="0.493000000000002" classname="aaf" name="Test_suite_aaf.R"/>
    <testcase time="0.216999999999999" classname="aaf" name="Test_suite_aaf.R"/>
    <testcase time="0.007000000000005" classname="aaf" name="Test_suite_aaf.R"/>
    <testcase time="0.00600000000000023" classname="aaf" name="Test_suite_aaf.R"/>
    <testcase time="0.00600000000000023" classname="aaf" name="Test_suite_aaf.R"/>
    <testcase time="0.00499999999999545" classname="aaf" name="Test_suite_aaf.R"/>
    <testcase time="0.0210000000000008" classname="aaf" name="Test_suite_aaf.R"/>
    <testcase time="0.0210000000000008" classname="aaf" name="Test_suite_aaf.R"/>
    <testcase time="0.0609999999999999" classname="aaf" name="Test_suite_aaf.R"/>
    <testcase time="0.0660000000000025" classname="aaf" name="Test_suite_aaf.R"/>
    <testcase time="0.0799999999999983" classname="aaf" name="Test_suite_aaf.R"/>
    <testcase time="0.0899999999999963" classname="aaf" name="Test_suite_aaf.R"/>
    <testcase time="0.0380000000000038" classname="aaf" name="Test_suite_aaf.R"/>
    <testcase time="0.479999999999997" classname="aaf" name="Test_suite_aaf.R"/>
    <testcase time="0.460999999999999" classname="aaf" name="Test_suite_aaf.R"/>
    <testcase time="0.188000000000002" classname="aaf" name="Test_suite_aaf.R"/>
    <testcase time="0.00800000000000267" classname="aaf" name="Test_suite_aaf.R"/>
    <testcase time="0.0069999999999979" classname="aaf" name="Test_suite_aaf.R"/>
    <testcase time="0.0069999999999979" classname="aaf" name="Test_suite_aaf.R"/>
    <testcase time="0.00600000000000023" classname="aaf" name="Test_suite_aaf.R"/>
    <testcase time="0.0200000000000031" classname="aaf" name="Test_suite_aaf.R"/>
    <testcase time="0.0159999999999982" classname="aaf" name="Test_suite_aaf.R"/>
    <testcase time="0.0619999999999976" classname="aaf" name="Test_suite_aaf.R"/>
    <testcase time="0.0650000000000048" classname="aaf" name="Test_suite_aaf.R"/>
    <testcase time="0.0869999999999962" classname="aaf" name="Test_suite_aaf.R"/>
    <testcase time="0.0830000000000055" classname="aaf" name="Test_suite_aaf.R"/>
    <testcase time="0.0359999999999943" classname="aaf" name="Test_suite_aaf.R"/>
    <testcase time="0.461000000000006" classname="aaf" name="Test_suite_aaf.R"/>
    <testcase time="0.464999999999996" classname="aaf" name="Test_suite_aaf.R"/>
    <testcase time="0.212000000000003" classname="aaf" name="Test_suite_aaf.R"/>
  </testsuite>
  <testsuite name="aag" timestamp="2024-09-09T13:11:58Z" hostname="0211941ad2ad" tests="3" skipped="0" failures="0" errors="0" time="0.08">
    <testcase time="0.036999999999999" classname="aag" name="Test_suite_aag.R"/>
    <testcase time="0.0229999999999961" classname="aag" name="Test_suite_aag.R"/>
    <testcase time="0.0200000000000031" classname="aag" name="Test_suite_aag.R"/>
  </testsuite>
  <testsuite name="aah" timestamp="2024-09-09T13:11:58Z" hostname="0211941ad2ad" tests="3" skipped="0" failures="0" errors="0" time="0.072">
    <testcase time="0.0120000000000005" classname="aah" name="Test_suite_aah.R"/>
    <testcase time="0.00300000000000011" classname="aah" name="Test_suite_aah.R"/>
    <testcase time="0.0569999999999951" classname="aah" name="Test_suite_aah.R"/>
  </testsuite>
  <testsuite name="zzz" timestamp="2024-09-09T13:11:58Z" hostname="0211941ad2ad" tests="33" skipped="0" failures="0" errors="0" time="0.833">
    <testcase time="0.0110000000000028" classname="zzz" name="Test_suite_zzz_specific_identities_and_miscellaneous_checks"/>
    <testcase time="0.0140000000000029" classname="zzz" name="Test_suite_zzz_specific_identities_and_miscellaneous_checks"/>
    <testcase time="0.00300000000000011" classname="zzz" name="Test_suite_zzz_specific_identities_and_miscellaneous_checks"/>
    <testcase time="0.00300000000000011" classname="zzz" name="Test_suite_zzz_specific_identities_and_miscellaneous_checks"/>
    <testcase time="0.00300000000000011" classname="zzz" name="Test_suite_zzz_specific_identities_and_miscellaneous_checks"/>
    <testcase time="0.00900000000000034" classname="zzz" name="Test_suite_zzz_specific_identities_and_miscellaneous_checks"/>
    <testcase time="0.0069999999999979" classname="zzz" name="Test_suite_zzz_specific_identities_and_miscellaneous_checks"/>
    <testcase time="0.00300000000000011" classname="zzz" name="Test_suite_zzz_specific_identities_and_miscellaneous_checks"/>
    <testcase time="0.00400000000000489" classname="zzz" name="Test_suite_zzz_specific_identities_and_miscellaneous_checks"/>
    <testcase time="0.00599999999999312" classname="zzz" name="Test_suite_zzz_specific_identities_and_miscellaneous_checks"/>
    <testcase time="0.0180000000000007" classname="zzz" name="Test_suite_zzz_specific_identities_and_miscellaneous_checks"/>
    <testcase time="0.0150000000000006" classname="zzz" name="Test_suite_zzz_specific_identities_and_miscellaneous_checks"/>
    <testcase time="0.0100000000000051" classname="zzz" name="Test_suite_zzz_specific_identities_and_miscellaneous_checks"/>
    <testcase time="0.0139999999999958" classname="zzz" name="Test_suite_zzz_specific_identities_and_miscellaneous_checks"/>
    <testcase time="0.0390000000000015" classname="zzz" name="Test_suite_zzz_specific_identities_and_miscellaneous_checks"/>
    <testcase time="0.046999999999997" classname="zzz" name="Test_suite_zzz_specific_identities_and_miscellaneous_checks"/>
    <testcase time="0.00900000000000034" classname="zzz" name="Test_suite_zzz_specific_identities_and_miscellaneous_checks"/>
    <testcase time="0.0100000000000051" classname="zzz" name="Test_suite_zzz_specific_identities_and_miscellaneous_checks"/>
    <testcase time="0.0249999999999986" classname="zzz" name="Test_suite_zzz_specific_identities_and_miscellaneous_checks"/>
    <testcase time="0.0159999999999982" classname="zzz" name="Test_suite_zzz_specific_identities_and_miscellaneous_checks"/>
    <testcase time="0.0159999999999982" classname="zzz" name="Test_suite_zzz_specific_identities_and_miscellaneous_checks"/>
    <testcase time="0.0910000000000011" classname="zzz" name="Test_suite_zzz_specific_identities_and_miscellaneous_checks"/>
    <testcase time="0.295999999999999" classname="zzz" name="Test_suite_zzz_specific_identities_and_miscellaneous_checks"/>
    <testcase time="0.00600000000000023" classname="zzz" name="Test_suite_zzz_specific_identities_and_miscellaneous_checks"/>
    <testcase time="0.0549999999999997" classname="zzz" name="Test_suite_zzz_specific_identities_and_miscellaneous_checks"/>
    <testcase time="0.0159999999999982" classname="zzz" name="Test_suite_zzz_specific_identities_and_miscellaneous_checks"/>
    <testcase time="0.0120000000000005" classname="zzz" name="Test_suite_zzz_specific_identities_and_miscellaneous_checks"/>
    <testcase time="0.0120000000000005" classname="zzz" name="Test_suite_zzz_specific_identities_and_miscellaneous_checks"/>
    <testcase time="0.0300000000000011" classname="zzz" name="Test_suite_zzz_specific_identities_and_miscellaneous_checks"/>
    <testcase time="0.00400000000000489" classname="zzz" name="Test_suite_zzz_specific_identities_and_miscellaneous_checks"/>
    <testcase time="0.00399999999999778" classname="zzz" name="Test_suite_zzz_specific_identities_and_miscellaneous_checks"/>
    <testcase time="0.0129999999999981" classname="zzz" name="Test_suite_zzz_specific_identities_and_miscellaneous_checks"/>
    <testcase time="0.0120000000000005" classname="zzz" name="Test_suite_zzz_specific_identities_and_miscellaneous_checks"/>
  </testsuite>
</testsuites>
