<?xml version="1.0" encoding="UTF-8"?>
<testsuites>
  <testsuite name="aaa" timestamp="2024-07-11T16:53:23Z" hostname="66feaf2f3543" tests="561" skipped="0" failures="0" errors="0" time="10.457">
    <testcase time="0.0529999999999999" classname="aaa" name="Test_suite_aaa.R"/>
    <testcase time="0.0210000000000001" classname="aaa" name="Test_suite_aaa.R"/>
    <testcase time="0.0109999999999999" classname="aaa" name="Test_suite_aaa.R"/>
    <testcase time="0.00499999999999989" classname="aaa" name="Test_suite_aaa.R"/>
    <testcase time="0.00500000000000012" classname="aaa" name="Test_suite_aaa.R"/>
    <testcase time="0.0069999999999999" classname="aaa" name="Test_suite_aaa.R"/>
    <testcase time="0.052" classname="aaa" name="Test_suite_aaa.R"/>
    <testcase time="0.00500000000000012" classname="aaa" name="Test_suite_aaa.R"/>
    <testcase time="0.00499999999999989" classname="aaa" name="Test_suite_aaa.R"/>
    <testcase time="0.00500000000000012" classname="aaa" name="Test_suite_aaa.R"/>
    <testcase time="0.0109999999999999" classname="aaa" name="Test_suite_aaa.R"/>
    <testcase time="0.0130000000000001" classname="aaa" name="Test_suite_aaa.R"/>
    <testcase time="0.0169999999999999" classname="aaa" name="Test_suite_aaa.R"/>
    <testcase time="0.0129999999999999" classname="aaa" name="Test_suite_aaa.R"/>
    <testcase time="0.012" classname="aaa" name="Test_suite_aaa.R"/>
    <testcase time="0.012" classname="aaa" name="Test_suite_aaa.R"/>
    <testcase time="0.0150000000000001" classname="aaa" name="Test_suite_aaa.R"/>
    <testcase time="0.018" classname="aaa" name="Test_suite_aaa.R"/>
    <testcase time="0.01" classname="aaa" name="Test_suite_aaa.R"/>
    <testcase time="0.0169999999999999" classname="aaa" name="Test_suite_aaa.R"/>
    <testcase time="0.0150000000000001" classname="aaa" name="Test_suite_aaa.R"/>
    <testcase time="0.0219999999999998" classname="aaa" name="Test_suite_aaa.R"/>
    <testcase time="0.018" classname="aaa" name="Test_suite_aaa.R"/>
    <testcase time="0.0110000000000001" classname="aaa" name="Test_suite_aaa.R"/>
    <testcase time="0.004" classname="aaa" name="Test_suite_aaa.R"/>
    <testcase time="0.00600000000000001" classname="aaa" name="Test_suite_aaa.R"/>
    <testcase time="0.01" classname="aaa" name="Test_suite_aaa.R"/>
    <testcase time="0.016" classname="aaa" name="Test_suite_aaa.R"/>
    <testcase time="0.0149999999999999" classname="aaa" name="Test_suite_aaa.R"/>
    <testcase time="0.016" classname="aaa" name="Test_suite_aaa.R"/>
    <testcase time="0.02" classname="aaa" name="Test_suite_aaa.R"/>
    <testcase time="0.0209999999999999" classname="aaa" name="Test_suite_aaa.R"/>
    <testcase time="0.016" classname="aaa" name="Test_suite_aaa.R"/>
    <testcase time="0.00900000000000012" classname="aaa" name="Test_suite_aaa.R"/>
    <testcase time="0.0109999999999999" classname="aaa" name="Test_suite_aaa.R"/>
    <testcase time="0.0170000000000001" classname="aaa" name="Test_suite_aaa.R"/>
    <testcase time="0.0369999999999999" classname="aaa" name="Test_suite_aaa.R"/>
    <testcase time="0.188" classname="aaa" name="Test_suite_aaa.R"/>
    <testcase time="0.0269999999999997" classname="aaa" name="Test_suite_aaa.R"/>
    <testcase time="0.00700000000000012" classname="aaa" name="Test_suite_aaa.R"/>
    <testcase time="0.0150000000000001" classname="aaa" name="Test_suite_aaa.R"/>
    <testcase time="0.0110000000000001" classname="aaa" name="Test_suite_aaa.R"/>
    <testcase time="0.00199999999999978" classname="aaa" name="Test_suite_aaa.R"/>
    <testcase time="0.0089999999999999" classname="aaa" name="Test_suite_aaa.R"/>
    <testcase time="0.016" classname="aaa" name="Test_suite_aaa.R"/>
    <testcase time="0.016" classname="aaa" name="Test_suite_aaa.R"/>
    <testcase time="0.0129999999999999" classname="aaa" name="Test_suite_aaa.R"/>
    <testcase time="0.004" classname="aaa" name="Test_suite_aaa.R"/>
    <testcase time="0.0210000000000004" classname="aaa" name="Test_suite_aaa.R"/>
    <testcase time="0.0219999999999998" classname="aaa" name="Test_suite_aaa.R"/>
    <testcase time="0.016" classname="aaa" name="Test_suite_aaa.R"/>
    <testcase time="0.0270000000000001" classname="aaa" name="Test_suite_aaa.R"/>
    <testcase time="0.0309999999999997" classname="aaa" name="Test_suite_aaa.R"/>
    <testcase time="0.0170000000000003" classname="aaa" name="Test_suite_aaa.R"/>
    <testcase time="0.0149999999999997" classname="aaa" name="Test_suite_aaa.R"/>
    <testcase time="0.0210000000000004" classname="aaa" name="Test_suite_aaa.R"/>
    <testcase time="0.0449999999999999" classname="aaa" name="Test_suite_aaa.R"/>
    <testcase time="0.0299999999999998" classname="aaa" name="Test_suite_aaa.R"/>
    <testcase time="0.0300000000000002" classname="aaa" name="Test_suite_aaa.R"/>
    <testcase time="0.463" classname="aaa" name="Test_suite_aaa.R"/>
    <testcase time="0.0709999999999997" classname="aaa" name="Test_suite_aaa.R"/>
    <testcase time="0.00500000000000034" classname="aaa" name="Test_suite_aaa.R"/>
    <testcase time="0.00499999999999989" classname="aaa" name="Test_suite_aaa.R"/>
    <testcase time="0.00499999999999989" classname="aaa" name="Test_suite_aaa.R"/>
    <testcase time="0.00499999999999989" classname="aaa" name="Test_suite_aaa.R"/>
    <testcase time="0.00600000000000023" classname="aaa" name="Test_suite_aaa.R"/>
    <testcase time="0.012" classname="aaa" name="Test_suite_aaa.R"/>
    <testcase time="0.00499999999999989" classname="aaa" name="Test_suite_aaa.R"/>
    <testcase time="0.00499999999999989" classname="aaa" name="Test_suite_aaa.R"/>
    <testcase time="0.00499999999999989" classname="aaa" name="Test_suite_aaa.R"/>
    <testcase time="0.0110000000000001" classname="aaa" name="Test_suite_aaa.R"/>
    <testcase time="0.016" classname="aaa" name="Test_suite_aaa.R"/>
    <testcase time="0.0129999999999999" classname="aaa" name="Test_suite_aaa.R"/>
    <testcase time="0.0130000000000003" classname="aaa" name="Test_suite_aaa.R"/>
    <testcase time="0.012" classname="aaa" name="Test_suite_aaa.R"/>
    <testcase time="0.012" classname="aaa" name="Test_suite_aaa.R"/>
    <testcase time="0.0139999999999998" classname="aaa" name="Test_suite_aaa.R"/>
    <testcase time="0.0169999999999999" classname="aaa" name="Test_suite_aaa.R"/>
    <testcase time="0.0130000000000003" classname="aaa" name="Test_suite_aaa.R"/>
    <testcase time="0.0149999999999997" classname="aaa" name="Test_suite_aaa.R"/>
    <testcase time="0.0150000000000001" classname="aaa" name="Test_suite_aaa.R"/>
    <testcase time="0.0219999999999998" classname="aaa" name="Test_suite_aaa.R"/>
    <testcase time="0.0180000000000002" classname="aaa" name="Test_suite_aaa.R"/>
    <testcase time="0.0139999999999998" classname="aaa" name="Test_suite_aaa.R"/>
    <testcase time="0.004" classname="aaa" name="Test_suite_aaa.R"/>
    <testcase time="0.00600000000000023" classname="aaa" name="Test_suite_aaa.R"/>
    <testcase time="0.0110000000000001" classname="aaa" name="Test_suite_aaa.R"/>
    <testcase time="0.0129999999999999" classname="aaa" name="Test_suite_aaa.R"/>
    <testcase time="0.0150000000000001" classname="aaa" name="Test_suite_aaa.R"/>
    <testcase time="0.0169999999999999" classname="aaa" name="Test_suite_aaa.R"/>
    <testcase time="0.02" classname="aaa" name="Test_suite_aaa.R"/>
    <testcase time="0.024" classname="aaa" name="Test_suite_aaa.R"/>
    <testcase time="0.0129999999999999" classname="aaa" name="Test_suite_aaa.R"/>
    <testcase time="0.00999999999999979" classname="aaa" name="Test_suite_aaa.R"/>
    <testcase time="0.0100000000000002" classname="aaa" name="Test_suite_aaa.R"/>
    <testcase time="0.0169999999999999" classname="aaa" name="Test_suite_aaa.R"/>
    <testcase time="0.0390000000000001" classname="aaa" name="Test_suite_aaa.R"/>
    <testcase time="0.127" classname="aaa" name="Test_suite_aaa.R"/>
    <testcase time="0.0310000000000001" classname="aaa" name="Test_suite_aaa.R"/>
    <testcase time="0.00599999999999978" classname="aaa" name="Test_suite_aaa.R"/>
    <testcase time="0.0110000000000001" classname="aaa" name="Test_suite_aaa.R"/>
    <testcase time="0.0100000000000002" classname="aaa" name="Test_suite_aaa.R"/>
    <testcase time="0.00199999999999978" classname="aaa" name="Test_suite_aaa.R"/>
    <testcase time="0.00800000000000001" classname="aaa" name="Test_suite_aaa.R"/>
    <testcase time="0.0169999999999999" classname="aaa" name="Test_suite_aaa.R"/>
    <testcase time="0.0220000000000002" classname="aaa" name="Test_suite_aaa.R"/>
    <testcase time="0.0129999999999999" classname="aaa" name="Test_suite_aaa.R"/>
    <testcase time="0.004" classname="aaa" name="Test_suite_aaa.R"/>
    <testcase time="0.032" classname="aaa" name="Test_suite_aaa.R"/>
    <testcase time="0.0219999999999998" classname="aaa" name="Test_suite_aaa.R"/>
    <testcase time="0.0180000000000002" classname="aaa" name="Test_suite_aaa.R"/>
    <testcase time="0.0259999999999998" classname="aaa" name="Test_suite_aaa.R"/>
    <testcase time="0.0249999999999999" classname="aaa" name="Test_suite_aaa.R"/>
    <testcase time="0.016" classname="aaa" name="Test_suite_aaa.R"/>
    <testcase time="0.02" classname="aaa" name="Test_suite_aaa.R"/>
    <testcase time="0.0330000000000004" classname="aaa" name="Test_suite_aaa.R"/>
    <testcase time="0.04" classname="aaa" name="Test_suite_aaa.R"/>
    <testcase time="0.0289999999999999" classname="aaa" name="Test_suite_aaa.R"/>
    <testcase time="0.0289999999999999" classname="aaa" name="Test_suite_aaa.R"/>
    <testcase time="0.379" classname="aaa" name="Test_suite_aaa.R"/>
    <testcase time="0.0140000000000002" classname="aaa" name="Test_suite_aaa.R"/>
    <testcase time="0.00600000000000023" classname="aaa" name="Test_suite_aaa.R"/>
    <testcase time="0.00699999999999967" classname="aaa" name="Test_suite_aaa.R"/>
    <testcase time="0.00900000000000034" classname="aaa" name="Test_suite_aaa.R"/>
    <testcase time="0.00499999999999989" classname="aaa" name="Test_suite_aaa.R"/>
    <testcase time="0.00699999999999967" classname="aaa" name="Test_suite_aaa.R"/>
    <testcase time="0.0120000000000005" classname="aaa" name="Test_suite_aaa.R"/>
    <testcase time="0.00600000000000023" classname="aaa" name="Test_suite_aaa.R"/>
    <testcase time="0.00499999999999989" classname="aaa" name="Test_suite_aaa.R"/>
    <testcase time="0.00499999999999989" classname="aaa" name="Test_suite_aaa.R"/>
    <testcase time="0.0110000000000001" classname="aaa" name="Test_suite_aaa.R"/>
    <testcase time="0.0119999999999996" classname="aaa" name="Test_suite_aaa.R"/>
    <testcase time="0.0120000000000005" classname="aaa" name="Test_suite_aaa.R"/>
    <testcase time="0.016" classname="aaa" name="Test_suite_aaa.R"/>
    <testcase time="0.0129999999999999" classname="aaa" name="Test_suite_aaa.R"/>
    <testcase time="0.0129999999999999" classname="aaa" name="Test_suite_aaa.R"/>
    <testcase time="0.0149999999999997" classname="aaa" name="Test_suite_aaa.R"/>
    <testcase time="0.0180000000000007" classname="aaa" name="Test_suite_aaa.R"/>
    <testcase time="0.0109999999999992" classname="aaa" name="Test_suite_aaa.R"/>
    <testcase time="0.0180000000000007" classname="aaa" name="Test_suite_aaa.R"/>
    <testcase time="0.0149999999999997" classname="aaa" name="Test_suite_aaa.R"/>
    <testcase time="0.0220000000000002" classname="aaa" name="Test_suite_aaa.R"/>
    <testcase time="0.0179999999999998" classname="aaa" name="Test_suite_aaa.R"/>
    <testcase time="0.0110000000000001" classname="aaa" name="Test_suite_aaa.R"/>
    <testcase time="0.00399999999999956" classname="aaa" name="Test_suite_aaa.R"/>
    <testcase time="0.00600000000000023" classname="aaa" name="Test_suite_aaa.R"/>
    <testcase time="0.0140000000000002" classname="aaa" name="Test_suite_aaa.R"/>
    <testcase time="0.0140000000000002" classname="aaa" name="Test_suite_aaa.R"/>
    <testcase time="0.0149999999999997" classname="aaa" name="Test_suite_aaa.R"/>
    <testcase time="0.0169999999999995" classname="aaa" name="Test_suite_aaa.R"/>
    <testcase time="0.0190000000000001" classname="aaa" name="Test_suite_aaa.R"/>
    <testcase time="0.024" classname="aaa" name="Test_suite_aaa.R"/>
    <testcase time="0.0129999999999999" classname="aaa" name="Test_suite_aaa.R"/>
    <testcase time="0.00900000000000034" classname="aaa" name="Test_suite_aaa.R"/>
    <testcase time="0.0110000000000001" classname="aaa" name="Test_suite_aaa.R"/>
    <testcase time="0.0149999999999997" classname="aaa" name="Test_suite_aaa.R"/>
    <testcase time="0.0270000000000001" classname="aaa" name="Test_suite_aaa.R"/>
    <testcase time="0.0640000000000001" classname="aaa" name="Test_suite_aaa.R"/>
    <testcase time="0.0289999999999999" classname="aaa" name="Test_suite_aaa.R"/>
    <testcase time="0.00999999999999979" classname="aaa" name="Test_suite_aaa.R"/>
    <testcase time="0.0129999999999999" classname="aaa" name="Test_suite_aaa.R"/>
    <testcase time="0.0110000000000001" classname="aaa" name="Test_suite_aaa.R"/>
    <testcase time="0.00199999999999978" classname="aaa" name="Test_suite_aaa.R"/>
    <testcase time="0.00999999999999979" classname="aaa" name="Test_suite_aaa.R"/>
    <testcase time="0.0170000000000003" classname="aaa" name="Test_suite_aaa.R"/>
    <testcase time="0.0170000000000003" classname="aaa" name="Test_suite_aaa.R"/>
    <testcase time="0.0169999999999995" classname="aaa" name="Test_suite_aaa.R"/>
    <testcase time="0.00499999999999989" classname="aaa" name="Test_suite_aaa.R"/>
    <testcase time="0.0190000000000001" classname="aaa" name="Test_suite_aaa.R"/>
    <testcase time="0.0250000000000004" classname="aaa" name="Test_suite_aaa.R"/>
    <testcase time="0.016" classname="aaa" name="Test_suite_aaa.R"/>
    <testcase time="0.0309999999999997" classname="aaa" name="Test_suite_aaa.R"/>
    <testcase time="0.0280000000000005" classname="aaa" name="Test_suite_aaa.R"/>
    <testcase time="0.0179999999999998" classname="aaa" name="Test_suite_aaa.R"/>
    <testcase time="0.016" classname="aaa" name="Test_suite_aaa.R"/>
    <testcase time="0.0250000000000004" classname="aaa" name="Test_suite_aaa.R"/>
    <testcase time="0.0419999999999998" classname="aaa" name="Test_suite_aaa.R"/>
    <testcase time="0.0350000000000001" classname="aaa" name="Test_suite_aaa.R"/>
    <testcase time="0.0309999999999997" classname="aaa" name="Test_suite_aaa.R"/>
    <testcase time="0.523" classname="aaa" name="Test_suite_aaa.R"/>
    <testcase time="0.0150000000000006" classname="aaa" name="Test_suite_aaa.R"/>
    <testcase time="0.00499999999999989" classname="aaa" name="Test_suite_aaa.R"/>
    <testcase time="0.00599999999999934" classname="aaa" name="Test_suite_aaa.R"/>
    <testcase time="0.00600000000000023" classname="aaa" name="Test_suite_aaa.R"/>
    <testcase time="0.00499999999999989" classname="aaa" name="Test_suite_aaa.R"/>
    <testcase time="0.00800000000000001" classname="aaa" name="Test_suite_aaa.R"/>
    <testcase time="0.0120000000000005" classname="aaa" name="Test_suite_aaa.R"/>
    <testcase time="0.00600000000000023" classname="aaa" name="Test_suite_aaa.R"/>
    <testcase time="0.00499999999999989" classname="aaa" name="Test_suite_aaa.R"/>
    <testcase time="0.00699999999999967" classname="aaa" name="Test_suite_aaa.R"/>
    <testcase time="0.0140000000000002" classname="aaa" name="Test_suite_aaa.R"/>
    <testcase time="0.0169999999999995" classname="aaa" name="Test_suite_aaa.R"/>
    <testcase time="0.0170000000000003" classname="aaa" name="Test_suite_aaa.R"/>
    <testcase time="0.016" classname="aaa" name="Test_suite_aaa.R"/>
    <testcase time="0.016" classname="aaa" name="Test_suite_aaa.R"/>
    <testcase time="0.016" classname="aaa" name="Test_suite_aaa.R"/>
    <testcase time="0.0219999999999994" classname="aaa" name="Test_suite_aaa.R"/>
    <testcase time="0.0180000000000007" classname="aaa" name="Test_suite_aaa.R"/>
    <testcase time="0.0109999999999992" classname="aaa" name="Test_suite_aaa.R"/>
    <testcase time="0.016" classname="aaa" name="Test_suite_aaa.R"/>
    <testcase time="0.0150000000000006" classname="aaa" name="Test_suite_aaa.R"/>
    <testcase time="0.0229999999999997" classname="aaa" name="Test_suite_aaa.R"/>
    <testcase time="0.0190000000000001" classname="aaa" name="Test_suite_aaa.R"/>
    <testcase time="0.0110000000000001" classname="aaa" name="Test_suite_aaa.R"/>
    <testcase time="0.00499999999999989" classname="aaa" name="Test_suite_aaa.R"/>
    <testcase time="0.00699999999999967" classname="aaa" name="Test_suite_aaa.R"/>
    <testcase time="0.0100000000000007" classname="aaa" name="Test_suite_aaa.R"/>
    <testcase time="0.0129999999999999" classname="aaa" name="Test_suite_aaa.R"/>
    <testcase time="0.0149999999999997" classname="aaa" name="Test_suite_aaa.R"/>
    <testcase time="0.0179999999999998" classname="aaa" name="Test_suite_aaa.R"/>
    <testcase time="0.0200000000000005" classname="aaa" name="Test_suite_aaa.R"/>
    <testcase time="0.0219999999999994" classname="aaa" name="Test_suite_aaa.R"/>
    <testcase time="0.0130000000000008" classname="aaa" name="Test_suite_aaa.R"/>
    <testcase time="0.00999999999999979" classname="aaa" name="Test_suite_aaa.R"/>
    <testcase time="0.0110000000000001" classname="aaa" name="Test_suite_aaa.R"/>
    <testcase time="0.016" classname="aaa" name="Test_suite_aaa.R"/>
    <testcase time="0.0379999999999994" classname="aaa" name="Test_suite_aaa.R"/>
    <testcase time="0.12" classname="aaa" name="Test_suite_aaa.R"/>
    <testcase time="0.0270000000000001" classname="aaa" name="Test_suite_aaa.R"/>
    <testcase time="0.00800000000000001" classname="aaa" name="Test_suite_aaa.R"/>
    <testcase time="0.0110000000000001" classname="aaa" name="Test_suite_aaa.R"/>
    <testcase time="0.0110000000000001" classname="aaa" name="Test_suite_aaa.R"/>
    <testcase time="0.00300000000000011" classname="aaa" name="Test_suite_aaa.R"/>
    <testcase time="0.00800000000000001" classname="aaa" name="Test_suite_aaa.R"/>
    <testcase time="0.0169999999999995" classname="aaa" name="Test_suite_aaa.R"/>
    <testcase time="0.0180000000000007" classname="aaa" name="Test_suite_aaa.R"/>
    <testcase time="0.0129999999999999" classname="aaa" name="Test_suite_aaa.R"/>
    <testcase time="0.00399999999999956" classname="aaa" name="Test_suite_aaa.R"/>
    <testcase time="0.0179999999999998" classname="aaa" name="Test_suite_aaa.R"/>
    <testcase time="0.0229999999999997" classname="aaa" name="Test_suite_aaa.R"/>
    <testcase time="0.0150000000000006" classname="aaa" name="Test_suite_aaa.R"/>
    <testcase time="0.0270000000000001" classname="aaa" name="Test_suite_aaa.R"/>
    <testcase time="0.0270000000000001" classname="aaa" name="Test_suite_aaa.R"/>
    <testcase time="0.0179999999999998" classname="aaa" name="Test_suite_aaa.R"/>
    <testcase time="0.016" classname="aaa" name="Test_suite_aaa.R"/>
    <testcase time="0.024" classname="aaa" name="Test_suite_aaa.R"/>
    <testcase time="0.0419999999999998" classname="aaa" name="Test_suite_aaa.R"/>
    <testcase time="0.0300000000000002" classname="aaa" name="Test_suite_aaa.R"/>
    <testcase time="0.0310000000000006" classname="aaa" name="Test_suite_aaa.R"/>
    <testcase time="0.441" classname="aaa" name="Test_suite_aaa.R"/>
    <testcase time="0.0279999999999996" classname="aaa" name="Test_suite_aaa.R"/>
    <testcase time="0.00600000000000023" classname="aaa" name="Test_suite_aaa.R"/>
    <testcase time="0.00600000000000023" classname="aaa" name="Test_suite_aaa.R"/>
    <testcase time="0.00599999999999934" classname="aaa" name="Test_suite_aaa.R"/>
    <testcase time="0.00600000000000023" classname="aaa" name="Test_suite_aaa.R"/>
    <testcase time="0.00800000000000001" classname="aaa" name="Test_suite_aaa.R"/>
    <testcase time="0.00700000000000056" classname="aaa" name="Test_suite_aaa.R"/>
    <testcase time="0.00599999999999934" classname="aaa" name="Test_suite_aaa.R"/>
    <testcase time="0.00600000000000023" classname="aaa" name="Test_suite_aaa.R"/>
    <testcase time="0.00600000000000023" classname="aaa" name="Test_suite_aaa.R"/>
    <testcase time="0.00699999999999967" classname="aaa" name="Test_suite_aaa.R"/>
    <testcase time="0.00999999999999979" classname="aaa" name="Test_suite_aaa.R"/>
    <testcase time="0.00900000000000034" classname="aaa" name="Test_suite_aaa.R"/>
    <testcase time="0.00800000000000001" classname="aaa" name="Test_suite_aaa.R"/>
    <testcase time="0.00699999999999967" classname="aaa" name="Test_suite_aaa.R"/>
    <testcase time="0.00800000000000001" classname="aaa" name="Test_suite_aaa.R"/>
    <testcase time="0.00900000000000034" classname="aaa" name="Test_suite_aaa.R"/>
    <testcase time="0.00800000000000001" classname="aaa" name="Test_suite_aaa.R"/>
    <testcase time="0.00699999999999967" classname="aaa" name="Test_suite_aaa.R"/>
    <testcase time="0.0149999999999997" classname="aaa" name="Test_suite_aaa.R"/>
    <testcase time="0.0110000000000001" classname="aaa" name="Test_suite_aaa.R"/>
    <testcase time="0.0129999999999999" classname="aaa" name="Test_suite_aaa.R"/>
    <testcase time="0.00800000000000001" classname="aaa" name="Test_suite_aaa.R"/>
    <testcase time="0.00600000000000023" classname="aaa" name="Test_suite_aaa.R"/>
    <testcase time="0.00499999999999989" classname="aaa" name="Test_suite_aaa.R"/>
    <testcase time="0.00699999999999967" classname="aaa" name="Test_suite_aaa.R"/>
    <testcase time="0.00600000000000023" classname="aaa" name="Test_suite_aaa.R"/>
    <testcase time="0.00700000000000056" classname="aaa" name="Test_suite_aaa.R"/>
    <testcase time="0.00800000000000001" classname="aaa" name="Test_suite_aaa.R"/>
    <testcase time="0.00899999999999945" classname="aaa" name="Test_suite_aaa.R"/>
    <testcase time="0.00999999999999979" classname="aaa" name="Test_suite_aaa.R"/>
    <testcase time="0.0110000000000001" classname="aaa" name="Test_suite_aaa.R"/>
    <testcase time="0.00700000000000056" classname="aaa" name="Test_suite_aaa.R"/>
    <testcase time="0.00999999999999979" classname="aaa" name="Test_suite_aaa.R"/>
    <testcase time="0.00600000000000023" classname="aaa" name="Test_suite_aaa.R"/>
    <testcase time="0.00699999999999967" classname="aaa" name="Test_suite_aaa.R"/>
    <testcase time="0.00800000000000001" classname="aaa" name="Test_suite_aaa.R"/>
    <testcase time="0.00900000000000034" classname="aaa" name="Test_suite_aaa.R"/>
    <testcase time="0.0169999999999995" classname="aaa" name="Test_suite_aaa.R"/>
    <testcase time="0.00600000000000023" classname="aaa" name="Test_suite_aaa.R"/>
    <testcase time="0.00800000000000001" classname="aaa" name="Test_suite_aaa.R"/>
    <testcase time="0.00800000000000001" classname="aaa" name="Test_suite_aaa.R"/>
    <testcase time="0.00300000000000011" classname="aaa" name="Test_suite_aaa.R"/>
    <testcase time="0.00600000000000023" classname="aaa" name="Test_suite_aaa.R"/>
    <testcase time="0.0119999999999996" classname="aaa" name="Test_suite_aaa.R"/>
    <testcase time="0.0110000000000001" classname="aaa" name="Test_suite_aaa.R"/>
    <testcase time="0.00699999999999967" classname="aaa" name="Test_suite_aaa.R"/>
    <testcase time="0.00499999999999989" classname="aaa" name="Test_suite_aaa.R"/>
    <testcase time="0.0120000000000005" classname="aaa" name="Test_suite_aaa.R"/>
    <testcase time="0.00600000000000023" classname="aaa" name="Test_suite_aaa.R"/>
    <testcase time="0.00499999999999989" classname="aaa" name="Test_suite_aaa.R"/>
    <testcase time="0.00899999999999945" classname="aaa" name="Test_suite_aaa.R"/>
    <testcase time="0.00500000000000078" classname="aaa" name="Test_suite_aaa.R"/>
    <testcase time="0.00699999999999967" classname="aaa" name="Test_suite_aaa.R"/>
    <testcase time="0.0110000000000001" classname="aaa" name="Test_suite_aaa.R"/>
    <testcase time="0.00499999999999989" classname="aaa" name="Test_suite_aaa.R"/>
    <testcase time="0.00600000000000023" classname="aaa" name="Test_suite_aaa.R"/>
    <testcase time="0.00499999999999989" classname="aaa" name="Test_suite_aaa.R"/>
    <testcase time="0.00999999999999979" classname="aaa" name="Test_suite_aaa.R"/>
    <testcase time="0.0119999999999996" classname="aaa" name="Test_suite_aaa.R"/>
    <testcase time="0.00900000000000034" classname="aaa" name="Test_suite_aaa.R"/>
    <testcase time="0.0120000000000005" classname="aaa" name="Test_suite_aaa.R"/>
    <testcase time="0.0109999999999992" classname="aaa" name="Test_suite_aaa.R"/>
    <testcase time="0.0110000000000001" classname="aaa" name="Test_suite_aaa.R"/>
    <testcase time="0.0129999999999999" classname="aaa" name="Test_suite_aaa.R"/>
    <testcase time="0.016" classname="aaa" name="Test_suite_aaa.R"/>
    <testcase time="0.00900000000000034" classname="aaa" name="Test_suite_aaa.R"/>
    <testcase time="0.0129999999999999" classname="aaa" name="Test_suite_aaa.R"/>
    <testcase time="0.0110000000000001" classname="aaa" name="Test_suite_aaa.R"/>
    <testcase time="0.016" classname="aaa" name="Test_suite_aaa.R"/>
    <testcase time="0.016" classname="aaa" name="Test_suite_aaa.R"/>
    <testcase time="0.00900000000000034" classname="aaa" name="Test_suite_aaa.R"/>
    <testcase time="0.00499999999999989" classname="aaa" name="Test_suite_aaa.R"/>
    <testcase time="0.00599999999999934" classname="aaa" name="Test_suite_aaa.R"/>
    <testcase time="0.0100000000000007" classname="aaa" name="Test_suite_aaa.R"/>
    <testcase time="0.0109999999999992" classname="aaa" name="Test_suite_aaa.R"/>
    <testcase time="0.0170000000000012" classname="aaa" name="Test_suite_aaa.R"/>
    <testcase time="0.016" classname="aaa" name="Test_suite_aaa.R"/>
    <testcase time="0.0169999999999995" classname="aaa" name="Test_suite_aaa.R"/>
    <testcase time="0.0190000000000001" classname="aaa" name="Test_suite_aaa.R"/>
    <testcase time="0.0109999999999992" classname="aaa" name="Test_suite_aaa.R"/>
    <testcase time="0.00900000000000034" classname="aaa" name="Test_suite_aaa.R"/>
    <testcase time="0.00900000000000034" classname="aaa" name="Test_suite_aaa.R"/>
    <testcase time="0.0120000000000005" classname="aaa" name="Test_suite_aaa.R"/>
    <testcase time="0.0129999999999999" classname="aaa" name="Test_suite_aaa.R"/>
    <testcase time="0.0150000000000006" classname="aaa" name="Test_suite_aaa.R"/>
    <testcase time="0.0190000000000001" classname="aaa" name="Test_suite_aaa.R"/>
    <testcase time="0.00699999999999967" classname="aaa" name="Test_suite_aaa.R"/>
    <testcase time="0.00900000000000034" classname="aaa" name="Test_suite_aaa.R"/>
    <testcase time="0.00699999999999967" classname="aaa" name="Test_suite_aaa.R"/>
    <testcase time="0.00300000000000011" classname="aaa" name="Test_suite_aaa.R"/>
    <testcase time="0.00799999999999912" classname="aaa" name="Test_suite_aaa.R"/>
    <testcase time="0.016" classname="aaa" name="Test_suite_aaa.R"/>
    <testcase time="0.0150000000000006" classname="aaa" name="Test_suite_aaa.R"/>
    <testcase time="0.0120000000000005" classname="aaa" name="Test_suite_aaa.R"/>
    <testcase time="0.00499999999999901" classname="aaa" name="Test_suite_aaa.R"/>
    <testcase time="0.0129999999999999" classname="aaa" name="Test_suite_aaa.R"/>
    <testcase time="0.00600000000000023" classname="aaa" name="Test_suite_aaa.R"/>
    <testcase time="0.00600000000000023" classname="aaa" name="Test_suite_aaa.R"/>
    <testcase time="0.00600000000000023" classname="aaa" name="Test_suite_aaa.R"/>
    <testcase time="0.00900000000000034" classname="aaa" name="Test_suite_aaa.R"/>
    <testcase time="0.00699999999999967" classname="aaa" name="Test_suite_aaa.R"/>
    <testcase time="0.0120000000000005" classname="aaa" name="Test_suite_aaa.R"/>
    <testcase time="0.00599999999999845" classname="aaa" name="Test_suite_aaa.R"/>
    <testcase time="0.00600000000000023" classname="aaa" name="Test_suite_aaa.R"/>
    <testcase time="0.00600000000000023" classname="aaa" name="Test_suite_aaa.R"/>
    <testcase time="0.0120000000000005" classname="aaa" name="Test_suite_aaa.R"/>
    <testcase time="0.0129999999999999" classname="aaa" name="Test_suite_aaa.R"/>
    <testcase time="0.0129999999999999" classname="aaa" name="Test_suite_aaa.R"/>
    <testcase time="0.0139999999999993" classname="aaa" name="Test_suite_aaa.R"/>
    <testcase time="0.016" classname="aaa" name="Test_suite_aaa.R"/>
    <testcase time="0.0129999999999999" classname="aaa" name="Test_suite_aaa.R"/>
    <testcase time="0.0150000000000006" classname="aaa" name="Test_suite_aaa.R"/>
    <testcase time="0.0169999999999995" classname="aaa" name="Test_suite_aaa.R"/>
    <testcase time="0.011000000000001" classname="aaa" name="Test_suite_aaa.R"/>
    <testcase time="0.0150000000000006" classname="aaa" name="Test_suite_aaa.R"/>
    <testcase time="0.0139999999999993" classname="aaa" name="Test_suite_aaa.R"/>
    <testcase time="0.020999999999999" classname="aaa" name="Test_suite_aaa.R"/>
    <testcase time="0.0180000000000007" classname="aaa" name="Test_suite_aaa.R"/>
    <testcase time="0.011000000000001" classname="aaa" name="Test_suite_aaa.R"/>
    <testcase time="0.00399999999999956" classname="aaa" name="Test_suite_aaa.R"/>
    <testcase time="0.00699999999999967" classname="aaa" name="Test_suite_aaa.R"/>
    <testcase time="0.0139999999999993" classname="aaa" name="Test_suite_aaa.R"/>
    <testcase time="0.0129999999999999" classname="aaa" name="Test_suite_aaa.R"/>
    <testcase time="0.0150000000000006" classname="aaa" name="Test_suite_aaa.R"/>
    <testcase time="0.016" classname="aaa" name="Test_suite_aaa.R"/>
    <testcase time="0.0190000000000001" classname="aaa" name="Test_suite_aaa.R"/>
    <testcase time="0.0199999999999996" classname="aaa" name="Test_suite_aaa.R"/>
    <testcase time="0.0129999999999999" classname="aaa" name="Test_suite_aaa.R"/>
    <testcase time="0.00999999999999979" classname="aaa" name="Test_suite_aaa.R"/>
    <testcase time="0.011000000000001" classname="aaa" name="Test_suite_aaa.R"/>
    <testcase time="0.0129999999999999" classname="aaa" name="Test_suite_aaa.R"/>
    <testcase time="0.0180000000000007" classname="aaa" name="Test_suite_aaa.R"/>
    <testcase time="0.0219999999999985" classname="aaa" name="Test_suite_aaa.R"/>
    <testcase time="0.0220000000000002" classname="aaa" name="Test_suite_aaa.R"/>
    <testcase time="0.00999999999999979" classname="aaa" name="Test_suite_aaa.R"/>
    <testcase time="0.0120000000000005" classname="aaa" name="Test_suite_aaa.R"/>
    <testcase time="0.011000000000001" classname="aaa" name="Test_suite_aaa.R"/>
    <testcase time="0.00299999999999834" classname="aaa" name="Test_suite_aaa.R"/>
    <testcase time="0.00900000000000034" classname="aaa" name="Test_suite_aaa.R"/>
    <testcase time="0.0170000000000012" classname="aaa" name="Test_suite_aaa.R"/>
    <testcase time="0.0190000000000001" classname="aaa" name="Test_suite_aaa.R"/>
    <testcase time="0.0119999999999987" classname="aaa" name="Test_suite_aaa.R"/>
    <testcase time="0.00500000000000078" classname="aaa" name="Test_suite_aaa.R"/>
    <testcase time="0.0139999999999993" classname="aaa" name="Test_suite_aaa.R"/>
    <testcase time="0.00600000000000023" classname="aaa" name="Test_suite_aaa.R"/>
    <testcase time="0.00600000000000023" classname="aaa" name="Test_suite_aaa.R"/>
    <testcase time="0.00600000000000023" classname="aaa" name="Test_suite_aaa.R"/>
    <testcase time="0.00600000000000023" classname="aaa" name="Test_suite_aaa.R"/>
    <testcase time="0.00799999999999912" classname="aaa" name="Test_suite_aaa.R"/>
    <testcase time="0.011000000000001" classname="aaa" name="Test_suite_aaa.R"/>
    <testcase time="0.00699999999999967" classname="aaa" name="Test_suite_aaa.R"/>
    <testcase time="0.00499999999999901" classname="aaa" name="Test_suite_aaa.R"/>
    <testcase time="0.00600000000000023" classname="aaa" name="Test_suite_aaa.R"/>
    <testcase time="0.011000000000001" classname="aaa" name="Test_suite_aaa.R"/>
    <testcase time="0.0129999999999999" classname="aaa" name="Test_suite_aaa.R"/>
    <testcase time="0.0119999999999987" classname="aaa" name="Test_suite_aaa.R"/>
    <testcase time="0.0129999999999999" classname="aaa" name="Test_suite_aaa.R"/>
    <testcase time="0.0120000000000005" classname="aaa" name="Test_suite_aaa.R"/>
    <testcase time="0.0129999999999999" classname="aaa" name="Test_suite_aaa.R"/>
    <testcase time="0.0150000000000006" classname="aaa" name="Test_suite_aaa.R"/>
    <testcase time="0.0180000000000007" classname="aaa" name="Test_suite_aaa.R"/>
    <testcase time="0.00999999999999979" classname="aaa" name="Test_suite_aaa.R"/>
    <testcase time="0.0149999999999988" classname="aaa" name="Test_suite_aaa.R"/>
    <testcase time="0.0180000000000007" classname="aaa" name="Test_suite_aaa.R"/>
    <testcase time="0.0210000000000008" classname="aaa" name="Test_suite_aaa.R"/>
    <testcase time="0.0190000000000001" classname="aaa" name="Test_suite_aaa.R"/>
    <testcase time="0.0120000000000005" classname="aaa" name="Test_suite_aaa.R"/>
    <testcase time="0.00799999999999912" classname="aaa" name="Test_suite_aaa.R"/>
    <testcase time="0.00699999999999967" classname="aaa" name="Test_suite_aaa.R"/>
    <testcase time="0.00999999999999979" classname="aaa" name="Test_suite_aaa.R"/>
    <testcase time="0.0129999999999999" classname="aaa" name="Test_suite_aaa.R"/>
    <testcase time="0.0150000000000006" classname="aaa" name="Test_suite_aaa.R"/>
    <testcase time="0.0169999999999995" classname="aaa" name="Test_suite_aaa.R"/>
    <testcase time="0.0190000000000001" classname="aaa" name="Test_suite_aaa.R"/>
    <testcase time="0.020999999999999" classname="aaa" name="Test_suite_aaa.R"/>
    <testcase time="0.0129999999999999" classname="aaa" name="Test_suite_aaa.R"/>
    <testcase time="0.00900000000000034" classname="aaa" name="Test_suite_aaa.R"/>
    <testcase time="0.0109999999999992" classname="aaa" name="Test_suite_aaa.R"/>
    <testcase time="0.0150000000000006" classname="aaa" name="Test_suite_aaa.R"/>
    <testcase time="0.0220000000000002" classname="aaa" name="Test_suite_aaa.R"/>
    <testcase time="0.0429999999999993" classname="aaa" name="Test_suite_aaa.R"/>
    <testcase time="0.0220000000000002" classname="aaa" name="Test_suite_aaa.R"/>
    <testcase time="0.00999999999999979" classname="aaa" name="Test_suite_aaa.R"/>
    <testcase time="0.0120000000000005" classname="aaa" name="Test_suite_aaa.R"/>
    <testcase time="0.00999999999999979" classname="aaa" name="Test_suite_aaa.R"/>
    <testcase time="0.00300000000000011" classname="aaa" name="Test_suite_aaa.R"/>
    <testcase time="0.00900000000000034" classname="aaa" name="Test_suite_aaa.R"/>
    <testcase time="0.0169999999999995" classname="aaa" name="Test_suite_aaa.R"/>
    <testcase time="0.0170000000000012" classname="aaa" name="Test_suite_aaa.R"/>
    <testcase time="0.0129999999999999" classname="aaa" name="Test_suite_aaa.R"/>
    <testcase time="0.00600000000000023" classname="aaa" name="Test_suite_aaa.R"/>
    <testcase time="0.0129999999999999" classname="aaa" name="Test_suite_aaa.R"/>
    <testcase time="0.00599999999999845" classname="aaa" name="Test_suite_aaa.R"/>
    <testcase time="0.00600000000000023" classname="aaa" name="Test_suite_aaa.R"/>
    <testcase time="0.00600000000000023" classname="aaa" name="Test_suite_aaa.R"/>
    <testcase time="0.00600000000000023" classname="aaa" name="Test_suite_aaa.R"/>
    <testcase time="0.0080000000000009" classname="aaa" name="Test_suite_aaa.R"/>
    <testcase time="0.0119999999999987" classname="aaa" name="Test_suite_aaa.R"/>
    <testcase time="0.00600000000000023" classname="aaa" name="Test_suite_aaa.R"/>
    <testcase time="0.00600000000000023" classname="aaa" name="Test_suite_aaa.R"/>
    <testcase time="0.00600000000000023" classname="aaa" name="Test_suite_aaa.R"/>
    <testcase time="0.0109999999999992" classname="aaa" name="Test_suite_aaa.R"/>
    <testcase time="0.016" classname="aaa" name="Test_suite_aaa.R"/>
    <testcase time="0.0129999999999999" classname="aaa" name="Test_suite_aaa.R"/>
    <testcase time="0.0130000000000017" classname="aaa" name="Test_suite_aaa.R"/>
    <testcase time="0.0119999999999987" classname="aaa" name="Test_suite_aaa.R"/>
    <testcase time="0.0129999999999999" classname="aaa" name="Test_suite_aaa.R"/>
    <testcase time="0.0150000000000006" classname="aaa" name="Test_suite_aaa.R"/>
    <testcase time="0.0180000000000007" classname="aaa" name="Test_suite_aaa.R"/>
    <testcase time="0.0109999999999992" classname="aaa" name="Test_suite_aaa.R"/>
    <testcase time="0.0139999999999993" classname="aaa" name="Test_suite_aaa.R"/>
    <testcase time="0.0150000000000006" classname="aaa" name="Test_suite_aaa.R"/>
    <testcase time="0.0220000000000002" classname="aaa" name="Test_suite_aaa.R"/>
    <testcase time="0.0190000000000001" classname="aaa" name="Test_suite_aaa.R"/>
    <testcase time="0.0109999999999992" classname="aaa" name="Test_suite_aaa.R"/>
    <testcase time="0.00500000000000078" classname="aaa" name="Test_suite_aaa.R"/>
    <testcase time="0.00699999999999967" classname="aaa" name="Test_suite_aaa.R"/>
    <testcase time="0.0109999999999992" classname="aaa" name="Test_suite_aaa.R"/>
    <testcase time="0.0130000000000017" classname="aaa" name="Test_suite_aaa.R"/>
    <testcase time="0.0149999999999988" classname="aaa" name="Test_suite_aaa.R"/>
    <testcase time="0.0170000000000012" classname="aaa" name="Test_suite_aaa.R"/>
    <testcase time="0.0229999999999997" classname="aaa" name="Test_suite_aaa.R"/>
    <testcase time="0.020999999999999" classname="aaa" name="Test_suite_aaa.R"/>
    <testcase time="0.0129999999999999" classname="aaa" name="Test_suite_aaa.R"/>
    <testcase time="0.00999999999999979" classname="aaa" name="Test_suite_aaa.R"/>
    <testcase time="0.011000000000001" classname="aaa" name="Test_suite_aaa.R"/>
    <testcase time="0.0150000000000006" classname="aaa" name="Test_suite_aaa.R"/>
    <testcase time="0.0219999999999985" classname="aaa" name="Test_suite_aaa.R"/>
    <testcase time="0.0400000000000009" classname="aaa" name="Test_suite_aaa.R"/>
    <testcase time="0.0229999999999997" classname="aaa" name="Test_suite_aaa.R"/>
    <testcase time="0.00999999999999979" classname="aaa" name="Test_suite_aaa.R"/>
    <testcase time="0.0120000000000005" classname="aaa" name="Test_suite_aaa.R"/>
    <testcase time="0.0109999999999992" classname="aaa" name="Test_suite_aaa.R"/>
    <testcase time="0.00300000000000011" classname="aaa" name="Test_suite_aaa.R"/>
    <testcase time="0.00900000000000034" classname="aaa" name="Test_suite_aaa.R"/>
    <testcase time="0.0169999999999995" classname="aaa" name="Test_suite_aaa.R"/>
    <testcase time="0.0200000000000014" classname="aaa" name="Test_suite_aaa.R"/>
    <testcase time="0.0119999999999987" classname="aaa" name="Test_suite_aaa.R"/>
    <testcase time="0.00500000000000078" classname="aaa" name="Test_suite_aaa.R"/>
    <testcase time="0.0129999999999999" classname="aaa" name="Test_suite_aaa.R"/>
    <testcase time="0.0180000000000007" classname="aaa" name="Test_suite_aaa.R"/>
    <testcase time="0.0119999999999987" classname="aaa" name="Test_suite_aaa.R"/>
    <testcase time="0.011000000000001" classname="aaa" name="Test_suite_aaa.R"/>
    <testcase time="0.0129999999999999" classname="aaa" name="Test_suite_aaa.R"/>
    <testcase time="0.00999999999999979" classname="aaa" name="Test_suite_aaa.R"/>
    <testcase time="0.0129999999999999" classname="aaa" name="Test_suite_aaa.R"/>
    <testcase time="0.0190000000000001" classname="aaa" name="Test_suite_aaa.R"/>
    <testcase time="0.0169999999999995" classname="aaa" name="Test_suite_aaa.R"/>
    <testcase time="0.011000000000001" classname="aaa" name="Test_suite_aaa.R"/>
    <testcase time="0.0199999999999996" classname="aaa" name="Test_suite_aaa.R"/>
    <testcase time="0.0199999999999996" classname="aaa" name="Test_suite_aaa.R"/>
    <testcase time="0.0150000000000006" classname="aaa" name="Test_suite_aaa.R"/>
    <testcase time="0.0129999999999999" classname="aaa" name="Test_suite_aaa.R"/>
    <testcase time="0.0180000000000007" classname="aaa" name="Test_suite_aaa.R"/>
    <testcase time="0.0249999999999986" classname="aaa" name="Test_suite_aaa.R"/>
    <testcase time="0.0150000000000006" classname="aaa" name="Test_suite_aaa.R"/>
    <testcase time="0.0210000000000008" classname="aaa" name="Test_suite_aaa.R"/>
    <testcase time="0.0219999999999985" classname="aaa" name="Test_suite_aaa.R"/>
    <testcase time="0.0150000000000006" classname="aaa" name="Test_suite_aaa.R"/>
    <testcase time="0.0150000000000006" classname="aaa" name="Test_suite_aaa.R"/>
    <testcase time="0.0239999999999991" classname="aaa" name="Test_suite_aaa.R"/>
    <testcase time="0.0210000000000008" classname="aaa" name="Test_suite_aaa.R"/>
    <testcase time="0.0150000000000006" classname="aaa" name="Test_suite_aaa.R"/>
    <testcase time="0.020999999999999" classname="aaa" name="Test_suite_aaa.R"/>
    <testcase time="0.0220000000000002" classname="aaa" name="Test_suite_aaa.R"/>
    <testcase time="0.0150000000000006" classname="aaa" name="Test_suite_aaa.R"/>
    <testcase time="0.0149999999999988" classname="aaa" name="Test_suite_aaa.R"/>
    <testcase time="0.0190000000000001" classname="aaa" name="Test_suite_aaa.R"/>
    <testcase time="0.0280000000000005" classname="aaa" name="Test_suite_aaa.R"/>
    <testcase time="0.0150000000000006" classname="aaa" name="Test_suite_aaa.R"/>
    <testcase time="0.0229999999999997" classname="aaa" name="Test_suite_aaa.R"/>
    <testcase time="0.0229999999999997" classname="aaa" name="Test_suite_aaa.R"/>
    <testcase time="0.0169999999999995" classname="aaa" name="Test_suite_aaa.R"/>
    <testcase time="0.016" classname="aaa" name="Test_suite_aaa.R"/>
    <testcase time="0.0180000000000007" classname="aaa" name="Test_suite_aaa.R"/>
    <testcase time="0.0229999999999997" classname="aaa" name="Test_suite_aaa.R"/>
    <testcase time="0.0150000000000006" classname="aaa" name="Test_suite_aaa.R"/>
    <testcase time="0.0250000000000004" classname="aaa" name="Test_suite_aaa.R"/>
    <testcase time="0.0249999999999986" classname="aaa" name="Test_suite_aaa.R"/>
    <testcase time="0.016" classname="aaa" name="Test_suite_aaa.R"/>
    <testcase time="0.016" classname="aaa" name="Test_suite_aaa.R"/>
    <testcase time="0.020999999999999" classname="aaa" name="Test_suite_aaa.R"/>
    <testcase time="0.0210000000000008" classname="aaa" name="Test_suite_aaa.R"/>
    <testcase time="0.0149999999999988" classname="aaa" name="Test_suite_aaa.R"/>
    <testcase time="0.0220000000000002" classname="aaa" name="Test_suite_aaa.R"/>
    <testcase time="0.0220000000000002" classname="aaa" name="Test_suite_aaa.R"/>
    <testcase time="0.0150000000000006" classname="aaa" name="Test_suite_aaa.R"/>
    <testcase time="0.016" classname="aaa" name="Test_suite_aaa.R"/>
    <testcase time="0.0150000000000006" classname="aaa" name="Test_suite_aaa.R"/>
    <testcase time="0.016" classname="aaa" name="Test_suite_aaa.R"/>
    <testcase time="0.0139999999999993" classname="aaa" name="Test_suite_aaa.R"/>
    <testcase time="0.0150000000000006" classname="aaa" name="Test_suite_aaa.R"/>
    <testcase time="0.0129999999999999" classname="aaa" name="Test_suite_aaa.R"/>
    <testcase time="0.0109999999999992" classname="aaa" name="Test_suite_aaa.R"/>
    <testcase time="0.0129999999999999" classname="aaa" name="Test_suite_aaa.R"/>
    <testcase time="0.0169999999999995" classname="aaa" name="Test_suite_aaa.R"/>
    <testcase time="0.0180000000000007" classname="aaa" name="Test_suite_aaa.R"/>
    <testcase time="0.0259999999999998" classname="aaa" name="Test_suite_aaa.R"/>
    <testcase time="0.0220000000000002" classname="aaa" name="Test_suite_aaa.R"/>
    <testcase time="0.0419999999999998" classname="aaa" name="Test_suite_aaa.R"/>
    <testcase time="0.0199999999999996" classname="aaa" name="Test_suite_aaa.R"/>
    <testcase time="0.0210000000000008" classname="aaa" name="Test_suite_aaa.R"/>
    <testcase time="0.020999999999999" classname="aaa" name="Test_suite_aaa.R"/>
    <testcase time="0.0220000000000002" classname="aaa" name="Test_suite_aaa.R"/>
    <testcase time="0.0549999999999997" classname="aaa" name="Test_suite_aaa.R"/>
    <testcase time="0.0190000000000001" classname="aaa" name="Test_suite_aaa.R"/>
    <testcase time="0.0289999999999999" classname="aaa" name="Test_suite_aaa.R"/>
    <testcase time="0.0230000000000015" classname="aaa" name="Test_suite_aaa.R"/>
    <testcase time="0.0229999999999997" classname="aaa" name="Test_suite_aaa.R"/>
    <testcase time="0.100999999999999" classname="aaa" name="Test_suite_aaa.R"/>
    <testcase time="0.0200000000000014" classname="aaa" name="Test_suite_aaa.R"/>
    <testcase time="0.0219999999999985" classname="aaa" name="Test_suite_aaa.R"/>
    <testcase time="0.0240000000000009" classname="aaa" name="Test_suite_aaa.R"/>
    <testcase time="0.0239999999999991" classname="aaa" name="Test_suite_aaa.R"/>
    <testcase time="0.0590000000000011" classname="aaa" name="Test_suite_aaa.R"/>
    <testcase time="0.0199999999999996" classname="aaa" name="Test_suite_aaa.R"/>
    <testcase time="0.0190000000000001" classname="aaa" name="Test_suite_aaa.R"/>
    <testcase time="0.0220000000000002" classname="aaa" name="Test_suite_aaa.R"/>
    <testcase time="0.0229999999999997" classname="aaa" name="Test_suite_aaa.R"/>
    <testcase time="0.0429999999999993" classname="aaa" name="Test_suite_aaa.R"/>
  </testsuite>
  <testsuite name="aab" timestamp="2024-07-11T16:53:34Z" hostname="66feaf2f3543" tests="100" skipped="0" failures="0" errors="0" time="9.429">
    <testcase time="0.0240000000000009" classname="aab" name="Test_suite_aab.R"/>
    <testcase time="0.00900000000000034" classname="aab" name="Test_suite_aab.R"/>
    <testcase time="0.00499999999999901" classname="aab" name="Test_suite_aab.R"/>
    <testcase time="0.00600000000000023" classname="aab" name="Test_suite_aab.R"/>
    <testcase time="0.00500000000000078" classname="aab" name="Test_suite_aab.R"/>
    <testcase time="0.00499999999999901" classname="aab" name="Test_suite_aab.R"/>
    <testcase time="0.00600000000000023" classname="aab" name="Test_suite_aab.R"/>
    <testcase time="0.00500000000000078" classname="aab" name="Test_suite_aab.R"/>
    <testcase time="0.016" classname="aab" name="Test_suite_aab.R"/>
    <testcase time="0.0239999999999991" classname="aab" name="Test_suite_aab.R"/>
    <testcase time="0.0260000000000016" classname="aab" name="Test_suite_aab.R"/>
    <testcase time="0.036999999999999" classname="aab" name="Test_suite_aab.R"/>
    <testcase time="0.0830000000000002" classname="aab" name="Test_suite_aab.R"/>
    <testcase time="0.00999999999999979" classname="aab" name="Test_suite_aab.R"/>
    <testcase time="0.0220000000000002" classname="aab" name="Test_suite_aab.R"/>
    <testcase time="0.072000000000001" classname="aab" name="Test_suite_aab.R"/>
    <testcase time="0.292" classname="aab" name="Test_suite_aab.R"/>
    <testcase time="0.0249999999999986" classname="aab" name="Test_suite_aab.R"/>
    <testcase time="0.0210000000000008" classname="aab" name="Test_suite_aab.R"/>
    <testcase time="0.0709999999999997" classname="aab" name="Test_suite_aab.R"/>
    <testcase time="0.327999999999999" classname="aab" name="Test_suite_aab.R"/>
    <testcase time="0.0100000000000016" classname="aab" name="Test_suite_aab.R"/>
    <testcase time="0.0190000000000001" classname="aab" name="Test_suite_aab.R"/>
    <testcase time="0.0569999999999986" classname="aab" name="Test_suite_aab.R"/>
    <testcase time="0.223000000000001" classname="aab" name="Test_suite_aab.R"/>
    <testcase time="0.0220000000000002" classname="aab" name="Test_suite_aab.R"/>
    <testcase time="0.00900000000000034" classname="aab" name="Test_suite_aab.R"/>
    <testcase time="0.00999999999999979" classname="aab" name="Test_suite_aab.R"/>
    <testcase time="0.00899999999999856" classname="aab" name="Test_suite_aab.R"/>
    <testcase time="0.0100000000000016" classname="aab" name="Test_suite_aab.R"/>
    <testcase time="0.00899999999999856" classname="aab" name="Test_suite_aab.R"/>
    <testcase time="0.0100000000000016" classname="aab" name="Test_suite_aab.R"/>
    <testcase time="0.00999999999999979" classname="aab" name="Test_suite_aab.R"/>
    <testcase time="0.0299999999999994" classname="aab" name="Test_suite_aab.R"/>
    <testcase time="0.0329999999999995" classname="aab" name="Test_suite_aab.R"/>
    <testcase time="0.0259999999999998" classname="aab" name="Test_suite_aab.R"/>
    <testcase time="0.0519999999999996" classname="aab" name="Test_suite_aab.R"/>
    <testcase time="0.114000000000001" classname="aab" name="Test_suite_aab.R"/>
    <testcase time="0.00999999999999979" classname="aab" name="Test_suite_aab.R"/>
    <testcase time="0.0289999999999999" classname="aab" name="Test_suite_aab.R"/>
    <testcase time="0.139999999999999" classname="aab" name="Test_suite_aab.R"/>
    <testcase time="0.876000000000001" classname="aab" name="Test_suite_aab.R"/>
    <testcase time="0.00999999999999979" classname="aab" name="Test_suite_aab.R"/>
    <testcase time="0.0220000000000002" classname="aab" name="Test_suite_aab.R"/>
    <testcase time="0.0830000000000002" classname="aab" name="Test_suite_aab.R"/>
    <testcase time="0.469999999999999" classname="aab" name="Test_suite_aab.R"/>
    <testcase time="0.011000000000001" classname="aab" name="Test_suite_aab.R"/>
    <testcase time="0.032" classname="aab" name="Test_suite_aab.R"/>
    <testcase time="0.178999999999998" classname="aab" name="Test_suite_aab.R"/>
    <testcase time="1.146" classname="aab" name="Test_suite_aab.R"/>
    <testcase time="0.00999999999999801" classname="aab" name="Test_suite_aab.R"/>
    <testcase time="0.00900000000000034" classname="aab" name="Test_suite_aab.R"/>
    <testcase time="0.00600000000000023" classname="aab" name="Test_suite_aab.R"/>
    <testcase time="0.00600000000000023" classname="aab" name="Test_suite_aab.R"/>
    <testcase time="0.00499999999999901" classname="aab" name="Test_suite_aab.R"/>
    <testcase time="0.00600000000000023" classname="aab" name="Test_suite_aab.R"/>
    <testcase time="0.00499999999999901" classname="aab" name="Test_suite_aab.R"/>
    <testcase time="0.00600000000000023" classname="aab" name="Test_suite_aab.R"/>
    <testcase time="0.0150000000000006" classname="aab" name="Test_suite_aab.R"/>
    <testcase time="0.0250000000000021" classname="aab" name="Test_suite_aab.R"/>
    <testcase time="0.0339999999999989" classname="aab" name="Test_suite_aab.R"/>
    <testcase time="0.0470000000000006" classname="aab" name="Test_suite_aab.R"/>
    <testcase time="0.113" classname="aab" name="Test_suite_aab.R"/>
    <testcase time="0.0100000000000016" classname="aab" name="Test_suite_aab.R"/>
    <testcase time="0.0219999999999985" classname="aab" name="Test_suite_aab.R"/>
    <testcase time="0.0670000000000002" classname="aab" name="Test_suite_aab.R"/>
    <testcase time="0.299000000000003" classname="aab" name="Test_suite_aab.R"/>
    <testcase time="0.0109999999999992" classname="aab" name="Test_suite_aab.R"/>
    <testcase time="0.0339999999999989" classname="aab" name="Test_suite_aab.R"/>
    <testcase time="0.108000000000001" classname="aab" name="Test_suite_aab.R"/>
    <testcase time="0.544999999999998" classname="aab" name="Test_suite_aab.R"/>
    <testcase time="0.0100000000000016" classname="aab" name="Test_suite_aab.R"/>
    <testcase time="0.0229999999999997" classname="aab" name="Test_suite_aab.R"/>
    <testcase time="0.0730000000000004" classname="aab" name="Test_suite_aab.R"/>
    <testcase time="0.326000000000001" classname="aab" name="Test_suite_aab.R"/>
    <testcase time="0.0109999999999992" classname="aab" name="Test_suite_aab.R"/>
    <testcase time="0.00900000000000034" classname="aab" name="Test_suite_aab.R"/>
    <testcase time="0.0100000000000016" classname="aab" name="Test_suite_aab.R"/>
    <testcase time="0.014999999999997" classname="aab" name="Test_suite_aab.R"/>
    <testcase time="0.0100000000000016" classname="aab" name="Test_suite_aab.R"/>
    <testcase time="0.00999999999999801" classname="aab" name="Test_suite_aab.R"/>
    <testcase time="0.0100000000000016" classname="aab" name="Test_suite_aab.R"/>
    <testcase time="0.0100000000000016" classname="aab" name="Test_suite_aab.R"/>
    <testcase time="0.0150000000000006" classname="aab" name="Test_suite_aab.R"/>
    <testcase time="0.0289999999999999" classname="aab" name="Test_suite_aab.R"/>
    <testcase time="0.0250000000000021" classname="aab" name="Test_suite_aab.R"/>
    <testcase time="0.041999999999998" classname="aab" name="Test_suite_aab.R"/>
    <testcase time="0.146000000000001" classname="aab" name="Test_suite_aab.R"/>
    <testcase time="0.00999999999999801" classname="aab" name="Test_suite_aab.R"/>
    <testcase time="0.0229999999999997" classname="aab" name="Test_suite_aab.R"/>
    <testcase time="0.093" classname="aab" name="Test_suite_aab.R"/>
    <testcase time="0.455000000000002" classname="aab" name="Test_suite_aab.R"/>
    <testcase time="0.0109999999999992" classname="aab" name="Test_suite_aab.R"/>
    <testcase time="0.0250000000000021" classname="aab" name="Test_suite_aab.R"/>
    <testcase time="0.104999999999997" classname="aab" name="Test_suite_aab.R"/>
    <testcase time="0.594000000000001" classname="aab" name="Test_suite_aab.R"/>
    <testcase time="0.0100000000000016" classname="aab" name="Test_suite_aab.R"/>
    <testcase time="0.0309999999999988" classname="aab" name="Test_suite_aab.R"/>
    <testcase time="0.161000000000001" classname="aab" name="Test_suite_aab.R"/>
    <testcase time="1.001" classname="aab" name="Test_suite_aab.R"/>
  </testsuite>
  <testsuite name="aac" timestamp="2024-07-11T16:53:43Z" hostname="66feaf2f3543" tests="100" skipped="0" failures="0" errors="0" time="6.309">
    <testcase time="0.0259999999999998" classname="aac" name="Test_suite_aac.R"/>
    <testcase time="0.00900000000000034" classname="aac" name="Test_suite_aac.R"/>
    <testcase time="0.0100000000000016" classname="aac" name="Test_suite_aac.R"/>
    <testcase time="0.00900000000000034" classname="aac" name="Test_suite_aac.R"/>
    <testcase time="0.00999999999999801" classname="aac" name="Test_suite_aac.R"/>
    <testcase time="0.0100000000000016" classname="aac" name="Test_suite_aac.R"/>
    <testcase time="0.00999999999999801" classname="aac" name="Test_suite_aac.R"/>
    <testcase time="0.0100000000000016" classname="aac" name="Test_suite_aac.R"/>
    <testcase time="0.0150000000000006" classname="aac" name="Test_suite_aac.R"/>
    <testcase time="0.0229999999999997" classname="aac" name="Test_suite_aac.R"/>
    <testcase time="0.0259999999999998" classname="aac" name="Test_suite_aac.R"/>
    <testcase time="0.0399999999999991" classname="aac" name="Test_suite_aac.R"/>
    <testcase time="0.0650000000000013" classname="aac" name="Test_suite_aac.R"/>
    <testcase time="0.00900000000000034" classname="aac" name="Test_suite_aac.R"/>
    <testcase time="0.0189999999999984" classname="aac" name="Test_suite_aac.R"/>
    <testcase time="0.0429999999999993" classname="aac" name="Test_suite_aac.R"/>
    <testcase time="0.133000000000003" classname="aac" name="Test_suite_aac.R"/>
    <testcase time="0.0249999999999986" classname="aac" name="Test_suite_aac.R"/>
    <testcase time="0.0199999999999996" classname="aac" name="Test_suite_aac.R"/>
    <testcase time="0.0510000000000019" classname="aac" name="Test_suite_aac.R"/>
    <testcase time="0.16" classname="aac" name="Test_suite_aac.R"/>
    <testcase time="0.00999999999999801" classname="aac" name="Test_suite_aac.R"/>
    <testcase time="0.022000000000002" classname="aac" name="Test_suite_aac.R"/>
    <testcase time="0.0589999999999975" classname="aac" name="Test_suite_aac.R"/>
    <testcase time="0.206" classname="aac" name="Test_suite_aac.R"/>
    <testcase time="0.00500000000000256" classname="aac" name="Test_suite_aac.R"/>
    <testcase time="0.00500000000000256" classname="aac" name="Test_suite_aac.R"/>
    <testcase time="0.00499999999999901" classname="aac" name="Test_suite_aac.R"/>
    <testcase time="0.00600000000000023" classname="aac" name="Test_suite_aac.R"/>
    <testcase time="0.00499999999999901" classname="aac" name="Test_suite_aac.R"/>
    <testcase time="0.00600000000000023" classname="aac" name="Test_suite_aac.R"/>
    <testcase time="0.00499999999999901" classname="aac" name="Test_suite_aac.R"/>
    <testcase time="0.00600000000000023" classname="aac" name="Test_suite_aac.R"/>
    <testcase time="0.0150000000000006" classname="aac" name="Test_suite_aac.R"/>
    <testcase time="0.0240000000000009" classname="aac" name="Test_suite_aac.R"/>
    <testcase time="0.0180000000000007" classname="aac" name="Test_suite_aac.R"/>
    <testcase time="0.0239999999999974" classname="aac" name="Test_suite_aac.R"/>
    <testcase time="0.0899999999999999" classname="aac" name="Test_suite_aac.R"/>
    <testcase time="0.0140000000000029" classname="aac" name="Test_suite_aac.R"/>
    <testcase time="0.0269999999999975" classname="aac" name="Test_suite_aac.R"/>
    <testcase time="0.054000000000002" classname="aac" name="Test_suite_aac.R"/>
    <testcase time="0.175000000000001" classname="aac" name="Test_suite_aac.R"/>
    <testcase time="0.00900000000000034" classname="aac" name="Test_suite_aac.R"/>
    <testcase time="0.0159999999999982" classname="aac" name="Test_suite_aac.R"/>
    <testcase time="0.0380000000000003" classname="aac" name="Test_suite_aac.R"/>
    <testcase time="0.113" classname="aac" name="Test_suite_aac.R"/>
    <testcase time="0.0100000000000016" classname="aac" name="Test_suite_aac.R"/>
    <testcase time="0.0179999999999971" classname="aac" name="Test_suite_aac.R"/>
    <testcase time="0.054000000000002" classname="aac" name="Test_suite_aac.R"/>
    <testcase time="0.173999999999999" classname="aac" name="Test_suite_aac.R"/>
    <testcase time="0.00900000000000034" classname="aac" name="Test_suite_aac.R"/>
    <testcase time="0.00900000000000034" classname="aac" name="Test_suite_aac.R"/>
    <testcase time="0.00499999999999901" classname="aac" name="Test_suite_aac.R"/>
    <testcase time="0.00600000000000023" classname="aac" name="Test_suite_aac.R"/>
    <testcase time="0.00499999999999901" classname="aac" name="Test_suite_aac.R"/>
    <testcase time="0.00500000000000256" classname="aac" name="Test_suite_aac.R"/>
    <testcase time="0.00600000000000023" classname="aac" name="Test_suite_aac.R"/>
    <testcase time="0.00499999999999901" classname="aac" name="Test_suite_aac.R"/>
    <testcase time="0.0150000000000006" classname="aac" name="Test_suite_aac.R"/>
    <testcase time="0.0329999999999977" classname="aac" name="Test_suite_aac.R"/>
    <testcase time="0.0259999999999998" classname="aac" name="Test_suite_aac.R"/>
    <testcase time="0.0489999999999995" classname="aac" name="Test_suite_aac.R"/>
    <testcase time="0.122000000000003" classname="aac" name="Test_suite_aac.R"/>
    <testcase time="0.0109999999999992" classname="aac" name="Test_suite_aac.R"/>
    <testcase time="0.0199999999999996" classname="aac" name="Test_suite_aac.R"/>
    <testcase time="0.0609999999999999" classname="aac" name="Test_suite_aac.R"/>
    <testcase time="0.227999999999998" classname="aac" name="Test_suite_aac.R"/>
    <testcase time="0.0100000000000016" classname="aac" name="Test_suite_aac.R"/>
    <testcase time="0.0229999999999997" classname="aac" name="Test_suite_aac.R"/>
    <testcase time="0.0869999999999997" classname="aac" name="Test_suite_aac.R"/>
    <testcase time="0.379999999999999" classname="aac" name="Test_suite_aac.R"/>
    <testcase time="0.0100000000000016" classname="aac" name="Test_suite_aac.R"/>
    <testcase time="0.0189999999999984" classname="aac" name="Test_suite_aac.R"/>
    <testcase time="0.0550000000000033" classname="aac" name="Test_suite_aac.R"/>
    <testcase time="0.206" classname="aac" name="Test_suite_aac.R"/>
    <testcase time="0.00600000000000023" classname="aac" name="Test_suite_aac.R"/>
    <testcase time="0.00600000000000023" classname="aac" name="Test_suite_aac.R"/>
    <testcase time="0.00499999999999901" classname="aac" name="Test_suite_aac.R"/>
    <testcase time="0.00499999999999901" classname="aac" name="Test_suite_aac.R"/>
    <testcase time="0.00600000000000023" classname="aac" name="Test_suite_aac.R"/>
    <testcase time="0.00499999999999901" classname="aac" name="Test_suite_aac.R"/>
    <testcase time="0.00600000000000023" classname="aac" name="Test_suite_aac.R"/>
    <testcase time="0.00500000000000256" classname="aac" name="Test_suite_aac.R"/>
    <testcase time="0.014999999999997" classname="aac" name="Test_suite_aac.R"/>
    <testcase time="0.0240000000000009" classname="aac" name="Test_suite_aac.R"/>
    <testcase time="0.032" classname="aac" name="Test_suite_aac.R"/>
    <testcase time="0.0390000000000015" classname="aac" name="Test_suite_aac.R"/>
    <testcase time="0.111999999999998" classname="aac" name="Test_suite_aac.R"/>
    <testcase time="0.00900000000000034" classname="aac" name="Test_suite_aac.R"/>
    <testcase time="0.0199999999999996" classname="aac" name="Test_suite_aac.R"/>
    <testcase time="0.0630000000000024" classname="aac" name="Test_suite_aac.R"/>
    <testcase time="0.331" classname="aac" name="Test_suite_aac.R"/>
    <testcase time="0.0129999999999981" classname="aac" name="Test_suite_aac.R"/>
    <testcase time="0.032" classname="aac" name="Test_suite_aac.R"/>
    <testcase time="0.161000000000001" classname="aac" name="Test_suite_aac.R"/>
    <testcase time="1.015" classname="aac" name="Test_suite_aac.R"/>
    <testcase time="0.0109999999999992" classname="aac" name="Test_suite_aac.R"/>
    <testcase time="0.0289999999999999" classname="aac" name="Test_suite_aac.R"/>
    <testcase time="0.286000000000001" classname="aac" name="Test_suite_aac.R"/>
    <testcase time="0.731999999999999" classname="aac" name="Test_suite_aac.R"/>
  </testsuite>
  <testsuite name="aad" timestamp="2024-07-11T16:53:50Z" hostname="66feaf2f3543" tests="43" skipped="0" failures="0" errors="0" time="0.839">
    <testcase time="0.0609999999999999" classname="aad" name="test_suite_aad"/>
    <testcase time="0.0139999999999993" classname="aad" name="test_suite_aad"/>
    <testcase time="0.0139999999999993" classname="aad" name="test_suite_aad"/>
    <testcase time="0.0139999999999993" classname="aad" name="test_suite_aad"/>
    <testcase time="0.0139999999999993" classname="aad" name="test_suite_aad"/>
    <testcase time="0.0150000000000006" classname="aad" name="test_suite_aad"/>
    <testcase time="0.0160000000000018" classname="aad" name="test_suite_aad"/>
    <testcase time="0.0159999999999982" classname="aad" name="test_suite_aad"/>
    <testcase time="0.0160000000000018" classname="aad" name="test_suite_aad"/>
    <testcase time="0.0169999999999995" classname="aad" name="test_suite_aad"/>
    <testcase time="0.0169999999999995" classname="aad" name="test_suite_aad"/>
    <testcase time="0.0210000000000008" classname="aad" name="test_suite_aad"/>
    <testcase time="0.0180000000000007" classname="aad" name="test_suite_aad"/>
    <testcase time="0.0169999999999995" classname="aad" name="test_suite_aad"/>
    <testcase time="0.0180000000000007" classname="aad" name="test_suite_aad"/>
    <testcase time="0.0189999999999984" classname="aad" name="test_suite_aad"/>
    <testcase time="0.0190000000000019" classname="aad" name="test_suite_aad"/>
    <testcase time="0.0209999999999972" classname="aad" name="test_suite_aad"/>
    <testcase time="0.0210000000000008" classname="aad" name="test_suite_aad"/>
    <testcase time="0.0240000000000009" classname="aad" name="test_suite_aad"/>
    <testcase time="0.0129999999999981" classname="aad" name="test_suite_aad"/>
    <testcase time="0.0130000000000017" classname="aad" name="test_suite_aad"/>
    <testcase time="0.0129999999999981" classname="aad" name="test_suite_aad"/>
    <testcase time="0.0130000000000017" classname="aad" name="test_suite_aad"/>
    <testcase time="0.0139999999999993" classname="aad" name="test_suite_aad"/>
    <testcase time="0.0129999999999981" classname="aad" name="test_suite_aad"/>
    <testcase time="0.0140000000000029" classname="aad" name="test_suite_aad"/>
    <testcase time="0.0139999999999993" classname="aad" name="test_suite_aad"/>
    <testcase time="0.0129999999999981" classname="aad" name="test_suite_aad"/>
    <testcase time="0.0130000000000017" classname="aad" name="test_suite_aad"/>
    <testcase time="0.0180000000000007" classname="aad" name="test_suite_aad"/>
    <testcase time="0.014999999999997" classname="aad" name="test_suite_aad"/>
    <testcase time="0.00300000000000011" classname="aad" name="test_suite_aad"/>
    <testcase time="0.0630000000000024" classname="aad" name="test_suite_aad"/>
    <testcase time="0.0249999999999986" classname="aad" name="test_suite_aad"/>
    <testcase time="0.0250000000000021" classname="aad" name="test_suite_aad"/>
    <testcase time="0.0189999999999984" classname="aad" name="test_suite_aad"/>
    <testcase time="0.0120000000000005" classname="aad" name="test_suite_aad"/>
    <testcase time="0.0350000000000001" classname="aad" name="test_suite_aad"/>
    <testcase time="0.00799999999999912" classname="aad" name="test_suite_aad"/>
    <testcase time="0.0350000000000001" classname="aad" name="test_suite_aad"/>
    <testcase time="0.0390000000000015" classname="aad" name="test_suite_aad"/>
    <testcase time="0.0169999999999995" classname="aad" name="test_suite_aad"/>
  </testsuite>
  <testsuite name="aae" timestamp="2024-07-11T16:53:50Z" hostname="66feaf2f3543" tests="3" skipped="0" failures="0" errors="0" time="0.105">
    <testcase time="0.0219999999999985" classname="aae" name="Test_suite_aae.R"/>
    <testcase time="0.00600000000000023" classname="aae" name="Test_suite_aae.R"/>
    <testcase time="0.0770000000000017" classname="aae" name="Test_suite_aae.R"/>
  </testsuite>
  <testsuite name="aaf" timestamp="2024-07-11T16:53:51Z" hostname="66feaf2f3543" tests="56" skipped="0" failures="0" errors="0" time="5.354">
    <testcase time="0.0129999999999981" classname="aaf" name="Test_suite_aaf.R"/>
    <testcase time="0.00499999999999901" classname="aaf" name="Test_suite_aaf.R"/>
    <testcase time="0.00400000000000134" classname="aaf" name="Test_suite_aaf.R"/>
    <testcase time="0.00499999999999901" classname="aaf" name="Test_suite_aaf.R"/>
    <testcase time="0.0180000000000007" classname="aaf" name="Test_suite_aaf.R"/>
    <testcase time="0.0180000000000007" classname="aaf" name="Test_suite_aaf.R"/>
    <testcase time="0.0479999999999983" classname="aaf" name="Test_suite_aaf.R"/>
    <testcase time="0.0580000000000034" classname="aaf" name="Test_suite_aaf.R"/>
    <testcase time="0.0529999999999973" classname="aaf" name="Test_suite_aaf.R"/>
    <testcase time="0.0730000000000004" classname="aaf" name="Test_suite_aaf.R"/>
    <testcase time="0.0289999999999999" classname="aaf" name="Test_suite_aaf.R"/>
    <testcase time="0.374000000000002" classname="aaf" name="Test_suite_aaf.R"/>
    <testcase time="0.380999999999997" classname="aaf" name="Test_suite_aaf.R"/>
    <testcase time="0.155000000000001" classname="aaf" name="Test_suite_aaf.R"/>
    <testcase time="0.00499999999999901" classname="aaf" name="Test_suite_aaf.R"/>
    <testcase time="0.00400000000000134" classname="aaf" name="Test_suite_aaf.R"/>
    <testcase time="0.00499999999999901" classname="aaf" name="Test_suite_aaf.R"/>
    <testcase time="0.00400000000000134" classname="aaf" name="Test_suite_aaf.R"/>
    <testcase time="0.0180000000000007" classname="aaf" name="Test_suite_aaf.R"/>
    <testcase time="0.0169999999999995" classname="aaf" name="Test_suite_aaf.R"/>
    <testcase time="0.0599999999999987" classname="aaf" name="Test_suite_aaf.R"/>
    <testcase time="0.0630000000000024" classname="aaf" name="Test_suite_aaf.R"/>
    <testcase time="0.0579999999999998" classname="aaf" name="Test_suite_aaf.R"/>
    <testcase time="0.0799999999999983" classname="aaf" name="Test_suite_aaf.R"/>
    <testcase time="0.0360000000000014" classname="aaf" name="Test_suite_aaf.R"/>
    <testcase time="0.471" classname="aaf" name="Test_suite_aaf.R"/>
    <testcase time="0.457000000000001" classname="aaf" name="Test_suite_aaf.R"/>
    <testcase time="0.189" classname="aaf" name="Test_suite_aaf.R"/>
    <testcase time="0.00499999999999901" classname="aaf" name="Test_suite_aaf.R"/>
    <testcase time="0.00499999999999901" classname="aaf" name="Test_suite_aaf.R"/>
    <testcase time="0.00400000000000134" classname="aaf" name="Test_suite_aaf.R"/>
    <testcase time="0.00499999999999901" classname="aaf" name="Test_suite_aaf.R"/>
    <testcase time="0.0159999999999982" classname="aaf" name="Test_suite_aaf.R"/>
    <testcase time="0.0160000000000018" classname="aaf" name="Test_suite_aaf.R"/>
    <testcase time="0.0459999999999994" classname="aaf" name="Test_suite_aaf.R"/>
    <testcase time="0.0560000000000009" classname="aaf" name="Test_suite_aaf.R"/>
    <testcase time="0.0530000000000008" classname="aaf" name="Test_suite_aaf.R"/>
    <testcase time="0.0719999999999992" classname="aaf" name="Test_suite_aaf.R"/>
    <testcase time="0.0279999999999987" classname="aaf" name="Test_suite_aaf.R"/>
    <testcase time="0.367000000000001" classname="aaf" name="Test_suite_aaf.R"/>
    <testcase time="0.363999999999997" classname="aaf" name="Test_suite_aaf.R"/>
    <testcase time="0.157000000000004" classname="aaf" name="Test_suite_aaf.R"/>
    <testcase time="0.00600000000000023" classname="aaf" name="Test_suite_aaf.R"/>
    <testcase time="0.00399999999999778" classname="aaf" name="Test_suite_aaf.R"/>
    <testcase time="0.00500000000000256" classname="aaf" name="Test_suite_aaf.R"/>
    <testcase time="0.00399999999999778" classname="aaf" name="Test_suite_aaf.R"/>
    <testcase time="0.0180000000000007" classname="aaf" name="Test_suite_aaf.R"/>
    <testcase time="0.0180000000000007" classname="aaf" name="Test_suite_aaf.R"/>
    <testcase time="0.0519999999999996" classname="aaf" name="Test_suite_aaf.R"/>
    <testcase time="0.0640000000000001" classname="aaf" name="Test_suite_aaf.R"/>
    <testcase time="0.0589999999999975" classname="aaf" name="Test_suite_aaf.R"/>
    <testcase time="0.078000000000003" classname="aaf" name="Test_suite_aaf.R"/>
    <testcase time="0.0379999999999967" classname="aaf" name="Test_suite_aaf.R"/>
    <testcase time="0.451999999999998" classname="aaf" name="Test_suite_aaf.R"/>
    <testcase time="0.473000000000006" classname="aaf" name="Test_suite_aaf.R"/>
    <testcase time="0.187999999999995" classname="aaf" name="Test_suite_aaf.R"/>
  </testsuite>
  <testsuite name="aag" timestamp="2024-07-11T16:53:56Z" hostname="66feaf2f3543" tests="3" skipped="0" failures="0" errors="0" time="0.056">
    <testcase time="0.0219999999999985" classname="aag" name="Test_suite_aag.R"/>
    <testcase time="0.017000000000003" classname="aag" name="Test_suite_aag.R"/>
    <testcase time="0.017000000000003" classname="aag" name="Test_suite_aag.R"/>
  </testsuite>
  <testsuite name="zzz" timestamp="2024-07-11T16:53:56Z" hostname="66feaf2f3543" tests="33" skipped="0" failures="0" errors="0" time="0.648">
    <testcase time="0.0069999999999979" classname="zzz" name="Test_suite_zzz_specific_identities_and_miscellaneous_checks"/>
    <testcase time="0.00900000000000034" classname="zzz" name="Test_suite_zzz_specific_identities_and_miscellaneous_checks"/>
    <testcase time="0.00200000000000244" classname="zzz" name="Test_suite_zzz_specific_identities_and_miscellaneous_checks"/>
    <testcase time="0.00199999999999534" classname="zzz" name="Test_suite_zzz_specific_identities_and_miscellaneous_checks"/>
    <testcase time="0.00100000000000477" classname="zzz" name="Test_suite_zzz_specific_identities_and_miscellaneous_checks"/>
    <testcase time="0.00499999999999545" classname="zzz" name="Test_suite_zzz_specific_identities_and_miscellaneous_checks"/>
    <testcase time="0.00399999999999778" classname="zzz" name="Test_suite_zzz_specific_identities_and_miscellaneous_checks"/>
    <testcase time="0.00200000000000244" classname="zzz" name="Test_suite_zzz_specific_identities_and_miscellaneous_checks"/>
    <testcase time="0.00300000000000011" classname="zzz" name="Test_suite_zzz_specific_identities_and_miscellaneous_checks"/>
    <testcase time="0.00399999999999778" classname="zzz" name="Test_suite_zzz_specific_identities_and_miscellaneous_checks"/>
    <testcase time="0.0130000000000052" classname="zzz" name="Test_suite_zzz_specific_identities_and_miscellaneous_checks"/>
    <testcase time="0.0129999999999981" classname="zzz" name="Test_suite_zzz_specific_identities_and_miscellaneous_checks"/>
    <testcase time="0.0069999999999979" classname="zzz" name="Test_suite_zzz_specific_identities_and_miscellaneous_checks"/>
    <testcase time="0.0110000000000028" classname="zzz" name="Test_suite_zzz_specific_identities_and_miscellaneous_checks"/>
    <testcase time="0.0309999999999988" classname="zzz" name="Test_suite_zzz_specific_identities_and_miscellaneous_checks"/>
    <testcase time="0.0360000000000014" classname="zzz" name="Test_suite_zzz_specific_identities_and_miscellaneous_checks"/>
    <testcase time="0.0069999999999979" classname="zzz" name="Test_suite_zzz_specific_identities_and_miscellaneous_checks"/>
    <testcase time="0.00800000000000267" classname="zzz" name="Test_suite_zzz_specific_identities_and_miscellaneous_checks"/>
    <testcase time="0.0129999999999981" classname="zzz" name="Test_suite_zzz_specific_identities_and_miscellaneous_checks"/>
    <testcase time="0.0110000000000028" classname="zzz" name="Test_suite_zzz_specific_identities_and_miscellaneous_checks"/>
    <testcase time="0.0109999999999957" classname="zzz" name="Test_suite_zzz_specific_identities_and_miscellaneous_checks"/>
    <testcase time="0.0829999999999984" classname="zzz" name="Test_suite_zzz_specific_identities_and_miscellaneous_checks"/>
    <testcase time="0.234000000000002" classname="zzz" name="Test_suite_zzz_specific_identities_and_miscellaneous_checks"/>
    <testcase time="0.00400000000000489" classname="zzz" name="Test_suite_zzz_specific_identities_and_miscellaneous_checks"/>
    <testcase time="0.0449999999999946" classname="zzz" name="Test_suite_zzz_specific_identities_and_miscellaneous_checks"/>
    <testcase time="0.0110000000000028" classname="zzz" name="Test_suite_zzz_specific_identities_and_miscellaneous_checks"/>
    <testcase time="0.00800000000000267" classname="zzz" name="Test_suite_zzz_specific_identities_and_miscellaneous_checks"/>
    <testcase time="0.00799999999999557" classname="zzz" name="Test_suite_zzz_specific_identities_and_miscellaneous_checks"/>
    <testcase time="0.0260000000000034" classname="zzz" name="Test_suite_zzz_specific_identities_and_miscellaneous_checks"/>
    <testcase time="0.00300000000000011" classname="zzz" name="Test_suite_zzz_specific_identities_and_miscellaneous_checks"/>
    <testcase time="0.00300000000000011" classname="zzz" name="Test_suite_zzz_specific_identities_and_miscellaneous_checks"/>
    <testcase time="0.0120000000000005" classname="zzz" name="Test_suite_zzz_specific_identities_and_miscellaneous_checks"/>
    <testcase time="0.0109999999999957" classname="zzz" name="Test_suite_zzz_specific_identities_and_miscellaneous_checks"/>
  </testsuite>
</testsuites>
